Thu Nov 11 10:14:39 2021       
+-----------------------------------------------------------------------------+
| NVIDIA-SMI 418.165.02   Driver Version: 418.165.02   CUDA Version: 10.1     |
|-------------------------------+----------------------+----------------------+
| GPU  Name        Persistence-M| Bus-Id        Disp.A | Volatile Uncorr. ECC |
| Fan  Temp  Perf  Pwr:Usage/Cap|         Memory-Usage | GPU-Util  Compute M. |
|===============================+======================+======================|
|   0  Tesla V100-PCIE...  Off  | 00000000:5A:00.0 Off |                    0 |
| N/A   32C    P0    35W / 250W |   1132MiB / 32480MiB |     18%      Default |
+-------------------------------+----------------------+----------------------+
|   1  Tesla V100-PCIE...  Off  | 00000000:5E:00.0 Off |                    0 |
| N/A   32C    P0    34W / 250W |   1132MiB / 32480MiB |     18%      Default |
+-------------------------------+----------------------+----------------------+
|   2  Tesla V100-PCIE...  Off  | 00000000:62:00.0 Off |                    0 |
| N/A   31C    P0    33W / 250W |   1132MiB / 32480MiB |     18%      Default |
+-------------------------------+----------------------+----------------------+
|   3  Tesla V100-PCIE...  Off  | 00000000:66:00.0 Off |                    0 |
| N/A   27C    P0    23W / 250W |     12MiB / 32480MiB |      0%      Default |
+-------------------------------+----------------------+----------------------+
|   4  Tesla V100-PCIE...  Off  | 00000000:B5:00.0 Off |                    0 |
| N/A   31C    P0    34W / 250W |   1132MiB / 32480MiB |     18%      Default |
+-------------------------------+----------------------+----------------------+
|   5  Tesla V100-PCIE...  Off  | 00000000:B9:00.0 Off |                    0 |
| N/A   34C    P0    27W / 250W |     11MiB / 32480MiB |      0%      Default |
+-------------------------------+----------------------+----------------------+
|   6  Tesla V100-PCIE...  Off  | 00000000:BD:00.0 Off |                    0 |
| N/A   34C    P0    34W / 250W |   1132MiB / 32480MiB |     18%      Default |
+-------------------------------+----------------------+----------------------+
|   7  Tesla V100-PCIE...  Off  | 00000000:C1:00.0 Off |                    0 |
| N/A   28C    P0    23W / 250W |     11MiB / 32480MiB |      0%      Default |
+-------------------------------+----------------------+----------------------+
                                                                               
+-----------------------------------------------------------------------------+
| Processes:                                                       GPU Memory |
|  GPU       PID   Type   Process name                             Usage      |
|=============================================================================|
|    0      4556      C   python                                      1121MiB |
|    1      5256      C   python                                      1121MiB |
|    2      6206      C   python                                      1121MiB |
|    4      8069      C   python                                      1121MiB |
|    6     31005      C   python                                      1121MiB |
+-----------------------------------------------------------------------------+
CUDA: True cuda:0
Read configuration file: /data/home/u18112042/CorrSTN/configurations/PEMS08_rdw.conf
total training epoch, fine tune epoch: 50 , 25
batch_size: 8
attention_top_k: 5
folder_dir: MAE_ASTGNN_h1d1w1_layer4_head8_dm64_channel1_dir2_drop0.00_1.00e-03_B8_K5_TcontextScaledSAtSE1TE
load file: /data/home/u18112042/CorrSTN/data/PEMS08/PEMS08_r1_d1_w1.npz
ori length: 9497 , percent: 1.0 , scale: 9497
train: torch.Size([9497, 170, 1, 36]) torch.Size([9497, 170, 12]) torch.Size([9497, 170, 12])
val: torch.Size([3166, 170, 1, 36]) torch.Size([3166, 170, 12]) torch.Size([3166, 170, 12])
test: torch.Size([3166, 170, 1, 36]) torch.Size([3166, 170, 12]) torch.Size([3166, 170, 12])
TemporalPositionalEncoding max_len: 2016
w_index: [0, 1, 2, 3, 4, 5, 6, 7, 8, 9, 10, 11]
d_index: [1728, 1729, 1730, 1731, 1732, 1733, 1734, 1735, 1736, 1737, 1738, 1739]
h_index: [2004, 2005, 2006, 2007, 2008, 2009, 2010, 2011, 2012, 2013, 2014, 2015]
en_lookup_index: [0, 1, 2, 3, 4, 5, 6, 7, 8, 9, 10, 11, 1728, 1729, 1730, 1731, 1732, 1733, 1734, 1735, 1736, 1737, 1738, 1739, 2004, 2005, 2006, 2007, 2008, 2009, 2010, 2011, 2012, 2013, 2014, 2015]
EncoderDecoder(
  (encoder): Encoder(
    (layers): ModuleList(
      (0): EncoderLayer(
        (self_attn): MultiHeadAttentionAwareTemporalContex_q1d_k1d(
          (linears): ModuleList(
            (0): Linear(in_features=64, out_features=64, bias=True)
            (1): Linear(in_features=64, out_features=64, bias=True)
          )
          (conv1Ds_aware_temporal_context): ModuleList(
            (0): Conv2d(64, 64, kernel_size=(1, 3), stride=(1, 1), padding=(0, 1))
            (1): Conv2d(64, 64, kernel_size=(1, 3), stride=(1, 1), padding=(0, 1))
          )
          (dropout): Dropout(p=0.0, inplace=False)
          (attn_ic): Attention_IC(
            (DAT): DynamicAttentionLayer(
              (dropout): Dropout(p=0.0, inplace=False)
            )
          )
        )
        (feed_forward_gcn): PositionWiseGCNFeedForward(
          (gcn): spatialAttentionScaledGCN(
            (Theta): Linear(in_features=64, out_features=64, bias=False)
            (SAt): Spatial_Attention_layer(
              (dropout): Dropout(p=0.0, inplace=False)
            )
          )
          (dropout): Dropout(p=0.0, inplace=False)
        )
        (sublayer): ModuleList(
          (0): SublayerConnection(
            (dropout): Dropout(p=0.0, inplace=False)
            (norm): LayerNorm((64,), eps=1e-05, elementwise_affine=True)
          )
          (1): SublayerConnection(
            (dropout): Dropout(p=0.0, inplace=False)
            (norm): LayerNorm((64,), eps=1e-05, elementwise_affine=True)
          )
        )
      )
      (1): EncoderLayer(
        (self_attn): MultiHeadAttentionAwareTemporalContex_q1d_k1d(
          (linears): ModuleList(
            (0): Linear(in_features=64, out_features=64, bias=True)
            (1): Linear(in_features=64, out_features=64, bias=True)
          )
          (conv1Ds_aware_temporal_context): ModuleList(
            (0): Conv2d(64, 64, kernel_size=(1, 3), stride=(1, 1), padding=(0, 1))
            (1): Conv2d(64, 64, kernel_size=(1, 3), stride=(1, 1), padding=(0, 1))
          )
          (dropout): Dropout(p=0.0, inplace=False)
          (attn_ic): Attention_IC(
            (DAT): DynamicAttentionLayer(
              (dropout): Dropout(p=0.0, inplace=False)
            )
          )
        )
        (feed_forward_gcn): PositionWiseGCNFeedForward(
          (gcn): spatialAttentionScaledGCN(
            (Theta): Linear(in_features=64, out_features=64, bias=False)
            (SAt): Spatial_Attention_layer(
              (dropout): Dropout(p=0.0, inplace=False)
            )
          )
          (dropout): Dropout(p=0.0, inplace=False)
        )
        (sublayer): ModuleList(
          (0): SublayerConnection(
            (dropout): Dropout(p=0.0, inplace=False)
            (norm): LayerNorm((64,), eps=1e-05, elementwise_affine=True)
          )
          (1): SublayerConnection(
            (dropout): Dropout(p=0.0, inplace=False)
            (norm): LayerNorm((64,), eps=1e-05, elementwise_affine=True)
          )
        )
      )
      (2): EncoderLayer(
        (self_attn): MultiHeadAttentionAwareTemporalContex_q1d_k1d(
          (linears): ModuleList(
            (0): Linear(in_features=64, out_features=64, bias=True)
            (1): Linear(in_features=64, out_features=64, bias=True)
          )
          (conv1Ds_aware_temporal_context): ModuleList(
            (0): Conv2d(64, 64, kernel_size=(1, 3), stride=(1, 1), padding=(0, 1))
            (1): Conv2d(64, 64, kernel_size=(1, 3), stride=(1, 1), padding=(0, 1))
          )
          (dropout): Dropout(p=0.0, inplace=False)
          (attn_ic): Attention_IC(
            (DAT): DynamicAttentionLayer(
              (dropout): Dropout(p=0.0, inplace=False)
            )
          )
        )
        (feed_forward_gcn): PositionWiseGCNFeedForward(
          (gcn): spatialAttentionScaledGCN(
            (Theta): Linear(in_features=64, out_features=64, bias=False)
            (SAt): Spatial_Attention_layer(
              (dropout): Dropout(p=0.0, inplace=False)
            )
          )
          (dropout): Dropout(p=0.0, inplace=False)
        )
        (sublayer): ModuleList(
          (0): SublayerConnection(
            (dropout): Dropout(p=0.0, inplace=False)
            (norm): LayerNorm((64,), eps=1e-05, elementwise_affine=True)
          )
          (1): SublayerConnection(
            (dropout): Dropout(p=0.0, inplace=False)
            (norm): LayerNorm((64,), eps=1e-05, elementwise_affine=True)
          )
        )
      )
      (3): EncoderLayer(
        (self_attn): MultiHeadAttentionAwareTemporalContex_q1d_k1d(
          (linears): ModuleList(
            (0): Linear(in_features=64, out_features=64, bias=True)
            (1): Linear(in_features=64, out_features=64, bias=True)
          )
          (conv1Ds_aware_temporal_context): ModuleList(
            (0): Conv2d(64, 64, kernel_size=(1, 3), stride=(1, 1), padding=(0, 1))
            (1): Conv2d(64, 64, kernel_size=(1, 3), stride=(1, 1), padding=(0, 1))
          )
          (dropout): Dropout(p=0.0, inplace=False)
          (attn_ic): Attention_IC(
            (DAT): DynamicAttentionLayer(
              (dropout): Dropout(p=0.0, inplace=False)
            )
          )
        )
        (feed_forward_gcn): PositionWiseGCNFeedForward(
          (gcn): spatialAttentionScaledGCN(
            (Theta): Linear(in_features=64, out_features=64, bias=False)
            (SAt): Spatial_Attention_layer(
              (dropout): Dropout(p=0.0, inplace=False)
            )
          )
          (dropout): Dropout(p=0.0, inplace=False)
        )
        (sublayer): ModuleList(
          (0): SublayerConnection(
            (dropout): Dropout(p=0.0, inplace=False)
            (norm): LayerNorm((64,), eps=1e-05, elementwise_affine=True)
          )
          (1): SublayerConnection(
            (dropout): Dropout(p=0.0, inplace=False)
            (norm): LayerNorm((64,), eps=1e-05, elementwise_affine=True)
          )
        )
      )
    )
    (norm): LayerNorm((64,), eps=1e-05, elementwise_affine=True)
  )
  (decoder): Decoder(
    (layers): ModuleList(
      (0): DecoderLayer(
        (self_attn): MultiHeadAttentionAwareTemporalContex_qc_kc(
          (linears): ModuleList(
            (0): Linear(in_features=64, out_features=64, bias=True)
            (1): Linear(in_features=64, out_features=64, bias=True)
          )
          (conv1Ds_aware_temporal_context): ModuleList(
            (0): Conv2d(64, 64, kernel_size=(1, 3), stride=(1, 1), padding=(0, 2))
            (1): Conv2d(64, 64, kernel_size=(1, 3), stride=(1, 1), padding=(0, 2))
          )
          (dropout): Dropout(p=0.0, inplace=False)
          (attn_ic): Attention_IC(
            (DAT): DynamicAttentionLayer(
              (dropout): Dropout(p=0.0, inplace=False)
            )
          )
        )
        (src_attn): MultiHeadAttentionAwareTemporalContex_qc_k1d(
          (linears): ModuleList(
            (0): Linear(in_features=64, out_features=64, bias=True)
            (1): Linear(in_features=64, out_features=64, bias=True)
          )
          (query_conv1Ds_aware_temporal_context): Conv2d(64, 64, kernel_size=(1, 3), stride=(1, 1), padding=(0, 2))
          (key_conv1Ds_aware_temporal_context): Conv2d(64, 64, kernel_size=(1, 3), stride=(1, 1), padding=(0, 1))
          (dropout): Dropout(p=0.0, inplace=False)
          (attn_ic): Attention_IC(
            (DAT): DynamicAttentionLayer(
              (dropout): Dropout(p=0.0, inplace=False)
            )
          )
        )
        (feed_forward_gcn): PositionWiseGCNFeedForward(
          (gcn): spatialAttentionScaledGCN(
            (Theta): Linear(in_features=64, out_features=64, bias=False)
            (SAt): Spatial_Attention_layer(
              (dropout): Dropout(p=0.0, inplace=False)
            )
          )
          (dropout): Dropout(p=0.0, inplace=False)
        )
        (sublayer): ModuleList(
          (0): SublayerConnection(
            (dropout): Dropout(p=0.0, inplace=False)
            (norm): LayerNorm((64,), eps=1e-05, elementwise_affine=True)
          )
          (1): SublayerConnection(
            (dropout): Dropout(p=0.0, inplace=False)
            (norm): LayerNorm((64,), eps=1e-05, elementwise_affine=True)
          )
          (2): SublayerConnection(
            (dropout): Dropout(p=0.0, inplace=False)
            (norm): LayerNorm((64,), eps=1e-05, elementwise_affine=True)
          )
        )
      )
      (1): DecoderLayer(
        (self_attn): MultiHeadAttentionAwareTemporalContex_qc_kc(
          (linears): ModuleList(
            (0): Linear(in_features=64, out_features=64, bias=True)
            (1): Linear(in_features=64, out_features=64, bias=True)
          )
          (conv1Ds_aware_temporal_context): ModuleList(
            (0): Conv2d(64, 64, kernel_size=(1, 3), stride=(1, 1), padding=(0, 2))
            (1): Conv2d(64, 64, kernel_size=(1, 3), stride=(1, 1), padding=(0, 2))
          )
          (dropout): Dropout(p=0.0, inplace=False)
          (attn_ic): Attention_IC(
            (DAT): DynamicAttentionLayer(
              (dropout): Dropout(p=0.0, inplace=False)
            )
          )
        )
        (src_attn): MultiHeadAttentionAwareTemporalContex_qc_k1d(
          (linears): ModuleList(
            (0): Linear(in_features=64, out_features=64, bias=True)
            (1): Linear(in_features=64, out_features=64, bias=True)
          )
          (query_conv1Ds_aware_temporal_context): Conv2d(64, 64, kernel_size=(1, 3), stride=(1, 1), padding=(0, 2))
          (key_conv1Ds_aware_temporal_context): Conv2d(64, 64, kernel_size=(1, 3), stride=(1, 1), padding=(0, 1))
          (dropout): Dropout(p=0.0, inplace=False)
          (attn_ic): Attention_IC(
            (DAT): DynamicAttentionLayer(
              (dropout): Dropout(p=0.0, inplace=False)
            )
          )
        )
        (feed_forward_gcn): PositionWiseGCNFeedForward(
          (gcn): spatialAttentionScaledGCN(
            (Theta): Linear(in_features=64, out_features=64, bias=False)
            (SAt): Spatial_Attention_layer(
              (dropout): Dropout(p=0.0, inplace=False)
            )
          )
          (dropout): Dropout(p=0.0, inplace=False)
        )
        (sublayer): ModuleList(
          (0): SublayerConnection(
            (dropout): Dropout(p=0.0, inplace=False)
            (norm): LayerNorm((64,), eps=1e-05, elementwise_affine=True)
          )
          (1): SublayerConnection(
            (dropout): Dropout(p=0.0, inplace=False)
            (norm): LayerNorm((64,), eps=1e-05, elementwise_affine=True)
          )
          (2): SublayerConnection(
            (dropout): Dropout(p=0.0, inplace=False)
            (norm): LayerNorm((64,), eps=1e-05, elementwise_affine=True)
          )
        )
      )
      (2): DecoderLayer(
        (self_attn): MultiHeadAttentionAwareTemporalContex_qc_kc(
          (linears): ModuleList(
            (0): Linear(in_features=64, out_features=64, bias=True)
            (1): Linear(in_features=64, out_features=64, bias=True)
          )
          (conv1Ds_aware_temporal_context): ModuleList(
            (0): Conv2d(64, 64, kernel_size=(1, 3), stride=(1, 1), padding=(0, 2))
            (1): Conv2d(64, 64, kernel_size=(1, 3), stride=(1, 1), padding=(0, 2))
          )
          (dropout): Dropout(p=0.0, inplace=False)
          (attn_ic): Attention_IC(
            (DAT): DynamicAttentionLayer(
              (dropout): Dropout(p=0.0, inplace=False)
            )
          )
        )
        (src_attn): MultiHeadAttentionAwareTemporalContex_qc_k1d(
          (linears): ModuleList(
            (0): Linear(in_features=64, out_features=64, bias=True)
            (1): Linear(in_features=64, out_features=64, bias=True)
          )
          (query_conv1Ds_aware_temporal_context): Conv2d(64, 64, kernel_size=(1, 3), stride=(1, 1), padding=(0, 2))
          (key_conv1Ds_aware_temporal_context): Conv2d(64, 64, kernel_size=(1, 3), stride=(1, 1), padding=(0, 1))
          (dropout): Dropout(p=0.0, inplace=False)
          (attn_ic): Attention_IC(
            (DAT): DynamicAttentionLayer(
              (dropout): Dropout(p=0.0, inplace=False)
            )
          )
        )
        (feed_forward_gcn): PositionWiseGCNFeedForward(
          (gcn): spatialAttentionScaledGCN(
            (Theta): Linear(in_features=64, out_features=64, bias=False)
            (SAt): Spatial_Attention_layer(
              (dropout): Dropout(p=0.0, inplace=False)
            )
          )
          (dropout): Dropout(p=0.0, inplace=False)
        )
        (sublayer): ModuleList(
          (0): SublayerConnection(
            (dropout): Dropout(p=0.0, inplace=False)
            (norm): LayerNorm((64,), eps=1e-05, elementwise_affine=True)
          )
          (1): SublayerConnection(
            (dropout): Dropout(p=0.0, inplace=False)
            (norm): LayerNorm((64,), eps=1e-05, elementwise_affine=True)
          )
          (2): SublayerConnection(
            (dropout): Dropout(p=0.0, inplace=False)
            (norm): LayerNorm((64,), eps=1e-05, elementwise_affine=True)
          )
        )
      )
      (3): DecoderLayer(
        (self_attn): MultiHeadAttentionAwareTemporalContex_qc_kc(
          (linears): ModuleList(
            (0): Linear(in_features=64, out_features=64, bias=True)
            (1): Linear(in_features=64, out_features=64, bias=True)
          )
          (conv1Ds_aware_temporal_context): ModuleList(
            (0): Conv2d(64, 64, kernel_size=(1, 3), stride=(1, 1), padding=(0, 2))
            (1): Conv2d(64, 64, kernel_size=(1, 3), stride=(1, 1), padding=(0, 2))
          )
          (dropout): Dropout(p=0.0, inplace=False)
          (attn_ic): Attention_IC(
            (DAT): DynamicAttentionLayer(
              (dropout): Dropout(p=0.0, inplace=False)
            )
          )
        )
        (src_attn): MultiHeadAttentionAwareTemporalContex_qc_k1d(
          (linears): ModuleList(
            (0): Linear(in_features=64, out_features=64, bias=True)
            (1): Linear(in_features=64, out_features=64, bias=True)
          )
          (query_conv1Ds_aware_temporal_context): Conv2d(64, 64, kernel_size=(1, 3), stride=(1, 1), padding=(0, 2))
          (key_conv1Ds_aware_temporal_context): Conv2d(64, 64, kernel_size=(1, 3), stride=(1, 1), padding=(0, 1))
          (dropout): Dropout(p=0.0, inplace=False)
          (attn_ic): Attention_IC(
            (DAT): DynamicAttentionLayer(
              (dropout): Dropout(p=0.0, inplace=False)
            )
          )
        )
        (feed_forward_gcn): PositionWiseGCNFeedForward(
          (gcn): spatialAttentionScaledGCN(
            (Theta): Linear(in_features=64, out_features=64, bias=False)
            (SAt): Spatial_Attention_layer(
              (dropout): Dropout(p=0.0, inplace=False)
            )
          )
          (dropout): Dropout(p=0.0, inplace=False)
        )
        (sublayer): ModuleList(
          (0): SublayerConnection(
            (dropout): Dropout(p=0.0, inplace=False)
            (norm): LayerNorm((64,), eps=1e-05, elementwise_affine=True)
          )
          (1): SublayerConnection(
            (dropout): Dropout(p=0.0, inplace=False)
            (norm): LayerNorm((64,), eps=1e-05, elementwise_affine=True)
          )
          (2): SublayerConnection(
            (dropout): Dropout(p=0.0, inplace=False)
            (norm): LayerNorm((64,), eps=1e-05, elementwise_affine=True)
          )
        )
      )
    )
    (norm): LayerNorm((64,), eps=1e-05, elementwise_affine=True)
  )
  (src_embed): Sequential(
    (0): Linear(in_features=1, out_features=64, bias=True)
    (1): TemporalPositionalEncoding(
      (dropout): Dropout(p=0.0, inplace=False)
    )
    (2): SpatialPositionalEncoding(
      (dropout): Dropout(p=0.0, inplace=False)
      (embedding): Embedding(170, 64)
      (gcn_smooth_layers): ModuleList(
        (0): GCN(
          (Theta): Linear(in_features=64, out_features=64, bias=False)
        )
      )
    )
  )
  (trg_embed): Sequential(
    (0): Linear(in_features=1, out_features=64, bias=True)
    (1): TemporalPositionalEncoding(
      (dropout): Dropout(p=0.0, inplace=False)
    )
    (2): SpatialPositionalEncoding(
      (dropout): Dropout(p=0.0, inplace=False)
      (embedding): Embedding(170, 64)
      (gcn_smooth_layers): ModuleList(
        (0): GCN(
          (Theta): Linear(in_features=64, out_features=64, bias=False)
        )
      )
    )
  )
  (prediction_generator): Linear(in_features=64, out_features=1, bias=True)
)
create params directory ./experiments/PEMS08/MAE_ASTGNN_h1d1w1_layer4_head8_dm64_channel1_dir2_drop0.00_1.00e-03_B8_K5_TcontextScaledSAtSE1TE
Net's state_dict:
encoder.layers.0.self_attn.linears.0.weight 	 torch.Size([64, 64])
encoder.layers.0.self_attn.linears.0.bias 	 torch.Size([64])
encoder.layers.0.self_attn.linears.1.weight 	 torch.Size([64, 64])
encoder.layers.0.self_attn.linears.1.bias 	 torch.Size([64])
encoder.layers.0.self_attn.conv1Ds_aware_temporal_context.0.weight 	 torch.Size([64, 64, 1, 3])
encoder.layers.0.self_attn.conv1Ds_aware_temporal_context.0.bias 	 torch.Size([64])
encoder.layers.0.self_attn.conv1Ds_aware_temporal_context.1.weight 	 torch.Size([64, 64, 1, 3])
encoder.layers.0.self_attn.conv1Ds_aware_temporal_context.1.bias 	 torch.Size([64])
encoder.layers.0.feed_forward_gcn.gcn.alpha 	 torch.Size([1])
encoder.layers.0.feed_forward_gcn.gcn.beta 	 torch.Size([3])
encoder.layers.0.feed_forward_gcn.gcn.Theta.weight 	 torch.Size([64, 64])
encoder.layers.0.sublayer.0.norm.weight 	 torch.Size([64])
encoder.layers.0.sublayer.0.norm.bias 	 torch.Size([64])
encoder.layers.0.sublayer.1.norm.weight 	 torch.Size([64])
encoder.layers.0.sublayer.1.norm.bias 	 torch.Size([64])
encoder.layers.1.self_attn.linears.0.weight 	 torch.Size([64, 64])
encoder.layers.1.self_attn.linears.0.bias 	 torch.Size([64])
encoder.layers.1.self_attn.linears.1.weight 	 torch.Size([64, 64])
encoder.layers.1.self_attn.linears.1.bias 	 torch.Size([64])
encoder.layers.1.self_attn.conv1Ds_aware_temporal_context.0.weight 	 torch.Size([64, 64, 1, 3])
encoder.layers.1.self_attn.conv1Ds_aware_temporal_context.0.bias 	 torch.Size([64])
encoder.layers.1.self_attn.conv1Ds_aware_temporal_context.1.weight 	 torch.Size([64, 64, 1, 3])
encoder.layers.1.self_attn.conv1Ds_aware_temporal_context.1.bias 	 torch.Size([64])
encoder.layers.1.feed_forward_gcn.gcn.alpha 	 torch.Size([1])
encoder.layers.1.feed_forward_gcn.gcn.beta 	 torch.Size([3])
encoder.layers.1.feed_forward_gcn.gcn.Theta.weight 	 torch.Size([64, 64])
encoder.layers.1.sublayer.0.norm.weight 	 torch.Size([64])
encoder.layers.1.sublayer.0.norm.bias 	 torch.Size([64])
encoder.layers.1.sublayer.1.norm.weight 	 torch.Size([64])
encoder.layers.1.sublayer.1.norm.bias 	 torch.Size([64])
encoder.layers.2.self_attn.linears.0.weight 	 torch.Size([64, 64])
encoder.layers.2.self_attn.linears.0.bias 	 torch.Size([64])
encoder.layers.2.self_attn.linears.1.weight 	 torch.Size([64, 64])
encoder.layers.2.self_attn.linears.1.bias 	 torch.Size([64])
encoder.layers.2.self_attn.conv1Ds_aware_temporal_context.0.weight 	 torch.Size([64, 64, 1, 3])
encoder.layers.2.self_attn.conv1Ds_aware_temporal_context.0.bias 	 torch.Size([64])
encoder.layers.2.self_attn.conv1Ds_aware_temporal_context.1.weight 	 torch.Size([64, 64, 1, 3])
encoder.layers.2.self_attn.conv1Ds_aware_temporal_context.1.bias 	 torch.Size([64])
encoder.layers.2.feed_forward_gcn.gcn.alpha 	 torch.Size([1])
encoder.layers.2.feed_forward_gcn.gcn.beta 	 torch.Size([3])
encoder.layers.2.feed_forward_gcn.gcn.Theta.weight 	 torch.Size([64, 64])
encoder.layers.2.sublayer.0.norm.weight 	 torch.Size([64])
encoder.layers.2.sublayer.0.norm.bias 	 torch.Size([64])
encoder.layers.2.sublayer.1.norm.weight 	 torch.Size([64])
encoder.layers.2.sublayer.1.norm.bias 	 torch.Size([64])
encoder.layers.3.self_attn.linears.0.weight 	 torch.Size([64, 64])
encoder.layers.3.self_attn.linears.0.bias 	 torch.Size([64])
encoder.layers.3.self_attn.linears.1.weight 	 torch.Size([64, 64])
encoder.layers.3.self_attn.linears.1.bias 	 torch.Size([64])
encoder.layers.3.self_attn.conv1Ds_aware_temporal_context.0.weight 	 torch.Size([64, 64, 1, 3])
encoder.layers.3.self_attn.conv1Ds_aware_temporal_context.0.bias 	 torch.Size([64])
encoder.layers.3.self_attn.conv1Ds_aware_temporal_context.1.weight 	 torch.Size([64, 64, 1, 3])
encoder.layers.3.self_attn.conv1Ds_aware_temporal_context.1.bias 	 torch.Size([64])
encoder.layers.3.feed_forward_gcn.gcn.alpha 	 torch.Size([1])
encoder.layers.3.feed_forward_gcn.gcn.beta 	 torch.Size([3])
encoder.layers.3.feed_forward_gcn.gcn.Theta.weight 	 torch.Size([64, 64])
encoder.layers.3.sublayer.0.norm.weight 	 torch.Size([64])
encoder.layers.3.sublayer.0.norm.bias 	 torch.Size([64])
encoder.layers.3.sublayer.1.norm.weight 	 torch.Size([64])
encoder.layers.3.sublayer.1.norm.bias 	 torch.Size([64])
encoder.norm.weight 	 torch.Size([64])
encoder.norm.bias 	 torch.Size([64])
decoder.layers.0.self_attn.linears.0.weight 	 torch.Size([64, 64])
decoder.layers.0.self_attn.linears.0.bias 	 torch.Size([64])
decoder.layers.0.self_attn.linears.1.weight 	 torch.Size([64, 64])
decoder.layers.0.self_attn.linears.1.bias 	 torch.Size([64])
decoder.layers.0.self_attn.conv1Ds_aware_temporal_context.0.weight 	 torch.Size([64, 64, 1, 3])
decoder.layers.0.self_attn.conv1Ds_aware_temporal_context.0.bias 	 torch.Size([64])
decoder.layers.0.self_attn.conv1Ds_aware_temporal_context.1.weight 	 torch.Size([64, 64, 1, 3])
decoder.layers.0.self_attn.conv1Ds_aware_temporal_context.1.bias 	 torch.Size([64])
decoder.layers.0.src_attn.linears.0.weight 	 torch.Size([64, 64])
decoder.layers.0.src_attn.linears.0.bias 	 torch.Size([64])
decoder.layers.0.src_attn.linears.1.weight 	 torch.Size([64, 64])
decoder.layers.0.src_attn.linears.1.bias 	 torch.Size([64])
decoder.layers.0.src_attn.query_conv1Ds_aware_temporal_context.weight 	 torch.Size([64, 64, 1, 3])
decoder.layers.0.src_attn.query_conv1Ds_aware_temporal_context.bias 	 torch.Size([64])
decoder.layers.0.src_attn.key_conv1Ds_aware_temporal_context.weight 	 torch.Size([64, 64, 1, 3])
decoder.layers.0.src_attn.key_conv1Ds_aware_temporal_context.bias 	 torch.Size([64])
decoder.layers.0.feed_forward_gcn.gcn.alpha 	 torch.Size([1])
decoder.layers.0.feed_forward_gcn.gcn.beta 	 torch.Size([3])
decoder.layers.0.feed_forward_gcn.gcn.Theta.weight 	 torch.Size([64, 64])
decoder.layers.0.sublayer.0.norm.weight 	 torch.Size([64])
decoder.layers.0.sublayer.0.norm.bias 	 torch.Size([64])
decoder.layers.0.sublayer.1.norm.weight 	 torch.Size([64])
decoder.layers.0.sublayer.1.norm.bias 	 torch.Size([64])
decoder.layers.0.sublayer.2.norm.weight 	 torch.Size([64])
decoder.layers.0.sublayer.2.norm.bias 	 torch.Size([64])
decoder.layers.1.self_attn.linears.0.weight 	 torch.Size([64, 64])
decoder.layers.1.self_attn.linears.0.bias 	 torch.Size([64])
decoder.layers.1.self_attn.linears.1.weight 	 torch.Size([64, 64])
decoder.layers.1.self_attn.linears.1.bias 	 torch.Size([64])
decoder.layers.1.self_attn.conv1Ds_aware_temporal_context.0.weight 	 torch.Size([64, 64, 1, 3])
decoder.layers.1.self_attn.conv1Ds_aware_temporal_context.0.bias 	 torch.Size([64])
decoder.layers.1.self_attn.conv1Ds_aware_temporal_context.1.weight 	 torch.Size([64, 64, 1, 3])
decoder.layers.1.self_attn.conv1Ds_aware_temporal_context.1.bias 	 torch.Size([64])
decoder.layers.1.src_attn.linears.0.weight 	 torch.Size([64, 64])
decoder.layers.1.src_attn.linears.0.bias 	 torch.Size([64])
decoder.layers.1.src_attn.linears.1.weight 	 torch.Size([64, 64])
decoder.layers.1.src_attn.linears.1.bias 	 torch.Size([64])
decoder.layers.1.src_attn.query_conv1Ds_aware_temporal_context.weight 	 torch.Size([64, 64, 1, 3])
decoder.layers.1.src_attn.query_conv1Ds_aware_temporal_context.bias 	 torch.Size([64])
decoder.layers.1.src_attn.key_conv1Ds_aware_temporal_context.weight 	 torch.Size([64, 64, 1, 3])
decoder.layers.1.src_attn.key_conv1Ds_aware_temporal_context.bias 	 torch.Size([64])
decoder.layers.1.feed_forward_gcn.gcn.alpha 	 torch.Size([1])
decoder.layers.1.feed_forward_gcn.gcn.beta 	 torch.Size([3])
decoder.layers.1.feed_forward_gcn.gcn.Theta.weight 	 torch.Size([64, 64])
decoder.layers.1.sublayer.0.norm.weight 	 torch.Size([64])
decoder.layers.1.sublayer.0.norm.bias 	 torch.Size([64])
decoder.layers.1.sublayer.1.norm.weight 	 torch.Size([64])
decoder.layers.1.sublayer.1.norm.bias 	 torch.Size([64])
decoder.layers.1.sublayer.2.norm.weight 	 torch.Size([64])
decoder.layers.1.sublayer.2.norm.bias 	 torch.Size([64])
decoder.layers.2.self_attn.linears.0.weight 	 torch.Size([64, 64])
decoder.layers.2.self_attn.linears.0.bias 	 torch.Size([64])
decoder.layers.2.self_attn.linears.1.weight 	 torch.Size([64, 64])
decoder.layers.2.self_attn.linears.1.bias 	 torch.Size([64])
decoder.layers.2.self_attn.conv1Ds_aware_temporal_context.0.weight 	 torch.Size([64, 64, 1, 3])
decoder.layers.2.self_attn.conv1Ds_aware_temporal_context.0.bias 	 torch.Size([64])
decoder.layers.2.self_attn.conv1Ds_aware_temporal_context.1.weight 	 torch.Size([64, 64, 1, 3])
decoder.layers.2.self_attn.conv1Ds_aware_temporal_context.1.bias 	 torch.Size([64])
decoder.layers.2.src_attn.linears.0.weight 	 torch.Size([64, 64])
decoder.layers.2.src_attn.linears.0.bias 	 torch.Size([64])
decoder.layers.2.src_attn.linears.1.weight 	 torch.Size([64, 64])
decoder.layers.2.src_attn.linears.1.bias 	 torch.Size([64])
decoder.layers.2.src_attn.query_conv1Ds_aware_temporal_context.weight 	 torch.Size([64, 64, 1, 3])
decoder.layers.2.src_attn.query_conv1Ds_aware_temporal_context.bias 	 torch.Size([64])
decoder.layers.2.src_attn.key_conv1Ds_aware_temporal_context.weight 	 torch.Size([64, 64, 1, 3])
decoder.layers.2.src_attn.key_conv1Ds_aware_temporal_context.bias 	 torch.Size([64])
decoder.layers.2.feed_forward_gcn.gcn.alpha 	 torch.Size([1])
decoder.layers.2.feed_forward_gcn.gcn.beta 	 torch.Size([3])
decoder.layers.2.feed_forward_gcn.gcn.Theta.weight 	 torch.Size([64, 64])
decoder.layers.2.sublayer.0.norm.weight 	 torch.Size([64])
decoder.layers.2.sublayer.0.norm.bias 	 torch.Size([64])
decoder.layers.2.sublayer.1.norm.weight 	 torch.Size([64])
decoder.layers.2.sublayer.1.norm.bias 	 torch.Size([64])
decoder.layers.2.sublayer.2.norm.weight 	 torch.Size([64])
decoder.layers.2.sublayer.2.norm.bias 	 torch.Size([64])
decoder.layers.3.self_attn.linears.0.weight 	 torch.Size([64, 64])
decoder.layers.3.self_attn.linears.0.bias 	 torch.Size([64])
decoder.layers.3.self_attn.linears.1.weight 	 torch.Size([64, 64])
decoder.layers.3.self_attn.linears.1.bias 	 torch.Size([64])
decoder.layers.3.self_attn.conv1Ds_aware_temporal_context.0.weight 	 torch.Size([64, 64, 1, 3])
decoder.layers.3.self_attn.conv1Ds_aware_temporal_context.0.bias 	 torch.Size([64])
decoder.layers.3.self_attn.conv1Ds_aware_temporal_context.1.weight 	 torch.Size([64, 64, 1, 3])
decoder.layers.3.self_attn.conv1Ds_aware_temporal_context.1.bias 	 torch.Size([64])
decoder.layers.3.src_attn.linears.0.weight 	 torch.Size([64, 64])
decoder.layers.3.src_attn.linears.0.bias 	 torch.Size([64])
decoder.layers.3.src_attn.linears.1.weight 	 torch.Size([64, 64])
decoder.layers.3.src_attn.linears.1.bias 	 torch.Size([64])
decoder.layers.3.src_attn.query_conv1Ds_aware_temporal_context.weight 	 torch.Size([64, 64, 1, 3])
decoder.layers.3.src_attn.query_conv1Ds_aware_temporal_context.bias 	 torch.Size([64])
decoder.layers.3.src_attn.key_conv1Ds_aware_temporal_context.weight 	 torch.Size([64, 64, 1, 3])
decoder.layers.3.src_attn.key_conv1Ds_aware_temporal_context.bias 	 torch.Size([64])
decoder.layers.3.feed_forward_gcn.gcn.alpha 	 torch.Size([1])
decoder.layers.3.feed_forward_gcn.gcn.beta 	 torch.Size([3])
decoder.layers.3.feed_forward_gcn.gcn.Theta.weight 	 torch.Size([64, 64])
decoder.layers.3.sublayer.0.norm.weight 	 torch.Size([64])
decoder.layers.3.sublayer.0.norm.bias 	 torch.Size([64])
decoder.layers.3.sublayer.1.norm.weight 	 torch.Size([64])
decoder.layers.3.sublayer.1.norm.bias 	 torch.Size([64])
decoder.layers.3.sublayer.2.norm.weight 	 torch.Size([64])
decoder.layers.3.sublayer.2.norm.bias 	 torch.Size([64])
decoder.norm.weight 	 torch.Size([64])
decoder.norm.bias 	 torch.Size([64])
src_embed.0.weight 	 torch.Size([64, 1])
src_embed.0.bias 	 torch.Size([64])
src_embed.1.pe 	 torch.Size([1, 1, 2016, 64])
src_embed.2.embedding.weight 	 torch.Size([170, 64])
src_embed.2.gcn_smooth_layers.0.alpha 	 torch.Size([1])
src_embed.2.gcn_smooth_layers.0.beta 	 torch.Size([3])
src_embed.2.gcn_smooth_layers.0.Theta.weight 	 torch.Size([64, 64])
trg_embed.0.weight 	 torch.Size([64, 1])
trg_embed.0.bias 	 torch.Size([64])
trg_embed.1.pe 	 torch.Size([1, 1, 12, 64])
trg_embed.2.embedding.weight 	 torch.Size([170, 64])
trg_embed.2.gcn_smooth_layers.0.alpha 	 torch.Size([1])
trg_embed.2.gcn_smooth_layers.0.beta 	 torch.Size([3])
trg_embed.2.gcn_smooth_layers.0.Theta.weight 	 torch.Size([64, 64])
prediction_generator.weight 	 torch.Size([1, 64])
prediction_generator.bias 	 torch.Size([1])
Net's total params: 591977
Optimizer's state_dict:
state 	 {}
param_groups 	 [{'lr': 0.001, 'betas': (0.9, 0.999), 'eps': 1e-08, 'weight_decay': 0, 'amsgrad': False, 'params': [0, 1, 2, 3, 4, 5, 6, 7, 8, 9, 10, 11, 12, 13, 14, 15, 16, 17, 18, 19, 20, 21, 22, 23, 24, 25, 26, 27, 28, 29, 30, 31, 32, 33, 34, 35, 36, 37, 38, 39, 40, 41, 42, 43, 44, 45, 46, 47, 48, 49, 50, 51, 52, 53, 54, 55, 56, 57, 58, 59, 60, 61, 62, 63, 64, 65, 66, 67, 68, 69, 70, 71, 72, 73, 74, 75, 76, 77, 78, 79, 80, 81, 82, 83, 84, 85, 86, 87, 88, 89, 90, 91, 92, 93, 94, 95, 96, 97, 98, 99, 100, 101, 102, 103, 104, 105, 106, 107, 108, 109, 110, 111, 112, 113, 114, 115, 116, 117, 118, 119, 120, 121, 122, 123, 124, 125, 126, 127, 128, 129, 130, 131, 132, 133, 134, 135, 136, 137, 138, 139, 140, 141, 142, 143, 144, 145, 146, 147, 148, 149, 150, 151, 152, 153, 154, 155, 156, 157, 158, 159, 160, 161, 162, 163, 164, 165, 166, 167, 168, 169, 170, 171, 172, 173, 174, 175, 176, 177]}]
validation batch 1 / 25, loss: 1.14
validation cost time: 150.3619s
save parameters to file: ./experiments/PEMS08/MAE_ASTGNN_h1d1w1_layer4_head8_dm64_channel1_dir2_drop0.00_1.00e-03_B8_K5_TcontextScaledSAtSE1TE/epoch_0.params
epoch: 0, train time every whole data:283.85s
epoch: 0, total time:434.23s
validation batch 1 / 25, loss: 0.04
validation cost time: 149.8636s
save parameters to file: ./experiments/PEMS08/MAE_ASTGNN_h1d1w1_layer4_head8_dm64_channel1_dir2_drop0.00_1.00e-03_B8_K5_TcontextScaledSAtSE1TE/epoch_1.params
epoch: 1, train time every whole data:283.93s
epoch: 1, total time:868.05s
validation batch 1 / 25, loss: 0.11
validation cost time: 149.9052s
epoch: 2, train time every whole data:283.96s
epoch: 2, total time:1301.91s
validation batch 1 / 25, loss: 0.05
validation cost time: 149.8927s
epoch: 3, train time every whole data:283.97s
epoch: 3, total time:1735.78s
validation batch 1 / 25, loss: 0.04
validation cost time: 149.8778s
save parameters to file: ./experiments/PEMS08/MAE_ASTGNN_h1d1w1_layer4_head8_dm64_channel1_dir2_drop0.00_1.00e-03_B8_K5_TcontextScaledSAtSE1TE/epoch_4.params
epoch: 4, train time every whole data:283.97s
epoch: 4, total time:2169.64s
validation batch 1 / 25, loss: 0.03
validation cost time: 149.8969s
save parameters to file: ./experiments/PEMS08/MAE_ASTGNN_h1d1w1_layer4_head8_dm64_channel1_dir2_drop0.00_1.00e-03_B8_K5_TcontextScaledSAtSE1TE/epoch_5.params
epoch: 5, train time every whole data:283.98s
epoch: 5, total time:2603.54s
validation batch 1 / 25, loss: 0.04
validation cost time: 149.8717s
epoch: 6, train time every whole data:284.02s
epoch: 6, total time:3037.44s
validation batch 1 / 25, loss: 0.07
validation cost time: 149.9086s
epoch: 7, train time every whole data:283.98s
epoch: 7, total time:3471.33s
validation batch 1 / 25, loss: 0.03
validation cost time: 149.8661s
save parameters to file: ./experiments/PEMS08/MAE_ASTGNN_h1d1w1_layer4_head8_dm64_channel1_dir2_drop0.00_1.00e-03_B8_K5_TcontextScaledSAtSE1TE/epoch_8.params
epoch: 8, train time every whole data:284.04s
epoch: 8, total time:3905.25s
validation batch 1 / 25, loss: 0.03
validation cost time: 149.8555s
epoch: 9, train time every whole data:284.01s
epoch: 9, total time:4339.12s
validation batch 1 / 25, loss: 0.03
validation cost time: 149.8634s
save parameters to file: ./experiments/PEMS08/MAE_ASTGNN_h1d1w1_layer4_head8_dm64_channel1_dir2_drop0.00_1.00e-03_B8_K5_TcontextScaledSAtSE1TE/epoch_10.params
epoch: 10, train time every whole data:284.05s
epoch: 10, total time:4773.05s
validation batch 1 / 25, loss: 0.03
validation cost time: 149.8685s
epoch: 11, train time every whole data:283.99s
epoch: 11, total time:5206.91s
validation batch 1 / 25, loss: 0.07
validation cost time: 149.8597s
epoch: 12, train time every whole data:283.97s
epoch: 12, total time:5640.74s
validation batch 1 / 25, loss: 0.02
validation cost time: 149.8655s
save parameters to file: ./experiments/PEMS08/MAE_ASTGNN_h1d1w1_layer4_head8_dm64_channel1_dir2_drop0.00_1.00e-03_B8_K5_TcontextScaledSAtSE1TE/epoch_13.params
epoch: 13, train time every whole data:284.04s
epoch: 13, total time:6074.67s
validation batch 1 / 25, loss: 0.04
validation cost time: 149.8577s
epoch: 14, train time every whole data:283.98s
epoch: 14, total time:6508.51s
validation batch 1 / 25, loss: 0.04
validation cost time: 149.8580s
epoch: 15, train time every whole data:283.99s
epoch: 15, total time:6942.35s
validation batch 1 / 25, loss: 0.02
validation cost time: 149.8570s
save parameters to file: ./experiments/PEMS08/MAE_ASTGNN_h1d1w1_layer4_head8_dm64_channel1_dir2_drop0.00_1.00e-03_B8_K5_TcontextScaledSAtSE1TE/epoch_16.params
epoch: 16, train time every whole data:284.02s
epoch: 16, total time:7376.24s
validation batch 1 / 25, loss: 0.02
validation cost time: 149.8552s
save parameters to file: ./experiments/PEMS08/MAE_ASTGNN_h1d1w1_layer4_head8_dm64_channel1_dir2_drop0.00_1.00e-03_B8_K5_TcontextScaledSAtSE1TE/epoch_17.params
epoch: 17, train time every whole data:284.01s
epoch: 17, total time:7810.12s
validation batch 1 / 25, loss: 0.02
validation cost time: 149.8625s
epoch: 18, train time every whole data:283.92s
epoch: 18, total time:8243.91s
validation batch 1 / 25, loss: 0.02
validation cost time: 149.8532s
epoch: 19, train time every whole data:283.81s
epoch: 19, total time:8677.57s
validation batch 1 / 25, loss: 0.03
validation cost time: 149.8528s
epoch: 20, train time every whole data:283.86s
epoch: 20, total time:9111.29s
validation batch 1 / 25, loss: 0.02
validation cost time: 149.8641s
epoch: 21, train time every whole data:283.83s
epoch: 21, total time:9544.99s
validation batch 1 / 25, loss: 0.02
validation cost time: 149.8586s
epoch: 22, train time every whole data:283.85s
epoch: 22, total time:9978.69s
validation batch 1 / 25, loss: 0.03
validation cost time: 149.8599s
epoch: 23, train time every whole data:284.60s
epoch: 23, total time:10413.15s
validation batch 1 / 25, loss: 0.02
validation cost time: 149.8645s
epoch: 24, train time every whole data:284.14s
epoch: 24, total time:10847.16s
validation batch 1 / 25, loss: 0.02
validation cost time: 149.8634s
epoch: 25, train time every whole data:284.15s
epoch: 25, total time:11281.18s
validation batch 1 / 25, loss: 0.03
validation cost time: 150.4372s
epoch: 26, train time every whole data:283.78s
epoch: 26, total time:11715.40s
validation batch 1 / 25, loss: 0.03
validation cost time: 149.8645s
epoch: 27, train time every whole data:294.29s
epoch: 27, total time:12159.55s
validation batch 1 / 25, loss: 0.02
validation cost time: 149.8859s
epoch: 28, train time every whole data:284.54s
epoch: 28, total time:12593.98s
validation batch 1 / 25, loss: 0.02
validation cost time: 149.8981s
save parameters to file: ./experiments/PEMS08/MAE_ASTGNN_h1d1w1_layer4_head8_dm64_channel1_dir2_drop0.00_1.00e-03_B8_K5_TcontextScaledSAtSE1TE/epoch_29.params
epoch: 29, train time every whole data:284.57s
epoch: 29, total time:13028.47s
validation batch 1 / 25, loss: 0.02
validation cost time: 149.8918s
epoch: 30, train time every whole data:284.53s
epoch: 30, total time:13462.89s
validation batch 1 / 25, loss: 0.03
validation cost time: 149.8933s
epoch: 31, train time every whole data:284.54s
epoch: 31, total time:13897.33s
validation batch 1 / 25, loss: 0.02
validation cost time: 149.9032s
epoch: 32, train time every whole data:284.55s
epoch: 32, total time:14331.79s
validation batch 1 / 25, loss: 0.02
validation cost time: 149.8967s
epoch: 33, train time every whole data:284.55s
epoch: 33, total time:14766.23s
validation batch 1 / 25, loss: 0.02
validation cost time: 149.8925s
epoch: 34, train time every whole data:284.57s
epoch: 34, total time:15200.70s
validation batch 1 / 25, loss: 0.02
validation cost time: 149.8971s
epoch: 35, train time every whole data:284.56s
epoch: 35, total time:15635.16s
validation batch 1 / 25, loss: 0.03
validation cost time: 149.8942s
epoch: 36, train time every whole data:284.55s
epoch: 36, total time:16069.61s
validation batch 1 / 25, loss: 0.02
validation cost time: 149.8867s
epoch: 37, train time every whole data:284.56s
epoch: 37, total time:16504.06s
validation batch 1 / 25, loss: 0.03
validation cost time: 149.8957s
epoch: 38, train time every whole data:284.55s
epoch: 38, total time:16938.51s
validation batch 1 / 25, loss: 0.03
validation cost time: 149.8956s
epoch: 39, train time every whole data:284.58s
epoch: 39, total time:17372.99s
validation batch 1 / 25, loss: 0.02
validation cost time: 149.8936s
epoch: 40, train time every whole data:284.55s
epoch: 40, total time:17807.44s
validation batch 1 / 25, loss: 0.03
validation cost time: 149.8966s
epoch: 41, train time every whole data:284.56s
epoch: 41, total time:18241.90s
validation batch 1 / 25, loss: 0.02
validation cost time: 149.9163s
epoch: 42, train time every whole data:284.58s
epoch: 42, total time:18676.39s
validation batch 1 / 25, loss: 0.03
validation cost time: 149.8985s
epoch: 43, train time every whole data:284.57s
epoch: 43, total time:19110.86s
validation batch 1 / 25, loss: 0.03
validation cost time: 149.8980s
epoch: 44, train time every whole data:284.56s
epoch: 44, total time:19545.32s
validation batch 1 / 25, loss: 0.02
validation cost time: 149.8981s
epoch: 45, train time every whole data:284.63s
epoch: 45, total time:19979.85s
validation batch 1 / 25, loss: 0.02
validation cost time: 149.8998s
epoch: 46, train time every whole data:284.58s
epoch: 46, total time:20414.34s
validation batch 1 / 25, loss: 0.02
validation cost time: 149.8992s
epoch: 47, train time every whole data:285.06s
epoch: 47, total time:20849.30s
validation batch 1 / 25, loss: 0.02
validation cost time: 149.8942s
epoch: 48, train time every whole data:284.57s
epoch: 48, total time:21283.77s
validation batch 1 / 25, loss: 0.02
validation cost time: 149.9005s
epoch: 49, train time every whole data:284.53s
epoch: 49, total time:21718.20s
best epoch: 29
apply the best val model on the test data set ...
load weight from: ./experiments/PEMS08/MAE_ASTGNN_h1d1w1_layer4_head8_dm64_channel1_dir2_drop0.00_1.00e-03_B8_K5_TcontextScaledSAtSE1TE/epoch_29.params
predicting testing set batch 1 / 25, time: 6.06s
test time on whole data:149.92s
input: (3166, 170, 36, 1)
prediction: (3166, 170, 12, 1)
data_target_tensor: (3166, 170, 12)
current epoch: 29, predict 0 points
MAE: 11.45
RMSE: 19.20
MAPE: 7.99
current epoch: 29, predict 1 points
MAE: 12.07
RMSE: 20.47
MAPE: 8.42
current epoch: 29, predict 2 points
MAE: 12.48
RMSE: 21.24
MAPE: 8.70
current epoch: 29, predict 3 points
MAE: 12.76
RMSE: 21.85
MAPE: 8.88
current epoch: 29, predict 4 points
MAE: 12.98
RMSE: 22.31
MAPE: 9.09
current epoch: 29, predict 5 points
MAE: 13.20
RMSE: 22.80
MAPE: 9.30
current epoch: 29, predict 6 points
MAE: 13.44
RMSE: 23.20
MAPE: 9.52
current epoch: 29, predict 7 points
MAE: 13.68
RMSE: 23.60
MAPE: 9.76
current epoch: 29, predict 8 points
MAE: 13.91
RMSE: 23.92
MAPE: 9.96
current epoch: 29, predict 9 points
MAE: 14.11
RMSE: 24.21
MAPE: 10.14
current epoch: 29, predict 10 points
MAE: 14.32
RMSE: 24.51
MAPE: 10.35
current epoch: 29, predict 11 points
MAE: 14.82
RMSE: 25.09
MAPE: 10.92
all MAE: 13.27
all RMSE: 22.76
all MAPE: 9.42
[11.445904, 19.19781077937542, 7.987320423126221, 12.069017, 20.4745012196955, 8.423496037721634, 12.484424, 21.23576757988821, 8.704426139593124, 12.764186, 21.85294926552392, 8.881456404924393, 12.97545, 22.312223715901503, 9.087970107793808, 13.201982, 22.80396886714569, 9.302060306072235, 13.444356, 23.203695805268556, 9.519731998443604, 13.679801, 23.5998310664968, 9.756231307983398, 13.90929, 23.91718117119535, 9.959525614976883, 14.109471, 24.212307610877364, 10.143713653087616, 14.317802, 24.511968686474752, 10.349151492118835, 14.8226185, 25.089221892593265, 10.919798910617828, 13.268688, 22.763388917294368, 9.419576823711395]
fine tune the model ... 
epoch: 50, train time every whole data:721.74s
epoch: 50, total time:22590.94s
validation batch 1 / 25, loss: 0.02
validation cost time: 149.8480s
save parameters to file: ./experiments/PEMS08/MAE_ASTGNN_h1d1w1_layer4_head8_dm64_channel1_dir2_drop0.00_1.00e-03_B8_K5_TcontextScaledSAtSE1TE/epoch_50.params
epoch: 51, train time every whole data:724.00s
epoch: 51, total time:23464.81s
validation batch 1 / 25, loss: 0.02
validation cost time: 149.9525s
save parameters to file: ./experiments/PEMS08/MAE_ASTGNN_h1d1w1_layer4_head8_dm64_channel1_dir2_drop0.00_1.00e-03_B8_K5_TcontextScaledSAtSE1TE/epoch_51.params
epoch: 52, train time every whole data:726.73s
epoch: 52, total time:24341.51s
validation batch 1 / 25, loss: 0.02
validation cost time: 150.1563s
epoch: 53, train time every whole data:726.81s
epoch: 53, total time:25218.48s
validation batch 1 / 25, loss: 0.02
validation cost time: 150.0910s
epoch: 54, train time every whole data:726.82s
epoch: 54, total time:26095.39s
validation batch 1 / 25, loss: 0.02
validation cost time: 149.9782s
save parameters to file: ./experiments/PEMS08/MAE_ASTGNN_h1d1w1_layer4_head8_dm64_channel1_dir2_drop0.00_1.00e-03_B8_K5_TcontextScaledSAtSE1TE/epoch_54.params
epoch: 55, train time every whole data:726.71s
epoch: 55, total time:26972.09s
validation batch 1 / 25, loss: 0.02
validation cost time: 149.9706s
save parameters to file: ./experiments/PEMS08/MAE_ASTGNN_h1d1w1_layer4_head8_dm64_channel1_dir2_drop0.00_1.00e-03_B8_K5_TcontextScaledSAtSE1TE/epoch_55.params
epoch: 56, train time every whole data:727.22s
epoch: 56, total time:27849.30s
validation batch 1 / 25, loss: 0.02
validation cost time: 149.9926s
epoch: 57, train time every whole data:727.32s
epoch: 57, total time:28726.61s
validation batch 1 / 25, loss: 0.02
validation cost time: 149.9952s
epoch: 58, train time every whole data:727.26s
epoch: 58, total time:29603.86s
validation batch 1 / 25, loss: 0.02
validation cost time: 149.9908s
epoch: 59, train time every whole data:727.32s
epoch: 59, total time:30481.17s
validation batch 1 / 25, loss: 0.02
validation cost time: 149.9977s
save parameters to file: ./experiments/PEMS08/MAE_ASTGNN_h1d1w1_layer4_head8_dm64_channel1_dir2_drop0.00_1.00e-03_B8_K5_TcontextScaledSAtSE1TE/epoch_59.params
epoch: 60, train time every whole data:727.53s
epoch: 60, total time:31358.72s
validation batch 1 / 25, loss: 0.02
validation cost time: 149.9925s
epoch: 61, train time every whole data:725.81s
epoch: 61, total time:32234.52s
validation batch 1 / 25, loss: 0.02
validation cost time: 150.1596s
epoch: 62, train time every whole data:724.92s
epoch: 62, total time:33109.60s
validation batch 1 / 25, loss: 0.02
validation cost time: 150.1040s
epoch: 63, train time every whole data:724.81s
epoch: 63, total time:33984.52s
validation batch 1 / 25, loss: 0.02
validation cost time: 149.9332s
save parameters to file: ./experiments/PEMS08/MAE_ASTGNN_h1d1w1_layer4_head8_dm64_channel1_dir2_drop0.00_1.00e-03_B8_K5_TcontextScaledSAtSE1TE/epoch_63.params
epoch: 64, train time every whole data:724.91s
epoch: 64, total time:34859.39s
validation batch 1 / 25, loss: 0.02
validation cost time: 150.1060s
epoch: 65, train time every whole data:724.50s
epoch: 65, total time:35734.00s
validation batch 1 / 25, loss: 0.02
validation cost time: 149.9411s
epoch: 66, train time every whole data:724.87s
epoch: 66, total time:36608.81s
validation batch 1 / 25, loss: 0.02
validation cost time: 149.9474s
epoch: 67, train time every whole data:724.95s
epoch: 67, total time:37483.71s
validation batch 1 / 25, loss: 0.02
validation cost time: 149.9392s
epoch: 68, train time every whole data:724.89s
epoch: 68, total time:38358.54s
validation batch 1 / 25, loss: 0.02
validation cost time: 149.9413s
save parameters to file: ./experiments/PEMS08/MAE_ASTGNN_h1d1w1_layer4_head8_dm64_channel1_dir2_drop0.00_1.00e-03_B8_K5_TcontextScaledSAtSE1TE/epoch_68.params
epoch: 69, train time every whole data:724.89s
epoch: 69, total time:39233.39s
validation batch 1 / 25, loss: 0.02
validation cost time: 149.9398s
epoch: 70, train time every whole data:724.86s
epoch: 70, total time:40108.19s
validation batch 1 / 25, loss: 0.02
validation cost time: 149.9333s
epoch: 71, train time every whole data:725.01s
epoch: 71, total time:40983.13s
validation batch 1 / 25, loss: 0.02
validation cost time: 150.0099s
epoch: 72, train time every whole data:724.99s
epoch: 72, total time:41858.13s
validation batch 1 / 25, loss: 0.02
validation cost time: 149.9302s
epoch: 73, train time every whole data:724.91s
epoch: 73, total time:42732.97s
validation batch 1 / 25, loss: 0.02
validation cost time: 149.9093s
epoch: 74, train time every whole data:724.12s
epoch: 74, total time:43607.00s
validation batch 1 / 25, loss: 0.02
validation cost time: 149.9309s
best epoch: 68
apply the best val model on the test data set ...
load weight from: ./experiments/PEMS08/MAE_ASTGNN_h1d1w1_layer4_head8_dm64_channel1_dir2_drop0.00_1.00e-03_B8_K5_TcontextScaledSAtSE1TE/epoch_68.params
predicting testing set batch 1 / 25, time: 6.06s
test time on whole data:149.98s
input: (3166, 170, 36, 1)
prediction: (3166, 170, 12, 1)
data_target_tensor: (3166, 170, 12)
current epoch: 68, predict 0 points
MAE: 11.22
RMSE: 19.16
MAPE: 7.74
current epoch: 68, predict 1 points
MAE: 11.74
RMSE: 20.34
MAPE: 8.13
current epoch: 68, predict 2 points
MAE: 12.06
RMSE: 21.01
MAPE: 8.38
current epoch: 68, predict 3 points
MAE: 12.28
RMSE: 21.58
MAPE: 8.53
current epoch: 68, predict 4 points
MAE: 12.46
RMSE: 22.04
MAPE: 8.68
current epoch: 68, predict 5 points
MAE: 12.64
RMSE: 22.47
MAPE: 8.80
current epoch: 68, predict 6 points
MAE: 12.81
RMSE: 22.81
MAPE: 8.88
current epoch: 68, predict 7 points
MAE: 12.96
RMSE: 23.14
MAPE: 8.99
current epoch: 68, predict 8 points
MAE: 13.09
RMSE: 23.44
MAPE: 9.08
current epoch: 68, predict 9 points
MAE: 13.21
RMSE: 23.68
MAPE: 9.16
current epoch: 68, predict 10 points
MAE: 13.35
RMSE: 23.92
MAPE: 9.25
current epoch: 68, predict 11 points
MAE: 13.61
RMSE: 24.32
MAPE: 9.45
all MAE: 12.62
all RMSE: 22.38
all MAPE: 8.76
[11.219372, 19.162097330957636, 7.740379869937897, 11.742686, 20.33756941564867, 8.131328970193863, 12.057927, 21.013246264075608, 8.379071205854416, 12.275391, 21.57822399959187, 8.53133499622345, 12.457775, 22.03871632127978, 8.682214468717575, 12.639759, 22.46962196239208, 8.803349733352661, 12.807447, 22.807030594341956, 8.883241564035416, 12.957079, 23.143023751010666, 8.993297815322876, 13.091837, 23.437761717288755, 9.07677337527275, 13.208735, 23.683767381950528, 9.156603366136551, 13.3546715, 23.918875597805204, 9.250318259000778, 13.605377, 24.322331419172432, 9.451763331890106, 12.618175, 22.37608428544232, 8.756635338068008]
