Fri Nov 12 08:24:43 2021       
+-----------------------------------------------------------------------------+
| NVIDIA-SMI 418.165.02   Driver Version: 418.165.02   CUDA Version: 10.1     |
|-------------------------------+----------------------+----------------------+
| GPU  Name        Persistence-M| Bus-Id        Disp.A | Volatile Uncorr. ECC |
| Fan  Temp  Perf  Pwr:Usage/Cap|         Memory-Usage | GPU-Util  Compute M. |
|===============================+======================+======================|
|   0  Tesla V100-PCIE...  Off  | 00000000:5A:00.0 Off |                    0 |
| N/A   23C    P0    22W / 250W |     11MiB / 32480MiB |      0%      Default |
+-------------------------------+----------------------+----------------------+
|   1  Tesla V100-PCIE...  Off  | 00000000:5E:00.0 Off |                    0 |
| N/A   51C    P0   186W / 250W |  13472MiB / 32480MiB |    100%      Default |
+-------------------------------+----------------------+----------------------+
|   2  Tesla V100-PCIE...  Off  | 00000000:62:00.0 Off |                    0 |
| N/A   50C    P0   139W / 250W |  13474MiB / 32480MiB |     91%      Default |
+-------------------------------+----------------------+----------------------+
|   3  Tesla V100-PCIE...  Off  | 00000000:66:00.0 Off |                    0 |
| N/A   63C    P0   261W / 250W |   7149MiB / 32480MiB |     97%      Default |
+-------------------------------+----------------------+----------------------+
|   4  Tesla V100-PCIE...  Off  | 00000000:B5:00.0 Off |                    0 |
| N/A   48C    P0   140W / 250W |  13672MiB / 32480MiB |     91%      Default |
+-------------------------------+----------------------+----------------------+
|   5  Tesla V100-PCIE...  Off  | 00000000:B9:00.0 Off |                    0 |
| N/A   48C    P0    32W / 250W |     11MiB / 32480MiB |      0%      Default |
+-------------------------------+----------------------+----------------------+
|   6  Tesla V100-PCIE...  Off  | 00000000:BD:00.0 Off |                    0 |
| N/A   58C    P0   150W / 250W |  13670MiB / 32480MiB |    100%      Default |
+-------------------------------+----------------------+----------------------+
|   7  Tesla V100-PCIE...  Off  | 00000000:C1:00.0 Off |                    0 |
| N/A   56C    P0   150W / 250W |  13674MiB / 32480MiB |     87%      Default |
+-------------------------------+----------------------+----------------------+
                                                                               
+-----------------------------------------------------------------------------+
| Processes:                                                       GPU Memory |
|  GPU       PID   Type   Process name                             Usage      |
|=============================================================================|
|    1     55410      C   python                                     13461MiB |
|    2     54369      C   python                                     13463MiB |
|    3     16900      C   python                                      7137MiB |
|    4     44007      C   python                                     13661MiB |
|    6       606      C   python                                     13659MiB |
|    7     57303      C   python                                     13663MiB |
+-----------------------------------------------------------------------------+
CUDA: True cuda:0
Read configuration file: /data/home/u18112042/CorrSTN-nA/configurations/PEMS08_rdw.conf
total training epoch, fine tune epoch: 50 , 25
batch_size: 8
attention_top_k: 5
folder_dir: MAE_ASTGNN_h1d1w1_layer4_head8_dm64_channel1_dir2_drop0.00_1.00e-03_B8_K5_TcontextScaledSAtSE1TE
load file: /data/home/u18112042/CorrSTN-nA/data/PEMS08/PEMS08_r1_d1_w1.npz
ori length: 9497 , percent: 1.0 , scale: 9497
train: torch.Size([9497, 170, 1, 36]) torch.Size([9497, 170, 12]) torch.Size([9497, 170, 12])
val: torch.Size([3166, 170, 1, 36]) torch.Size([3166, 170, 12]) torch.Size([3166, 170, 12])
test: torch.Size([3166, 170, 1, 36]) torch.Size([3166, 170, 12]) torch.Size([3166, 170, 12])
TemporalPositionalEncoding max_len: 2016
w_index: [0, 1, 2, 3, 4, 5, 6, 7, 8, 9, 10, 11]
d_index: [1728, 1729, 1730, 1731, 1732, 1733, 1734, 1735, 1736, 1737, 1738, 1739]
h_index: [2004, 2005, 2006, 2007, 2008, 2009, 2010, 2011, 2012, 2013, 2014, 2015]
en_lookup_index: [0, 1, 2, 3, 4, 5, 6, 7, 8, 9, 10, 11, 1728, 1729, 1730, 1731, 1732, 1733, 1734, 1735, 1736, 1737, 1738, 1739, 2004, 2005, 2006, 2007, 2008, 2009, 2010, 2011, 2012, 2013, 2014, 2015]
EncoderDecoder(
  (encoder): Encoder(
    (layers): ModuleList(
      (0): EncoderLayer(
        (self_attn): MultiHeadAttentionAwareTemporalContex_q1d_k1d(
          (linears): ModuleList(
            (0): Linear(in_features=64, out_features=64, bias=True)
            (1): Linear(in_features=64, out_features=64, bias=True)
          )
          (conv1Ds_aware_temporal_context): ModuleList(
            (0): Conv2d(64, 64, kernel_size=(1, 3), stride=(1, 1), padding=(0, 1))
            (1): Conv2d(64, 64, kernel_size=(1, 3), stride=(1, 1), padding=(0, 1))
          )
          (dropout): Dropout(p=0.0, inplace=False)
          (attn_ic): Attention_IC(
            (DAT): DynamicAttentionLayer(
              (dropout): Dropout(p=0.0, inplace=False)
            )
          )
        )
        (feed_forward_gcn): PositionWiseGCNFeedForward(
          (gcn): spatialAttentionScaledGCN(
            (Theta): Linear(in_features=64, out_features=64, bias=False)
            (SAt): Spatial_Attention_layer(
              (dropout): Dropout(p=0.0, inplace=False)
            )
          )
          (dropout): Dropout(p=0.0, inplace=False)
        )
        (sublayer): ModuleList(
          (0): SublayerConnection(
            (dropout): Dropout(p=0.0, inplace=False)
            (norm): LayerNorm((64,), eps=1e-05, elementwise_affine=True)
          )
          (1): SublayerConnection(
            (dropout): Dropout(p=0.0, inplace=False)
            (norm): LayerNorm((64,), eps=1e-05, elementwise_affine=True)
          )
        )
      )
      (1): EncoderLayer(
        (self_attn): MultiHeadAttentionAwareTemporalContex_q1d_k1d(
          (linears): ModuleList(
            (0): Linear(in_features=64, out_features=64, bias=True)
            (1): Linear(in_features=64, out_features=64, bias=True)
          )
          (conv1Ds_aware_temporal_context): ModuleList(
            (0): Conv2d(64, 64, kernel_size=(1, 3), stride=(1, 1), padding=(0, 1))
            (1): Conv2d(64, 64, kernel_size=(1, 3), stride=(1, 1), padding=(0, 1))
          )
          (dropout): Dropout(p=0.0, inplace=False)
          (attn_ic): Attention_IC(
            (DAT): DynamicAttentionLayer(
              (dropout): Dropout(p=0.0, inplace=False)
            )
          )
        )
        (feed_forward_gcn): PositionWiseGCNFeedForward(
          (gcn): spatialAttentionScaledGCN(
            (Theta): Linear(in_features=64, out_features=64, bias=False)
            (SAt): Spatial_Attention_layer(
              (dropout): Dropout(p=0.0, inplace=False)
            )
          )
          (dropout): Dropout(p=0.0, inplace=False)
        )
        (sublayer): ModuleList(
          (0): SublayerConnection(
            (dropout): Dropout(p=0.0, inplace=False)
            (norm): LayerNorm((64,), eps=1e-05, elementwise_affine=True)
          )
          (1): SublayerConnection(
            (dropout): Dropout(p=0.0, inplace=False)
            (norm): LayerNorm((64,), eps=1e-05, elementwise_affine=True)
          )
        )
      )
      (2): EncoderLayer(
        (self_attn): MultiHeadAttentionAwareTemporalContex_q1d_k1d(
          (linears): ModuleList(
            (0): Linear(in_features=64, out_features=64, bias=True)
            (1): Linear(in_features=64, out_features=64, bias=True)
          )
          (conv1Ds_aware_temporal_context): ModuleList(
            (0): Conv2d(64, 64, kernel_size=(1, 3), stride=(1, 1), padding=(0, 1))
            (1): Conv2d(64, 64, kernel_size=(1, 3), stride=(1, 1), padding=(0, 1))
          )
          (dropout): Dropout(p=0.0, inplace=False)
          (attn_ic): Attention_IC(
            (DAT): DynamicAttentionLayer(
              (dropout): Dropout(p=0.0, inplace=False)
            )
          )
        )
        (feed_forward_gcn): PositionWiseGCNFeedForward(
          (gcn): spatialAttentionScaledGCN(
            (Theta): Linear(in_features=64, out_features=64, bias=False)
            (SAt): Spatial_Attention_layer(
              (dropout): Dropout(p=0.0, inplace=False)
            )
          )
          (dropout): Dropout(p=0.0, inplace=False)
        )
        (sublayer): ModuleList(
          (0): SublayerConnection(
            (dropout): Dropout(p=0.0, inplace=False)
            (norm): LayerNorm((64,), eps=1e-05, elementwise_affine=True)
          )
          (1): SublayerConnection(
            (dropout): Dropout(p=0.0, inplace=False)
            (norm): LayerNorm((64,), eps=1e-05, elementwise_affine=True)
          )
        )
      )
      (3): EncoderLayer(
        (self_attn): MultiHeadAttentionAwareTemporalContex_q1d_k1d(
          (linears): ModuleList(
            (0): Linear(in_features=64, out_features=64, bias=True)
            (1): Linear(in_features=64, out_features=64, bias=True)
          )
          (conv1Ds_aware_temporal_context): ModuleList(
            (0): Conv2d(64, 64, kernel_size=(1, 3), stride=(1, 1), padding=(0, 1))
            (1): Conv2d(64, 64, kernel_size=(1, 3), stride=(1, 1), padding=(0, 1))
          )
          (dropout): Dropout(p=0.0, inplace=False)
          (attn_ic): Attention_IC(
            (DAT): DynamicAttentionLayer(
              (dropout): Dropout(p=0.0, inplace=False)
            )
          )
        )
        (feed_forward_gcn): PositionWiseGCNFeedForward(
          (gcn): spatialAttentionScaledGCN(
            (Theta): Linear(in_features=64, out_features=64, bias=False)
            (SAt): Spatial_Attention_layer(
              (dropout): Dropout(p=0.0, inplace=False)
            )
          )
          (dropout): Dropout(p=0.0, inplace=False)
        )
        (sublayer): ModuleList(
          (0): SublayerConnection(
            (dropout): Dropout(p=0.0, inplace=False)
            (norm): LayerNorm((64,), eps=1e-05, elementwise_affine=True)
          )
          (1): SublayerConnection(
            (dropout): Dropout(p=0.0, inplace=False)
            (norm): LayerNorm((64,), eps=1e-05, elementwise_affine=True)
          )
        )
      )
    )
    (norm): LayerNorm((64,), eps=1e-05, elementwise_affine=True)
  )
  (decoder): Decoder(
    (layers): ModuleList(
      (0): DecoderLayer(
        (self_attn): MultiHeadAttentionAwareTemporalContex_qc_kc(
          (linears): ModuleList(
            (0): Linear(in_features=64, out_features=64, bias=True)
            (1): Linear(in_features=64, out_features=64, bias=True)
          )
          (conv1Ds_aware_temporal_context): ModuleList(
            (0): Conv2d(64, 64, kernel_size=(1, 3), stride=(1, 1), padding=(0, 2))
            (1): Conv2d(64, 64, kernel_size=(1, 3), stride=(1, 1), padding=(0, 2))
          )
          (dropout): Dropout(p=0.0, inplace=False)
          (attn_ic): Attention_IC(
            (DAT): DynamicAttentionLayer(
              (dropout): Dropout(p=0.0, inplace=False)
            )
          )
        )
        (src_attn): MultiHeadAttentionAwareTemporalContex_qc_k1d(
          (linears): ModuleList(
            (0): Linear(in_features=64, out_features=64, bias=True)
            (1): Linear(in_features=64, out_features=64, bias=True)
          )
          (query_conv1Ds_aware_temporal_context): Conv2d(64, 64, kernel_size=(1, 3), stride=(1, 1), padding=(0, 2))
          (key_conv1Ds_aware_temporal_context): Conv2d(64, 64, kernel_size=(1, 3), stride=(1, 1), padding=(0, 1))
          (dropout): Dropout(p=0.0, inplace=False)
          (attn_ic): Attention_IC(
            (DAT): DynamicAttentionLayer(
              (dropout): Dropout(p=0.0, inplace=False)
            )
          )
        )
        (feed_forward_gcn): PositionWiseGCNFeedForward(
          (gcn): spatialAttentionScaledGCN(
            (Theta): Linear(in_features=64, out_features=64, bias=False)
            (SAt): Spatial_Attention_layer(
              (dropout): Dropout(p=0.0, inplace=False)
            )
          )
          (dropout): Dropout(p=0.0, inplace=False)
        )
        (sublayer): ModuleList(
          (0): SublayerConnection(
            (dropout): Dropout(p=0.0, inplace=False)
            (norm): LayerNorm((64,), eps=1e-05, elementwise_affine=True)
          )
          (1): SublayerConnection(
            (dropout): Dropout(p=0.0, inplace=False)
            (norm): LayerNorm((64,), eps=1e-05, elementwise_affine=True)
          )
          (2): SublayerConnection(
            (dropout): Dropout(p=0.0, inplace=False)
            (norm): LayerNorm((64,), eps=1e-05, elementwise_affine=True)
          )
        )
      )
      (1): DecoderLayer(
        (self_attn): MultiHeadAttentionAwareTemporalContex_qc_kc(
          (linears): ModuleList(
            (0): Linear(in_features=64, out_features=64, bias=True)
            (1): Linear(in_features=64, out_features=64, bias=True)
          )
          (conv1Ds_aware_temporal_context): ModuleList(
            (0): Conv2d(64, 64, kernel_size=(1, 3), stride=(1, 1), padding=(0, 2))
            (1): Conv2d(64, 64, kernel_size=(1, 3), stride=(1, 1), padding=(0, 2))
          )
          (dropout): Dropout(p=0.0, inplace=False)
          (attn_ic): Attention_IC(
            (DAT): DynamicAttentionLayer(
              (dropout): Dropout(p=0.0, inplace=False)
            )
          )
        )
        (src_attn): MultiHeadAttentionAwareTemporalContex_qc_k1d(
          (linears): ModuleList(
            (0): Linear(in_features=64, out_features=64, bias=True)
            (1): Linear(in_features=64, out_features=64, bias=True)
          )
          (query_conv1Ds_aware_temporal_context): Conv2d(64, 64, kernel_size=(1, 3), stride=(1, 1), padding=(0, 2))
          (key_conv1Ds_aware_temporal_context): Conv2d(64, 64, kernel_size=(1, 3), stride=(1, 1), padding=(0, 1))
          (dropout): Dropout(p=0.0, inplace=False)
          (attn_ic): Attention_IC(
            (DAT): DynamicAttentionLayer(
              (dropout): Dropout(p=0.0, inplace=False)
            )
          )
        )
        (feed_forward_gcn): PositionWiseGCNFeedForward(
          (gcn): spatialAttentionScaledGCN(
            (Theta): Linear(in_features=64, out_features=64, bias=False)
            (SAt): Spatial_Attention_layer(
              (dropout): Dropout(p=0.0, inplace=False)
            )
          )
          (dropout): Dropout(p=0.0, inplace=False)
        )
        (sublayer): ModuleList(
          (0): SublayerConnection(
            (dropout): Dropout(p=0.0, inplace=False)
            (norm): LayerNorm((64,), eps=1e-05, elementwise_affine=True)
          )
          (1): SublayerConnection(
            (dropout): Dropout(p=0.0, inplace=False)
            (norm): LayerNorm((64,), eps=1e-05, elementwise_affine=True)
          )
          (2): SublayerConnection(
            (dropout): Dropout(p=0.0, inplace=False)
            (norm): LayerNorm((64,), eps=1e-05, elementwise_affine=True)
          )
        )
      )
      (2): DecoderLayer(
        (self_attn): MultiHeadAttentionAwareTemporalContex_qc_kc(
          (linears): ModuleList(
            (0): Linear(in_features=64, out_features=64, bias=True)
            (1): Linear(in_features=64, out_features=64, bias=True)
          )
          (conv1Ds_aware_temporal_context): ModuleList(
            (0): Conv2d(64, 64, kernel_size=(1, 3), stride=(1, 1), padding=(0, 2))
            (1): Conv2d(64, 64, kernel_size=(1, 3), stride=(1, 1), padding=(0, 2))
          )
          (dropout): Dropout(p=0.0, inplace=False)
          (attn_ic): Attention_IC(
            (DAT): DynamicAttentionLayer(
              (dropout): Dropout(p=0.0, inplace=False)
            )
          )
        )
        (src_attn): MultiHeadAttentionAwareTemporalContex_qc_k1d(
          (linears): ModuleList(
            (0): Linear(in_features=64, out_features=64, bias=True)
            (1): Linear(in_features=64, out_features=64, bias=True)
          )
          (query_conv1Ds_aware_temporal_context): Conv2d(64, 64, kernel_size=(1, 3), stride=(1, 1), padding=(0, 2))
          (key_conv1Ds_aware_temporal_context): Conv2d(64, 64, kernel_size=(1, 3), stride=(1, 1), padding=(0, 1))
          (dropout): Dropout(p=0.0, inplace=False)
          (attn_ic): Attention_IC(
            (DAT): DynamicAttentionLayer(
              (dropout): Dropout(p=0.0, inplace=False)
            )
          )
        )
        (feed_forward_gcn): PositionWiseGCNFeedForward(
          (gcn): spatialAttentionScaledGCN(
            (Theta): Linear(in_features=64, out_features=64, bias=False)
            (SAt): Spatial_Attention_layer(
              (dropout): Dropout(p=0.0, inplace=False)
            )
          )
          (dropout): Dropout(p=0.0, inplace=False)
        )
        (sublayer): ModuleList(
          (0): SublayerConnection(
            (dropout): Dropout(p=0.0, inplace=False)
            (norm): LayerNorm((64,), eps=1e-05, elementwise_affine=True)
          )
          (1): SublayerConnection(
            (dropout): Dropout(p=0.0, inplace=False)
            (norm): LayerNorm((64,), eps=1e-05, elementwise_affine=True)
          )
          (2): SublayerConnection(
            (dropout): Dropout(p=0.0, inplace=False)
            (norm): LayerNorm((64,), eps=1e-05, elementwise_affine=True)
          )
        )
      )
      (3): DecoderLayer(
        (self_attn): MultiHeadAttentionAwareTemporalContex_qc_kc(
          (linears): ModuleList(
            (0): Linear(in_features=64, out_features=64, bias=True)
            (1): Linear(in_features=64, out_features=64, bias=True)
          )
          (conv1Ds_aware_temporal_context): ModuleList(
            (0): Conv2d(64, 64, kernel_size=(1, 3), stride=(1, 1), padding=(0, 2))
            (1): Conv2d(64, 64, kernel_size=(1, 3), stride=(1, 1), padding=(0, 2))
          )
          (dropout): Dropout(p=0.0, inplace=False)
          (attn_ic): Attention_IC(
            (DAT): DynamicAttentionLayer(
              (dropout): Dropout(p=0.0, inplace=False)
            )
          )
        )
        (src_attn): MultiHeadAttentionAwareTemporalContex_qc_k1d(
          (linears): ModuleList(
            (0): Linear(in_features=64, out_features=64, bias=True)
            (1): Linear(in_features=64, out_features=64, bias=True)
          )
          (query_conv1Ds_aware_temporal_context): Conv2d(64, 64, kernel_size=(1, 3), stride=(1, 1), padding=(0, 2))
          (key_conv1Ds_aware_temporal_context): Conv2d(64, 64, kernel_size=(1, 3), stride=(1, 1), padding=(0, 1))
          (dropout): Dropout(p=0.0, inplace=False)
          (attn_ic): Attention_IC(
            (DAT): DynamicAttentionLayer(
              (dropout): Dropout(p=0.0, inplace=False)
            )
          )
        )
        (feed_forward_gcn): PositionWiseGCNFeedForward(
          (gcn): spatialAttentionScaledGCN(
            (Theta): Linear(in_features=64, out_features=64, bias=False)
            (SAt): Spatial_Attention_layer(
              (dropout): Dropout(p=0.0, inplace=False)
            )
          )
          (dropout): Dropout(p=0.0, inplace=False)
        )
        (sublayer): ModuleList(
          (0): SublayerConnection(
            (dropout): Dropout(p=0.0, inplace=False)
            (norm): LayerNorm((64,), eps=1e-05, elementwise_affine=True)
          )
          (1): SublayerConnection(
            (dropout): Dropout(p=0.0, inplace=False)
            (norm): LayerNorm((64,), eps=1e-05, elementwise_affine=True)
          )
          (2): SublayerConnection(
            (dropout): Dropout(p=0.0, inplace=False)
            (norm): LayerNorm((64,), eps=1e-05, elementwise_affine=True)
          )
        )
      )
    )
    (norm): LayerNorm((64,), eps=1e-05, elementwise_affine=True)
  )
  (src_embed): Sequential(
    (0): Linear(in_features=1, out_features=64, bias=True)
    (1): TemporalPositionalEncoding(
      (dropout): Dropout(p=0.0, inplace=False)
    )
    (2): SpatialPositionalEncoding(
      (dropout): Dropout(p=0.0, inplace=False)
      (embedding): Embedding(170, 64)
      (gcn_smooth_layers): ModuleList(
        (0): GCN(
          (Theta): Linear(in_features=64, out_features=64, bias=False)
        )
      )
    )
  )
  (trg_embed): Sequential(
    (0): Linear(in_features=1, out_features=64, bias=True)
    (1): TemporalPositionalEncoding(
      (dropout): Dropout(p=0.0, inplace=False)
    )
    (2): SpatialPositionalEncoding(
      (dropout): Dropout(p=0.0, inplace=False)
      (embedding): Embedding(170, 64)
      (gcn_smooth_layers): ModuleList(
        (0): GCN(
          (Theta): Linear(in_features=64, out_features=64, bias=False)
        )
      )
    )
  )
  (prediction_generator): Linear(in_features=64, out_features=1, bias=True)
)
create params directory ./experiments/PEMS08/MAE_ASTGNN_h1d1w1_layer4_head8_dm64_channel1_dir2_drop0.00_1.00e-03_B8_K5_TcontextScaledSAtSE1TE
Net's state_dict:
encoder.layers.0.self_attn.linears.0.weight 	 torch.Size([64, 64])
encoder.layers.0.self_attn.linears.0.bias 	 torch.Size([64])
encoder.layers.0.self_attn.linears.1.weight 	 torch.Size([64, 64])
encoder.layers.0.self_attn.linears.1.bias 	 torch.Size([64])
encoder.layers.0.self_attn.conv1Ds_aware_temporal_context.0.weight 	 torch.Size([64, 64, 1, 3])
encoder.layers.0.self_attn.conv1Ds_aware_temporal_context.0.bias 	 torch.Size([64])
encoder.layers.0.self_attn.conv1Ds_aware_temporal_context.1.weight 	 torch.Size([64, 64, 1, 3])
encoder.layers.0.self_attn.conv1Ds_aware_temporal_context.1.bias 	 torch.Size([64])
encoder.layers.0.feed_forward_gcn.gcn.alpha 	 torch.Size([1])
encoder.layers.0.feed_forward_gcn.gcn.beta 	 torch.Size([3])
encoder.layers.0.feed_forward_gcn.gcn.Theta.weight 	 torch.Size([64, 64])
encoder.layers.0.sublayer.0.norm.weight 	 torch.Size([64])
encoder.layers.0.sublayer.0.norm.bias 	 torch.Size([64])
encoder.layers.0.sublayer.1.norm.weight 	 torch.Size([64])
encoder.layers.0.sublayer.1.norm.bias 	 torch.Size([64])
encoder.layers.1.self_attn.linears.0.weight 	 torch.Size([64, 64])
encoder.layers.1.self_attn.linears.0.bias 	 torch.Size([64])
encoder.layers.1.self_attn.linears.1.weight 	 torch.Size([64, 64])
encoder.layers.1.self_attn.linears.1.bias 	 torch.Size([64])
encoder.layers.1.self_attn.conv1Ds_aware_temporal_context.0.weight 	 torch.Size([64, 64, 1, 3])
encoder.layers.1.self_attn.conv1Ds_aware_temporal_context.0.bias 	 torch.Size([64])
encoder.layers.1.self_attn.conv1Ds_aware_temporal_context.1.weight 	 torch.Size([64, 64, 1, 3])
encoder.layers.1.self_attn.conv1Ds_aware_temporal_context.1.bias 	 torch.Size([64])
encoder.layers.1.feed_forward_gcn.gcn.alpha 	 torch.Size([1])
encoder.layers.1.feed_forward_gcn.gcn.beta 	 torch.Size([3])
encoder.layers.1.feed_forward_gcn.gcn.Theta.weight 	 torch.Size([64, 64])
encoder.layers.1.sublayer.0.norm.weight 	 torch.Size([64])
encoder.layers.1.sublayer.0.norm.bias 	 torch.Size([64])
encoder.layers.1.sublayer.1.norm.weight 	 torch.Size([64])
encoder.layers.1.sublayer.1.norm.bias 	 torch.Size([64])
encoder.layers.2.self_attn.linears.0.weight 	 torch.Size([64, 64])
encoder.layers.2.self_attn.linears.0.bias 	 torch.Size([64])
encoder.layers.2.self_attn.linears.1.weight 	 torch.Size([64, 64])
encoder.layers.2.self_attn.linears.1.bias 	 torch.Size([64])
encoder.layers.2.self_attn.conv1Ds_aware_temporal_context.0.weight 	 torch.Size([64, 64, 1, 3])
encoder.layers.2.self_attn.conv1Ds_aware_temporal_context.0.bias 	 torch.Size([64])
encoder.layers.2.self_attn.conv1Ds_aware_temporal_context.1.weight 	 torch.Size([64, 64, 1, 3])
encoder.layers.2.self_attn.conv1Ds_aware_temporal_context.1.bias 	 torch.Size([64])
encoder.layers.2.feed_forward_gcn.gcn.alpha 	 torch.Size([1])
encoder.layers.2.feed_forward_gcn.gcn.beta 	 torch.Size([3])
encoder.layers.2.feed_forward_gcn.gcn.Theta.weight 	 torch.Size([64, 64])
encoder.layers.2.sublayer.0.norm.weight 	 torch.Size([64])
encoder.layers.2.sublayer.0.norm.bias 	 torch.Size([64])
encoder.layers.2.sublayer.1.norm.weight 	 torch.Size([64])
encoder.layers.2.sublayer.1.norm.bias 	 torch.Size([64])
encoder.layers.3.self_attn.linears.0.weight 	 torch.Size([64, 64])
encoder.layers.3.self_attn.linears.0.bias 	 torch.Size([64])
encoder.layers.3.self_attn.linears.1.weight 	 torch.Size([64, 64])
encoder.layers.3.self_attn.linears.1.bias 	 torch.Size([64])
encoder.layers.3.self_attn.conv1Ds_aware_temporal_context.0.weight 	 torch.Size([64, 64, 1, 3])
encoder.layers.3.self_attn.conv1Ds_aware_temporal_context.0.bias 	 torch.Size([64])
encoder.layers.3.self_attn.conv1Ds_aware_temporal_context.1.weight 	 torch.Size([64, 64, 1, 3])
encoder.layers.3.self_attn.conv1Ds_aware_temporal_context.1.bias 	 torch.Size([64])
encoder.layers.3.feed_forward_gcn.gcn.alpha 	 torch.Size([1])
encoder.layers.3.feed_forward_gcn.gcn.beta 	 torch.Size([3])
encoder.layers.3.feed_forward_gcn.gcn.Theta.weight 	 torch.Size([64, 64])
encoder.layers.3.sublayer.0.norm.weight 	 torch.Size([64])
encoder.layers.3.sublayer.0.norm.bias 	 torch.Size([64])
encoder.layers.3.sublayer.1.norm.weight 	 torch.Size([64])
encoder.layers.3.sublayer.1.norm.bias 	 torch.Size([64])
encoder.norm.weight 	 torch.Size([64])
encoder.norm.bias 	 torch.Size([64])
decoder.layers.0.self_attn.linears.0.weight 	 torch.Size([64, 64])
decoder.layers.0.self_attn.linears.0.bias 	 torch.Size([64])
decoder.layers.0.self_attn.linears.1.weight 	 torch.Size([64, 64])
decoder.layers.0.self_attn.linears.1.bias 	 torch.Size([64])
decoder.layers.0.self_attn.conv1Ds_aware_temporal_context.0.weight 	 torch.Size([64, 64, 1, 3])
decoder.layers.0.self_attn.conv1Ds_aware_temporal_context.0.bias 	 torch.Size([64])
decoder.layers.0.self_attn.conv1Ds_aware_temporal_context.1.weight 	 torch.Size([64, 64, 1, 3])
decoder.layers.0.self_attn.conv1Ds_aware_temporal_context.1.bias 	 torch.Size([64])
decoder.layers.0.src_attn.linears.0.weight 	 torch.Size([64, 64])
decoder.layers.0.src_attn.linears.0.bias 	 torch.Size([64])
decoder.layers.0.src_attn.linears.1.weight 	 torch.Size([64, 64])
decoder.layers.0.src_attn.linears.1.bias 	 torch.Size([64])
decoder.layers.0.src_attn.query_conv1Ds_aware_temporal_context.weight 	 torch.Size([64, 64, 1, 3])
decoder.layers.0.src_attn.query_conv1Ds_aware_temporal_context.bias 	 torch.Size([64])
decoder.layers.0.src_attn.key_conv1Ds_aware_temporal_context.weight 	 torch.Size([64, 64, 1, 3])
decoder.layers.0.src_attn.key_conv1Ds_aware_temporal_context.bias 	 torch.Size([64])
decoder.layers.0.feed_forward_gcn.gcn.alpha 	 torch.Size([1])
decoder.layers.0.feed_forward_gcn.gcn.beta 	 torch.Size([3])
decoder.layers.0.feed_forward_gcn.gcn.Theta.weight 	 torch.Size([64, 64])
decoder.layers.0.sublayer.0.norm.weight 	 torch.Size([64])
decoder.layers.0.sublayer.0.norm.bias 	 torch.Size([64])
decoder.layers.0.sublayer.1.norm.weight 	 torch.Size([64])
decoder.layers.0.sublayer.1.norm.bias 	 torch.Size([64])
decoder.layers.0.sublayer.2.norm.weight 	 torch.Size([64])
decoder.layers.0.sublayer.2.norm.bias 	 torch.Size([64])
decoder.layers.1.self_attn.linears.0.weight 	 torch.Size([64, 64])
decoder.layers.1.self_attn.linears.0.bias 	 torch.Size([64])
decoder.layers.1.self_attn.linears.1.weight 	 torch.Size([64, 64])
decoder.layers.1.self_attn.linears.1.bias 	 torch.Size([64])
decoder.layers.1.self_attn.conv1Ds_aware_temporal_context.0.weight 	 torch.Size([64, 64, 1, 3])
decoder.layers.1.self_attn.conv1Ds_aware_temporal_context.0.bias 	 torch.Size([64])
decoder.layers.1.self_attn.conv1Ds_aware_temporal_context.1.weight 	 torch.Size([64, 64, 1, 3])
decoder.layers.1.self_attn.conv1Ds_aware_temporal_context.1.bias 	 torch.Size([64])
decoder.layers.1.src_attn.linears.0.weight 	 torch.Size([64, 64])
decoder.layers.1.src_attn.linears.0.bias 	 torch.Size([64])
decoder.layers.1.src_attn.linears.1.weight 	 torch.Size([64, 64])
decoder.layers.1.src_attn.linears.1.bias 	 torch.Size([64])
decoder.layers.1.src_attn.query_conv1Ds_aware_temporal_context.weight 	 torch.Size([64, 64, 1, 3])
decoder.layers.1.src_attn.query_conv1Ds_aware_temporal_context.bias 	 torch.Size([64])
decoder.layers.1.src_attn.key_conv1Ds_aware_temporal_context.weight 	 torch.Size([64, 64, 1, 3])
decoder.layers.1.src_attn.key_conv1Ds_aware_temporal_context.bias 	 torch.Size([64])
decoder.layers.1.feed_forward_gcn.gcn.alpha 	 torch.Size([1])
decoder.layers.1.feed_forward_gcn.gcn.beta 	 torch.Size([3])
decoder.layers.1.feed_forward_gcn.gcn.Theta.weight 	 torch.Size([64, 64])
decoder.layers.1.sublayer.0.norm.weight 	 torch.Size([64])
decoder.layers.1.sublayer.0.norm.bias 	 torch.Size([64])
decoder.layers.1.sublayer.1.norm.weight 	 torch.Size([64])
decoder.layers.1.sublayer.1.norm.bias 	 torch.Size([64])
decoder.layers.1.sublayer.2.norm.weight 	 torch.Size([64])
decoder.layers.1.sublayer.2.norm.bias 	 torch.Size([64])
decoder.layers.2.self_attn.linears.0.weight 	 torch.Size([64, 64])
decoder.layers.2.self_attn.linears.0.bias 	 torch.Size([64])
decoder.layers.2.self_attn.linears.1.weight 	 torch.Size([64, 64])
decoder.layers.2.self_attn.linears.1.bias 	 torch.Size([64])
decoder.layers.2.self_attn.conv1Ds_aware_temporal_context.0.weight 	 torch.Size([64, 64, 1, 3])
decoder.layers.2.self_attn.conv1Ds_aware_temporal_context.0.bias 	 torch.Size([64])
decoder.layers.2.self_attn.conv1Ds_aware_temporal_context.1.weight 	 torch.Size([64, 64, 1, 3])
decoder.layers.2.self_attn.conv1Ds_aware_temporal_context.1.bias 	 torch.Size([64])
decoder.layers.2.src_attn.linears.0.weight 	 torch.Size([64, 64])
decoder.layers.2.src_attn.linears.0.bias 	 torch.Size([64])
decoder.layers.2.src_attn.linears.1.weight 	 torch.Size([64, 64])
decoder.layers.2.src_attn.linears.1.bias 	 torch.Size([64])
decoder.layers.2.src_attn.query_conv1Ds_aware_temporal_context.weight 	 torch.Size([64, 64, 1, 3])
decoder.layers.2.src_attn.query_conv1Ds_aware_temporal_context.bias 	 torch.Size([64])
decoder.layers.2.src_attn.key_conv1Ds_aware_temporal_context.weight 	 torch.Size([64, 64, 1, 3])
decoder.layers.2.src_attn.key_conv1Ds_aware_temporal_context.bias 	 torch.Size([64])
decoder.layers.2.feed_forward_gcn.gcn.alpha 	 torch.Size([1])
decoder.layers.2.feed_forward_gcn.gcn.beta 	 torch.Size([3])
decoder.layers.2.feed_forward_gcn.gcn.Theta.weight 	 torch.Size([64, 64])
decoder.layers.2.sublayer.0.norm.weight 	 torch.Size([64])
decoder.layers.2.sublayer.0.norm.bias 	 torch.Size([64])
decoder.layers.2.sublayer.1.norm.weight 	 torch.Size([64])
decoder.layers.2.sublayer.1.norm.bias 	 torch.Size([64])
decoder.layers.2.sublayer.2.norm.weight 	 torch.Size([64])
decoder.layers.2.sublayer.2.norm.bias 	 torch.Size([64])
decoder.layers.3.self_attn.linears.0.weight 	 torch.Size([64, 64])
decoder.layers.3.self_attn.linears.0.bias 	 torch.Size([64])
decoder.layers.3.self_attn.linears.1.weight 	 torch.Size([64, 64])
decoder.layers.3.self_attn.linears.1.bias 	 torch.Size([64])
decoder.layers.3.self_attn.conv1Ds_aware_temporal_context.0.weight 	 torch.Size([64, 64, 1, 3])
decoder.layers.3.self_attn.conv1Ds_aware_temporal_context.0.bias 	 torch.Size([64])
decoder.layers.3.self_attn.conv1Ds_aware_temporal_context.1.weight 	 torch.Size([64, 64, 1, 3])
decoder.layers.3.self_attn.conv1Ds_aware_temporal_context.1.bias 	 torch.Size([64])
decoder.layers.3.src_attn.linears.0.weight 	 torch.Size([64, 64])
decoder.layers.3.src_attn.linears.0.bias 	 torch.Size([64])
decoder.layers.3.src_attn.linears.1.weight 	 torch.Size([64, 64])
decoder.layers.3.src_attn.linears.1.bias 	 torch.Size([64])
decoder.layers.3.src_attn.query_conv1Ds_aware_temporal_context.weight 	 torch.Size([64, 64, 1, 3])
decoder.layers.3.src_attn.query_conv1Ds_aware_temporal_context.bias 	 torch.Size([64])
decoder.layers.3.src_attn.key_conv1Ds_aware_temporal_context.weight 	 torch.Size([64, 64, 1, 3])
decoder.layers.3.src_attn.key_conv1Ds_aware_temporal_context.bias 	 torch.Size([64])
decoder.layers.3.feed_forward_gcn.gcn.alpha 	 torch.Size([1])
decoder.layers.3.feed_forward_gcn.gcn.beta 	 torch.Size([3])
decoder.layers.3.feed_forward_gcn.gcn.Theta.weight 	 torch.Size([64, 64])
decoder.layers.3.sublayer.0.norm.weight 	 torch.Size([64])
decoder.layers.3.sublayer.0.norm.bias 	 torch.Size([64])
decoder.layers.3.sublayer.1.norm.weight 	 torch.Size([64])
decoder.layers.3.sublayer.1.norm.bias 	 torch.Size([64])
decoder.layers.3.sublayer.2.norm.weight 	 torch.Size([64])
decoder.layers.3.sublayer.2.norm.bias 	 torch.Size([64])
decoder.norm.weight 	 torch.Size([64])
decoder.norm.bias 	 torch.Size([64])
src_embed.0.weight 	 torch.Size([64, 1])
src_embed.0.bias 	 torch.Size([64])
src_embed.1.pe 	 torch.Size([1, 1, 2016, 64])
src_embed.2.embedding.weight 	 torch.Size([170, 64])
src_embed.2.gcn_smooth_layers.0.alpha 	 torch.Size([1])
src_embed.2.gcn_smooth_layers.0.beta 	 torch.Size([3])
src_embed.2.gcn_smooth_layers.0.Theta.weight 	 torch.Size([64, 64])
trg_embed.0.weight 	 torch.Size([64, 1])
trg_embed.0.bias 	 torch.Size([64])
trg_embed.1.pe 	 torch.Size([1, 1, 12, 64])
trg_embed.2.embedding.weight 	 torch.Size([170, 64])
trg_embed.2.gcn_smooth_layers.0.alpha 	 torch.Size([1])
trg_embed.2.gcn_smooth_layers.0.beta 	 torch.Size([3])
trg_embed.2.gcn_smooth_layers.0.Theta.weight 	 torch.Size([64, 64])
prediction_generator.weight 	 torch.Size([1, 64])
prediction_generator.bias 	 torch.Size([1])
Net's total params: 591977
Optimizer's state_dict:
state 	 {}
param_groups 	 [{'lr': 0.001, 'betas': (0.9, 0.999), 'eps': 1e-08, 'weight_decay': 0, 'amsgrad': False, 'params': [0, 1, 2, 3, 4, 5, 6, 7, 8, 9, 10, 11, 12, 13, 14, 15, 16, 17, 18, 19, 20, 21, 22, 23, 24, 25, 26, 27, 28, 29, 30, 31, 32, 33, 34, 35, 36, 37, 38, 39, 40, 41, 42, 43, 44, 45, 46, 47, 48, 49, 50, 51, 52, 53, 54, 55, 56, 57, 58, 59, 60, 61, 62, 63, 64, 65, 66, 67, 68, 69, 70, 71, 72, 73, 74, 75, 76, 77, 78, 79, 80, 81, 82, 83, 84, 85, 86, 87, 88, 89, 90, 91, 92, 93, 94, 95, 96, 97, 98, 99, 100, 101, 102, 103, 104, 105, 106, 107, 108, 109, 110, 111, 112, 113, 114, 115, 116, 117, 118, 119, 120, 121, 122, 123, 124, 125, 126, 127, 128, 129, 130, 131, 132, 133, 134, 135, 136, 137, 138, 139, 140, 141, 142, 143, 144, 145, 146, 147, 148, 149, 150, 151, 152, 153, 154, 155, 156, 157, 158, 159, 160, 161, 162, 163, 164, 165, 166, 167, 168, 169, 170, 171, 172, 173, 174, 175, 176, 177]}]
validation batch 1 / 25, loss: 1.08
validation cost time: 150.5543s
save parameters to file: ./experiments/PEMS08/MAE_ASTGNN_h1d1w1_layer4_head8_dm64_channel1_dir2_drop0.00_1.00e-03_B8_K5_TcontextScaledSAtSE1TE/epoch_0.params
epoch: 0, train time every whole data:285.75s
epoch: 0, total time:436.32s
validation batch 1 / 25, loss: 0.12
validation cost time: 149.9751s
save parameters to file: ./experiments/PEMS08/MAE_ASTGNN_h1d1w1_layer4_head8_dm64_channel1_dir2_drop0.00_1.00e-03_B8_K5_TcontextScaledSAtSE1TE/epoch_1.params
epoch: 1, train time every whole data:285.67s
epoch: 1, total time:871.98s
validation batch 1 / 25, loss: 0.04
validation cost time: 149.9756s
save parameters to file: ./experiments/PEMS08/MAE_ASTGNN_h1d1w1_layer4_head8_dm64_channel1_dir2_drop0.00_1.00e-03_B8_K5_TcontextScaledSAtSE1TE/epoch_2.params
epoch: 2, train time every whole data:285.73s
epoch: 2, total time:1307.70s
validation batch 1 / 25, loss: 0.07
validation cost time: 149.9691s
epoch: 3, train time every whole data:284.03s
epoch: 3, total time:1741.70s
validation batch 1 / 25, loss: 0.04
validation cost time: 149.9638s
epoch: 4, train time every whole data:283.16s
epoch: 4, total time:2174.83s
validation batch 1 / 25, loss: 0.04
validation cost time: 149.9744s
epoch: 5, train time every whole data:285.91s
epoch: 5, total time:2610.72s
validation batch 1 / 25, loss: 0.13
validation cost time: 149.9604s
epoch: 6, train time every whole data:285.97s
epoch: 6, total time:3046.65s
validation batch 1 / 25, loss: 0.04
validation cost time: 149.9692s
epoch: 7, train time every whole data:286.02s
epoch: 7, total time:3482.64s
validation batch 1 / 25, loss: 0.03
validation cost time: 149.9654s
save parameters to file: ./experiments/PEMS08/MAE_ASTGNN_h1d1w1_layer4_head8_dm64_channel1_dir2_drop0.00_1.00e-03_B8_K5_TcontextScaledSAtSE1TE/epoch_8.params
epoch: 8, train time every whole data:285.96s
epoch: 8, total time:3918.59s
validation batch 1 / 25, loss: 0.03
validation cost time: 149.9829s
save parameters to file: ./experiments/PEMS08/MAE_ASTGNN_h1d1w1_layer4_head8_dm64_channel1_dir2_drop0.00_1.00e-03_B8_K5_TcontextScaledSAtSE1TE/epoch_9.params
epoch: 9, train time every whole data:285.91s
epoch: 9, total time:4354.50s
validation batch 1 / 25, loss: 0.03
validation cost time: 149.9669s
epoch: 10, train time every whole data:285.94s
epoch: 10, total time:4790.41s
validation batch 1 / 25, loss: 0.03
validation cost time: 149.9706s
epoch: 11, train time every whole data:285.91s
epoch: 11, total time:5226.29s
validation batch 1 / 25, loss: 0.04
validation cost time: 149.9599s
epoch: 12, train time every whole data:285.89s
epoch: 12, total time:5662.15s
validation batch 1 / 25, loss: 0.02
validation cost time: 149.9627s
save parameters to file: ./experiments/PEMS08/MAE_ASTGNN_h1d1w1_layer4_head8_dm64_channel1_dir2_drop0.00_1.00e-03_B8_K5_TcontextScaledSAtSE1TE/epoch_13.params
epoch: 13, train time every whole data:285.80s
epoch: 13, total time:6097.92s
validation batch 1 / 25, loss: 0.03
validation cost time: 149.9585s
epoch: 14, train time every whole data:285.84s
epoch: 14, total time:6533.72s
validation batch 1 / 25, loss: 0.03
validation cost time: 149.9711s
epoch: 15, train time every whole data:285.79s
epoch: 15, total time:6969.49s
validation batch 1 / 25, loss: 0.02
validation cost time: 149.9791s
save parameters to file: ./experiments/PEMS08/MAE_ASTGNN_h1d1w1_layer4_head8_dm64_channel1_dir2_drop0.00_1.00e-03_B8_K5_TcontextScaledSAtSE1TE/epoch_16.params
epoch: 16, train time every whole data:285.87s
epoch: 16, total time:7405.35s
validation batch 1 / 25, loss: 0.04
validation cost time: 149.9925s
epoch: 17, train time every whole data:283.06s
epoch: 17, total time:7838.41s
validation batch 1 / 25, loss: 0.03
validation cost time: 149.9551s
epoch: 18, train time every whole data:283.04s
epoch: 18, total time:8271.40s
validation batch 1 / 25, loss: 0.02
validation cost time: 149.9534s
save parameters to file: ./experiments/PEMS08/MAE_ASTGNN_h1d1w1_layer4_head8_dm64_channel1_dir2_drop0.00_1.00e-03_B8_K5_TcontextScaledSAtSE1TE/epoch_19.params
epoch: 19, train time every whole data:285.57s
epoch: 19, total time:8706.94s
validation batch 1 / 25, loss: 0.02
validation cost time: 149.9587s
epoch: 20, train time every whole data:285.46s
epoch: 20, total time:9142.36s
validation batch 1 / 25, loss: 0.02
validation cost time: 149.9696s
epoch: 21, train time every whole data:285.43s
epoch: 21, total time:9577.77s
validation batch 1 / 25, loss: 0.02
validation cost time: 149.9677s
save parameters to file: ./experiments/PEMS08/MAE_ASTGNN_h1d1w1_layer4_head8_dm64_channel1_dir2_drop0.00_1.00e-03_B8_K5_TcontextScaledSAtSE1TE/epoch_22.params
epoch: 22, train time every whole data:285.61s
epoch: 22, total time:10013.36s
validation batch 1 / 25, loss: 0.03
validation cost time: 149.9650s
epoch: 23, train time every whole data:285.68s
epoch: 23, total time:10449.01s
validation batch 1 / 25, loss: 0.02
validation cost time: 149.9649s
epoch: 24, train time every whole data:285.57s
epoch: 24, total time:10884.55s
validation batch 1 / 25, loss: 0.02
validation cost time: 149.9694s
epoch: 25, train time every whole data:285.63s
epoch: 25, total time:11320.15s
validation batch 1 / 25, loss: 0.04
validation cost time: 149.9613s
epoch: 26, train time every whole data:285.71s
epoch: 26, total time:11755.82s
validation batch 1 / 25, loss: 0.02
validation cost time: 149.9655s
epoch: 27, train time every whole data:285.49s
epoch: 27, total time:12191.28s
validation batch 1 / 25, loss: 0.02
validation cost time: 149.9609s
epoch: 28, train time every whole data:285.60s
epoch: 28, total time:12626.84s
validation batch 1 / 25, loss: 0.03
validation cost time: 149.9864s
epoch: 29, train time every whole data:285.54s
epoch: 29, total time:13062.37s
validation batch 1 / 25, loss: 0.02
validation cost time: 149.9647s
epoch: 30, train time every whole data:285.76s
epoch: 30, total time:13498.09s
validation batch 1 / 25, loss: 0.02
validation cost time: 149.9737s
epoch: 31, train time every whole data:283.12s
epoch: 31, total time:13931.18s
validation batch 1 / 25, loss: 0.02
validation cost time: 149.9707s
epoch: 32, train time every whole data:284.07s
epoch: 32, total time:14365.23s
validation batch 1 / 25, loss: 0.04
validation cost time: 149.9644s
epoch: 33, train time every whole data:285.47s
epoch: 33, total time:14800.66s
validation batch 1 / 25, loss: 0.02
validation cost time: 149.9651s
save parameters to file: ./experiments/PEMS08/MAE_ASTGNN_h1d1w1_layer4_head8_dm64_channel1_dir2_drop0.00_1.00e-03_B8_K5_TcontextScaledSAtSE1TE/epoch_34.params
epoch: 34, train time every whole data:285.55s
epoch: 34, total time:15236.19s
validation batch 1 / 25, loss: 0.04
validation cost time: 149.9701s
epoch: 35, train time every whole data:285.51s
epoch: 35, total time:15671.68s
validation batch 1 / 25, loss: 0.02
validation cost time: 149.9683s
save parameters to file: ./experiments/PEMS08/MAE_ASTGNN_h1d1w1_layer4_head8_dm64_channel1_dir2_drop0.00_1.00e-03_B8_K5_TcontextScaledSAtSE1TE/epoch_36.params
epoch: 36, train time every whole data:285.67s
epoch: 36, total time:16107.33s
validation batch 1 / 25, loss: 0.02
validation cost time: 149.9656s
epoch: 37, train time every whole data:285.52s
epoch: 37, total time:16542.82s
validation batch 1 / 25, loss: 0.02
validation cost time: 149.9615s
epoch: 38, train time every whole data:285.41s
epoch: 38, total time:16978.19s
validation batch 1 / 25, loss: 0.02
validation cost time: 149.9700s
save parameters to file: ./experiments/PEMS08/MAE_ASTGNN_h1d1w1_layer4_head8_dm64_channel1_dir2_drop0.00_1.00e-03_B8_K5_TcontextScaledSAtSE1TE/epoch_39.params
epoch: 39, train time every whole data:285.87s
epoch: 39, total time:17414.04s
validation batch 1 / 25, loss: 0.02
validation cost time: 149.9686s
epoch: 40, train time every whole data:285.39s
epoch: 40, total time:17849.40s
validation batch 1 / 25, loss: 0.03
validation cost time: 149.9683s
epoch: 41, train time every whole data:285.60s
epoch: 41, total time:18284.97s
validation batch 1 / 25, loss: 0.02
validation cost time: 149.9682s
epoch: 42, train time every whole data:285.61s
epoch: 42, total time:18720.56s
validation batch 1 / 25, loss: 0.03
validation cost time: 150.0051s
epoch: 43, train time every whole data:285.53s
epoch: 43, total time:19156.09s
validation batch 1 / 25, loss: 0.02
validation cost time: 149.9580s
epoch: 44, train time every whole data:284.49s
epoch: 44, total time:19590.54s
validation batch 1 / 25, loss: 0.02
validation cost time: 149.9679s
epoch: 45, train time every whole data:283.04s
epoch: 45, total time:20023.56s
validation batch 1 / 25, loss: 0.02
validation cost time: 149.9559s
epoch: 46, train time every whole data:285.03s
epoch: 46, total time:20458.54s
validation batch 1 / 25, loss: 0.02
validation cost time: 149.9625s
epoch: 47, train time every whole data:285.45s
epoch: 47, total time:20893.96s
validation batch 1 / 25, loss: 0.02
validation cost time: 149.9635s
epoch: 48, train time every whole data:285.54s
epoch: 48, total time:21329.46s
validation batch 1 / 25, loss: 0.02
validation cost time: 149.9659s
epoch: 49, train time every whole data:285.64s
epoch: 49, total time:21765.07s
best epoch: 39
apply the best val model on the test data set ...
load weight from: ./experiments/PEMS08/MAE_ASTGNN_h1d1w1_layer4_head8_dm64_channel1_dir2_drop0.00_1.00e-03_B8_K5_TcontextScaledSAtSE1TE/epoch_39.params
predicting testing set batch 1 / 25, time: 6.06s
test time on whole data:150.03s
input: (3166, 170, 36, 1)
prediction: (3166, 170, 12, 1)
data_target_tensor: (3166, 170, 12)
current epoch: 39, predict 0 points
MAE: 11.28
RMSE: 19.16
MAPE: 7.82
current epoch: 39, predict 1 points
MAE: 11.92
RMSE: 20.48
MAPE: 8.57
current epoch: 39, predict 2 points
MAE: 12.27
RMSE: 21.24
MAPE: 8.87
current epoch: 39, predict 3 points
MAE: 12.57
RMSE: 21.87
MAPE: 9.23
current epoch: 39, predict 4 points
MAE: 12.88
RMSE: 22.36
MAPE: 9.70
current epoch: 39, predict 5 points
MAE: 13.15
RMSE: 22.86
MAPE: 10.06
current epoch: 39, predict 6 points
MAE: 13.39
RMSE: 23.27
MAPE: 10.24
current epoch: 39, predict 7 points
MAE: 13.61
RMSE: 23.66
MAPE: 10.45
current epoch: 39, predict 8 points
MAE: 13.81
RMSE: 23.98
MAPE: 10.56
current epoch: 39, predict 9 points
MAE: 14.00
RMSE: 24.27
MAPE: 10.87
current epoch: 39, predict 10 points
MAE: 14.25
RMSE: 24.59
MAPE: 11.16
current epoch: 39, predict 11 points
MAE: 14.71
RMSE: 25.20
MAPE: 11.65
all MAE: 13.15
all RMSE: 22.81
all MAPE: 9.93
[11.278801, 19.164490064788037, 7.815442979335785, 11.915116, 20.484344459121015, 8.567535132169724, 12.2725725, 21.237295145053782, 8.870785683393478, 12.571933, 21.865413636072894, 9.231850504875183, 12.875159, 22.36093567120564, 9.697668999433517, 13.149094, 22.86134673015582, 10.062261670827866, 13.385979, 23.268939436090953, 10.24269089102745, 13.606351, 23.657956665236725, 10.452620685100555, 13.805397, 23.981956056764712, 10.561273247003555, 13.99774, 24.27444327253266, 10.868549346923828, 14.2450695, 24.59425006440466, 11.158779263496399, 14.712802, 25.20043552567284, 11.650960892438889, 13.151335, 22.811037784901824, 9.93170291185379]
fine tune the model ... 
epoch: 50, train time every whole data:729.21s
epoch: 50, total time:22645.88s
validation batch 1 / 25, loss: 0.02
validation cost time: 150.0221s
save parameters to file: ./experiments/PEMS08/MAE_ASTGNN_h1d1w1_layer4_head8_dm64_channel1_dir2_drop0.00_1.00e-03_B8_K5_TcontextScaledSAtSE1TE/epoch_50.params
epoch: 51, train time every whole data:728.26s
epoch: 51, total time:23524.18s
validation batch 1 / 25, loss: 0.02
validation cost time: 149.9700s
epoch: 52, train time every whole data:728.94s
epoch: 52, total time:24403.09s
validation batch 1 / 25, loss: 0.02
validation cost time: 150.0107s
epoch: 53, train time every whole data:728.55s
epoch: 53, total time:25281.65s
validation batch 1 / 25, loss: 0.02
validation cost time: 149.9838s
epoch: 54, train time every whole data:723.07s
epoch: 54, total time:26154.72s
validation batch 1 / 25, loss: 0.02
validation cost time: 149.9674s
epoch: 55, train time every whole data:728.50s
epoch: 55, total time:27033.19s
validation batch 1 / 25, loss: 0.02
validation cost time: 150.0056s
epoch: 56, train time every whole data:728.42s
epoch: 56, total time:27911.62s
validation batch 1 / 25, loss: 0.02
validation cost time: 149.9682s
epoch: 57, train time every whole data:728.34s
epoch: 57, total time:28789.93s
validation batch 1 / 25, loss: 0.02
validation cost time: 149.9699s
epoch: 58, train time every whole data:728.24s
epoch: 58, total time:29668.14s
validation batch 1 / 25, loss: 0.02
validation cost time: 150.0545s
epoch: 59, train time every whole data:728.69s
epoch: 59, total time:30546.88s
validation batch 1 / 25, loss: 0.02
validation cost time: 149.9651s
epoch: 60, train time every whole data:729.10s
epoch: 60, total time:31425.95s
validation batch 1 / 25, loss: 0.02
validation cost time: 149.9951s
epoch: 61, train time every whole data:723.59s
epoch: 61, total time:32299.54s
validation batch 1 / 25, loss: 0.02
validation cost time: 149.9659s
epoch: 62, train time every whole data:729.00s
epoch: 62, total time:33178.50s
validation batch 1 / 25, loss: 0.02
validation cost time: 149.9692s
epoch: 63, train time every whole data:728.43s
epoch: 63, total time:34056.90s
validation batch 1 / 25, loss: 0.02
validation cost time: 149.9684s
epoch: 64, train time every whole data:729.05s
epoch: 64, total time:34935.93s
validation batch 1 / 25, loss: 0.02
validation cost time: 149.9847s
epoch: 65, train time every whole data:728.91s
epoch: 65, total time:35814.82s
validation batch 1 / 25, loss: 0.02
validation cost time: 149.9603s
epoch: 66, train time every whole data:728.79s
epoch: 66, total time:36693.57s
validation batch 1 / 25, loss: 0.02
validation cost time: 149.9620s
epoch: 67, train time every whole data:728.03s
epoch: 67, total time:37571.57s
validation batch 1 / 25, loss: 0.02
validation cost time: 149.9593s
epoch: 68, train time every whole data:724.60s
epoch: 68, total time:38446.13s
validation batch 1 / 25, loss: 0.02
validation cost time: 149.9651s
epoch: 69, train time every whole data:728.36s
epoch: 69, total time:39324.46s
validation batch 1 / 25, loss: 0.02
validation cost time: 149.9519s
epoch: 70, train time every whole data:728.89s
epoch: 70, total time:40203.30s
validation batch 1 / 25, loss: 0.02
validation cost time: 149.9626s
epoch: 71, train time every whole data:729.41s
epoch: 71, total time:41082.67s
validation batch 1 / 25, loss: 0.02
validation cost time: 149.9479s
epoch: 72, train time every whole data:729.02s
epoch: 72, total time:41961.64s
validation batch 1 / 25, loss: 0.02
validation cost time: 149.9618s
epoch: 73, train time every whole data:728.86s
epoch: 73, total time:42840.47s
validation batch 1 / 25, loss: 0.02
validation cost time: 149.9628s
epoch: 74, train time every whole data:726.75s
epoch: 74, total time:43717.18s
validation batch 1 / 25, loss: 0.02
validation cost time: 149.9621s
best epoch: 50
apply the best val model on the test data set ...
load weight from: ./experiments/PEMS08/MAE_ASTGNN_h1d1w1_layer4_head8_dm64_channel1_dir2_drop0.00_1.00e-03_B8_K5_TcontextScaledSAtSE1TE/epoch_50.params
predicting testing set batch 1 / 25, time: 6.06s
test time on whole data:150.02s
input: (3166, 170, 36, 1)
prediction: (3166, 170, 12, 1)
data_target_tensor: (3166, 170, 12)
current epoch: 50, predict 0 points
MAE: 11.13
RMSE: 19.08
MAPE: 7.56
current epoch: 50, predict 1 points
MAE: 11.67
RMSE: 20.33
MAPE: 7.97
current epoch: 50, predict 2 points
MAE: 12.00
RMSE: 21.07
MAPE: 8.18
current epoch: 50, predict 3 points
MAE: 12.24
RMSE: 21.66
MAPE: 8.34
current epoch: 50, predict 4 points
MAE: 12.42
RMSE: 22.09
MAPE: 8.47
current epoch: 50, predict 5 points
MAE: 12.60
RMSE: 22.52
MAPE: 8.60
current epoch: 50, predict 6 points
MAE: 12.78
RMSE: 22.88
MAPE: 8.72
current epoch: 50, predict 7 points
MAE: 12.93
RMSE: 23.23
MAPE: 8.83
current epoch: 50, predict 8 points
MAE: 13.08
RMSE: 23.52
MAPE: 8.92
current epoch: 50, predict 9 points
MAE: 13.21
RMSE: 23.77
MAPE: 9.02
current epoch: 50, predict 10 points
MAE: 13.36
RMSE: 24.04
MAPE: 9.10
current epoch: 50, predict 11 points
MAE: 13.62
RMSE: 24.47
MAPE: 9.26
all MAE: 12.59
all RMSE: 22.44
all MAPE: 8.58
[11.134819, 19.07919191068751, 7.556407153606415, 11.67215, 20.32518984622668, 7.974855601787567, 12.002644, 21.067071526093674, 8.175045251846313, 12.243037, 21.655088099016634, 8.339755237102509, 12.424586, 22.087471206033158, 8.467357605695724, 12.600436, 22.520246424571766, 8.597876876592636, 12.778933, 22.88272181187219, 8.719497919082642, 12.932421, 23.2292111885317, 8.83386880159378, 13.078082, 23.519912399855468, 8.91643539071083, 13.2077265, 23.773501684106588, 9.01731252670288, 13.362968, 24.044379845370052, 9.103095531463623, 13.617219, 24.470252837389754, 9.25992727279663, 12.587912, 22.441439906959097, 8.58011543750763]
