Fri Nov 12 11:08:08 2021       
+-----------------------------------------------------------------------------+
| NVIDIA-SMI 418.165.02   Driver Version: 418.165.02   CUDA Version: 10.1     |
|-------------------------------+----------------------+----------------------+
| GPU  Name        Persistence-M| Bus-Id        Disp.A | Volatile Uncorr. ECC |
| Fan  Temp  Perf  Pwr:Usage/Cap|         Memory-Usage | GPU-Util  Compute M. |
|===============================+======================+======================|
|   0  Tesla V100-PCIE...  Off  | 00000000:5A:00.0 Off |                    0 |
| N/A   58C    P0   135W / 250W |  13570MiB / 32480MiB |     90%      Default |
+-------------------------------+----------------------+----------------------+
|   1  Tesla V100-PCIE...  Off  | 00000000:5E:00.0 Off |                    0 |
| N/A   52C    P0   137W / 250W |  13570MiB / 32480MiB |     91%      Default |
+-------------------------------+----------------------+----------------------+
|   2  Tesla V100-PCIE...  Off  | 00000000:62:00.0 Off |                    0 |
| N/A   55C    P0   131W / 250W |  13570MiB / 32480MiB |     99%      Default |
+-------------------------------+----------------------+----------------------+
|   3  Tesla V100-PCIE...  Off  | 00000000:66:00.0 Off |                    0 |
| N/A   65C    P0    57W / 250W |   7149MiB / 32480MiB |    100%      Default |
+-------------------------------+----------------------+----------------------+
|   4  Tesla V100-PCIE...  Off  | 00000000:B5:00.0 Off |                    0 |
| N/A   49C    P0   138W / 250W |  13570MiB / 32480MiB |     91%      Default |
+-------------------------------+----------------------+----------------------+
|   5  Tesla V100-PCIE...  Off  | 00000000:B9:00.0 Off |                    0 |
| N/A   58C    P0   189W / 250W |  13570MiB / 32480MiB |    100%      Default |
+-------------------------------+----------------------+----------------------+
|   6  Tesla V100-PCIE...  Off  | 00000000:BD:00.0 Off |                    0 |
| N/A   26C    P0    23W / 250W |     11MiB / 32480MiB |      0%      Default |
+-------------------------------+----------------------+----------------------+
|   7  Tesla V100-PCIE...  Off  | 00000000:C1:00.0 Off |                    0 |
| N/A   24C    P0    22W / 250W |     11MiB / 32480MiB |      0%      Default |
+-------------------------------+----------------------+----------------------+
                                                                               
+-----------------------------------------------------------------------------+
| Processes:                                                       GPU Memory |
|  GPU       PID   Type   Process name                             Usage      |
|=============================================================================|
|    0     56174      C   python                                     13559MiB |
|    1     55410      C   python                                     13559MiB |
|    2     54369      C   python                                     13559MiB |
|    3     16900      C   python                                      7137MiB |
|    4     35353      C   python                                     13559MiB |
|    5     43774      C   python                                     13559MiB |
+-----------------------------------------------------------------------------+
CUDA: True cuda:0
Read configuration file: /data/home/u18112042/CorrSTN-nA/configurations/PEMS08_rdw.conf
total training epoch, fine tune epoch: 50 , 25
batch_size: 8
attention_top_k: 5
folder_dir: MAE_ASTGNN_h1d1w1_layer4_head8_dm64_channel1_dir2_drop0.00_1.00e-03_B8_K5_TcontextScaledSAtSE1TE
load file: /data/home/u18112042/CorrSTN-nA/data/PEMS08/PEMS08_r1_d1_w1.npz
ori length: 9497 , percent: 1.0 , scale: 9497
train: torch.Size([9497, 170, 1, 36]) torch.Size([9497, 170, 12]) torch.Size([9497, 170, 12])
val: torch.Size([3166, 170, 1, 36]) torch.Size([3166, 170, 12]) torch.Size([3166, 170, 12])
test: torch.Size([3166, 170, 1, 36]) torch.Size([3166, 170, 12]) torch.Size([3166, 170, 12])
TemporalPositionalEncoding max_len: 2016
w_index: [0, 1, 2, 3, 4, 5, 6, 7, 8, 9, 10, 11]
d_index: [1728, 1729, 1730, 1731, 1732, 1733, 1734, 1735, 1736, 1737, 1738, 1739]
h_index: [2004, 2005, 2006, 2007, 2008, 2009, 2010, 2011, 2012, 2013, 2014, 2015]
en_lookup_index: [0, 1, 2, 3, 4, 5, 6, 7, 8, 9, 10, 11, 1728, 1729, 1730, 1731, 1732, 1733, 1734, 1735, 1736, 1737, 1738, 1739, 2004, 2005, 2006, 2007, 2008, 2009, 2010, 2011, 2012, 2013, 2014, 2015]
EncoderDecoder(
  (encoder): Encoder(
    (layers): ModuleList(
      (0): EncoderLayer(
        (self_attn): MultiHeadAttentionAwareTemporalContex_q1d_k1d(
          (linears): ModuleList(
            (0): Linear(in_features=64, out_features=64, bias=True)
            (1): Linear(in_features=64, out_features=64, bias=True)
          )
          (conv1Ds_aware_temporal_context): ModuleList(
            (0): Conv2d(64, 64, kernel_size=(1, 3), stride=(1, 1), padding=(0, 1))
            (1): Conv2d(64, 64, kernel_size=(1, 3), stride=(1, 1), padding=(0, 1))
          )
          (dropout): Dropout(p=0.0, inplace=False)
          (attn_ic): Attention_IC(
            (DAT): DynamicAttentionLayer(
              (dropout): Dropout(p=0.0, inplace=False)
            )
          )
        )
        (feed_forward_gcn): PositionWiseGCNFeedForward(
          (gcn): spatialAttentionScaledGCN(
            (Theta): Linear(in_features=64, out_features=64, bias=False)
            (SAt): Spatial_Attention_layer(
              (dropout): Dropout(p=0.0, inplace=False)
            )
          )
          (dropout): Dropout(p=0.0, inplace=False)
        )
        (sublayer): ModuleList(
          (0): SublayerConnection(
            (dropout): Dropout(p=0.0, inplace=False)
            (norm): LayerNorm((64,), eps=1e-05, elementwise_affine=True)
          )
          (1): SublayerConnection(
            (dropout): Dropout(p=0.0, inplace=False)
            (norm): LayerNorm((64,), eps=1e-05, elementwise_affine=True)
          )
        )
      )
      (1): EncoderLayer(
        (self_attn): MultiHeadAttentionAwareTemporalContex_q1d_k1d(
          (linears): ModuleList(
            (0): Linear(in_features=64, out_features=64, bias=True)
            (1): Linear(in_features=64, out_features=64, bias=True)
          )
          (conv1Ds_aware_temporal_context): ModuleList(
            (0): Conv2d(64, 64, kernel_size=(1, 3), stride=(1, 1), padding=(0, 1))
            (1): Conv2d(64, 64, kernel_size=(1, 3), stride=(1, 1), padding=(0, 1))
          )
          (dropout): Dropout(p=0.0, inplace=False)
          (attn_ic): Attention_IC(
            (DAT): DynamicAttentionLayer(
              (dropout): Dropout(p=0.0, inplace=False)
            )
          )
        )
        (feed_forward_gcn): PositionWiseGCNFeedForward(
          (gcn): spatialAttentionScaledGCN(
            (Theta): Linear(in_features=64, out_features=64, bias=False)
            (SAt): Spatial_Attention_layer(
              (dropout): Dropout(p=0.0, inplace=False)
            )
          )
          (dropout): Dropout(p=0.0, inplace=False)
        )
        (sublayer): ModuleList(
          (0): SublayerConnection(
            (dropout): Dropout(p=0.0, inplace=False)
            (norm): LayerNorm((64,), eps=1e-05, elementwise_affine=True)
          )
          (1): SublayerConnection(
            (dropout): Dropout(p=0.0, inplace=False)
            (norm): LayerNorm((64,), eps=1e-05, elementwise_affine=True)
          )
        )
      )
      (2): EncoderLayer(
        (self_attn): MultiHeadAttentionAwareTemporalContex_q1d_k1d(
          (linears): ModuleList(
            (0): Linear(in_features=64, out_features=64, bias=True)
            (1): Linear(in_features=64, out_features=64, bias=True)
          )
          (conv1Ds_aware_temporal_context): ModuleList(
            (0): Conv2d(64, 64, kernel_size=(1, 3), stride=(1, 1), padding=(0, 1))
            (1): Conv2d(64, 64, kernel_size=(1, 3), stride=(1, 1), padding=(0, 1))
          )
          (dropout): Dropout(p=0.0, inplace=False)
          (attn_ic): Attention_IC(
            (DAT): DynamicAttentionLayer(
              (dropout): Dropout(p=0.0, inplace=False)
            )
          )
        )
        (feed_forward_gcn): PositionWiseGCNFeedForward(
          (gcn): spatialAttentionScaledGCN(
            (Theta): Linear(in_features=64, out_features=64, bias=False)
            (SAt): Spatial_Attention_layer(
              (dropout): Dropout(p=0.0, inplace=False)
            )
          )
          (dropout): Dropout(p=0.0, inplace=False)
        )
        (sublayer): ModuleList(
          (0): SublayerConnection(
            (dropout): Dropout(p=0.0, inplace=False)
            (norm): LayerNorm((64,), eps=1e-05, elementwise_affine=True)
          )
          (1): SublayerConnection(
            (dropout): Dropout(p=0.0, inplace=False)
            (norm): LayerNorm((64,), eps=1e-05, elementwise_affine=True)
          )
        )
      )
      (3): EncoderLayer(
        (self_attn): MultiHeadAttentionAwareTemporalContex_q1d_k1d(
          (linears): ModuleList(
            (0): Linear(in_features=64, out_features=64, bias=True)
            (1): Linear(in_features=64, out_features=64, bias=True)
          )
          (conv1Ds_aware_temporal_context): ModuleList(
            (0): Conv2d(64, 64, kernel_size=(1, 3), stride=(1, 1), padding=(0, 1))
            (1): Conv2d(64, 64, kernel_size=(1, 3), stride=(1, 1), padding=(0, 1))
          )
          (dropout): Dropout(p=0.0, inplace=False)
          (attn_ic): Attention_IC(
            (DAT): DynamicAttentionLayer(
              (dropout): Dropout(p=0.0, inplace=False)
            )
          )
        )
        (feed_forward_gcn): PositionWiseGCNFeedForward(
          (gcn): spatialAttentionScaledGCN(
            (Theta): Linear(in_features=64, out_features=64, bias=False)
            (SAt): Spatial_Attention_layer(
              (dropout): Dropout(p=0.0, inplace=False)
            )
          )
          (dropout): Dropout(p=0.0, inplace=False)
        )
        (sublayer): ModuleList(
          (0): SublayerConnection(
            (dropout): Dropout(p=0.0, inplace=False)
            (norm): LayerNorm((64,), eps=1e-05, elementwise_affine=True)
          )
          (1): SublayerConnection(
            (dropout): Dropout(p=0.0, inplace=False)
            (norm): LayerNorm((64,), eps=1e-05, elementwise_affine=True)
          )
        )
      )
    )
    (norm): LayerNorm((64,), eps=1e-05, elementwise_affine=True)
  )
  (decoder): Decoder(
    (layers): ModuleList(
      (0): DecoderLayer(
        (self_attn): MultiHeadAttentionAwareTemporalContex_qc_kc(
          (linears): ModuleList(
            (0): Linear(in_features=64, out_features=64, bias=True)
            (1): Linear(in_features=64, out_features=64, bias=True)
          )
          (conv1Ds_aware_temporal_context): ModuleList(
            (0): Conv2d(64, 64, kernel_size=(1, 3), stride=(1, 1), padding=(0, 2))
            (1): Conv2d(64, 64, kernel_size=(1, 3), stride=(1, 1), padding=(0, 2))
          )
          (dropout): Dropout(p=0.0, inplace=False)
          (attn_ic): Attention_IC(
            (DAT): DynamicAttentionLayer(
              (dropout): Dropout(p=0.0, inplace=False)
            )
          )
        )
        (src_attn): MultiHeadAttentionAwareTemporalContex_qc_k1d(
          (linears): ModuleList(
            (0): Linear(in_features=64, out_features=64, bias=True)
            (1): Linear(in_features=64, out_features=64, bias=True)
          )
          (query_conv1Ds_aware_temporal_context): Conv2d(64, 64, kernel_size=(1, 3), stride=(1, 1), padding=(0, 2))
          (key_conv1Ds_aware_temporal_context): Conv2d(64, 64, kernel_size=(1, 3), stride=(1, 1), padding=(0, 1))
          (dropout): Dropout(p=0.0, inplace=False)
          (attn_ic): Attention_IC(
            (DAT): DynamicAttentionLayer(
              (dropout): Dropout(p=0.0, inplace=False)
            )
          )
        )
        (feed_forward_gcn): PositionWiseGCNFeedForward(
          (gcn): spatialAttentionScaledGCN(
            (Theta): Linear(in_features=64, out_features=64, bias=False)
            (SAt): Spatial_Attention_layer(
              (dropout): Dropout(p=0.0, inplace=False)
            )
          )
          (dropout): Dropout(p=0.0, inplace=False)
        )
        (sublayer): ModuleList(
          (0): SublayerConnection(
            (dropout): Dropout(p=0.0, inplace=False)
            (norm): LayerNorm((64,), eps=1e-05, elementwise_affine=True)
          )
          (1): SublayerConnection(
            (dropout): Dropout(p=0.0, inplace=False)
            (norm): LayerNorm((64,), eps=1e-05, elementwise_affine=True)
          )
          (2): SublayerConnection(
            (dropout): Dropout(p=0.0, inplace=False)
            (norm): LayerNorm((64,), eps=1e-05, elementwise_affine=True)
          )
        )
      )
      (1): DecoderLayer(
        (self_attn): MultiHeadAttentionAwareTemporalContex_qc_kc(
          (linears): ModuleList(
            (0): Linear(in_features=64, out_features=64, bias=True)
            (1): Linear(in_features=64, out_features=64, bias=True)
          )
          (conv1Ds_aware_temporal_context): ModuleList(
            (0): Conv2d(64, 64, kernel_size=(1, 3), stride=(1, 1), padding=(0, 2))
            (1): Conv2d(64, 64, kernel_size=(1, 3), stride=(1, 1), padding=(0, 2))
          )
          (dropout): Dropout(p=0.0, inplace=False)
          (attn_ic): Attention_IC(
            (DAT): DynamicAttentionLayer(
              (dropout): Dropout(p=0.0, inplace=False)
            )
          )
        )
        (src_attn): MultiHeadAttentionAwareTemporalContex_qc_k1d(
          (linears): ModuleList(
            (0): Linear(in_features=64, out_features=64, bias=True)
            (1): Linear(in_features=64, out_features=64, bias=True)
          )
          (query_conv1Ds_aware_temporal_context): Conv2d(64, 64, kernel_size=(1, 3), stride=(1, 1), padding=(0, 2))
          (key_conv1Ds_aware_temporal_context): Conv2d(64, 64, kernel_size=(1, 3), stride=(1, 1), padding=(0, 1))
          (dropout): Dropout(p=0.0, inplace=False)
          (attn_ic): Attention_IC(
            (DAT): DynamicAttentionLayer(
              (dropout): Dropout(p=0.0, inplace=False)
            )
          )
        )
        (feed_forward_gcn): PositionWiseGCNFeedForward(
          (gcn): spatialAttentionScaledGCN(
            (Theta): Linear(in_features=64, out_features=64, bias=False)
            (SAt): Spatial_Attention_layer(
              (dropout): Dropout(p=0.0, inplace=False)
            )
          )
          (dropout): Dropout(p=0.0, inplace=False)
        )
        (sublayer): ModuleList(
          (0): SublayerConnection(
            (dropout): Dropout(p=0.0, inplace=False)
            (norm): LayerNorm((64,), eps=1e-05, elementwise_affine=True)
          )
          (1): SublayerConnection(
            (dropout): Dropout(p=0.0, inplace=False)
            (norm): LayerNorm((64,), eps=1e-05, elementwise_affine=True)
          )
          (2): SublayerConnection(
            (dropout): Dropout(p=0.0, inplace=False)
            (norm): LayerNorm((64,), eps=1e-05, elementwise_affine=True)
          )
        )
      )
      (2): DecoderLayer(
        (self_attn): MultiHeadAttentionAwareTemporalContex_qc_kc(
          (linears): ModuleList(
            (0): Linear(in_features=64, out_features=64, bias=True)
            (1): Linear(in_features=64, out_features=64, bias=True)
          )
          (conv1Ds_aware_temporal_context): ModuleList(
            (0): Conv2d(64, 64, kernel_size=(1, 3), stride=(1, 1), padding=(0, 2))
            (1): Conv2d(64, 64, kernel_size=(1, 3), stride=(1, 1), padding=(0, 2))
          )
          (dropout): Dropout(p=0.0, inplace=False)
          (attn_ic): Attention_IC(
            (DAT): DynamicAttentionLayer(
              (dropout): Dropout(p=0.0, inplace=False)
            )
          )
        )
        (src_attn): MultiHeadAttentionAwareTemporalContex_qc_k1d(
          (linears): ModuleList(
            (0): Linear(in_features=64, out_features=64, bias=True)
            (1): Linear(in_features=64, out_features=64, bias=True)
          )
          (query_conv1Ds_aware_temporal_context): Conv2d(64, 64, kernel_size=(1, 3), stride=(1, 1), padding=(0, 2))
          (key_conv1Ds_aware_temporal_context): Conv2d(64, 64, kernel_size=(1, 3), stride=(1, 1), padding=(0, 1))
          (dropout): Dropout(p=0.0, inplace=False)
          (attn_ic): Attention_IC(
            (DAT): DynamicAttentionLayer(
              (dropout): Dropout(p=0.0, inplace=False)
            )
          )
        )
        (feed_forward_gcn): PositionWiseGCNFeedForward(
          (gcn): spatialAttentionScaledGCN(
            (Theta): Linear(in_features=64, out_features=64, bias=False)
            (SAt): Spatial_Attention_layer(
              (dropout): Dropout(p=0.0, inplace=False)
            )
          )
          (dropout): Dropout(p=0.0, inplace=False)
        )
        (sublayer): ModuleList(
          (0): SublayerConnection(
            (dropout): Dropout(p=0.0, inplace=False)
            (norm): LayerNorm((64,), eps=1e-05, elementwise_affine=True)
          )
          (1): SublayerConnection(
            (dropout): Dropout(p=0.0, inplace=False)
            (norm): LayerNorm((64,), eps=1e-05, elementwise_affine=True)
          )
          (2): SublayerConnection(
            (dropout): Dropout(p=0.0, inplace=False)
            (norm): LayerNorm((64,), eps=1e-05, elementwise_affine=True)
          )
        )
      )
      (3): DecoderLayer(
        (self_attn): MultiHeadAttentionAwareTemporalContex_qc_kc(
          (linears): ModuleList(
            (0): Linear(in_features=64, out_features=64, bias=True)
            (1): Linear(in_features=64, out_features=64, bias=True)
          )
          (conv1Ds_aware_temporal_context): ModuleList(
            (0): Conv2d(64, 64, kernel_size=(1, 3), stride=(1, 1), padding=(0, 2))
            (1): Conv2d(64, 64, kernel_size=(1, 3), stride=(1, 1), padding=(0, 2))
          )
          (dropout): Dropout(p=0.0, inplace=False)
          (attn_ic): Attention_IC(
            (DAT): DynamicAttentionLayer(
              (dropout): Dropout(p=0.0, inplace=False)
            )
          )
        )
        (src_attn): MultiHeadAttentionAwareTemporalContex_qc_k1d(
          (linears): ModuleList(
            (0): Linear(in_features=64, out_features=64, bias=True)
            (1): Linear(in_features=64, out_features=64, bias=True)
          )
          (query_conv1Ds_aware_temporal_context): Conv2d(64, 64, kernel_size=(1, 3), stride=(1, 1), padding=(0, 2))
          (key_conv1Ds_aware_temporal_context): Conv2d(64, 64, kernel_size=(1, 3), stride=(1, 1), padding=(0, 1))
          (dropout): Dropout(p=0.0, inplace=False)
          (attn_ic): Attention_IC(
            (DAT): DynamicAttentionLayer(
              (dropout): Dropout(p=0.0, inplace=False)
            )
          )
        )
        (feed_forward_gcn): PositionWiseGCNFeedForward(
          (gcn): spatialAttentionScaledGCN(
            (Theta): Linear(in_features=64, out_features=64, bias=False)
            (SAt): Spatial_Attention_layer(
              (dropout): Dropout(p=0.0, inplace=False)
            )
          )
          (dropout): Dropout(p=0.0, inplace=False)
        )
        (sublayer): ModuleList(
          (0): SublayerConnection(
            (dropout): Dropout(p=0.0, inplace=False)
            (norm): LayerNorm((64,), eps=1e-05, elementwise_affine=True)
          )
          (1): SublayerConnection(
            (dropout): Dropout(p=0.0, inplace=False)
            (norm): LayerNorm((64,), eps=1e-05, elementwise_affine=True)
          )
          (2): SublayerConnection(
            (dropout): Dropout(p=0.0, inplace=False)
            (norm): LayerNorm((64,), eps=1e-05, elementwise_affine=True)
          )
        )
      )
    )
    (norm): LayerNorm((64,), eps=1e-05, elementwise_affine=True)
  )
  (src_embed): Sequential(
    (0): Linear(in_features=1, out_features=64, bias=True)
    (1): TemporalPositionalEncoding(
      (dropout): Dropout(p=0.0, inplace=False)
    )
    (2): SpatialPositionalEncoding(
      (dropout): Dropout(p=0.0, inplace=False)
      (embedding): Embedding(170, 64)
      (gcn_smooth_layers): ModuleList(
        (0): GCN(
          (Theta): Linear(in_features=64, out_features=64, bias=False)
        )
      )
    )
  )
  (trg_embed): Sequential(
    (0): Linear(in_features=1, out_features=64, bias=True)
    (1): TemporalPositionalEncoding(
      (dropout): Dropout(p=0.0, inplace=False)
    )
    (2): SpatialPositionalEncoding(
      (dropout): Dropout(p=0.0, inplace=False)
      (embedding): Embedding(170, 64)
      (gcn_smooth_layers): ModuleList(
        (0): GCN(
          (Theta): Linear(in_features=64, out_features=64, bias=False)
        )
      )
    )
  )
  (prediction_generator): Linear(in_features=64, out_features=1, bias=True)
)
create params directory ./experiments/PEMS08/MAE_ASTGNN_h1d1w1_layer4_head8_dm64_channel1_dir2_drop0.00_1.00e-03_B8_K5_TcontextScaledSAtSE1TE
Net's state_dict:
encoder.layers.0.self_attn.linears.0.weight 	 torch.Size([64, 64])
encoder.layers.0.self_attn.linears.0.bias 	 torch.Size([64])
encoder.layers.0.self_attn.linears.1.weight 	 torch.Size([64, 64])
encoder.layers.0.self_attn.linears.1.bias 	 torch.Size([64])
encoder.layers.0.self_attn.conv1Ds_aware_temporal_context.0.weight 	 torch.Size([64, 64, 1, 3])
encoder.layers.0.self_attn.conv1Ds_aware_temporal_context.0.bias 	 torch.Size([64])
encoder.layers.0.self_attn.conv1Ds_aware_temporal_context.1.weight 	 torch.Size([64, 64, 1, 3])
encoder.layers.0.self_attn.conv1Ds_aware_temporal_context.1.bias 	 torch.Size([64])
encoder.layers.0.feed_forward_gcn.gcn.alpha 	 torch.Size([1])
encoder.layers.0.feed_forward_gcn.gcn.beta 	 torch.Size([3])
encoder.layers.0.feed_forward_gcn.gcn.Theta.weight 	 torch.Size([64, 64])
encoder.layers.0.sublayer.0.norm.weight 	 torch.Size([64])
encoder.layers.0.sublayer.0.norm.bias 	 torch.Size([64])
encoder.layers.0.sublayer.1.norm.weight 	 torch.Size([64])
encoder.layers.0.sublayer.1.norm.bias 	 torch.Size([64])
encoder.layers.1.self_attn.linears.0.weight 	 torch.Size([64, 64])
encoder.layers.1.self_attn.linears.0.bias 	 torch.Size([64])
encoder.layers.1.self_attn.linears.1.weight 	 torch.Size([64, 64])
encoder.layers.1.self_attn.linears.1.bias 	 torch.Size([64])
encoder.layers.1.self_attn.conv1Ds_aware_temporal_context.0.weight 	 torch.Size([64, 64, 1, 3])
encoder.layers.1.self_attn.conv1Ds_aware_temporal_context.0.bias 	 torch.Size([64])
encoder.layers.1.self_attn.conv1Ds_aware_temporal_context.1.weight 	 torch.Size([64, 64, 1, 3])
encoder.layers.1.self_attn.conv1Ds_aware_temporal_context.1.bias 	 torch.Size([64])
encoder.layers.1.feed_forward_gcn.gcn.alpha 	 torch.Size([1])
encoder.layers.1.feed_forward_gcn.gcn.beta 	 torch.Size([3])
encoder.layers.1.feed_forward_gcn.gcn.Theta.weight 	 torch.Size([64, 64])
encoder.layers.1.sublayer.0.norm.weight 	 torch.Size([64])
encoder.layers.1.sublayer.0.norm.bias 	 torch.Size([64])
encoder.layers.1.sublayer.1.norm.weight 	 torch.Size([64])
encoder.layers.1.sublayer.1.norm.bias 	 torch.Size([64])
encoder.layers.2.self_attn.linears.0.weight 	 torch.Size([64, 64])
encoder.layers.2.self_attn.linears.0.bias 	 torch.Size([64])
encoder.layers.2.self_attn.linears.1.weight 	 torch.Size([64, 64])
encoder.layers.2.self_attn.linears.1.bias 	 torch.Size([64])
encoder.layers.2.self_attn.conv1Ds_aware_temporal_context.0.weight 	 torch.Size([64, 64, 1, 3])
encoder.layers.2.self_attn.conv1Ds_aware_temporal_context.0.bias 	 torch.Size([64])
encoder.layers.2.self_attn.conv1Ds_aware_temporal_context.1.weight 	 torch.Size([64, 64, 1, 3])
encoder.layers.2.self_attn.conv1Ds_aware_temporal_context.1.bias 	 torch.Size([64])
encoder.layers.2.feed_forward_gcn.gcn.alpha 	 torch.Size([1])
encoder.layers.2.feed_forward_gcn.gcn.beta 	 torch.Size([3])
encoder.layers.2.feed_forward_gcn.gcn.Theta.weight 	 torch.Size([64, 64])
encoder.layers.2.sublayer.0.norm.weight 	 torch.Size([64])
encoder.layers.2.sublayer.0.norm.bias 	 torch.Size([64])
encoder.layers.2.sublayer.1.norm.weight 	 torch.Size([64])
encoder.layers.2.sublayer.1.norm.bias 	 torch.Size([64])
encoder.layers.3.self_attn.linears.0.weight 	 torch.Size([64, 64])
encoder.layers.3.self_attn.linears.0.bias 	 torch.Size([64])
encoder.layers.3.self_attn.linears.1.weight 	 torch.Size([64, 64])
encoder.layers.3.self_attn.linears.1.bias 	 torch.Size([64])
encoder.layers.3.self_attn.conv1Ds_aware_temporal_context.0.weight 	 torch.Size([64, 64, 1, 3])
encoder.layers.3.self_attn.conv1Ds_aware_temporal_context.0.bias 	 torch.Size([64])
encoder.layers.3.self_attn.conv1Ds_aware_temporal_context.1.weight 	 torch.Size([64, 64, 1, 3])
encoder.layers.3.self_attn.conv1Ds_aware_temporal_context.1.bias 	 torch.Size([64])
encoder.layers.3.feed_forward_gcn.gcn.alpha 	 torch.Size([1])
encoder.layers.3.feed_forward_gcn.gcn.beta 	 torch.Size([3])
encoder.layers.3.feed_forward_gcn.gcn.Theta.weight 	 torch.Size([64, 64])
encoder.layers.3.sublayer.0.norm.weight 	 torch.Size([64])
encoder.layers.3.sublayer.0.norm.bias 	 torch.Size([64])
encoder.layers.3.sublayer.1.norm.weight 	 torch.Size([64])
encoder.layers.3.sublayer.1.norm.bias 	 torch.Size([64])
encoder.norm.weight 	 torch.Size([64])
encoder.norm.bias 	 torch.Size([64])
decoder.layers.0.self_attn.linears.0.weight 	 torch.Size([64, 64])
decoder.layers.0.self_attn.linears.0.bias 	 torch.Size([64])
decoder.layers.0.self_attn.linears.1.weight 	 torch.Size([64, 64])
decoder.layers.0.self_attn.linears.1.bias 	 torch.Size([64])
decoder.layers.0.self_attn.conv1Ds_aware_temporal_context.0.weight 	 torch.Size([64, 64, 1, 3])
decoder.layers.0.self_attn.conv1Ds_aware_temporal_context.0.bias 	 torch.Size([64])
decoder.layers.0.self_attn.conv1Ds_aware_temporal_context.1.weight 	 torch.Size([64, 64, 1, 3])
decoder.layers.0.self_attn.conv1Ds_aware_temporal_context.1.bias 	 torch.Size([64])
decoder.layers.0.src_attn.linears.0.weight 	 torch.Size([64, 64])
decoder.layers.0.src_attn.linears.0.bias 	 torch.Size([64])
decoder.layers.0.src_attn.linears.1.weight 	 torch.Size([64, 64])
decoder.layers.0.src_attn.linears.1.bias 	 torch.Size([64])
decoder.layers.0.src_attn.query_conv1Ds_aware_temporal_context.weight 	 torch.Size([64, 64, 1, 3])
decoder.layers.0.src_attn.query_conv1Ds_aware_temporal_context.bias 	 torch.Size([64])
decoder.layers.0.src_attn.key_conv1Ds_aware_temporal_context.weight 	 torch.Size([64, 64, 1, 3])
decoder.layers.0.src_attn.key_conv1Ds_aware_temporal_context.bias 	 torch.Size([64])
decoder.layers.0.feed_forward_gcn.gcn.alpha 	 torch.Size([1])
decoder.layers.0.feed_forward_gcn.gcn.beta 	 torch.Size([3])
decoder.layers.0.feed_forward_gcn.gcn.Theta.weight 	 torch.Size([64, 64])
decoder.layers.0.sublayer.0.norm.weight 	 torch.Size([64])
decoder.layers.0.sublayer.0.norm.bias 	 torch.Size([64])
decoder.layers.0.sublayer.1.norm.weight 	 torch.Size([64])
decoder.layers.0.sublayer.1.norm.bias 	 torch.Size([64])
decoder.layers.0.sublayer.2.norm.weight 	 torch.Size([64])
decoder.layers.0.sublayer.2.norm.bias 	 torch.Size([64])
decoder.layers.1.self_attn.linears.0.weight 	 torch.Size([64, 64])
decoder.layers.1.self_attn.linears.0.bias 	 torch.Size([64])
decoder.layers.1.self_attn.linears.1.weight 	 torch.Size([64, 64])
decoder.layers.1.self_attn.linears.1.bias 	 torch.Size([64])
decoder.layers.1.self_attn.conv1Ds_aware_temporal_context.0.weight 	 torch.Size([64, 64, 1, 3])
decoder.layers.1.self_attn.conv1Ds_aware_temporal_context.0.bias 	 torch.Size([64])
decoder.layers.1.self_attn.conv1Ds_aware_temporal_context.1.weight 	 torch.Size([64, 64, 1, 3])
decoder.layers.1.self_attn.conv1Ds_aware_temporal_context.1.bias 	 torch.Size([64])
decoder.layers.1.src_attn.linears.0.weight 	 torch.Size([64, 64])
decoder.layers.1.src_attn.linears.0.bias 	 torch.Size([64])
decoder.layers.1.src_attn.linears.1.weight 	 torch.Size([64, 64])
decoder.layers.1.src_attn.linears.1.bias 	 torch.Size([64])
decoder.layers.1.src_attn.query_conv1Ds_aware_temporal_context.weight 	 torch.Size([64, 64, 1, 3])
decoder.layers.1.src_attn.query_conv1Ds_aware_temporal_context.bias 	 torch.Size([64])
decoder.layers.1.src_attn.key_conv1Ds_aware_temporal_context.weight 	 torch.Size([64, 64, 1, 3])
decoder.layers.1.src_attn.key_conv1Ds_aware_temporal_context.bias 	 torch.Size([64])
decoder.layers.1.feed_forward_gcn.gcn.alpha 	 torch.Size([1])
decoder.layers.1.feed_forward_gcn.gcn.beta 	 torch.Size([3])
decoder.layers.1.feed_forward_gcn.gcn.Theta.weight 	 torch.Size([64, 64])
decoder.layers.1.sublayer.0.norm.weight 	 torch.Size([64])
decoder.layers.1.sublayer.0.norm.bias 	 torch.Size([64])
decoder.layers.1.sublayer.1.norm.weight 	 torch.Size([64])
decoder.layers.1.sublayer.1.norm.bias 	 torch.Size([64])
decoder.layers.1.sublayer.2.norm.weight 	 torch.Size([64])
decoder.layers.1.sublayer.2.norm.bias 	 torch.Size([64])
decoder.layers.2.self_attn.linears.0.weight 	 torch.Size([64, 64])
decoder.layers.2.self_attn.linears.0.bias 	 torch.Size([64])
decoder.layers.2.self_attn.linears.1.weight 	 torch.Size([64, 64])
decoder.layers.2.self_attn.linears.1.bias 	 torch.Size([64])
decoder.layers.2.self_attn.conv1Ds_aware_temporal_context.0.weight 	 torch.Size([64, 64, 1, 3])
decoder.layers.2.self_attn.conv1Ds_aware_temporal_context.0.bias 	 torch.Size([64])
decoder.layers.2.self_attn.conv1Ds_aware_temporal_context.1.weight 	 torch.Size([64, 64, 1, 3])
decoder.layers.2.self_attn.conv1Ds_aware_temporal_context.1.bias 	 torch.Size([64])
decoder.layers.2.src_attn.linears.0.weight 	 torch.Size([64, 64])
decoder.layers.2.src_attn.linears.0.bias 	 torch.Size([64])
decoder.layers.2.src_attn.linears.1.weight 	 torch.Size([64, 64])
decoder.layers.2.src_attn.linears.1.bias 	 torch.Size([64])
decoder.layers.2.src_attn.query_conv1Ds_aware_temporal_context.weight 	 torch.Size([64, 64, 1, 3])
decoder.layers.2.src_attn.query_conv1Ds_aware_temporal_context.bias 	 torch.Size([64])
decoder.layers.2.src_attn.key_conv1Ds_aware_temporal_context.weight 	 torch.Size([64, 64, 1, 3])
decoder.layers.2.src_attn.key_conv1Ds_aware_temporal_context.bias 	 torch.Size([64])
decoder.layers.2.feed_forward_gcn.gcn.alpha 	 torch.Size([1])
decoder.layers.2.feed_forward_gcn.gcn.beta 	 torch.Size([3])
decoder.layers.2.feed_forward_gcn.gcn.Theta.weight 	 torch.Size([64, 64])
decoder.layers.2.sublayer.0.norm.weight 	 torch.Size([64])
decoder.layers.2.sublayer.0.norm.bias 	 torch.Size([64])
decoder.layers.2.sublayer.1.norm.weight 	 torch.Size([64])
decoder.layers.2.sublayer.1.norm.bias 	 torch.Size([64])
decoder.layers.2.sublayer.2.norm.weight 	 torch.Size([64])
decoder.layers.2.sublayer.2.norm.bias 	 torch.Size([64])
decoder.layers.3.self_attn.linears.0.weight 	 torch.Size([64, 64])
decoder.layers.3.self_attn.linears.0.bias 	 torch.Size([64])
decoder.layers.3.self_attn.linears.1.weight 	 torch.Size([64, 64])
decoder.layers.3.self_attn.linears.1.bias 	 torch.Size([64])
decoder.layers.3.self_attn.conv1Ds_aware_temporal_context.0.weight 	 torch.Size([64, 64, 1, 3])
decoder.layers.3.self_attn.conv1Ds_aware_temporal_context.0.bias 	 torch.Size([64])
decoder.layers.3.self_attn.conv1Ds_aware_temporal_context.1.weight 	 torch.Size([64, 64, 1, 3])
decoder.layers.3.self_attn.conv1Ds_aware_temporal_context.1.bias 	 torch.Size([64])
decoder.layers.3.src_attn.linears.0.weight 	 torch.Size([64, 64])
decoder.layers.3.src_attn.linears.0.bias 	 torch.Size([64])
decoder.layers.3.src_attn.linears.1.weight 	 torch.Size([64, 64])
decoder.layers.3.src_attn.linears.1.bias 	 torch.Size([64])
decoder.layers.3.src_attn.query_conv1Ds_aware_temporal_context.weight 	 torch.Size([64, 64, 1, 3])
decoder.layers.3.src_attn.query_conv1Ds_aware_temporal_context.bias 	 torch.Size([64])
decoder.layers.3.src_attn.key_conv1Ds_aware_temporal_context.weight 	 torch.Size([64, 64, 1, 3])
decoder.layers.3.src_attn.key_conv1Ds_aware_temporal_context.bias 	 torch.Size([64])
decoder.layers.3.feed_forward_gcn.gcn.alpha 	 torch.Size([1])
decoder.layers.3.feed_forward_gcn.gcn.beta 	 torch.Size([3])
decoder.layers.3.feed_forward_gcn.gcn.Theta.weight 	 torch.Size([64, 64])
decoder.layers.3.sublayer.0.norm.weight 	 torch.Size([64])
decoder.layers.3.sublayer.0.norm.bias 	 torch.Size([64])
decoder.layers.3.sublayer.1.norm.weight 	 torch.Size([64])
decoder.layers.3.sublayer.1.norm.bias 	 torch.Size([64])
decoder.layers.3.sublayer.2.norm.weight 	 torch.Size([64])
decoder.layers.3.sublayer.2.norm.bias 	 torch.Size([64])
decoder.norm.weight 	 torch.Size([64])
decoder.norm.bias 	 torch.Size([64])
src_embed.0.weight 	 torch.Size([64, 1])
src_embed.0.bias 	 torch.Size([64])
src_embed.1.pe 	 torch.Size([1, 1, 2016, 64])
src_embed.2.embedding.weight 	 torch.Size([170, 64])
src_embed.2.gcn_smooth_layers.0.alpha 	 torch.Size([1])
src_embed.2.gcn_smooth_layers.0.beta 	 torch.Size([3])
src_embed.2.gcn_smooth_layers.0.Theta.weight 	 torch.Size([64, 64])
trg_embed.0.weight 	 torch.Size([64, 1])
trg_embed.0.bias 	 torch.Size([64])
trg_embed.1.pe 	 torch.Size([1, 1, 12, 64])
trg_embed.2.embedding.weight 	 torch.Size([170, 64])
trg_embed.2.gcn_smooth_layers.0.alpha 	 torch.Size([1])
trg_embed.2.gcn_smooth_layers.0.beta 	 torch.Size([3])
trg_embed.2.gcn_smooth_layers.0.Theta.weight 	 torch.Size([64, 64])
prediction_generator.weight 	 torch.Size([1, 64])
prediction_generator.bias 	 torch.Size([1])
Net's total params: 591977
Optimizer's state_dict:
state 	 {}
param_groups 	 [{'lr': 0.001, 'betas': (0.9, 0.999), 'eps': 1e-08, 'weight_decay': 0, 'amsgrad': False, 'params': [0, 1, 2, 3, 4, 5, 6, 7, 8, 9, 10, 11, 12, 13, 14, 15, 16, 17, 18, 19, 20, 21, 22, 23, 24, 25, 26, 27, 28, 29, 30, 31, 32, 33, 34, 35, 36, 37, 38, 39, 40, 41, 42, 43, 44, 45, 46, 47, 48, 49, 50, 51, 52, 53, 54, 55, 56, 57, 58, 59, 60, 61, 62, 63, 64, 65, 66, 67, 68, 69, 70, 71, 72, 73, 74, 75, 76, 77, 78, 79, 80, 81, 82, 83, 84, 85, 86, 87, 88, 89, 90, 91, 92, 93, 94, 95, 96, 97, 98, 99, 100, 101, 102, 103, 104, 105, 106, 107, 108, 109, 110, 111, 112, 113, 114, 115, 116, 117, 118, 119, 120, 121, 122, 123, 124, 125, 126, 127, 128, 129, 130, 131, 132, 133, 134, 135, 136, 137, 138, 139, 140, 141, 142, 143, 144, 145, 146, 147, 148, 149, 150, 151, 152, 153, 154, 155, 156, 157, 158, 159, 160, 161, 162, 163, 164, 165, 166, 167, 168, 169, 170, 171, 172, 173, 174, 175, 176, 177]}]
validation batch 1 / 25, loss: 1.71
validation cost time: 150.4675s
save parameters to file: ./experiments/PEMS08/MAE_ASTGNN_h1d1w1_layer4_head8_dm64_channel1_dir2_drop0.00_1.00e-03_B8_K5_TcontextScaledSAtSE1TE/epoch_0.params
epoch: 0, train time every whole data:283.41s
epoch: 0, total time:433.89s
validation batch 1 / 25, loss: 0.14
validation cost time: 150.0555s
save parameters to file: ./experiments/PEMS08/MAE_ASTGNN_h1d1w1_layer4_head8_dm64_channel1_dir2_drop0.00_1.00e-03_B8_K5_TcontextScaledSAtSE1TE/epoch_1.params
epoch: 1, train time every whole data:283.42s
epoch: 1, total time:867.39s
validation batch 1 / 25, loss: 0.04
validation cost time: 149.9352s
save parameters to file: ./experiments/PEMS08/MAE_ASTGNN_h1d1w1_layer4_head8_dm64_channel1_dir2_drop0.00_1.00e-03_B8_K5_TcontextScaledSAtSE1TE/epoch_2.params
epoch: 2, train time every whole data:283.47s
epoch: 2, total time:1300.80s
validation batch 1 / 25, loss: 0.08
validation cost time: 150.0484s
epoch: 3, train time every whole data:283.40s
epoch: 3, total time:1734.25s
validation batch 1 / 25, loss: 0.04
validation cost time: 150.1072s
epoch: 4, train time every whole data:283.46s
epoch: 4, total time:2167.83s
validation batch 1 / 25, loss: 0.03
validation cost time: 150.1040s
save parameters to file: ./experiments/PEMS08/MAE_ASTGNN_h1d1w1_layer4_head8_dm64_channel1_dir2_drop0.00_1.00e-03_B8_K5_TcontextScaledSAtSE1TE/epoch_5.params
epoch: 5, train time every whole data:283.47s
epoch: 5, total time:2601.42s
validation batch 1 / 25, loss: 0.12
validation cost time: 150.0500s
epoch: 6, train time every whole data:283.51s
epoch: 6, total time:3034.99s
validation batch 1 / 25, loss: 0.03
validation cost time: 149.9491s
save parameters to file: ./experiments/PEMS08/MAE_ASTGNN_h1d1w1_layer4_head8_dm64_channel1_dir2_drop0.00_1.00e-03_B8_K5_TcontextScaledSAtSE1TE/epoch_7.params
epoch: 7, train time every whole data:283.48s
epoch: 7, total time:3468.43s
validation batch 1 / 25, loss: 0.03
validation cost time: 149.9444s
save parameters to file: ./experiments/PEMS08/MAE_ASTGNN_h1d1w1_layer4_head8_dm64_channel1_dir2_drop0.00_1.00e-03_B8_K5_TcontextScaledSAtSE1TE/epoch_8.params
epoch: 8, train time every whole data:283.61s
epoch: 8, total time:3902.00s
validation batch 1 / 25, loss: 0.03
validation cost time: 149.9621s
epoch: 9, train time every whole data:283.68s
epoch: 9, total time:4335.65s
validation batch 1 / 25, loss: 0.03
validation cost time: 149.9606s
save parameters to file: ./experiments/PEMS08/MAE_ASTGNN_h1d1w1_layer4_head8_dm64_channel1_dir2_drop0.00_1.00e-03_B8_K5_TcontextScaledSAtSE1TE/epoch_10.params
epoch: 10, train time every whole data:283.57s
epoch: 10, total time:4769.19s
validation batch 1 / 25, loss: 0.03
validation cost time: 149.9376s
epoch: 11, train time every whole data:283.49s
epoch: 11, total time:5202.63s
validation batch 1 / 25, loss: 0.04
validation cost time: 149.9398s
epoch: 12, train time every whole data:283.50s
epoch: 12, total time:5636.06s
validation batch 1 / 25, loss: 0.03
validation cost time: 149.9329s
epoch: 13, train time every whole data:283.42s
epoch: 13, total time:6069.42s
validation batch 1 / 25, loss: 0.02
validation cost time: 149.9441s
save parameters to file: ./experiments/PEMS08/MAE_ASTGNN_h1d1w1_layer4_head8_dm64_channel1_dir2_drop0.00_1.00e-03_B8_K5_TcontextScaledSAtSE1TE/epoch_14.params
epoch: 14, train time every whole data:283.52s
epoch: 14, total time:6502.90s
validation batch 1 / 25, loss: 0.02
validation cost time: 149.9406s
epoch: 15, train time every whole data:283.53s
epoch: 15, total time:6936.37s
validation batch 1 / 25, loss: 0.04
validation cost time: 149.9469s
epoch: 16, train time every whole data:283.21s
epoch: 16, total time:7369.54s
validation batch 1 / 25, loss: 0.02
validation cost time: 149.9400s
epoch: 17, train time every whole data:283.18s
epoch: 17, total time:7802.65s
validation batch 1 / 25, loss: 0.03
validation cost time: 150.0617s
epoch: 18, train time every whole data:283.21s
epoch: 18, total time:8235.93s
validation batch 1 / 25, loss: 0.03
validation cost time: 149.9362s
epoch: 19, train time every whole data:283.16s
epoch: 19, total time:8669.03s
validation batch 1 / 25, loss: 0.02
validation cost time: 149.9329s
save parameters to file: ./experiments/PEMS08/MAE_ASTGNN_h1d1w1_layer4_head8_dm64_channel1_dir2_drop0.00_1.00e-03_B8_K5_TcontextScaledSAtSE1TE/epoch_20.params
epoch: 20, train time every whole data:283.19s
epoch: 20, total time:9102.17s
validation batch 1 / 25, loss: 0.03
validation cost time: 149.9425s
epoch: 21, train time every whole data:283.16s
epoch: 21, total time:9535.28s
validation batch 1 / 25, loss: 0.02
validation cost time: 149.9336s
epoch: 22, train time every whole data:283.27s
epoch: 22, total time:9968.48s
validation batch 1 / 25, loss: 0.02
validation cost time: 149.9511s
epoch: 23, train time every whole data:283.30s
epoch: 23, total time:10401.74s
validation batch 1 / 25, loss: 0.02
validation cost time: 149.9381s
epoch: 24, train time every whole data:283.26s
epoch: 24, total time:10834.94s
validation batch 1 / 25, loss: 0.04
validation cost time: 149.9360s
epoch: 25, train time every whole data:283.17s
epoch: 25, total time:11268.05s
validation batch 1 / 25, loss: 0.03
validation cost time: 149.9377s
epoch: 26, train time every whole data:283.25s
epoch: 26, total time:11701.24s
validation batch 1 / 25, loss: 0.02
validation cost time: 149.9444s
epoch: 27, train time every whole data:283.20s
epoch: 27, total time:12134.38s
validation batch 1 / 25, loss: 0.02
validation cost time: 149.9356s
epoch: 28, train time every whole data:283.20s
epoch: 28, total time:12567.52s
validation batch 1 / 25, loss: 0.03
validation cost time: 150.1372s
epoch: 29, train time every whole data:283.19s
epoch: 29, total time:13000.85s
validation batch 1 / 25, loss: 0.02
validation cost time: 150.0833s
epoch: 30, train time every whole data:283.19s
epoch: 30, total time:13434.12s
validation batch 1 / 25, loss: 0.03
validation cost time: 149.9287s
epoch: 31, train time every whole data:283.18s
epoch: 31, total time:13867.24s
validation batch 1 / 25, loss: 0.02
validation cost time: 150.0180s
epoch: 32, train time every whole data:283.18s
epoch: 32, total time:14300.44s
validation batch 1 / 25, loss: 0.02
validation cost time: 149.9294s
epoch: 33, train time every whole data:283.24s
epoch: 33, total time:14733.62s
validation batch 1 / 25, loss: 0.02
validation cost time: 150.1481s
save parameters to file: ./experiments/PEMS08/MAE_ASTGNN_h1d1w1_layer4_head8_dm64_channel1_dir2_drop0.00_1.00e-03_B8_K5_TcontextScaledSAtSE1TE/epoch_34.params
epoch: 34, train time every whole data:283.22s
epoch: 34, total time:15167.01s
validation batch 1 / 25, loss: 0.03
validation cost time: 149.9372s
epoch: 35, train time every whole data:283.25s
epoch: 35, total time:15600.20s
validation batch 1 / 25, loss: 0.02
validation cost time: 150.0418s
epoch: 36, train time every whole data:283.37s
epoch: 36, total time:16033.61s
validation batch 1 / 25, loss: 0.03
validation cost time: 149.9599s
epoch: 37, train time every whole data:283.34s
epoch: 37, total time:16466.91s
validation batch 1 / 25, loss: 0.02
validation cost time: 150.0284s
epoch: 38, train time every whole data:283.28s
epoch: 38, total time:16900.22s
validation batch 1 / 25, loss: 0.02
validation cost time: 149.9343s
epoch: 39, train time every whole data:283.27s
epoch: 39, total time:17333.43s
validation batch 1 / 25, loss: 0.02
validation cost time: 149.9720s
epoch: 40, train time every whole data:283.23s
epoch: 40, total time:17766.63s
validation batch 1 / 25, loss: 0.03
validation cost time: 149.9386s
epoch: 41, train time every whole data:283.30s
epoch: 41, total time:18199.87s
validation batch 1 / 25, loss: 0.02
validation cost time: 149.9390s
epoch: 42, train time every whole data:283.25s
epoch: 42, total time:18633.06s
validation batch 1 / 25, loss: 0.02
validation cost time: 149.9442s
epoch: 43, train time every whole data:283.31s
epoch: 43, total time:19066.32s
validation batch 1 / 25, loss: 0.03
validation cost time: 149.9518s
epoch: 44, train time every whole data:283.26s
epoch: 44, total time:19499.53s
validation batch 1 / 25, loss: 0.02
validation cost time: 149.9427s
epoch: 45, train time every whole data:283.31s
epoch: 45, total time:19932.79s
validation batch 1 / 25, loss: 0.02
validation cost time: 149.9959s
epoch: 46, train time every whole data:283.31s
epoch: 46, total time:20366.10s
validation batch 1 / 25, loss: 0.02
validation cost time: 149.9452s
epoch: 47, train time every whole data:283.27s
epoch: 47, total time:20799.31s
validation batch 1 / 25, loss: 0.02
validation cost time: 149.9498s
epoch: 48, train time every whole data:283.30s
epoch: 48, total time:21232.57s
validation batch 1 / 25, loss: 0.02
validation cost time: 149.9552s
save parameters to file: ./experiments/PEMS08/MAE_ASTGNN_h1d1w1_layer4_head8_dm64_channel1_dir2_drop0.00_1.00e-03_B8_K5_TcontextScaledSAtSE1TE/epoch_49.params
epoch: 49, train time every whole data:283.32s
epoch: 49, total time:21665.86s
best epoch: 49
apply the best val model on the test data set ...
load weight from: ./experiments/PEMS08/MAE_ASTGNN_h1d1w1_layer4_head8_dm64_channel1_dir2_drop0.00_1.00e-03_B8_K5_TcontextScaledSAtSE1TE/epoch_49.params
predicting testing set batch 1 / 25, time: 6.06s
test time on whole data:150.03s
input: (3166, 170, 36, 1)
prediction: (3166, 170, 12, 1)
data_target_tensor: (3166, 170, 12)
current epoch: 49, predict 0 points
MAE: 11.43
RMSE: 19.08
MAPE: 7.73
current epoch: 49, predict 1 points
MAE: 11.84
RMSE: 20.38
MAPE: 7.98
current epoch: 49, predict 2 points
MAE: 12.13
RMSE: 21.07
MAPE: 8.17
current epoch: 49, predict 3 points
MAE: 12.37
RMSE: 21.69
MAPE: 8.32
current epoch: 49, predict 4 points
MAE: 12.58
RMSE: 22.17
MAPE: 8.49
current epoch: 49, predict 5 points
MAE: 12.82
RMSE: 22.64
MAPE: 8.69
current epoch: 49, predict 6 points
MAE: 13.05
RMSE: 23.03
MAPE: 8.89
current epoch: 49, predict 7 points
MAE: 13.26
RMSE: 23.37
MAPE: 9.07
current epoch: 49, predict 8 points
MAE: 13.46
RMSE: 23.68
MAPE: 9.22
current epoch: 49, predict 9 points
MAE: 13.70
RMSE: 24.00
MAPE: 9.37
current epoch: 49, predict 10 points
MAE: 13.93
RMSE: 24.33
MAPE: 9.57
current epoch: 49, predict 11 points
MAE: 14.36
RMSE: 24.82
MAPE: 9.83
all MAE: 12.91
all RMSE: 22.58
all MAPE: 8.78
[11.430905, 19.08233391200607, 7.734346389770508, 11.840645, 20.375672498966907, 7.975530624389648, 12.130161, 21.072104779862777, 8.173120021820068, 12.370517, 21.694435439824986, 8.321083337068558, 12.5822735, 22.17431179901116, 8.492299169301987, 12.818706, 22.63951294499771, 8.693185448646545, 13.051071, 23.025102268451626, 8.891154825687408, 13.261773, 23.372271210206282, 9.070191532373428, 13.462771, 23.67635193844865, 9.218265116214752, 13.696258, 23.996883189948466, 9.370051324367523, 13.9348345, 24.32675890311878, 9.57193598151207, 14.363995, 24.823794314329877, 9.825468063354492, 12.911999, 22.581493720358228, 8.778052777051926]
fine tune the model ... 
epoch: 50, train time every whole data:723.77s
epoch: 50, total time:22541.09s
validation batch 1 / 25, loss: 0.02
validation cost time: 149.9508s
save parameters to file: ./experiments/PEMS08/MAE_ASTGNN_h1d1w1_layer4_head8_dm64_channel1_dir2_drop0.00_1.00e-03_B8_K5_TcontextScaledSAtSE1TE/epoch_50.params
epoch: 51, train time every whole data:723.40s
epoch: 51, total time:23414.46s
validation batch 1 / 25, loss: 0.02
validation cost time: 149.9487s
save parameters to file: ./experiments/PEMS08/MAE_ASTGNN_h1d1w1_layer4_head8_dm64_channel1_dir2_drop0.00_1.00e-03_B8_K5_TcontextScaledSAtSE1TE/epoch_51.params
epoch: 52, train time every whole data:723.31s
epoch: 52, total time:24287.73s
validation batch 1 / 25, loss: 0.02
validation cost time: 149.9342s
epoch: 53, train time every whole data:723.19s
epoch: 53, total time:25160.86s
validation batch 1 / 25, loss: 0.02
validation cost time: 149.9399s
epoch: 54, train time every whole data:723.25s
epoch: 54, total time:26034.05s
validation batch 1 / 25, loss: 0.02
validation cost time: 149.9440s
epoch: 55, train time every whole data:723.19s
epoch: 55, total time:26907.19s
validation batch 1 / 25, loss: 0.02
validation cost time: 149.9389s
epoch: 56, train time every whole data:723.35s
epoch: 56, total time:27780.48s
validation batch 1 / 25, loss: 0.02
validation cost time: 149.9564s
epoch: 57, train time every whole data:723.62s
epoch: 57, total time:28654.06s
validation batch 1 / 25, loss: 0.02
validation cost time: 149.9459s
epoch: 58, train time every whole data:723.24s
epoch: 58, total time:29527.25s
validation batch 1 / 25, loss: 0.02
validation cost time: 149.9385s
epoch: 59, train time every whole data:723.20s
epoch: 59, total time:30400.39s
validation batch 1 / 25, loss: 0.02
validation cost time: 149.9429s
epoch: 60, train time every whole data:723.39s
epoch: 60, total time:31273.73s
validation batch 1 / 25, loss: 0.02
validation cost time: 149.9307s
epoch: 61, train time every whole data:723.30s
epoch: 61, total time:32146.96s
validation batch 1 / 25, loss: 0.02
validation cost time: 149.9282s
epoch: 62, train time every whole data:723.20s
epoch: 62, total time:33020.09s
validation batch 1 / 25, loss: 0.02
validation cost time: 149.9425s
epoch: 63, train time every whole data:723.57s
epoch: 63, total time:33893.60s
validation batch 1 / 25, loss: 0.02
validation cost time: 149.9548s
epoch: 64, train time every whole data:732.57s
epoch: 64, total time:34776.13s
validation batch 1 / 25, loss: 0.02
validation cost time: 149.9355s
epoch: 65, train time every whole data:723.06s
epoch: 65, total time:35649.13s
validation batch 1 / 25, loss: 0.02
validation cost time: 149.9317s
epoch: 66, train time every whole data:722.96s
epoch: 66, total time:36522.02s
validation batch 1 / 25, loss: 0.02
validation cost time: 149.9344s
epoch: 67, train time every whole data:723.06s
epoch: 67, total time:37395.02s
validation batch 1 / 25, loss: 0.02
validation cost time: 149.9379s
epoch: 68, train time every whole data:722.96s
epoch: 68, total time:38267.91s
validation batch 1 / 25, loss: 0.02
validation cost time: 149.9426s
epoch: 69, train time every whole data:723.07s
epoch: 69, total time:39140.93s
validation batch 1 / 25, loss: 0.02
validation cost time: 149.9274s
epoch: 70, train time every whole data:723.47s
epoch: 70, total time:40014.33s
validation batch 1 / 25, loss: 0.02
validation cost time: 149.9579s
epoch: 71, train time every whole data:723.22s
epoch: 71, total time:40887.51s
validation batch 1 / 25, loss: 0.02
validation cost time: 149.9110s
epoch: 72, train time every whole data:722.90s
epoch: 72, total time:41760.32s
validation batch 1 / 25, loss: 0.02
validation cost time: 149.9379s
epoch: 73, train time every whole data:723.23s
epoch: 73, total time:42633.49s
validation batch 1 / 25, loss: 0.02
validation cost time: 150.0410s
epoch: 74, train time every whole data:722.80s
epoch: 74, total time:43506.34s
validation batch 1 / 25, loss: 0.02
validation cost time: 149.9381s
best epoch: 51
apply the best val model on the test data set ...
load weight from: ./experiments/PEMS08/MAE_ASTGNN_h1d1w1_layer4_head8_dm64_channel1_dir2_drop0.00_1.00e-03_B8_K5_TcontextScaledSAtSE1TE/epoch_51.params
predicting testing set batch 1 / 25, time: 6.16s
test time on whole data:150.10s
input: (3166, 170, 36, 1)
prediction: (3166, 170, 12, 1)
data_target_tensor: (3166, 170, 12)
current epoch: 51, predict 0 points
MAE: 11.08
RMSE: 19.03
MAPE: 7.50
current epoch: 51, predict 1 points
MAE: 11.63
RMSE: 20.28
MAPE: 7.96
current epoch: 51, predict 2 points
MAE: 11.96
RMSE: 20.97
MAPE: 8.16
current epoch: 51, predict 3 points
MAE: 12.20
RMSE: 21.58
MAPE: 8.33
current epoch: 51, predict 4 points
MAE: 12.39
RMSE: 22.06
MAPE: 8.46
current epoch: 51, predict 5 points
MAE: 12.57
RMSE: 22.53
MAPE: 8.60
current epoch: 51, predict 6 points
MAE: 12.74
RMSE: 22.89
MAPE: 8.75
current epoch: 51, predict 7 points
MAE: 12.89
RMSE: 23.21
MAPE: 8.88
current epoch: 51, predict 8 points
MAE: 13.04
RMSE: 23.45
MAPE: 9.02
current epoch: 51, predict 9 points
MAE: 13.20
RMSE: 23.73
MAPE: 9.20
current epoch: 51, predict 10 points
MAE: 13.37
RMSE: 23.99
MAPE: 9.43
current epoch: 51, predict 11 points
MAE: 13.66
RMSE: 24.41
MAPE: 9.69
all MAE: 12.56
all RMSE: 22.40
all MAPE: 8.66
[11.077513, 19.025076931410652, 7.497800141572952, 11.633395, 20.28263655097592, 7.961689680814743, 11.9626665, 20.973894150582616, 8.156590163707733, 12.202464, 21.57537687288524, 8.326449990272522, 12.393402, 22.05806075867944, 8.457700908184052, 12.5730915, 22.53023278086927, 8.599358052015305, 12.742733, 22.888701124357326, 8.74904990196228, 12.889467, 23.20714795722632, 8.876638859510422, 13.038182, 23.45473975328934, 9.019366651773453, 13.197168, 23.729893575848454, 9.198811650276184, 13.365552, 23.99079591372947, 9.428706765174866, 13.664398, 24.409417058038915, 9.68780517578125, 12.561663, 22.397893861121464, 8.663329482078552]
