Thu Nov  4 10:19:50 2021       
+-----------------------------------------------------------------------------+
| NVIDIA-SMI 418.165.02   Driver Version: 418.165.02   CUDA Version: 10.1     |
|-------------------------------+----------------------+----------------------+
| GPU  Name        Persistence-M| Bus-Id        Disp.A | Volatile Uncorr. ECC |
| Fan  Temp  Perf  Pwr:Usage/Cap|         Memory-Usage | GPU-Util  Compute M. |
|===============================+======================+======================|
|   0  Tesla V100-PCIE...  Off  | 00000000:5A:00.0 Off |                    0 |
| N/A   41C    P0    41W / 250W |  17086MiB / 32480MiB |      0%      Default |
+-------------------------------+----------------------+----------------------+
|   1  Tesla V100-PCIE...  Off  | 00000000:5E:00.0 Off |                    0 |
| N/A   28C    P0    23W / 250W |     11MiB / 32480MiB |      0%      Default |
+-------------------------------+----------------------+----------------------+
|   2  Tesla V100-PCIE...  Off  | 00000000:62:00.0 Off |                    0 |
| N/A   27C    P0    23W / 250W |     11MiB / 32480MiB |      0%      Default |
+-------------------------------+----------------------+----------------------+
|   3  Tesla V100-PCIE...  Off  | 00000000:66:00.0 Off |                    0 |
| N/A   27C    P0    23W / 250W |     12MiB / 32480MiB |      0%      Default |
+-------------------------------+----------------------+----------------------+
|   4  Tesla V100-PCIE...  Off  | 00000000:B5:00.0 Off |                    0 |
| N/A   65C    P0   129W / 250W |  14376MiB / 32480MiB |     88%      Default |
+-------------------------------+----------------------+----------------------+
|   5  Tesla V100-PCIE...  Off  | 00000000:B9:00.0 Off |                    0 |
| N/A   31C    P0    26W / 250W |     11MiB / 32480MiB |      0%      Default |
+-------------------------------+----------------------+----------------------+
|   6  Tesla V100-PCIE...  Off  | 00000000:BD:00.0 Off |                    0 |
| N/A   30C    P0    24W / 250W |     11MiB / 32480MiB |      0%      Default |
+-------------------------------+----------------------+----------------------+
|   7  Tesla V100-PCIE...  Off  | 00000000:C1:00.0 Off |                    0 |
| N/A   28C    P0    23W / 250W |     11MiB / 32480MiB |      0%      Default |
+-------------------------------+----------------------+----------------------+
                                                                               
+-----------------------------------------------------------------------------+
| Processes:                                                       GPU Memory |
|  GPU       PID   Type   Process name                             Usage      |
|=============================================================================|
|    0     10414      C   python                                     17075MiB |
|    4      4495      C   python                                     14365MiB |
+-----------------------------------------------------------------------------+
CUDA: True cuda:0
Read configuration file: /data/home/u18112042/CorrSTN/configurations/HZME_OUTFLOW_rdw-011.conf
total training epoch, fine tune epoch: 100 , 50
batch_size: 16
attention_top_k: 5
folder_dir: MAE_ASTGNN_h1d1w0_layer4_head8_dm64_channel1_dir2_drop0.00_1.00e-03_B16_K5_TcontextScaledSAtSE1TE
load file: /data/home/u18112042/CorrSTN/data/HZME_OUTFLOW/HZME_OUTFLOW_r1_d1_w0.npz
ori length: 4313 , percent: 1.0 , scale: 4313
train: torch.Size([3218, 80, 1, 24]) torch.Size([3218, 80, 12]) torch.Size([3218, 80, 12])
val: torch.Size([1073, 80, 1, 24]) torch.Size([1073, 80, 12]) torch.Size([1073, 80, 12])
test: torch.Size([1073, 80, 1, 24]) torch.Size([1073, 80, 12]) torch.Size([1073, 80, 12])
TemporalPositionalEncoding max_len: 288
w_index: []
d_index: [0, 1, 2, 3, 4, 5, 6, 7, 8, 9, 10, 11]
h_index: [276, 277, 278, 279, 280, 281, 282, 283, 284, 285, 286, 287]
en_lookup_index: [0, 1, 2, 3, 4, 5, 6, 7, 8, 9, 10, 11, 276, 277, 278, 279, 280, 281, 282, 283, 284, 285, 286, 287]
EncoderDecoder(
  (encoder): Encoder(
    (layers): ModuleList(
      (0): EncoderLayer(
        (self_attn): MultiHeadAttentionAwareTemporalContex_q1d_k1d(
          (linears): ModuleList(
            (0): Linear(in_features=64, out_features=64, bias=True)
            (1): Linear(in_features=64, out_features=64, bias=True)
          )
          (conv1Ds_aware_temporal_context): ModuleList(
            (0): Conv2d(64, 64, kernel_size=(1, 3), stride=(1, 1), padding=(0, 1))
            (1): Conv2d(64, 64, kernel_size=(1, 3), stride=(1, 1), padding=(0, 1))
          )
          (dropout): Dropout(p=0.0, inplace=False)
          (attn_ic): Attention_IC(
            (DAT): DynamicAttentionLayer(
              (dropout): Dropout(p=0.0, inplace=False)
            )
          )
        )
        (feed_forward_gcn): PositionWiseGCNFeedForward(
          (gcn): spatialAttentionScaledGCN(
            (Theta): Linear(in_features=64, out_features=64, bias=False)
            (SAt): Spatial_Attention_layer(
              (dropout): Dropout(p=0.0, inplace=False)
            )
          )
          (dropout): Dropout(p=0.0, inplace=False)
        )
        (sublayer): ModuleList(
          (0): SublayerConnection(
            (dropout): Dropout(p=0.0, inplace=False)
            (norm): LayerNorm((64,), eps=1e-05, elementwise_affine=True)
          )
          (1): SublayerConnection(
            (dropout): Dropout(p=0.0, inplace=False)
            (norm): LayerNorm((64,), eps=1e-05, elementwise_affine=True)
          )
        )
      )
      (1): EncoderLayer(
        (self_attn): MultiHeadAttentionAwareTemporalContex_q1d_k1d(
          (linears): ModuleList(
            (0): Linear(in_features=64, out_features=64, bias=True)
            (1): Linear(in_features=64, out_features=64, bias=True)
          )
          (conv1Ds_aware_temporal_context): ModuleList(
            (0): Conv2d(64, 64, kernel_size=(1, 3), stride=(1, 1), padding=(0, 1))
            (1): Conv2d(64, 64, kernel_size=(1, 3), stride=(1, 1), padding=(0, 1))
          )
          (dropout): Dropout(p=0.0, inplace=False)
          (attn_ic): Attention_IC(
            (DAT): DynamicAttentionLayer(
              (dropout): Dropout(p=0.0, inplace=False)
            )
          )
        )
        (feed_forward_gcn): PositionWiseGCNFeedForward(
          (gcn): spatialAttentionScaledGCN(
            (Theta): Linear(in_features=64, out_features=64, bias=False)
            (SAt): Spatial_Attention_layer(
              (dropout): Dropout(p=0.0, inplace=False)
            )
          )
          (dropout): Dropout(p=0.0, inplace=False)
        )
        (sublayer): ModuleList(
          (0): SublayerConnection(
            (dropout): Dropout(p=0.0, inplace=False)
            (norm): LayerNorm((64,), eps=1e-05, elementwise_affine=True)
          )
          (1): SublayerConnection(
            (dropout): Dropout(p=0.0, inplace=False)
            (norm): LayerNorm((64,), eps=1e-05, elementwise_affine=True)
          )
        )
      )
      (2): EncoderLayer(
        (self_attn): MultiHeadAttentionAwareTemporalContex_q1d_k1d(
          (linears): ModuleList(
            (0): Linear(in_features=64, out_features=64, bias=True)
            (1): Linear(in_features=64, out_features=64, bias=True)
          )
          (conv1Ds_aware_temporal_context): ModuleList(
            (0): Conv2d(64, 64, kernel_size=(1, 3), stride=(1, 1), padding=(0, 1))
            (1): Conv2d(64, 64, kernel_size=(1, 3), stride=(1, 1), padding=(0, 1))
          )
          (dropout): Dropout(p=0.0, inplace=False)
          (attn_ic): Attention_IC(
            (DAT): DynamicAttentionLayer(
              (dropout): Dropout(p=0.0, inplace=False)
            )
          )
        )
        (feed_forward_gcn): PositionWiseGCNFeedForward(
          (gcn): spatialAttentionScaledGCN(
            (Theta): Linear(in_features=64, out_features=64, bias=False)
            (SAt): Spatial_Attention_layer(
              (dropout): Dropout(p=0.0, inplace=False)
            )
          )
          (dropout): Dropout(p=0.0, inplace=False)
        )
        (sublayer): ModuleList(
          (0): SublayerConnection(
            (dropout): Dropout(p=0.0, inplace=False)
            (norm): LayerNorm((64,), eps=1e-05, elementwise_affine=True)
          )
          (1): SublayerConnection(
            (dropout): Dropout(p=0.0, inplace=False)
            (norm): LayerNorm((64,), eps=1e-05, elementwise_affine=True)
          )
        )
      )
      (3): EncoderLayer(
        (self_attn): MultiHeadAttentionAwareTemporalContex_q1d_k1d(
          (linears): ModuleList(
            (0): Linear(in_features=64, out_features=64, bias=True)
            (1): Linear(in_features=64, out_features=64, bias=True)
          )
          (conv1Ds_aware_temporal_context): ModuleList(
            (0): Conv2d(64, 64, kernel_size=(1, 3), stride=(1, 1), padding=(0, 1))
            (1): Conv2d(64, 64, kernel_size=(1, 3), stride=(1, 1), padding=(0, 1))
          )
          (dropout): Dropout(p=0.0, inplace=False)
          (attn_ic): Attention_IC(
            (DAT): DynamicAttentionLayer(
              (dropout): Dropout(p=0.0, inplace=False)
            )
          )
        )
        (feed_forward_gcn): PositionWiseGCNFeedForward(
          (gcn): spatialAttentionScaledGCN(
            (Theta): Linear(in_features=64, out_features=64, bias=False)
            (SAt): Spatial_Attention_layer(
              (dropout): Dropout(p=0.0, inplace=False)
            )
          )
          (dropout): Dropout(p=0.0, inplace=False)
        )
        (sublayer): ModuleList(
          (0): SublayerConnection(
            (dropout): Dropout(p=0.0, inplace=False)
            (norm): LayerNorm((64,), eps=1e-05, elementwise_affine=True)
          )
          (1): SublayerConnection(
            (dropout): Dropout(p=0.0, inplace=False)
            (norm): LayerNorm((64,), eps=1e-05, elementwise_affine=True)
          )
        )
      )
    )
    (norm): LayerNorm((64,), eps=1e-05, elementwise_affine=True)
  )
  (decoder): Decoder(
    (layers): ModuleList(
      (0): DecoderLayer(
        (self_attn): MultiHeadAttentionAwareTemporalContex_qc_kc(
          (linears): ModuleList(
            (0): Linear(in_features=64, out_features=64, bias=True)
            (1): Linear(in_features=64, out_features=64, bias=True)
          )
          (conv1Ds_aware_temporal_context): ModuleList(
            (0): Conv2d(64, 64, kernel_size=(1, 3), stride=(1, 1), padding=(0, 2))
            (1): Conv2d(64, 64, kernel_size=(1, 3), stride=(1, 1), padding=(0, 2))
          )
          (dropout): Dropout(p=0.0, inplace=False)
          (attn_ic): Attention_IC(
            (DAT): DynamicAttentionLayer(
              (dropout): Dropout(p=0.0, inplace=False)
            )
          )
        )
        (src_attn): MultiHeadAttentionAwareTemporalContex_qc_k1d(
          (linears): ModuleList(
            (0): Linear(in_features=64, out_features=64, bias=True)
            (1): Linear(in_features=64, out_features=64, bias=True)
          )
          (query_conv1Ds_aware_temporal_context): Conv2d(64, 64, kernel_size=(1, 3), stride=(1, 1), padding=(0, 2))
          (key_conv1Ds_aware_temporal_context): Conv2d(64, 64, kernel_size=(1, 3), stride=(1, 1), padding=(0, 1))
          (dropout): Dropout(p=0.0, inplace=False)
          (attn_ic): Attention_IC(
            (DAT): DynamicAttentionLayer(
              (dropout): Dropout(p=0.0, inplace=False)
            )
          )
        )
        (feed_forward_gcn): PositionWiseGCNFeedForward(
          (gcn): spatialAttentionScaledGCN(
            (Theta): Linear(in_features=64, out_features=64, bias=False)
            (SAt): Spatial_Attention_layer(
              (dropout): Dropout(p=0.0, inplace=False)
            )
          )
          (dropout): Dropout(p=0.0, inplace=False)
        )
        (sublayer): ModuleList(
          (0): SublayerConnection(
            (dropout): Dropout(p=0.0, inplace=False)
            (norm): LayerNorm((64,), eps=1e-05, elementwise_affine=True)
          )
          (1): SublayerConnection(
            (dropout): Dropout(p=0.0, inplace=False)
            (norm): LayerNorm((64,), eps=1e-05, elementwise_affine=True)
          )
          (2): SublayerConnection(
            (dropout): Dropout(p=0.0, inplace=False)
            (norm): LayerNorm((64,), eps=1e-05, elementwise_affine=True)
          )
        )
      )
      (1): DecoderLayer(
        (self_attn): MultiHeadAttentionAwareTemporalContex_qc_kc(
          (linears): ModuleList(
            (0): Linear(in_features=64, out_features=64, bias=True)
            (1): Linear(in_features=64, out_features=64, bias=True)
          )
          (conv1Ds_aware_temporal_context): ModuleList(
            (0): Conv2d(64, 64, kernel_size=(1, 3), stride=(1, 1), padding=(0, 2))
            (1): Conv2d(64, 64, kernel_size=(1, 3), stride=(1, 1), padding=(0, 2))
          )
          (dropout): Dropout(p=0.0, inplace=False)
          (attn_ic): Attention_IC(
            (DAT): DynamicAttentionLayer(
              (dropout): Dropout(p=0.0, inplace=False)
            )
          )
        )
        (src_attn): MultiHeadAttentionAwareTemporalContex_qc_k1d(
          (linears): ModuleList(
            (0): Linear(in_features=64, out_features=64, bias=True)
            (1): Linear(in_features=64, out_features=64, bias=True)
          )
          (query_conv1Ds_aware_temporal_context): Conv2d(64, 64, kernel_size=(1, 3), stride=(1, 1), padding=(0, 2))
          (key_conv1Ds_aware_temporal_context): Conv2d(64, 64, kernel_size=(1, 3), stride=(1, 1), padding=(0, 1))
          (dropout): Dropout(p=0.0, inplace=False)
          (attn_ic): Attention_IC(
            (DAT): DynamicAttentionLayer(
              (dropout): Dropout(p=0.0, inplace=False)
            )
          )
        )
        (feed_forward_gcn): PositionWiseGCNFeedForward(
          (gcn): spatialAttentionScaledGCN(
            (Theta): Linear(in_features=64, out_features=64, bias=False)
            (SAt): Spatial_Attention_layer(
              (dropout): Dropout(p=0.0, inplace=False)
            )
          )
          (dropout): Dropout(p=0.0, inplace=False)
        )
        (sublayer): ModuleList(
          (0): SublayerConnection(
            (dropout): Dropout(p=0.0, inplace=False)
            (norm): LayerNorm((64,), eps=1e-05, elementwise_affine=True)
          )
          (1): SublayerConnection(
            (dropout): Dropout(p=0.0, inplace=False)
            (norm): LayerNorm((64,), eps=1e-05, elementwise_affine=True)
          )
          (2): SublayerConnection(
            (dropout): Dropout(p=0.0, inplace=False)
            (norm): LayerNorm((64,), eps=1e-05, elementwise_affine=True)
          )
        )
      )
      (2): DecoderLayer(
        (self_attn): MultiHeadAttentionAwareTemporalContex_qc_kc(
          (linears): ModuleList(
            (0): Linear(in_features=64, out_features=64, bias=True)
            (1): Linear(in_features=64, out_features=64, bias=True)
          )
          (conv1Ds_aware_temporal_context): ModuleList(
            (0): Conv2d(64, 64, kernel_size=(1, 3), stride=(1, 1), padding=(0, 2))
            (1): Conv2d(64, 64, kernel_size=(1, 3), stride=(1, 1), padding=(0, 2))
          )
          (dropout): Dropout(p=0.0, inplace=False)
          (attn_ic): Attention_IC(
            (DAT): DynamicAttentionLayer(
              (dropout): Dropout(p=0.0, inplace=False)
            )
          )
        )
        (src_attn): MultiHeadAttentionAwareTemporalContex_qc_k1d(
          (linears): ModuleList(
            (0): Linear(in_features=64, out_features=64, bias=True)
            (1): Linear(in_features=64, out_features=64, bias=True)
          )
          (query_conv1Ds_aware_temporal_context): Conv2d(64, 64, kernel_size=(1, 3), stride=(1, 1), padding=(0, 2))
          (key_conv1Ds_aware_temporal_context): Conv2d(64, 64, kernel_size=(1, 3), stride=(1, 1), padding=(0, 1))
          (dropout): Dropout(p=0.0, inplace=False)
          (attn_ic): Attention_IC(
            (DAT): DynamicAttentionLayer(
              (dropout): Dropout(p=0.0, inplace=False)
            )
          )
        )
        (feed_forward_gcn): PositionWiseGCNFeedForward(
          (gcn): spatialAttentionScaledGCN(
            (Theta): Linear(in_features=64, out_features=64, bias=False)
            (SAt): Spatial_Attention_layer(
              (dropout): Dropout(p=0.0, inplace=False)
            )
          )
          (dropout): Dropout(p=0.0, inplace=False)
        )
        (sublayer): ModuleList(
          (0): SublayerConnection(
            (dropout): Dropout(p=0.0, inplace=False)
            (norm): LayerNorm((64,), eps=1e-05, elementwise_affine=True)
          )
          (1): SublayerConnection(
            (dropout): Dropout(p=0.0, inplace=False)
            (norm): LayerNorm((64,), eps=1e-05, elementwise_affine=True)
          )
          (2): SublayerConnection(
            (dropout): Dropout(p=0.0, inplace=False)
            (norm): LayerNorm((64,), eps=1e-05, elementwise_affine=True)
          )
        )
      )
      (3): DecoderLayer(
        (self_attn): MultiHeadAttentionAwareTemporalContex_qc_kc(
          (linears): ModuleList(
            (0): Linear(in_features=64, out_features=64, bias=True)
            (1): Linear(in_features=64, out_features=64, bias=True)
          )
          (conv1Ds_aware_temporal_context): ModuleList(
            (0): Conv2d(64, 64, kernel_size=(1, 3), stride=(1, 1), padding=(0, 2))
            (1): Conv2d(64, 64, kernel_size=(1, 3), stride=(1, 1), padding=(0, 2))
          )
          (dropout): Dropout(p=0.0, inplace=False)
          (attn_ic): Attention_IC(
            (DAT): DynamicAttentionLayer(
              (dropout): Dropout(p=0.0, inplace=False)
            )
          )
        )
        (src_attn): MultiHeadAttentionAwareTemporalContex_qc_k1d(
          (linears): ModuleList(
            (0): Linear(in_features=64, out_features=64, bias=True)
            (1): Linear(in_features=64, out_features=64, bias=True)
          )
          (query_conv1Ds_aware_temporal_context): Conv2d(64, 64, kernel_size=(1, 3), stride=(1, 1), padding=(0, 2))
          (key_conv1Ds_aware_temporal_context): Conv2d(64, 64, kernel_size=(1, 3), stride=(1, 1), padding=(0, 1))
          (dropout): Dropout(p=0.0, inplace=False)
          (attn_ic): Attention_IC(
            (DAT): DynamicAttentionLayer(
              (dropout): Dropout(p=0.0, inplace=False)
            )
          )
        )
        (feed_forward_gcn): PositionWiseGCNFeedForward(
          (gcn): spatialAttentionScaledGCN(
            (Theta): Linear(in_features=64, out_features=64, bias=False)
            (SAt): Spatial_Attention_layer(
              (dropout): Dropout(p=0.0, inplace=False)
            )
          )
          (dropout): Dropout(p=0.0, inplace=False)
        )
        (sublayer): ModuleList(
          (0): SublayerConnection(
            (dropout): Dropout(p=0.0, inplace=False)
            (norm): LayerNorm((64,), eps=1e-05, elementwise_affine=True)
          )
          (1): SublayerConnection(
            (dropout): Dropout(p=0.0, inplace=False)
            (norm): LayerNorm((64,), eps=1e-05, elementwise_affine=True)
          )
          (2): SublayerConnection(
            (dropout): Dropout(p=0.0, inplace=False)
            (norm): LayerNorm((64,), eps=1e-05, elementwise_affine=True)
          )
        )
      )
    )
    (norm): LayerNorm((64,), eps=1e-05, elementwise_affine=True)
  )
  (src_embed): Sequential(
    (0): Linear(in_features=1, out_features=64, bias=True)
    (1): TemporalPositionalEncoding(
      (dropout): Dropout(p=0.0, inplace=False)
    )
    (2): SpatialPositionalEncoding(
      (dropout): Dropout(p=0.0, inplace=False)
      (embedding): Embedding(80, 64)
      (gcn_smooth_layers): ModuleList(
        (0): GCN(
          (Theta): Linear(in_features=64, out_features=64, bias=False)
        )
      )
    )
  )
  (trg_embed): Sequential(
    (0): Linear(in_features=1, out_features=64, bias=True)
    (1): TemporalPositionalEncoding(
      (dropout): Dropout(p=0.0, inplace=False)
    )
    (2): SpatialPositionalEncoding(
      (dropout): Dropout(p=0.0, inplace=False)
      (embedding): Embedding(80, 64)
      (gcn_smooth_layers): ModuleList(
        (0): GCN(
          (Theta): Linear(in_features=64, out_features=64, bias=False)
        )
      )
    )
  )
  (prediction_generator): Linear(in_features=64, out_features=1, bias=True)
)
create params directory ../experiments/HZME_OUTFLOW/MAE_ASTGNN_h1d1w0_layer4_head8_dm64_channel1_dir2_drop0.00_1.00e-03_B16_K5_TcontextScaledSAtSE1TE
Net's state_dict:
encoder.layers.0.self_attn.linears.0.weight 	 torch.Size([64, 64])
encoder.layers.0.self_attn.linears.0.bias 	 torch.Size([64])
encoder.layers.0.self_attn.linears.1.weight 	 torch.Size([64, 64])
encoder.layers.0.self_attn.linears.1.bias 	 torch.Size([64])
encoder.layers.0.self_attn.conv1Ds_aware_temporal_context.0.weight 	 torch.Size([64, 64, 1, 3])
encoder.layers.0.self_attn.conv1Ds_aware_temporal_context.0.bias 	 torch.Size([64])
encoder.layers.0.self_attn.conv1Ds_aware_temporal_context.1.weight 	 torch.Size([64, 64, 1, 3])
encoder.layers.0.self_attn.conv1Ds_aware_temporal_context.1.bias 	 torch.Size([64])
encoder.layers.0.feed_forward_gcn.gcn.alpha 	 torch.Size([1])
encoder.layers.0.feed_forward_gcn.gcn.beta 	 torch.Size([1])
encoder.layers.0.feed_forward_gcn.gcn.Theta.weight 	 torch.Size([64, 64])
encoder.layers.0.sublayer.0.norm.weight 	 torch.Size([64])
encoder.layers.0.sublayer.0.norm.bias 	 torch.Size([64])
encoder.layers.0.sublayer.1.norm.weight 	 torch.Size([64])
encoder.layers.0.sublayer.1.norm.bias 	 torch.Size([64])
encoder.layers.1.self_attn.linears.0.weight 	 torch.Size([64, 64])
encoder.layers.1.self_attn.linears.0.bias 	 torch.Size([64])
encoder.layers.1.self_attn.linears.1.weight 	 torch.Size([64, 64])
encoder.layers.1.self_attn.linears.1.bias 	 torch.Size([64])
encoder.layers.1.self_attn.conv1Ds_aware_temporal_context.0.weight 	 torch.Size([64, 64, 1, 3])
encoder.layers.1.self_attn.conv1Ds_aware_temporal_context.0.bias 	 torch.Size([64])
encoder.layers.1.self_attn.conv1Ds_aware_temporal_context.1.weight 	 torch.Size([64, 64, 1, 3])
encoder.layers.1.self_attn.conv1Ds_aware_temporal_context.1.bias 	 torch.Size([64])
encoder.layers.1.feed_forward_gcn.gcn.alpha 	 torch.Size([1])
encoder.layers.1.feed_forward_gcn.gcn.beta 	 torch.Size([1])
encoder.layers.1.feed_forward_gcn.gcn.Theta.weight 	 torch.Size([64, 64])
encoder.layers.1.sublayer.0.norm.weight 	 torch.Size([64])
encoder.layers.1.sublayer.0.norm.bias 	 torch.Size([64])
encoder.layers.1.sublayer.1.norm.weight 	 torch.Size([64])
encoder.layers.1.sublayer.1.norm.bias 	 torch.Size([64])
encoder.layers.2.self_attn.linears.0.weight 	 torch.Size([64, 64])
encoder.layers.2.self_attn.linears.0.bias 	 torch.Size([64])
encoder.layers.2.self_attn.linears.1.weight 	 torch.Size([64, 64])
encoder.layers.2.self_attn.linears.1.bias 	 torch.Size([64])
encoder.layers.2.self_attn.conv1Ds_aware_temporal_context.0.weight 	 torch.Size([64, 64, 1, 3])
encoder.layers.2.self_attn.conv1Ds_aware_temporal_context.0.bias 	 torch.Size([64])
encoder.layers.2.self_attn.conv1Ds_aware_temporal_context.1.weight 	 torch.Size([64, 64, 1, 3])
encoder.layers.2.self_attn.conv1Ds_aware_temporal_context.1.bias 	 torch.Size([64])
encoder.layers.2.feed_forward_gcn.gcn.alpha 	 torch.Size([1])
encoder.layers.2.feed_forward_gcn.gcn.beta 	 torch.Size([1])
encoder.layers.2.feed_forward_gcn.gcn.Theta.weight 	 torch.Size([64, 64])
encoder.layers.2.sublayer.0.norm.weight 	 torch.Size([64])
encoder.layers.2.sublayer.0.norm.bias 	 torch.Size([64])
encoder.layers.2.sublayer.1.norm.weight 	 torch.Size([64])
encoder.layers.2.sublayer.1.norm.bias 	 torch.Size([64])
encoder.layers.3.self_attn.linears.0.weight 	 torch.Size([64, 64])
encoder.layers.3.self_attn.linears.0.bias 	 torch.Size([64])
encoder.layers.3.self_attn.linears.1.weight 	 torch.Size([64, 64])
encoder.layers.3.self_attn.linears.1.bias 	 torch.Size([64])
encoder.layers.3.self_attn.conv1Ds_aware_temporal_context.0.weight 	 torch.Size([64, 64, 1, 3])
encoder.layers.3.self_attn.conv1Ds_aware_temporal_context.0.bias 	 torch.Size([64])
encoder.layers.3.self_attn.conv1Ds_aware_temporal_context.1.weight 	 torch.Size([64, 64, 1, 3])
encoder.layers.3.self_attn.conv1Ds_aware_temporal_context.1.bias 	 torch.Size([64])
encoder.layers.3.feed_forward_gcn.gcn.alpha 	 torch.Size([1])
encoder.layers.3.feed_forward_gcn.gcn.beta 	 torch.Size([1])
encoder.layers.3.feed_forward_gcn.gcn.Theta.weight 	 torch.Size([64, 64])
encoder.layers.3.sublayer.0.norm.weight 	 torch.Size([64])
encoder.layers.3.sublayer.0.norm.bias 	 torch.Size([64])
encoder.layers.3.sublayer.1.norm.weight 	 torch.Size([64])
encoder.layers.3.sublayer.1.norm.bias 	 torch.Size([64])
encoder.norm.weight 	 torch.Size([64])
encoder.norm.bias 	 torch.Size([64])
decoder.layers.0.self_attn.linears.0.weight 	 torch.Size([64, 64])
decoder.layers.0.self_attn.linears.0.bias 	 torch.Size([64])
decoder.layers.0.self_attn.linears.1.weight 	 torch.Size([64, 64])
decoder.layers.0.self_attn.linears.1.bias 	 torch.Size([64])
decoder.layers.0.self_attn.conv1Ds_aware_temporal_context.0.weight 	 torch.Size([64, 64, 1, 3])
decoder.layers.0.self_attn.conv1Ds_aware_temporal_context.0.bias 	 torch.Size([64])
decoder.layers.0.self_attn.conv1Ds_aware_temporal_context.1.weight 	 torch.Size([64, 64, 1, 3])
decoder.layers.0.self_attn.conv1Ds_aware_temporal_context.1.bias 	 torch.Size([64])
decoder.layers.0.src_attn.linears.0.weight 	 torch.Size([64, 64])
decoder.layers.0.src_attn.linears.0.bias 	 torch.Size([64])
decoder.layers.0.src_attn.linears.1.weight 	 torch.Size([64, 64])
decoder.layers.0.src_attn.linears.1.bias 	 torch.Size([64])
decoder.layers.0.src_attn.query_conv1Ds_aware_temporal_context.weight 	 torch.Size([64, 64, 1, 3])
decoder.layers.0.src_attn.query_conv1Ds_aware_temporal_context.bias 	 torch.Size([64])
decoder.layers.0.src_attn.key_conv1Ds_aware_temporal_context.weight 	 torch.Size([64, 64, 1, 3])
decoder.layers.0.src_attn.key_conv1Ds_aware_temporal_context.bias 	 torch.Size([64])
decoder.layers.0.feed_forward_gcn.gcn.alpha 	 torch.Size([1])
decoder.layers.0.feed_forward_gcn.gcn.beta 	 torch.Size([1])
decoder.layers.0.feed_forward_gcn.gcn.Theta.weight 	 torch.Size([64, 64])
decoder.layers.0.sublayer.0.norm.weight 	 torch.Size([64])
decoder.layers.0.sublayer.0.norm.bias 	 torch.Size([64])
decoder.layers.0.sublayer.1.norm.weight 	 torch.Size([64])
decoder.layers.0.sublayer.1.norm.bias 	 torch.Size([64])
decoder.layers.0.sublayer.2.norm.weight 	 torch.Size([64])
decoder.layers.0.sublayer.2.norm.bias 	 torch.Size([64])
decoder.layers.1.self_attn.linears.0.weight 	 torch.Size([64, 64])
decoder.layers.1.self_attn.linears.0.bias 	 torch.Size([64])
decoder.layers.1.self_attn.linears.1.weight 	 torch.Size([64, 64])
decoder.layers.1.self_attn.linears.1.bias 	 torch.Size([64])
decoder.layers.1.self_attn.conv1Ds_aware_temporal_context.0.weight 	 torch.Size([64, 64, 1, 3])
decoder.layers.1.self_attn.conv1Ds_aware_temporal_context.0.bias 	 torch.Size([64])
decoder.layers.1.self_attn.conv1Ds_aware_temporal_context.1.weight 	 torch.Size([64, 64, 1, 3])
decoder.layers.1.self_attn.conv1Ds_aware_temporal_context.1.bias 	 torch.Size([64])
decoder.layers.1.src_attn.linears.0.weight 	 torch.Size([64, 64])
decoder.layers.1.src_attn.linears.0.bias 	 torch.Size([64])
decoder.layers.1.src_attn.linears.1.weight 	 torch.Size([64, 64])
decoder.layers.1.src_attn.linears.1.bias 	 torch.Size([64])
decoder.layers.1.src_attn.query_conv1Ds_aware_temporal_context.weight 	 torch.Size([64, 64, 1, 3])
decoder.layers.1.src_attn.query_conv1Ds_aware_temporal_context.bias 	 torch.Size([64])
decoder.layers.1.src_attn.key_conv1Ds_aware_temporal_context.weight 	 torch.Size([64, 64, 1, 3])
decoder.layers.1.src_attn.key_conv1Ds_aware_temporal_context.bias 	 torch.Size([64])
decoder.layers.1.feed_forward_gcn.gcn.alpha 	 torch.Size([1])
decoder.layers.1.feed_forward_gcn.gcn.beta 	 torch.Size([1])
decoder.layers.1.feed_forward_gcn.gcn.Theta.weight 	 torch.Size([64, 64])
decoder.layers.1.sublayer.0.norm.weight 	 torch.Size([64])
decoder.layers.1.sublayer.0.norm.bias 	 torch.Size([64])
decoder.layers.1.sublayer.1.norm.weight 	 torch.Size([64])
decoder.layers.1.sublayer.1.norm.bias 	 torch.Size([64])
decoder.layers.1.sublayer.2.norm.weight 	 torch.Size([64])
decoder.layers.1.sublayer.2.norm.bias 	 torch.Size([64])
decoder.layers.2.self_attn.linears.0.weight 	 torch.Size([64, 64])
decoder.layers.2.self_attn.linears.0.bias 	 torch.Size([64])
decoder.layers.2.self_attn.linears.1.weight 	 torch.Size([64, 64])
decoder.layers.2.self_attn.linears.1.bias 	 torch.Size([64])
decoder.layers.2.self_attn.conv1Ds_aware_temporal_context.0.weight 	 torch.Size([64, 64, 1, 3])
decoder.layers.2.self_attn.conv1Ds_aware_temporal_context.0.bias 	 torch.Size([64])
decoder.layers.2.self_attn.conv1Ds_aware_temporal_context.1.weight 	 torch.Size([64, 64, 1, 3])
decoder.layers.2.self_attn.conv1Ds_aware_temporal_context.1.bias 	 torch.Size([64])
decoder.layers.2.src_attn.linears.0.weight 	 torch.Size([64, 64])
decoder.layers.2.src_attn.linears.0.bias 	 torch.Size([64])
decoder.layers.2.src_attn.linears.1.weight 	 torch.Size([64, 64])
decoder.layers.2.src_attn.linears.1.bias 	 torch.Size([64])
decoder.layers.2.src_attn.query_conv1Ds_aware_temporal_context.weight 	 torch.Size([64, 64, 1, 3])
decoder.layers.2.src_attn.query_conv1Ds_aware_temporal_context.bias 	 torch.Size([64])
decoder.layers.2.src_attn.key_conv1Ds_aware_temporal_context.weight 	 torch.Size([64, 64, 1, 3])
decoder.layers.2.src_attn.key_conv1Ds_aware_temporal_context.bias 	 torch.Size([64])
decoder.layers.2.feed_forward_gcn.gcn.alpha 	 torch.Size([1])
decoder.layers.2.feed_forward_gcn.gcn.beta 	 torch.Size([1])
decoder.layers.2.feed_forward_gcn.gcn.Theta.weight 	 torch.Size([64, 64])
decoder.layers.2.sublayer.0.norm.weight 	 torch.Size([64])
decoder.layers.2.sublayer.0.norm.bias 	 torch.Size([64])
decoder.layers.2.sublayer.1.norm.weight 	 torch.Size([64])
decoder.layers.2.sublayer.1.norm.bias 	 torch.Size([64])
decoder.layers.2.sublayer.2.norm.weight 	 torch.Size([64])
decoder.layers.2.sublayer.2.norm.bias 	 torch.Size([64])
decoder.layers.3.self_attn.linears.0.weight 	 torch.Size([64, 64])
decoder.layers.3.self_attn.linears.0.bias 	 torch.Size([64])
decoder.layers.3.self_attn.linears.1.weight 	 torch.Size([64, 64])
decoder.layers.3.self_attn.linears.1.bias 	 torch.Size([64])
decoder.layers.3.self_attn.conv1Ds_aware_temporal_context.0.weight 	 torch.Size([64, 64, 1, 3])
decoder.layers.3.self_attn.conv1Ds_aware_temporal_context.0.bias 	 torch.Size([64])
decoder.layers.3.self_attn.conv1Ds_aware_temporal_context.1.weight 	 torch.Size([64, 64, 1, 3])
decoder.layers.3.self_attn.conv1Ds_aware_temporal_context.1.bias 	 torch.Size([64])
decoder.layers.3.src_attn.linears.0.weight 	 torch.Size([64, 64])
decoder.layers.3.src_attn.linears.0.bias 	 torch.Size([64])
decoder.layers.3.src_attn.linears.1.weight 	 torch.Size([64, 64])
decoder.layers.3.src_attn.linears.1.bias 	 torch.Size([64])
decoder.layers.3.src_attn.query_conv1Ds_aware_temporal_context.weight 	 torch.Size([64, 64, 1, 3])
decoder.layers.3.src_attn.query_conv1Ds_aware_temporal_context.bias 	 torch.Size([64])
decoder.layers.3.src_attn.key_conv1Ds_aware_temporal_context.weight 	 torch.Size([64, 64, 1, 3])
decoder.layers.3.src_attn.key_conv1Ds_aware_temporal_context.bias 	 torch.Size([64])
decoder.layers.3.feed_forward_gcn.gcn.alpha 	 torch.Size([1])
decoder.layers.3.feed_forward_gcn.gcn.beta 	 torch.Size([1])
decoder.layers.3.feed_forward_gcn.gcn.Theta.weight 	 torch.Size([64, 64])
decoder.layers.3.sublayer.0.norm.weight 	 torch.Size([64])
decoder.layers.3.sublayer.0.norm.bias 	 torch.Size([64])
decoder.layers.3.sublayer.1.norm.weight 	 torch.Size([64])
decoder.layers.3.sublayer.1.norm.bias 	 torch.Size([64])
decoder.layers.3.sublayer.2.norm.weight 	 torch.Size([64])
decoder.layers.3.sublayer.2.norm.bias 	 torch.Size([64])
decoder.norm.weight 	 torch.Size([64])
decoder.norm.bias 	 torch.Size([64])
src_embed.0.weight 	 torch.Size([64, 1])
src_embed.0.bias 	 torch.Size([64])
src_embed.1.pe 	 torch.Size([1, 1, 288, 64])
src_embed.2.embedding.weight 	 torch.Size([80, 64])
src_embed.2.gcn_smooth_layers.0.alpha 	 torch.Size([1])
src_embed.2.gcn_smooth_layers.0.beta 	 torch.Size([1])
src_embed.2.gcn_smooth_layers.0.Theta.weight 	 torch.Size([64, 64])
trg_embed.0.weight 	 torch.Size([64, 1])
trg_embed.0.bias 	 torch.Size([64])
trg_embed.1.pe 	 torch.Size([1, 1, 12, 64])
trg_embed.2.embedding.weight 	 torch.Size([80, 64])
trg_embed.2.gcn_smooth_layers.0.alpha 	 torch.Size([1])
trg_embed.2.gcn_smooth_layers.0.beta 	 torch.Size([1])
trg_embed.2.gcn_smooth_layers.0.Theta.weight 	 torch.Size([64, 64])
prediction_generator.weight 	 torch.Size([1, 64])
prediction_generator.bias 	 torch.Size([1])
Net's total params: 469845
Optimizer's state_dict:
state 	 {}
param_groups 	 [{'lr': 0.001, 'betas': (0.9, 0.999), 'eps': 1e-08, 'weight_decay': 0, 'amsgrad': False, 'params': [0, 1, 2, 3, 4, 5, 6, 7, 8, 9, 10, 11, 12, 13, 14, 15, 16, 17, 18, 19, 20, 21, 22, 23, 24, 25, 26, 27, 28, 29, 30, 31, 32, 33, 34, 35, 36, 37, 38, 39, 40, 41, 42, 43, 44, 45, 46, 47, 48, 49, 50, 51, 52, 53, 54, 55, 56, 57, 58, 59, 60, 61, 62, 63, 64, 65, 66, 67, 68, 69, 70, 71, 72, 73, 74, 75, 76, 77, 78, 79, 80, 81, 82, 83, 84, 85, 86, 87, 88, 89, 90, 91, 92, 93, 94, 95, 96, 97, 98, 99, 100, 101, 102, 103, 104, 105, 106, 107, 108, 109, 110, 111, 112, 113, 114, 115, 116, 117, 118, 119, 120, 121, 122, 123, 124, 125, 126, 127, 128, 129, 130, 131, 132, 133, 134, 135, 136, 137, 138, 139, 140, 141, 142, 143, 144, 145, 146, 147, 148, 149, 150, 151, 152, 153, 154, 155, 156, 157, 158, 159, 160, 161, 162, 163, 164, 165, 166, 167, 168, 169, 170, 171, 172, 173, 174, 175, 176, 177]}]
validation batch 1 / 3, loss: 2.14
validation cost time: 9.4662s
save parameters to file: ../experiments/HZME_OUTFLOW/MAE_ASTGNN_h1d1w0_layer4_head8_dm64_channel1_dir2_drop0.00_1.00e-03_B16_K5_TcontextScaledSAtSE1TE/epoch_0.params
epoch: 0, train time every whole data:24.15s
epoch: 0, total time:33.63s
validation batch 1 / 3, loss: 0.10
validation cost time: 8.7938s
save parameters to file: ../experiments/HZME_OUTFLOW/MAE_ASTGNN_h1d1w0_layer4_head8_dm64_channel1_dir2_drop0.00_1.00e-03_B16_K5_TcontextScaledSAtSE1TE/epoch_1.params
epoch: 1, train time every whole data:24.10s
epoch: 1, total time:66.54s
validation batch 1 / 3, loss: 0.06
validation cost time: 8.7939s
save parameters to file: ../experiments/HZME_OUTFLOW/MAE_ASTGNN_h1d1w0_layer4_head8_dm64_channel1_dir2_drop0.00_1.00e-03_B16_K5_TcontextScaledSAtSE1TE/epoch_2.params
epoch: 2, train time every whole data:24.04s
epoch: 2, total time:99.38s
validation batch 1 / 3, loss: 0.13
validation cost time: 8.7906s
epoch: 3, train time every whole data:24.04s
epoch: 3, total time:132.22s
validation batch 1 / 3, loss: 0.04
validation cost time: 8.7933s
save parameters to file: ../experiments/HZME_OUTFLOW/MAE_ASTGNN_h1d1w0_layer4_head8_dm64_channel1_dir2_drop0.00_1.00e-03_B16_K5_TcontextScaledSAtSE1TE/epoch_4.params
epoch: 4, train time every whole data:24.06s
epoch: 4, total time:165.08s
validation batch 1 / 3, loss: 0.10
validation cost time: 8.7933s
epoch: 5, train time every whole data:24.03s
epoch: 5, total time:197.91s
validation batch 1 / 3, loss: 0.04
validation cost time: 8.7939s
save parameters to file: ../experiments/HZME_OUTFLOW/MAE_ASTGNN_h1d1w0_layer4_head8_dm64_channel1_dir2_drop0.00_1.00e-03_B16_K5_TcontextScaledSAtSE1TE/epoch_6.params
epoch: 6, train time every whole data:24.05s
epoch: 6, total time:230.77s
validation batch 1 / 3, loss: 0.03
validation cost time: 8.7934s
save parameters to file: ../experiments/HZME_OUTFLOW/MAE_ASTGNN_h1d1w0_layer4_head8_dm64_channel1_dir2_drop0.00_1.00e-03_B16_K5_TcontextScaledSAtSE1TE/epoch_7.params
epoch: 7, train time every whole data:24.05s
epoch: 7, total time:263.63s
validation batch 1 / 3, loss: 0.11
validation cost time: 8.7952s
epoch: 8, train time every whole data:24.04s
epoch: 8, total time:296.47s
validation batch 1 / 3, loss: 0.03
validation cost time: 8.7926s
epoch: 9, train time every whole data:24.05s
epoch: 9, total time:329.31s
validation batch 1 / 3, loss: 0.03
validation cost time: 8.7926s
save parameters to file: ../experiments/HZME_OUTFLOW/MAE_ASTGNN_h1d1w0_layer4_head8_dm64_channel1_dir2_drop0.00_1.00e-03_B16_K5_TcontextScaledSAtSE1TE/epoch_10.params
epoch: 10, train time every whole data:24.04s
epoch: 10, total time:362.16s
validation batch 1 / 3, loss: 0.05
validation cost time: 8.7931s
epoch: 11, train time every whole data:24.05s
epoch: 11, total time:395.01s
validation batch 1 / 3, loss: 0.03
validation cost time: 8.7886s
epoch: 12, train time every whole data:24.03s
epoch: 12, total time:427.83s
validation batch 1 / 3, loss: 0.03
validation cost time: 8.7878s
epoch: 13, train time every whole data:24.03s
epoch: 13, total time:460.64s
validation batch 1 / 3, loss: 0.04
validation cost time: 8.7883s
epoch: 14, train time every whole data:24.03s
epoch: 14, total time:493.47s
validation batch 1 / 3, loss: 0.04
validation cost time: 8.7880s
epoch: 15, train time every whole data:24.03s
epoch: 15, total time:526.29s
validation batch 1 / 3, loss: 0.03
validation cost time: 8.8227s
epoch: 16, train time every whole data:24.03s
epoch: 16, total time:559.14s
validation batch 1 / 3, loss: 0.04
validation cost time: 8.7876s
epoch: 17, train time every whole data:24.03s
epoch: 17, total time:591.95s
validation batch 1 / 3, loss: 0.04
validation cost time: 8.7891s
epoch: 18, train time every whole data:24.03s
epoch: 18, total time:624.78s
validation batch 1 / 3, loss: 0.03
validation cost time: 8.7906s
save parameters to file: ../experiments/HZME_OUTFLOW/MAE_ASTGNN_h1d1w0_layer4_head8_dm64_channel1_dir2_drop0.00_1.00e-03_B16_K5_TcontextScaledSAtSE1TE/epoch_19.params
epoch: 19, train time every whole data:24.05s
epoch: 19, total time:657.63s
validation batch 1 / 3, loss: 0.03
validation cost time: 8.7932s
epoch: 20, train time every whole data:24.05s
epoch: 20, total time:690.47s
validation batch 1 / 3, loss: 0.03
validation cost time: 8.7927s
save parameters to file: ../experiments/HZME_OUTFLOW/MAE_ASTGNN_h1d1w0_layer4_head8_dm64_channel1_dir2_drop0.00_1.00e-03_B16_K5_TcontextScaledSAtSE1TE/epoch_21.params
epoch: 21, train time every whole data:24.04s
epoch: 21, total time:723.32s
validation batch 1 / 3, loss: 0.04
validation cost time: 8.7930s
epoch: 22, train time every whole data:24.04s
epoch: 22, total time:756.15s
validation batch 1 / 3, loss: 0.03
validation cost time: 8.7929s
epoch: 23, train time every whole data:24.05s
epoch: 23, total time:789.00s
validation batch 1 / 3, loss: 0.03
validation cost time: 8.7891s
epoch: 24, train time every whole data:24.02s
epoch: 24, total time:821.81s
validation batch 1 / 3, loss: 0.03
validation cost time: 8.7886s
epoch: 25, train time every whole data:24.02s
epoch: 25, total time:854.61s
validation batch 1 / 3, loss: 0.03
validation cost time: 8.7889s
epoch: 26, train time every whole data:24.02s
epoch: 26, total time:887.43s
validation batch 1 / 3, loss: 0.02
validation cost time: 8.7876s
save parameters to file: ../experiments/HZME_OUTFLOW/MAE_ASTGNN_h1d1w0_layer4_head8_dm64_channel1_dir2_drop0.00_1.00e-03_B16_K5_TcontextScaledSAtSE1TE/epoch_27.params
epoch: 27, train time every whole data:24.03s
epoch: 27, total time:920.26s
validation batch 1 / 3, loss: 0.04
validation cost time: 8.7894s
epoch: 28, train time every whole data:24.03s
epoch: 28, total time:953.07s
validation batch 1 / 3, loss: 0.02
validation cost time: 8.7931s
epoch: 29, train time every whole data:24.03s
epoch: 29, total time:985.90s
validation batch 1 / 3, loss: 0.02
validation cost time: 8.7881s
epoch: 30, train time every whole data:24.02s
epoch: 30, total time:1018.71s
validation batch 1 / 3, loss: 0.02
validation cost time: 8.7884s
save parameters to file: ../experiments/HZME_OUTFLOW/MAE_ASTGNN_h1d1w0_layer4_head8_dm64_channel1_dir2_drop0.00_1.00e-03_B16_K5_TcontextScaledSAtSE1TE/epoch_31.params
epoch: 31, train time every whole data:24.02s
epoch: 31, total time:1051.53s
validation batch 1 / 3, loss: 0.02
validation cost time: 8.7879s
epoch: 32, train time every whole data:24.03s
epoch: 32, total time:1084.35s
validation batch 1 / 3, loss: 0.03
validation cost time: 8.7919s
epoch: 33, train time every whole data:24.03s
epoch: 33, total time:1117.18s
validation batch 1 / 3, loss: 0.02
validation cost time: 8.7880s
epoch: 34, train time every whole data:24.03s
epoch: 34, total time:1149.99s
validation batch 1 / 3, loss: 0.04
validation cost time: 8.7884s
epoch: 35, train time every whole data:24.04s
epoch: 35, total time:1182.82s
validation batch 1 / 3, loss: 0.03
validation cost time: 8.7886s
epoch: 36, train time every whole data:24.03s
epoch: 36, total time:1215.65s
validation batch 1 / 3, loss: 0.02
validation cost time: 8.7885s
epoch: 37, train time every whole data:24.03s
epoch: 37, total time:1248.47s
validation batch 1 / 3, loss: 0.03
validation cost time: 8.7881s
epoch: 38, train time every whole data:24.04s
epoch: 38, total time:1281.30s
validation batch 1 / 3, loss: 0.03
validation cost time: 8.7892s
epoch: 39, train time every whole data:24.04s
epoch: 39, total time:1314.12s
validation batch 1 / 3, loss: 0.02
validation cost time: 8.7883s
epoch: 40, train time every whole data:24.03s
epoch: 40, total time:1346.95s
validation batch 1 / 3, loss: 0.03
validation cost time: 8.7885s
epoch: 41, train time every whole data:24.03s
epoch: 41, total time:1379.77s
validation batch 1 / 3, loss: 0.03
validation cost time: 8.7885s
epoch: 42, train time every whole data:24.03s
epoch: 42, total time:1412.59s
validation batch 1 / 3, loss: 0.03
validation cost time: 8.7880s
epoch: 43, train time every whole data:24.03s
epoch: 43, total time:1445.41s
validation batch 1 / 3, loss: 0.02
validation cost time: 8.7897s
save parameters to file: ../experiments/HZME_OUTFLOW/MAE_ASTGNN_h1d1w0_layer4_head8_dm64_channel1_dir2_drop0.00_1.00e-03_B16_K5_TcontextScaledSAtSE1TE/epoch_44.params
epoch: 44, train time every whole data:24.03s
epoch: 44, total time:1478.25s
validation batch 1 / 3, loss: 0.02
validation cost time: 8.7879s
epoch: 45, train time every whole data:24.03s
epoch: 45, total time:1511.07s
validation batch 1 / 3, loss: 0.02
validation cost time: 8.7883s
epoch: 46, train time every whole data:24.03s
epoch: 46, total time:1543.89s
validation batch 1 / 3, loss: 0.02
validation cost time: 8.7894s
epoch: 47, train time every whole data:24.04s
epoch: 47, total time:1576.72s
validation batch 1 / 3, loss: 0.02
validation cost time: 8.7879s
save parameters to file: ../experiments/HZME_OUTFLOW/MAE_ASTGNN_h1d1w0_layer4_head8_dm64_channel1_dir2_drop0.00_1.00e-03_B16_K5_TcontextScaledSAtSE1TE/epoch_48.params
epoch: 48, train time every whole data:24.03s
epoch: 48, total time:1609.56s
validation batch 1 / 3, loss: 0.02
validation cost time: 8.7884s
epoch: 49, train time every whole data:24.04s
epoch: 49, total time:1642.38s
validation batch 1 / 3, loss: 0.03
validation cost time: 8.7881s
epoch: 50, train time every whole data:24.03s
epoch: 50, total time:1675.20s
validation batch 1 / 3, loss: 0.04
validation cost time: 8.7879s
epoch: 51, train time every whole data:24.04s
epoch: 51, total time:1708.03s
validation batch 1 / 3, loss: 0.03
validation cost time: 8.7892s
epoch: 52, train time every whole data:24.03s
epoch: 52, total time:1740.85s
validation batch 1 / 3, loss: 0.02
validation cost time: 8.7881s
epoch: 53, train time every whole data:24.03s
epoch: 53, total time:1773.67s
validation batch 1 / 3, loss: 0.02
validation cost time: 8.7885s
epoch: 54, train time every whole data:24.03s
epoch: 54, total time:1806.50s
validation batch 1 / 3, loss: 0.02
validation cost time: 8.7884s
save parameters to file: ../experiments/HZME_OUTFLOW/MAE_ASTGNN_h1d1w0_layer4_head8_dm64_channel1_dir2_drop0.00_1.00e-03_B16_K5_TcontextScaledSAtSE1TE/epoch_55.params
epoch: 55, train time every whole data:24.03s
epoch: 55, total time:1839.33s
validation batch 1 / 3, loss: 0.03
validation cost time: 8.8205s
epoch: 56, train time every whole data:24.04s
epoch: 56, total time:1872.19s
validation batch 1 / 3, loss: 0.02
validation cost time: 8.7885s
epoch: 57, train time every whole data:24.03s
epoch: 57, total time:1905.01s
validation batch 1 / 3, loss: 0.03
validation cost time: 8.7898s
epoch: 58, train time every whole data:24.04s
epoch: 58, total time:1937.84s
validation batch 1 / 3, loss: 0.02
validation cost time: 8.7884s
epoch: 59, train time every whole data:24.04s
epoch: 59, total time:1970.67s
validation batch 1 / 3, loss: 0.02
validation cost time: 8.7919s
save parameters to file: ../experiments/HZME_OUTFLOW/MAE_ASTGNN_h1d1w0_layer4_head8_dm64_channel1_dir2_drop0.00_1.00e-03_B16_K5_TcontextScaledSAtSE1TE/epoch_60.params
epoch: 60, train time every whole data:24.03s
epoch: 60, total time:2003.51s
validation batch 1 / 3, loss: 0.02
validation cost time: 8.7883s
epoch: 61, train time every whole data:24.03s
epoch: 61, total time:2036.33s
validation batch 1 / 3, loss: 0.02
validation cost time: 8.7879s
epoch: 62, train time every whole data:24.03s
epoch: 62, total time:2069.14s
validation batch 1 / 3, loss: 0.02
validation cost time: 8.7900s
epoch: 63, train time every whole data:24.03s
epoch: 63, total time:2101.97s
validation batch 1 / 3, loss: 0.02
validation cost time: 8.7881s
epoch: 64, train time every whole data:24.03s
epoch: 64, total time:2134.79s
validation batch 1 / 3, loss: 0.03
validation cost time: 8.7885s
epoch: 65, train time every whole data:24.03s
epoch: 65, total time:2167.61s
validation batch 1 / 3, loss: 0.03
validation cost time: 8.7883s
epoch: 66, train time every whole data:24.03s
epoch: 66, total time:2200.43s
validation batch 1 / 3, loss: 0.02
validation cost time: 8.7882s
epoch: 67, train time every whole data:24.04s
epoch: 67, total time:2233.25s
validation batch 1 / 3, loss: 0.02
validation cost time: 8.7879s
epoch: 68, train time every whole data:24.03s
epoch: 68, total time:2266.07s
validation batch 1 / 3, loss: 0.02
validation cost time: 8.7880s
epoch: 69, train time every whole data:24.03s
epoch: 69, total time:2298.89s
validation batch 1 / 3, loss: 0.02
validation cost time: 8.7890s
epoch: 70, train time every whole data:24.03s
epoch: 70, total time:2331.71s
validation batch 1 / 3, loss: 0.02
validation cost time: 8.7882s
epoch: 71, train time every whole data:24.03s
epoch: 71, total time:2364.53s
validation batch 1 / 3, loss: 0.02
validation cost time: 8.7880s
epoch: 72, train time every whole data:24.03s
epoch: 72, total time:2397.34s
validation batch 1 / 3, loss: 0.02
validation cost time: 8.7884s
epoch: 73, train time every whole data:24.03s
epoch: 73, total time:2430.17s
validation batch 1 / 3, loss: 0.02
validation cost time: 8.7882s
epoch: 74, train time every whole data:24.03s
epoch: 74, total time:2462.98s
validation batch 1 / 3, loss: 0.02
validation cost time: 8.7883s
save parameters to file: ../experiments/HZME_OUTFLOW/MAE_ASTGNN_h1d1w0_layer4_head8_dm64_channel1_dir2_drop0.00_1.00e-03_B16_K5_TcontextScaledSAtSE1TE/epoch_75.params
epoch: 75, train time every whole data:24.03s
epoch: 75, total time:2495.82s
validation batch 1 / 3, loss: 0.03
validation cost time: 8.7883s
epoch: 76, train time every whole data:24.03s
epoch: 76, total time:2528.64s
validation batch 1 / 3, loss: 0.02
validation cost time: 8.7887s
epoch: 77, train time every whole data:24.03s
epoch: 77, total time:2561.46s
validation batch 1 / 3, loss: 0.02
validation cost time: 8.7887s
epoch: 78, train time every whole data:24.03s
epoch: 78, total time:2594.28s
validation batch 1 / 3, loss: 0.02
validation cost time: 8.7903s
epoch: 79, train time every whole data:24.03s
epoch: 79, total time:2627.11s
validation batch 1 / 3, loss: 0.02
validation cost time: 8.7881s
save parameters to file: ../experiments/HZME_OUTFLOW/MAE_ASTGNN_h1d1w0_layer4_head8_dm64_channel1_dir2_drop0.00_1.00e-03_B16_K5_TcontextScaledSAtSE1TE/epoch_80.params
epoch: 80, train time every whole data:24.03s
epoch: 80, total time:2659.94s
validation batch 1 / 3, loss: 0.02
validation cost time: 8.7884s
epoch: 81, train time every whole data:24.04s
epoch: 81, total time:2692.77s
validation batch 1 / 3, loss: 0.02
validation cost time: 8.7883s
epoch: 82, train time every whole data:24.04s
epoch: 82, total time:2725.59s
validation batch 1 / 3, loss: 0.02
validation cost time: 8.7913s
epoch: 83, train time every whole data:24.04s
epoch: 83, total time:2758.42s
validation batch 1 / 3, loss: 0.02
validation cost time: 8.7890s
epoch: 84, train time every whole data:24.03s
epoch: 84, total time:2791.25s
validation batch 1 / 3, loss: 0.02
validation cost time: 8.7881s
epoch: 85, train time every whole data:24.03s
epoch: 85, total time:2824.07s
validation batch 1 / 3, loss: 0.02
validation cost time: 8.7915s
epoch: 86, train time every whole data:24.04s
epoch: 86, total time:2856.90s
validation batch 1 / 3, loss: 0.02
validation cost time: 8.7879s
epoch: 87, train time every whole data:24.04s
epoch: 87, total time:2889.73s
validation batch 1 / 3, loss: 0.02
validation cost time: 8.7886s
epoch: 88, train time every whole data:24.04s
epoch: 88, total time:2922.56s
validation batch 1 / 3, loss: 0.02
validation cost time: 8.7887s
save parameters to file: ../experiments/HZME_OUTFLOW/MAE_ASTGNN_h1d1w0_layer4_head8_dm64_channel1_dir2_drop0.00_1.00e-03_B16_K5_TcontextScaledSAtSE1TE/epoch_89.params
epoch: 89, train time every whole data:24.04s
epoch: 89, total time:2955.40s
validation batch 1 / 3, loss: 0.02
validation cost time: 8.7883s
epoch: 90, train time every whole data:24.04s
epoch: 90, total time:2988.23s
validation batch 1 / 3, loss: 0.02
validation cost time: 8.7885s
epoch: 91, train time every whole data:24.04s
epoch: 91, total time:3021.06s
validation batch 1 / 3, loss: 0.02
validation cost time: 8.7886s
epoch: 92, train time every whole data:24.03s
epoch: 92, total time:3053.89s
validation batch 1 / 3, loss: 0.02
validation cost time: 8.7886s
epoch: 93, train time every whole data:24.04s
epoch: 93, total time:3086.72s
validation batch 1 / 3, loss: 0.02
validation cost time: 8.7899s
epoch: 94, train time every whole data:24.04s
epoch: 94, total time:3119.55s
validation batch 1 / 3, loss: 0.02
validation cost time: 8.7940s
epoch: 95, train time every whole data:24.04s
epoch: 95, total time:3152.38s
validation batch 1 / 3, loss: 0.02
validation cost time: 8.7890s
epoch: 96, train time every whole data:24.05s
epoch: 96, total time:3185.22s
validation batch 1 / 3, loss: 0.02
validation cost time: 8.7920s
epoch: 97, train time every whole data:24.04s
epoch: 97, total time:3218.05s
validation batch 1 / 3, loss: 0.02
validation cost time: 8.7931s
epoch: 98, train time every whole data:24.05s
epoch: 98, total time:3250.89s
validation batch 1 / 3, loss: 0.02
validation cost time: 8.7891s
epoch: 99, train time every whole data:24.04s
epoch: 99, total time:3283.72s
best epoch: 89
apply the best val model on the test data set ...
load weight from: ../experiments/HZME_OUTFLOW/MAE_ASTGNN_h1d1w0_layer4_head8_dm64_channel1_dir2_drop0.00_1.00e-03_B16_K5_TcontextScaledSAtSE1TE/epoch_89.params
predicting testing set batch 1 / 3, time: 4.17s
test time on whole data:8.79s
input: (1073, 80, 24, 1)
prediction: (1073, 80, 12, 1)
data_target_tensor: (1073, 80, 12)
current epoch: 89, predict 0 points
MAE: 13.58
RMSE: 22.84
MAPE: 40.23
current epoch: 89, predict 1 points
MAE: 14.29
RMSE: 24.11
MAPE: 47.56
current epoch: 89, predict 2 points
MAE: 14.28
RMSE: 24.08
MAPE: 46.95
current epoch: 89, predict 3 points
MAE: 14.70
RMSE: 25.15
MAPE: 46.97
current epoch: 89, predict 4 points
MAE: 15.05
RMSE: 25.90
MAPE: 50.40
current epoch: 89, predict 5 points
MAE: 15.27
RMSE: 26.29
MAPE: 51.44
current epoch: 89, predict 6 points
MAE: 15.41
RMSE: 26.53
MAPE: 51.79
current epoch: 89, predict 7 points
MAE: 15.50
RMSE: 27.05
MAPE: 51.72
current epoch: 89, predict 8 points
MAE: 15.67
RMSE: 27.30
MAPE: 52.87
current epoch: 89, predict 9 points
MAE: 15.86
RMSE: 27.67
MAPE: 53.52
current epoch: 89, predict 10 points
MAE: 15.90
RMSE: 27.84
MAPE: 53.28
current epoch: 89, predict 11 points
MAE: 16.17
RMSE: 28.24
MAPE: 51.39
all MAE: 15.14
all RMSE: 26.13
all MAPE: 49.82
[13.579068, 22.844488755581864, 40.23497998714447, 14.29408, 24.107700292207596, 47.56115972995758, 14.282611, 24.081505025171158, 46.95132374763489, 14.7030735, 25.15026738838041, 46.97014391422272, 15.053467, 25.89688084499753, 50.40012001991272, 15.270288, 26.28776115835561, 51.44306421279907, 15.4088955, 26.529707469513657, 51.790302991867065, 15.500384, 27.047093893539422, 51.72094106674194, 15.673904, 27.304583556669108, 52.87398099899292, 15.861036, 27.674631956111902, 53.524601459503174, 15.899869, 27.83656788684176, 53.2808780670166, 16.172104, 28.237809783465636, 51.39385461807251, 15.141566, 26.13466104261733, 49.8159795999527]
fine tune the model ... 
epoch: 100, train time every whole data:55.95s
epoch: 100, total time:3348.60s
validation batch 1 / 3, loss: 0.02
validation cost time: 8.8213s
save parameters to file: ../experiments/HZME_OUTFLOW/MAE_ASTGNN_h1d1w0_layer4_head8_dm64_channel1_dir2_drop0.00_1.00e-03_B16_K5_TcontextScaledSAtSE1TE/epoch_100.params
epoch: 101, train time every whole data:55.94s
epoch: 101, total time:3413.37s
validation batch 1 / 3, loss: 0.02
validation cost time: 8.7894s
save parameters to file: ../experiments/HZME_OUTFLOW/MAE_ASTGNN_h1d1w0_layer4_head8_dm64_channel1_dir2_drop0.00_1.00e-03_B16_K5_TcontextScaledSAtSE1TE/epoch_101.params
epoch: 102, train time every whole data:55.89s
epoch: 102, total time:3478.07s
validation batch 1 / 3, loss: 0.02
validation cost time: 8.7896s
save parameters to file: ../experiments/HZME_OUTFLOW/MAE_ASTGNN_h1d1w0_layer4_head8_dm64_channel1_dir2_drop0.00_1.00e-03_B16_K5_TcontextScaledSAtSE1TE/epoch_102.params
epoch: 103, train time every whole data:55.91s
epoch: 103, total time:3542.78s
validation batch 1 / 3, loss: 0.02
validation cost time: 8.7890s
epoch: 104, train time every whole data:55.90s
epoch: 104, total time:3607.47s
validation batch 1 / 3, loss: 0.02
validation cost time: 8.7955s
epoch: 105, train time every whole data:55.91s
epoch: 105, total time:3672.17s
validation batch 1 / 3, loss: 0.02
validation cost time: 8.7898s
epoch: 106, train time every whole data:55.89s
epoch: 106, total time:3736.85s
validation batch 1 / 3, loss: 0.02
validation cost time: 8.7885s
save parameters to file: ../experiments/HZME_OUTFLOW/MAE_ASTGNN_h1d1w0_layer4_head8_dm64_channel1_dir2_drop0.00_1.00e-03_B16_K5_TcontextScaledSAtSE1TE/epoch_106.params
epoch: 107, train time every whole data:55.90s
epoch: 107, total time:3801.55s
validation batch 1 / 3, loss: 0.02
validation cost time: 8.7895s
epoch: 108, train time every whole data:55.90s
epoch: 108, total time:3866.25s
validation batch 1 / 3, loss: 0.02
validation cost time: 8.7893s
epoch: 109, train time every whole data:55.90s
epoch: 109, total time:3930.93s
validation batch 1 / 3, loss: 0.02
validation cost time: 8.7891s
save parameters to file: ../experiments/HZME_OUTFLOW/MAE_ASTGNN_h1d1w0_layer4_head8_dm64_channel1_dir2_drop0.00_1.00e-03_B16_K5_TcontextScaledSAtSE1TE/epoch_109.params
epoch: 110, train time every whole data:55.90s
epoch: 110, total time:3995.64s
validation batch 1 / 3, loss: 0.02
validation cost time: 8.7889s
epoch: 111, train time every whole data:55.89s
epoch: 111, total time:4060.32s
validation batch 1 / 3, loss: 0.02
validation cost time: 8.7892s
save parameters to file: ../experiments/HZME_OUTFLOW/MAE_ASTGNN_h1d1w0_layer4_head8_dm64_channel1_dir2_drop0.00_1.00e-03_B16_K5_TcontextScaledSAtSE1TE/epoch_111.params
epoch: 112, train time every whole data:55.93s
epoch: 112, total time:4125.04s
validation batch 1 / 3, loss: 0.02
validation cost time: 8.7890s
epoch: 113, train time every whole data:55.92s
epoch: 113, total time:4189.75s
validation batch 1 / 3, loss: 0.02
validation cost time: 8.7904s
epoch: 114, train time every whole data:55.89s
epoch: 114, total time:4254.43s
validation batch 1 / 3, loss: 0.02
validation cost time: 8.7892s
epoch: 115, train time every whole data:55.89s
epoch: 115, total time:4319.12s
validation batch 1 / 3, loss: 0.02
validation cost time: 8.7898s
epoch: 116, train time every whole data:55.90s
epoch: 116, total time:4383.81s
validation batch 1 / 3, loss: 0.02
validation cost time: 8.7895s
epoch: 117, train time every whole data:55.89s
epoch: 117, total time:4448.49s
validation batch 1 / 3, loss: 0.02
validation cost time: 8.7890s
epoch: 118, train time every whole data:55.88s
epoch: 118, total time:4513.16s
validation batch 1 / 3, loss: 0.02
validation cost time: 8.7891s
epoch: 119, train time every whole data:55.86s
epoch: 119, total time:4577.81s
validation batch 1 / 3, loss: 0.02
validation cost time: 8.7945s
epoch: 120, train time every whole data:55.89s
epoch: 120, total time:4642.50s
validation batch 1 / 3, loss: 0.02
validation cost time: 8.7905s
epoch: 121, train time every whole data:55.90s
epoch: 121, total time:4707.20s
validation batch 1 / 3, loss: 0.02
validation cost time: 8.7932s
epoch: 122, train time every whole data:55.91s
epoch: 122, total time:4771.90s
validation batch 1 / 3, loss: 0.02
validation cost time: 8.7889s
save parameters to file: ../experiments/HZME_OUTFLOW/MAE_ASTGNN_h1d1w0_layer4_head8_dm64_channel1_dir2_drop0.00_1.00e-03_B16_K5_TcontextScaledSAtSE1TE/epoch_122.params
epoch: 123, train time every whole data:55.90s
epoch: 123, total time:4836.60s
validation batch 1 / 3, loss: 0.02
validation cost time: 8.7886s
save parameters to file: ../experiments/HZME_OUTFLOW/MAE_ASTGNN_h1d1w0_layer4_head8_dm64_channel1_dir2_drop0.00_1.00e-03_B16_K5_TcontextScaledSAtSE1TE/epoch_123.params
epoch: 124, train time every whole data:55.87s
epoch: 124, total time:4901.27s
validation batch 1 / 3, loss: 0.02
validation cost time: 8.7892s
epoch: 125, train time every whole data:55.91s
epoch: 125, total time:4965.98s
validation batch 1 / 3, loss: 0.02
validation cost time: 8.7892s
epoch: 126, train time every whole data:55.91s
epoch: 126, total time:5030.68s
validation batch 1 / 3, loss: 0.02
validation cost time: 8.7889s
epoch: 127, train time every whole data:55.92s
epoch: 127, total time:5095.39s
validation batch 1 / 3, loss: 0.02
validation cost time: 8.7885s
epoch: 128, train time every whole data:55.89s
epoch: 128, total time:5160.08s
validation batch 1 / 3, loss: 0.02
validation cost time: 8.7890s
epoch: 129, train time every whole data:55.90s
epoch: 129, total time:5224.77s
validation batch 1 / 3, loss: 0.02
validation cost time: 8.7950s
save parameters to file: ../experiments/HZME_OUTFLOW/MAE_ASTGNN_h1d1w0_layer4_head8_dm64_channel1_dir2_drop0.00_1.00e-03_B16_K5_TcontextScaledSAtSE1TE/epoch_129.params
epoch: 130, train time every whole data:55.90s
epoch: 130, total time:5289.47s
validation batch 1 / 3, loss: 0.02
validation cost time: 8.7949s
epoch: 131, train time every whole data:55.91s
epoch: 131, total time:5354.18s
validation batch 1 / 3, loss: 0.02
validation cost time: 8.7891s
epoch: 132, train time every whole data:55.91s
epoch: 132, total time:5418.88s
validation batch 1 / 3, loss: 0.02
validation cost time: 8.8217s
epoch: 133, train time every whole data:55.94s
epoch: 133, total time:5483.64s
validation batch 1 / 3, loss: 0.02
validation cost time: 8.7884s
epoch: 134, train time every whole data:55.92s
epoch: 134, total time:5548.35s
validation batch 1 / 3, loss: 0.02
validation cost time: 8.7891s
epoch: 135, train time every whole data:55.92s
epoch: 135, total time:5613.07s
validation batch 1 / 3, loss: 0.02
validation cost time: 8.7895s
epoch: 136, train time every whole data:55.90s
epoch: 136, total time:5677.76s
validation batch 1 / 3, loss: 0.02
validation cost time: 8.7888s
epoch: 137, train time every whole data:55.91s
epoch: 137, total time:5742.46s
validation batch 1 / 3, loss: 0.02
validation cost time: 8.7896s
epoch: 138, train time every whole data:55.93s
epoch: 138, total time:5807.18s
validation batch 1 / 3, loss: 0.02
validation cost time: 8.7883s
epoch: 139, train time every whole data:55.90s
epoch: 139, total time:5871.87s
validation batch 1 / 3, loss: 0.02
validation cost time: 8.7889s
epoch: 140, train time every whole data:55.90s
epoch: 140, total time:5936.56s
validation batch 1 / 3, loss: 0.02
validation cost time: 8.7892s
epoch: 141, train time every whole data:55.89s
epoch: 141, total time:6001.25s
validation batch 1 / 3, loss: 0.02
validation cost time: 8.7893s
epoch: 142, train time every whole data:55.84s
epoch: 142, total time:6065.88s
validation batch 1 / 3, loss: 0.02
validation cost time: 8.7889s
epoch: 143, train time every whole data:55.86s
epoch: 143, total time:6130.53s
validation batch 1 / 3, loss: 0.02
validation cost time: 8.7888s
epoch: 144, train time every whole data:55.85s
epoch: 144, total time:6195.16s
validation batch 1 / 3, loss: 0.02
validation cost time: 8.7887s
epoch: 145, train time every whole data:55.84s
epoch: 145, total time:6259.79s
validation batch 1 / 3, loss: 0.02
validation cost time: 8.7895s
epoch: 146, train time every whole data:55.85s
epoch: 146, total time:6324.44s
validation batch 1 / 3, loss: 0.02
validation cost time: 8.7884s
epoch: 147, train time every whole data:55.86s
epoch: 147, total time:6389.08s
validation batch 1 / 3, loss: 0.02
validation cost time: 8.7892s
epoch: 148, train time every whole data:55.82s
epoch: 148, total time:6453.69s
validation batch 1 / 3, loss: 0.02
validation cost time: 8.7889s
save parameters to file: ../experiments/HZME_OUTFLOW/MAE_ASTGNN_h1d1w0_layer4_head8_dm64_channel1_dir2_drop0.00_1.00e-03_B16_K5_TcontextScaledSAtSE1TE/epoch_148.params
epoch: 149, train time every whole data:55.86s
epoch: 149, total time:6518.36s
validation batch 1 / 3, loss: 0.02
validation cost time: 8.7891s
best epoch: 148
apply the best val model on the test data set ...
load weight from: ../experiments/HZME_OUTFLOW/MAE_ASTGNN_h1d1w0_layer4_head8_dm64_channel1_dir2_drop0.00_1.00e-03_B16_K5_TcontextScaledSAtSE1TE/epoch_148.params
predicting testing set batch 1 / 3, time: 4.17s
test time on whole data:8.80s
input: (1073, 80, 24, 1)
prediction: (1073, 80, 12, 1)
data_target_tensor: (1073, 80, 12)
current epoch: 148, predict 0 points
MAE: 13.44
RMSE: 22.66
MAPE: 39.04
current epoch: 148, predict 1 points
MAE: 14.05
RMSE: 23.90
MAPE: 45.60
current epoch: 148, predict 2 points
MAE: 14.05
RMSE: 24.02
MAPE: 45.63
current epoch: 148, predict 3 points
MAE: 14.37
RMSE: 24.70
MAPE: 46.17
current epoch: 148, predict 4 points
MAE: 14.58
RMSE: 25.27
MAPE: 48.75
current epoch: 148, predict 5 points
MAE: 14.74
RMSE: 25.60
MAPE: 49.95
current epoch: 148, predict 6 points
MAE: 14.91
RMSE: 25.96
MAPE: 49.45
current epoch: 148, predict 7 points
MAE: 14.99
RMSE: 26.29
MAPE: 49.72
current epoch: 148, predict 8 points
MAE: 15.16
RMSE: 26.70
MAPE: 50.69
current epoch: 148, predict 9 points
MAE: 15.22
RMSE: 26.84
MAPE: 51.16
current epoch: 148, predict 10 points
MAE: 15.33
RMSE: 27.14
MAPE: 51.69
current epoch: 148, predict 11 points
MAE: 15.60
RMSE: 27.68
MAPE: 53.28
all MAE: 14.70
all RMSE: 25.60
all MAPE: 48.39
[13.437113, 22.655658666852002, 39.03559744358063, 14.051966, 23.902270655326216, 45.597800612449646, 14.052084, 24.022230660743578, 45.63049674034119, 14.365229, 24.697639333990505, 46.1686909198761, 14.5752535, 25.266105727492167, 48.75135123729706, 14.739031, 25.59807441145171, 49.94686841964722, 14.913748, 25.96127369628836, 49.44990277290344, 14.985199, 26.28929118585527, 49.71965551376343, 15.161453, 26.6976113383178, 50.685614347457886, 15.224878, 26.83906572924531, 51.15918517112732, 15.328351, 27.14057664971226, 51.69423818588257, 15.596603, 27.68057722426955, 53.282856941223145, 14.702576, 25.60325034488114, 48.39383065700531]
