Thu Nov  4 10:20:07 2021       
+-----------------------------------------------------------------------------+
| NVIDIA-SMI 418.165.02   Driver Version: 418.165.02   CUDA Version: 10.1     |
|-------------------------------+----------------------+----------------------+
| GPU  Name        Persistence-M| Bus-Id        Disp.A | Volatile Uncorr. ECC |
| Fan  Temp  Perf  Pwr:Usage/Cap|         Memory-Usage | GPU-Util  Compute M. |
|===============================+======================+======================|
|   0  Tesla V100-PCIE...  Off  | 00000000:5A:00.0 Off |                    0 |
| N/A   41C    P0    41W / 250W |  17086MiB / 32480MiB |      0%      Default |
+-------------------------------+----------------------+----------------------+
|   1  Tesla V100-PCIE...  Off  | 00000000:5E:00.0 Off |                    0 |
| N/A   28C    P0    23W / 250W |     11MiB / 32480MiB |      0%      Default |
+-------------------------------+----------------------+----------------------+
|   2  Tesla V100-PCIE...  Off  | 00000000:62:00.0 Off |                    0 |
| N/A   36C    P0    82W / 250W |  14240MiB / 32480MiB |     82%      Default |
+-------------------------------+----------------------+----------------------+
|   3  Tesla V100-PCIE...  Off  | 00000000:66:00.0 Off |                    0 |
| N/A   27C    P0    23W / 250W |     12MiB / 32480MiB |      0%      Default |
+-------------------------------+----------------------+----------------------+
|   4  Tesla V100-PCIE...  Off  | 00000000:B5:00.0 Off |                    0 |
| N/A   64C    P0   130W / 250W |  14376MiB / 32480MiB |     85%      Default |
+-------------------------------+----------------------+----------------------+
|   5  Tesla V100-PCIE...  Off  | 00000000:B9:00.0 Off |                    0 |
| N/A   31C    P0    26W / 250W |     11MiB / 32480MiB |      0%      Default |
+-------------------------------+----------------------+----------------------+
|   6  Tesla V100-PCIE...  Off  | 00000000:BD:00.0 Off |                    0 |
| N/A   30C    P0    24W / 250W |     11MiB / 32480MiB |      0%      Default |
+-------------------------------+----------------------+----------------------+
|   7  Tesla V100-PCIE...  Off  | 00000000:C1:00.0 Off |                    0 |
| N/A   28C    P0    23W / 250W |     11MiB / 32480MiB |      0%      Default |
+-------------------------------+----------------------+----------------------+
                                                                               
+-----------------------------------------------------------------------------+
| Processes:                                                       GPU Memory |
|  GPU       PID   Type   Process name                             Usage      |
|=============================================================================|
|    0     10414      C   python                                     17075MiB |
|    2      7166      C   python                                     14229MiB |
|    4      4495      C   python                                     14365MiB |
+-----------------------------------------------------------------------------+
CUDA: True cuda:0
Read configuration file: /data/home/u18112042/CorrSTN/configurations/HZME_OUTFLOW_rdw-011.conf
total training epoch, fine tune epoch: 100 , 50
batch_size: 16
attention_top_k: 5
folder_dir: MAE_ASTGNN_h1d1w0_layer4_head8_dm64_channel1_dir2_drop0.00_1.00e-03_B16_K5_TcontextScaledSAtSE1TE
load file: /data/home/u18112042/CorrSTN/data/HZME_OUTFLOW/HZME_OUTFLOW_r1_d1_w0.npz
ori length: 4313 , percent: 1.0 , scale: 4313
train: torch.Size([3218, 80, 1, 24]) torch.Size([3218, 80, 12]) torch.Size([3218, 80, 12])
val: torch.Size([1073, 80, 1, 24]) torch.Size([1073, 80, 12]) torch.Size([1073, 80, 12])
test: torch.Size([1073, 80, 1, 24]) torch.Size([1073, 80, 12]) torch.Size([1073, 80, 12])
TemporalPositionalEncoding max_len: 288
w_index: []
d_index: [0, 1, 2, 3, 4, 5, 6, 7, 8, 9, 10, 11]
h_index: [276, 277, 278, 279, 280, 281, 282, 283, 284, 285, 286, 287]
en_lookup_index: [0, 1, 2, 3, 4, 5, 6, 7, 8, 9, 10, 11, 276, 277, 278, 279, 280, 281, 282, 283, 284, 285, 286, 287]
EncoderDecoder(
  (encoder): Encoder(
    (layers): ModuleList(
      (0): EncoderLayer(
        (self_attn): MultiHeadAttentionAwareTemporalContex_q1d_k1d(
          (linears): ModuleList(
            (0): Linear(in_features=64, out_features=64, bias=True)
            (1): Linear(in_features=64, out_features=64, bias=True)
          )
          (conv1Ds_aware_temporal_context): ModuleList(
            (0): Conv2d(64, 64, kernel_size=(1, 3), stride=(1, 1), padding=(0, 1))
            (1): Conv2d(64, 64, kernel_size=(1, 3), stride=(1, 1), padding=(0, 1))
          )
          (dropout): Dropout(p=0.0, inplace=False)
          (attn_ic): Attention_IC(
            (DAT): DynamicAttentionLayer(
              (dropout): Dropout(p=0.0, inplace=False)
            )
          )
        )
        (feed_forward_gcn): PositionWiseGCNFeedForward(
          (gcn): spatialAttentionScaledGCN(
            (Theta): Linear(in_features=64, out_features=64, bias=False)
            (SAt): Spatial_Attention_layer(
              (dropout): Dropout(p=0.0, inplace=False)
            )
          )
          (dropout): Dropout(p=0.0, inplace=False)
        )
        (sublayer): ModuleList(
          (0): SublayerConnection(
            (dropout): Dropout(p=0.0, inplace=False)
            (norm): LayerNorm((64,), eps=1e-05, elementwise_affine=True)
          )
          (1): SublayerConnection(
            (dropout): Dropout(p=0.0, inplace=False)
            (norm): LayerNorm((64,), eps=1e-05, elementwise_affine=True)
          )
        )
      )
      (1): EncoderLayer(
        (self_attn): MultiHeadAttentionAwareTemporalContex_q1d_k1d(
          (linears): ModuleList(
            (0): Linear(in_features=64, out_features=64, bias=True)
            (1): Linear(in_features=64, out_features=64, bias=True)
          )
          (conv1Ds_aware_temporal_context): ModuleList(
            (0): Conv2d(64, 64, kernel_size=(1, 3), stride=(1, 1), padding=(0, 1))
            (1): Conv2d(64, 64, kernel_size=(1, 3), stride=(1, 1), padding=(0, 1))
          )
          (dropout): Dropout(p=0.0, inplace=False)
          (attn_ic): Attention_IC(
            (DAT): DynamicAttentionLayer(
              (dropout): Dropout(p=0.0, inplace=False)
            )
          )
        )
        (feed_forward_gcn): PositionWiseGCNFeedForward(
          (gcn): spatialAttentionScaledGCN(
            (Theta): Linear(in_features=64, out_features=64, bias=False)
            (SAt): Spatial_Attention_layer(
              (dropout): Dropout(p=0.0, inplace=False)
            )
          )
          (dropout): Dropout(p=0.0, inplace=False)
        )
        (sublayer): ModuleList(
          (0): SublayerConnection(
            (dropout): Dropout(p=0.0, inplace=False)
            (norm): LayerNorm((64,), eps=1e-05, elementwise_affine=True)
          )
          (1): SublayerConnection(
            (dropout): Dropout(p=0.0, inplace=False)
            (norm): LayerNorm((64,), eps=1e-05, elementwise_affine=True)
          )
        )
      )
      (2): EncoderLayer(
        (self_attn): MultiHeadAttentionAwareTemporalContex_q1d_k1d(
          (linears): ModuleList(
            (0): Linear(in_features=64, out_features=64, bias=True)
            (1): Linear(in_features=64, out_features=64, bias=True)
          )
          (conv1Ds_aware_temporal_context): ModuleList(
            (0): Conv2d(64, 64, kernel_size=(1, 3), stride=(1, 1), padding=(0, 1))
            (1): Conv2d(64, 64, kernel_size=(1, 3), stride=(1, 1), padding=(0, 1))
          )
          (dropout): Dropout(p=0.0, inplace=False)
          (attn_ic): Attention_IC(
            (DAT): DynamicAttentionLayer(
              (dropout): Dropout(p=0.0, inplace=False)
            )
          )
        )
        (feed_forward_gcn): PositionWiseGCNFeedForward(
          (gcn): spatialAttentionScaledGCN(
            (Theta): Linear(in_features=64, out_features=64, bias=False)
            (SAt): Spatial_Attention_layer(
              (dropout): Dropout(p=0.0, inplace=False)
            )
          )
          (dropout): Dropout(p=0.0, inplace=False)
        )
        (sublayer): ModuleList(
          (0): SublayerConnection(
            (dropout): Dropout(p=0.0, inplace=False)
            (norm): LayerNorm((64,), eps=1e-05, elementwise_affine=True)
          )
          (1): SublayerConnection(
            (dropout): Dropout(p=0.0, inplace=False)
            (norm): LayerNorm((64,), eps=1e-05, elementwise_affine=True)
          )
        )
      )
      (3): EncoderLayer(
        (self_attn): MultiHeadAttentionAwareTemporalContex_q1d_k1d(
          (linears): ModuleList(
            (0): Linear(in_features=64, out_features=64, bias=True)
            (1): Linear(in_features=64, out_features=64, bias=True)
          )
          (conv1Ds_aware_temporal_context): ModuleList(
            (0): Conv2d(64, 64, kernel_size=(1, 3), stride=(1, 1), padding=(0, 1))
            (1): Conv2d(64, 64, kernel_size=(1, 3), stride=(1, 1), padding=(0, 1))
          )
          (dropout): Dropout(p=0.0, inplace=False)
          (attn_ic): Attention_IC(
            (DAT): DynamicAttentionLayer(
              (dropout): Dropout(p=0.0, inplace=False)
            )
          )
        )
        (feed_forward_gcn): PositionWiseGCNFeedForward(
          (gcn): spatialAttentionScaledGCN(
            (Theta): Linear(in_features=64, out_features=64, bias=False)
            (SAt): Spatial_Attention_layer(
              (dropout): Dropout(p=0.0, inplace=False)
            )
          )
          (dropout): Dropout(p=0.0, inplace=False)
        )
        (sublayer): ModuleList(
          (0): SublayerConnection(
            (dropout): Dropout(p=0.0, inplace=False)
            (norm): LayerNorm((64,), eps=1e-05, elementwise_affine=True)
          )
          (1): SublayerConnection(
            (dropout): Dropout(p=0.0, inplace=False)
            (norm): LayerNorm((64,), eps=1e-05, elementwise_affine=True)
          )
        )
      )
    )
    (norm): LayerNorm((64,), eps=1e-05, elementwise_affine=True)
  )
  (decoder): Decoder(
    (layers): ModuleList(
      (0): DecoderLayer(
        (self_attn): MultiHeadAttentionAwareTemporalContex_qc_kc(
          (linears): ModuleList(
            (0): Linear(in_features=64, out_features=64, bias=True)
            (1): Linear(in_features=64, out_features=64, bias=True)
          )
          (conv1Ds_aware_temporal_context): ModuleList(
            (0): Conv2d(64, 64, kernel_size=(1, 3), stride=(1, 1), padding=(0, 2))
            (1): Conv2d(64, 64, kernel_size=(1, 3), stride=(1, 1), padding=(0, 2))
          )
          (dropout): Dropout(p=0.0, inplace=False)
          (attn_ic): Attention_IC(
            (DAT): DynamicAttentionLayer(
              (dropout): Dropout(p=0.0, inplace=False)
            )
          )
        )
        (src_attn): MultiHeadAttentionAwareTemporalContex_qc_k1d(
          (linears): ModuleList(
            (0): Linear(in_features=64, out_features=64, bias=True)
            (1): Linear(in_features=64, out_features=64, bias=True)
          )
          (query_conv1Ds_aware_temporal_context): Conv2d(64, 64, kernel_size=(1, 3), stride=(1, 1), padding=(0, 2))
          (key_conv1Ds_aware_temporal_context): Conv2d(64, 64, kernel_size=(1, 3), stride=(1, 1), padding=(0, 1))
          (dropout): Dropout(p=0.0, inplace=False)
          (attn_ic): Attention_IC(
            (DAT): DynamicAttentionLayer(
              (dropout): Dropout(p=0.0, inplace=False)
            )
          )
        )
        (feed_forward_gcn): PositionWiseGCNFeedForward(
          (gcn): spatialAttentionScaledGCN(
            (Theta): Linear(in_features=64, out_features=64, bias=False)
            (SAt): Spatial_Attention_layer(
              (dropout): Dropout(p=0.0, inplace=False)
            )
          )
          (dropout): Dropout(p=0.0, inplace=False)
        )
        (sublayer): ModuleList(
          (0): SublayerConnection(
            (dropout): Dropout(p=0.0, inplace=False)
            (norm): LayerNorm((64,), eps=1e-05, elementwise_affine=True)
          )
          (1): SublayerConnection(
            (dropout): Dropout(p=0.0, inplace=False)
            (norm): LayerNorm((64,), eps=1e-05, elementwise_affine=True)
          )
          (2): SublayerConnection(
            (dropout): Dropout(p=0.0, inplace=False)
            (norm): LayerNorm((64,), eps=1e-05, elementwise_affine=True)
          )
        )
      )
      (1): DecoderLayer(
        (self_attn): MultiHeadAttentionAwareTemporalContex_qc_kc(
          (linears): ModuleList(
            (0): Linear(in_features=64, out_features=64, bias=True)
            (1): Linear(in_features=64, out_features=64, bias=True)
          )
          (conv1Ds_aware_temporal_context): ModuleList(
            (0): Conv2d(64, 64, kernel_size=(1, 3), stride=(1, 1), padding=(0, 2))
            (1): Conv2d(64, 64, kernel_size=(1, 3), stride=(1, 1), padding=(0, 2))
          )
          (dropout): Dropout(p=0.0, inplace=False)
          (attn_ic): Attention_IC(
            (DAT): DynamicAttentionLayer(
              (dropout): Dropout(p=0.0, inplace=False)
            )
          )
        )
        (src_attn): MultiHeadAttentionAwareTemporalContex_qc_k1d(
          (linears): ModuleList(
            (0): Linear(in_features=64, out_features=64, bias=True)
            (1): Linear(in_features=64, out_features=64, bias=True)
          )
          (query_conv1Ds_aware_temporal_context): Conv2d(64, 64, kernel_size=(1, 3), stride=(1, 1), padding=(0, 2))
          (key_conv1Ds_aware_temporal_context): Conv2d(64, 64, kernel_size=(1, 3), stride=(1, 1), padding=(0, 1))
          (dropout): Dropout(p=0.0, inplace=False)
          (attn_ic): Attention_IC(
            (DAT): DynamicAttentionLayer(
              (dropout): Dropout(p=0.0, inplace=False)
            )
          )
        )
        (feed_forward_gcn): PositionWiseGCNFeedForward(
          (gcn): spatialAttentionScaledGCN(
            (Theta): Linear(in_features=64, out_features=64, bias=False)
            (SAt): Spatial_Attention_layer(
              (dropout): Dropout(p=0.0, inplace=False)
            )
          )
          (dropout): Dropout(p=0.0, inplace=False)
        )
        (sublayer): ModuleList(
          (0): SublayerConnection(
            (dropout): Dropout(p=0.0, inplace=False)
            (norm): LayerNorm((64,), eps=1e-05, elementwise_affine=True)
          )
          (1): SublayerConnection(
            (dropout): Dropout(p=0.0, inplace=False)
            (norm): LayerNorm((64,), eps=1e-05, elementwise_affine=True)
          )
          (2): SublayerConnection(
            (dropout): Dropout(p=0.0, inplace=False)
            (norm): LayerNorm((64,), eps=1e-05, elementwise_affine=True)
          )
        )
      )
      (2): DecoderLayer(
        (self_attn): MultiHeadAttentionAwareTemporalContex_qc_kc(
          (linears): ModuleList(
            (0): Linear(in_features=64, out_features=64, bias=True)
            (1): Linear(in_features=64, out_features=64, bias=True)
          )
          (conv1Ds_aware_temporal_context): ModuleList(
            (0): Conv2d(64, 64, kernel_size=(1, 3), stride=(1, 1), padding=(0, 2))
            (1): Conv2d(64, 64, kernel_size=(1, 3), stride=(1, 1), padding=(0, 2))
          )
          (dropout): Dropout(p=0.0, inplace=False)
          (attn_ic): Attention_IC(
            (DAT): DynamicAttentionLayer(
              (dropout): Dropout(p=0.0, inplace=False)
            )
          )
        )
        (src_attn): MultiHeadAttentionAwareTemporalContex_qc_k1d(
          (linears): ModuleList(
            (0): Linear(in_features=64, out_features=64, bias=True)
            (1): Linear(in_features=64, out_features=64, bias=True)
          )
          (query_conv1Ds_aware_temporal_context): Conv2d(64, 64, kernel_size=(1, 3), stride=(1, 1), padding=(0, 2))
          (key_conv1Ds_aware_temporal_context): Conv2d(64, 64, kernel_size=(1, 3), stride=(1, 1), padding=(0, 1))
          (dropout): Dropout(p=0.0, inplace=False)
          (attn_ic): Attention_IC(
            (DAT): DynamicAttentionLayer(
              (dropout): Dropout(p=0.0, inplace=False)
            )
          )
        )
        (feed_forward_gcn): PositionWiseGCNFeedForward(
          (gcn): spatialAttentionScaledGCN(
            (Theta): Linear(in_features=64, out_features=64, bias=False)
            (SAt): Spatial_Attention_layer(
              (dropout): Dropout(p=0.0, inplace=False)
            )
          )
          (dropout): Dropout(p=0.0, inplace=False)
        )
        (sublayer): ModuleList(
          (0): SublayerConnection(
            (dropout): Dropout(p=0.0, inplace=False)
            (norm): LayerNorm((64,), eps=1e-05, elementwise_affine=True)
          )
          (1): SublayerConnection(
            (dropout): Dropout(p=0.0, inplace=False)
            (norm): LayerNorm((64,), eps=1e-05, elementwise_affine=True)
          )
          (2): SublayerConnection(
            (dropout): Dropout(p=0.0, inplace=False)
            (norm): LayerNorm((64,), eps=1e-05, elementwise_affine=True)
          )
        )
      )
      (3): DecoderLayer(
        (self_attn): MultiHeadAttentionAwareTemporalContex_qc_kc(
          (linears): ModuleList(
            (0): Linear(in_features=64, out_features=64, bias=True)
            (1): Linear(in_features=64, out_features=64, bias=True)
          )
          (conv1Ds_aware_temporal_context): ModuleList(
            (0): Conv2d(64, 64, kernel_size=(1, 3), stride=(1, 1), padding=(0, 2))
            (1): Conv2d(64, 64, kernel_size=(1, 3), stride=(1, 1), padding=(0, 2))
          )
          (dropout): Dropout(p=0.0, inplace=False)
          (attn_ic): Attention_IC(
            (DAT): DynamicAttentionLayer(
              (dropout): Dropout(p=0.0, inplace=False)
            )
          )
        )
        (src_attn): MultiHeadAttentionAwareTemporalContex_qc_k1d(
          (linears): ModuleList(
            (0): Linear(in_features=64, out_features=64, bias=True)
            (1): Linear(in_features=64, out_features=64, bias=True)
          )
          (query_conv1Ds_aware_temporal_context): Conv2d(64, 64, kernel_size=(1, 3), stride=(1, 1), padding=(0, 2))
          (key_conv1Ds_aware_temporal_context): Conv2d(64, 64, kernel_size=(1, 3), stride=(1, 1), padding=(0, 1))
          (dropout): Dropout(p=0.0, inplace=False)
          (attn_ic): Attention_IC(
            (DAT): DynamicAttentionLayer(
              (dropout): Dropout(p=0.0, inplace=False)
            )
          )
        )
        (feed_forward_gcn): PositionWiseGCNFeedForward(
          (gcn): spatialAttentionScaledGCN(
            (Theta): Linear(in_features=64, out_features=64, bias=False)
            (SAt): Spatial_Attention_layer(
              (dropout): Dropout(p=0.0, inplace=False)
            )
          )
          (dropout): Dropout(p=0.0, inplace=False)
        )
        (sublayer): ModuleList(
          (0): SublayerConnection(
            (dropout): Dropout(p=0.0, inplace=False)
            (norm): LayerNorm((64,), eps=1e-05, elementwise_affine=True)
          )
          (1): SublayerConnection(
            (dropout): Dropout(p=0.0, inplace=False)
            (norm): LayerNorm((64,), eps=1e-05, elementwise_affine=True)
          )
          (2): SublayerConnection(
            (dropout): Dropout(p=0.0, inplace=False)
            (norm): LayerNorm((64,), eps=1e-05, elementwise_affine=True)
          )
        )
      )
    )
    (norm): LayerNorm((64,), eps=1e-05, elementwise_affine=True)
  )
  (src_embed): Sequential(
    (0): Linear(in_features=1, out_features=64, bias=True)
    (1): TemporalPositionalEncoding(
      (dropout): Dropout(p=0.0, inplace=False)
    )
    (2): SpatialPositionalEncoding(
      (dropout): Dropout(p=0.0, inplace=False)
      (embedding): Embedding(80, 64)
      (gcn_smooth_layers): ModuleList(
        (0): GCN(
          (Theta): Linear(in_features=64, out_features=64, bias=False)
        )
      )
    )
  )
  (trg_embed): Sequential(
    (0): Linear(in_features=1, out_features=64, bias=True)
    (1): TemporalPositionalEncoding(
      (dropout): Dropout(p=0.0, inplace=False)
    )
    (2): SpatialPositionalEncoding(
      (dropout): Dropout(p=0.0, inplace=False)
      (embedding): Embedding(80, 64)
      (gcn_smooth_layers): ModuleList(
        (0): GCN(
          (Theta): Linear(in_features=64, out_features=64, bias=False)
        )
      )
    )
  )
  (prediction_generator): Linear(in_features=64, out_features=1, bias=True)
)
create params directory ../experiments/HZME_OUTFLOW/MAE_ASTGNN_h1d1w0_layer4_head8_dm64_channel1_dir2_drop0.00_1.00e-03_B16_K5_TcontextScaledSAtSE1TE
Net's state_dict:
encoder.layers.0.self_attn.linears.0.weight 	 torch.Size([64, 64])
encoder.layers.0.self_attn.linears.0.bias 	 torch.Size([64])
encoder.layers.0.self_attn.linears.1.weight 	 torch.Size([64, 64])
encoder.layers.0.self_attn.linears.1.bias 	 torch.Size([64])
encoder.layers.0.self_attn.conv1Ds_aware_temporal_context.0.weight 	 torch.Size([64, 64, 1, 3])
encoder.layers.0.self_attn.conv1Ds_aware_temporal_context.0.bias 	 torch.Size([64])
encoder.layers.0.self_attn.conv1Ds_aware_temporal_context.1.weight 	 torch.Size([64, 64, 1, 3])
encoder.layers.0.self_attn.conv1Ds_aware_temporal_context.1.bias 	 torch.Size([64])
encoder.layers.0.feed_forward_gcn.gcn.alpha 	 torch.Size([1])
encoder.layers.0.feed_forward_gcn.gcn.beta 	 torch.Size([1])
encoder.layers.0.feed_forward_gcn.gcn.Theta.weight 	 torch.Size([64, 64])
encoder.layers.0.sublayer.0.norm.weight 	 torch.Size([64])
encoder.layers.0.sublayer.0.norm.bias 	 torch.Size([64])
encoder.layers.0.sublayer.1.norm.weight 	 torch.Size([64])
encoder.layers.0.sublayer.1.norm.bias 	 torch.Size([64])
encoder.layers.1.self_attn.linears.0.weight 	 torch.Size([64, 64])
encoder.layers.1.self_attn.linears.0.bias 	 torch.Size([64])
encoder.layers.1.self_attn.linears.1.weight 	 torch.Size([64, 64])
encoder.layers.1.self_attn.linears.1.bias 	 torch.Size([64])
encoder.layers.1.self_attn.conv1Ds_aware_temporal_context.0.weight 	 torch.Size([64, 64, 1, 3])
encoder.layers.1.self_attn.conv1Ds_aware_temporal_context.0.bias 	 torch.Size([64])
encoder.layers.1.self_attn.conv1Ds_aware_temporal_context.1.weight 	 torch.Size([64, 64, 1, 3])
encoder.layers.1.self_attn.conv1Ds_aware_temporal_context.1.bias 	 torch.Size([64])
encoder.layers.1.feed_forward_gcn.gcn.alpha 	 torch.Size([1])
encoder.layers.1.feed_forward_gcn.gcn.beta 	 torch.Size([1])
encoder.layers.1.feed_forward_gcn.gcn.Theta.weight 	 torch.Size([64, 64])
encoder.layers.1.sublayer.0.norm.weight 	 torch.Size([64])
encoder.layers.1.sublayer.0.norm.bias 	 torch.Size([64])
encoder.layers.1.sublayer.1.norm.weight 	 torch.Size([64])
encoder.layers.1.sublayer.1.norm.bias 	 torch.Size([64])
encoder.layers.2.self_attn.linears.0.weight 	 torch.Size([64, 64])
encoder.layers.2.self_attn.linears.0.bias 	 torch.Size([64])
encoder.layers.2.self_attn.linears.1.weight 	 torch.Size([64, 64])
encoder.layers.2.self_attn.linears.1.bias 	 torch.Size([64])
encoder.layers.2.self_attn.conv1Ds_aware_temporal_context.0.weight 	 torch.Size([64, 64, 1, 3])
encoder.layers.2.self_attn.conv1Ds_aware_temporal_context.0.bias 	 torch.Size([64])
encoder.layers.2.self_attn.conv1Ds_aware_temporal_context.1.weight 	 torch.Size([64, 64, 1, 3])
encoder.layers.2.self_attn.conv1Ds_aware_temporal_context.1.bias 	 torch.Size([64])
encoder.layers.2.feed_forward_gcn.gcn.alpha 	 torch.Size([1])
encoder.layers.2.feed_forward_gcn.gcn.beta 	 torch.Size([1])
encoder.layers.2.feed_forward_gcn.gcn.Theta.weight 	 torch.Size([64, 64])
encoder.layers.2.sublayer.0.norm.weight 	 torch.Size([64])
encoder.layers.2.sublayer.0.norm.bias 	 torch.Size([64])
encoder.layers.2.sublayer.1.norm.weight 	 torch.Size([64])
encoder.layers.2.sublayer.1.norm.bias 	 torch.Size([64])
encoder.layers.3.self_attn.linears.0.weight 	 torch.Size([64, 64])
encoder.layers.3.self_attn.linears.0.bias 	 torch.Size([64])
encoder.layers.3.self_attn.linears.1.weight 	 torch.Size([64, 64])
encoder.layers.3.self_attn.linears.1.bias 	 torch.Size([64])
encoder.layers.3.self_attn.conv1Ds_aware_temporal_context.0.weight 	 torch.Size([64, 64, 1, 3])
encoder.layers.3.self_attn.conv1Ds_aware_temporal_context.0.bias 	 torch.Size([64])
encoder.layers.3.self_attn.conv1Ds_aware_temporal_context.1.weight 	 torch.Size([64, 64, 1, 3])
encoder.layers.3.self_attn.conv1Ds_aware_temporal_context.1.bias 	 torch.Size([64])
encoder.layers.3.feed_forward_gcn.gcn.alpha 	 torch.Size([1])
encoder.layers.3.feed_forward_gcn.gcn.beta 	 torch.Size([1])
encoder.layers.3.feed_forward_gcn.gcn.Theta.weight 	 torch.Size([64, 64])
encoder.layers.3.sublayer.0.norm.weight 	 torch.Size([64])
encoder.layers.3.sublayer.0.norm.bias 	 torch.Size([64])
encoder.layers.3.sublayer.1.norm.weight 	 torch.Size([64])
encoder.layers.3.sublayer.1.norm.bias 	 torch.Size([64])
encoder.norm.weight 	 torch.Size([64])
encoder.norm.bias 	 torch.Size([64])
decoder.layers.0.self_attn.linears.0.weight 	 torch.Size([64, 64])
decoder.layers.0.self_attn.linears.0.bias 	 torch.Size([64])
decoder.layers.0.self_attn.linears.1.weight 	 torch.Size([64, 64])
decoder.layers.0.self_attn.linears.1.bias 	 torch.Size([64])
decoder.layers.0.self_attn.conv1Ds_aware_temporal_context.0.weight 	 torch.Size([64, 64, 1, 3])
decoder.layers.0.self_attn.conv1Ds_aware_temporal_context.0.bias 	 torch.Size([64])
decoder.layers.0.self_attn.conv1Ds_aware_temporal_context.1.weight 	 torch.Size([64, 64, 1, 3])
decoder.layers.0.self_attn.conv1Ds_aware_temporal_context.1.bias 	 torch.Size([64])
decoder.layers.0.src_attn.linears.0.weight 	 torch.Size([64, 64])
decoder.layers.0.src_attn.linears.0.bias 	 torch.Size([64])
decoder.layers.0.src_attn.linears.1.weight 	 torch.Size([64, 64])
decoder.layers.0.src_attn.linears.1.bias 	 torch.Size([64])
decoder.layers.0.src_attn.query_conv1Ds_aware_temporal_context.weight 	 torch.Size([64, 64, 1, 3])
decoder.layers.0.src_attn.query_conv1Ds_aware_temporal_context.bias 	 torch.Size([64])
decoder.layers.0.src_attn.key_conv1Ds_aware_temporal_context.weight 	 torch.Size([64, 64, 1, 3])
decoder.layers.0.src_attn.key_conv1Ds_aware_temporal_context.bias 	 torch.Size([64])
decoder.layers.0.feed_forward_gcn.gcn.alpha 	 torch.Size([1])
decoder.layers.0.feed_forward_gcn.gcn.beta 	 torch.Size([1])
decoder.layers.0.feed_forward_gcn.gcn.Theta.weight 	 torch.Size([64, 64])
decoder.layers.0.sublayer.0.norm.weight 	 torch.Size([64])
decoder.layers.0.sublayer.0.norm.bias 	 torch.Size([64])
decoder.layers.0.sublayer.1.norm.weight 	 torch.Size([64])
decoder.layers.0.sublayer.1.norm.bias 	 torch.Size([64])
decoder.layers.0.sublayer.2.norm.weight 	 torch.Size([64])
decoder.layers.0.sublayer.2.norm.bias 	 torch.Size([64])
decoder.layers.1.self_attn.linears.0.weight 	 torch.Size([64, 64])
decoder.layers.1.self_attn.linears.0.bias 	 torch.Size([64])
decoder.layers.1.self_attn.linears.1.weight 	 torch.Size([64, 64])
decoder.layers.1.self_attn.linears.1.bias 	 torch.Size([64])
decoder.layers.1.self_attn.conv1Ds_aware_temporal_context.0.weight 	 torch.Size([64, 64, 1, 3])
decoder.layers.1.self_attn.conv1Ds_aware_temporal_context.0.bias 	 torch.Size([64])
decoder.layers.1.self_attn.conv1Ds_aware_temporal_context.1.weight 	 torch.Size([64, 64, 1, 3])
decoder.layers.1.self_attn.conv1Ds_aware_temporal_context.1.bias 	 torch.Size([64])
decoder.layers.1.src_attn.linears.0.weight 	 torch.Size([64, 64])
decoder.layers.1.src_attn.linears.0.bias 	 torch.Size([64])
decoder.layers.1.src_attn.linears.1.weight 	 torch.Size([64, 64])
decoder.layers.1.src_attn.linears.1.bias 	 torch.Size([64])
decoder.layers.1.src_attn.query_conv1Ds_aware_temporal_context.weight 	 torch.Size([64, 64, 1, 3])
decoder.layers.1.src_attn.query_conv1Ds_aware_temporal_context.bias 	 torch.Size([64])
decoder.layers.1.src_attn.key_conv1Ds_aware_temporal_context.weight 	 torch.Size([64, 64, 1, 3])
decoder.layers.1.src_attn.key_conv1Ds_aware_temporal_context.bias 	 torch.Size([64])
decoder.layers.1.feed_forward_gcn.gcn.alpha 	 torch.Size([1])
decoder.layers.1.feed_forward_gcn.gcn.beta 	 torch.Size([1])
decoder.layers.1.feed_forward_gcn.gcn.Theta.weight 	 torch.Size([64, 64])
decoder.layers.1.sublayer.0.norm.weight 	 torch.Size([64])
decoder.layers.1.sublayer.0.norm.bias 	 torch.Size([64])
decoder.layers.1.sublayer.1.norm.weight 	 torch.Size([64])
decoder.layers.1.sublayer.1.norm.bias 	 torch.Size([64])
decoder.layers.1.sublayer.2.norm.weight 	 torch.Size([64])
decoder.layers.1.sublayer.2.norm.bias 	 torch.Size([64])
decoder.layers.2.self_attn.linears.0.weight 	 torch.Size([64, 64])
decoder.layers.2.self_attn.linears.0.bias 	 torch.Size([64])
decoder.layers.2.self_attn.linears.1.weight 	 torch.Size([64, 64])
decoder.layers.2.self_attn.linears.1.bias 	 torch.Size([64])
decoder.layers.2.self_attn.conv1Ds_aware_temporal_context.0.weight 	 torch.Size([64, 64, 1, 3])
decoder.layers.2.self_attn.conv1Ds_aware_temporal_context.0.bias 	 torch.Size([64])
decoder.layers.2.self_attn.conv1Ds_aware_temporal_context.1.weight 	 torch.Size([64, 64, 1, 3])
decoder.layers.2.self_attn.conv1Ds_aware_temporal_context.1.bias 	 torch.Size([64])
decoder.layers.2.src_attn.linears.0.weight 	 torch.Size([64, 64])
decoder.layers.2.src_attn.linears.0.bias 	 torch.Size([64])
decoder.layers.2.src_attn.linears.1.weight 	 torch.Size([64, 64])
decoder.layers.2.src_attn.linears.1.bias 	 torch.Size([64])
decoder.layers.2.src_attn.query_conv1Ds_aware_temporal_context.weight 	 torch.Size([64, 64, 1, 3])
decoder.layers.2.src_attn.query_conv1Ds_aware_temporal_context.bias 	 torch.Size([64])
decoder.layers.2.src_attn.key_conv1Ds_aware_temporal_context.weight 	 torch.Size([64, 64, 1, 3])
decoder.layers.2.src_attn.key_conv1Ds_aware_temporal_context.bias 	 torch.Size([64])
decoder.layers.2.feed_forward_gcn.gcn.alpha 	 torch.Size([1])
decoder.layers.2.feed_forward_gcn.gcn.beta 	 torch.Size([1])
decoder.layers.2.feed_forward_gcn.gcn.Theta.weight 	 torch.Size([64, 64])
decoder.layers.2.sublayer.0.norm.weight 	 torch.Size([64])
decoder.layers.2.sublayer.0.norm.bias 	 torch.Size([64])
decoder.layers.2.sublayer.1.norm.weight 	 torch.Size([64])
decoder.layers.2.sublayer.1.norm.bias 	 torch.Size([64])
decoder.layers.2.sublayer.2.norm.weight 	 torch.Size([64])
decoder.layers.2.sublayer.2.norm.bias 	 torch.Size([64])
decoder.layers.3.self_attn.linears.0.weight 	 torch.Size([64, 64])
decoder.layers.3.self_attn.linears.0.bias 	 torch.Size([64])
decoder.layers.3.self_attn.linears.1.weight 	 torch.Size([64, 64])
decoder.layers.3.self_attn.linears.1.bias 	 torch.Size([64])
decoder.layers.3.self_attn.conv1Ds_aware_temporal_context.0.weight 	 torch.Size([64, 64, 1, 3])
decoder.layers.3.self_attn.conv1Ds_aware_temporal_context.0.bias 	 torch.Size([64])
decoder.layers.3.self_attn.conv1Ds_aware_temporal_context.1.weight 	 torch.Size([64, 64, 1, 3])
decoder.layers.3.self_attn.conv1Ds_aware_temporal_context.1.bias 	 torch.Size([64])
decoder.layers.3.src_attn.linears.0.weight 	 torch.Size([64, 64])
decoder.layers.3.src_attn.linears.0.bias 	 torch.Size([64])
decoder.layers.3.src_attn.linears.1.weight 	 torch.Size([64, 64])
decoder.layers.3.src_attn.linears.1.bias 	 torch.Size([64])
decoder.layers.3.src_attn.query_conv1Ds_aware_temporal_context.weight 	 torch.Size([64, 64, 1, 3])
decoder.layers.3.src_attn.query_conv1Ds_aware_temporal_context.bias 	 torch.Size([64])
decoder.layers.3.src_attn.key_conv1Ds_aware_temporal_context.weight 	 torch.Size([64, 64, 1, 3])
decoder.layers.3.src_attn.key_conv1Ds_aware_temporal_context.bias 	 torch.Size([64])
decoder.layers.3.feed_forward_gcn.gcn.alpha 	 torch.Size([1])
decoder.layers.3.feed_forward_gcn.gcn.beta 	 torch.Size([1])
decoder.layers.3.feed_forward_gcn.gcn.Theta.weight 	 torch.Size([64, 64])
decoder.layers.3.sublayer.0.norm.weight 	 torch.Size([64])
decoder.layers.3.sublayer.0.norm.bias 	 torch.Size([64])
decoder.layers.3.sublayer.1.norm.weight 	 torch.Size([64])
decoder.layers.3.sublayer.1.norm.bias 	 torch.Size([64])
decoder.layers.3.sublayer.2.norm.weight 	 torch.Size([64])
decoder.layers.3.sublayer.2.norm.bias 	 torch.Size([64])
decoder.norm.weight 	 torch.Size([64])
decoder.norm.bias 	 torch.Size([64])
src_embed.0.weight 	 torch.Size([64, 1])
src_embed.0.bias 	 torch.Size([64])
src_embed.1.pe 	 torch.Size([1, 1, 288, 64])
src_embed.2.embedding.weight 	 torch.Size([80, 64])
src_embed.2.gcn_smooth_layers.0.alpha 	 torch.Size([1])
src_embed.2.gcn_smooth_layers.0.beta 	 torch.Size([1])
src_embed.2.gcn_smooth_layers.0.Theta.weight 	 torch.Size([64, 64])
trg_embed.0.weight 	 torch.Size([64, 1])
trg_embed.0.bias 	 torch.Size([64])
trg_embed.1.pe 	 torch.Size([1, 1, 12, 64])
trg_embed.2.embedding.weight 	 torch.Size([80, 64])
trg_embed.2.gcn_smooth_layers.0.alpha 	 torch.Size([1])
trg_embed.2.gcn_smooth_layers.0.beta 	 torch.Size([1])
trg_embed.2.gcn_smooth_layers.0.Theta.weight 	 torch.Size([64, 64])
prediction_generator.weight 	 torch.Size([1, 64])
prediction_generator.bias 	 torch.Size([1])
Net's total params: 469845
Optimizer's state_dict:
state 	 {}
param_groups 	 [{'lr': 0.001, 'betas': (0.9, 0.999), 'eps': 1e-08, 'weight_decay': 0, 'amsgrad': False, 'params': [0, 1, 2, 3, 4, 5, 6, 7, 8, 9, 10, 11, 12, 13, 14, 15, 16, 17, 18, 19, 20, 21, 22, 23, 24, 25, 26, 27, 28, 29, 30, 31, 32, 33, 34, 35, 36, 37, 38, 39, 40, 41, 42, 43, 44, 45, 46, 47, 48, 49, 50, 51, 52, 53, 54, 55, 56, 57, 58, 59, 60, 61, 62, 63, 64, 65, 66, 67, 68, 69, 70, 71, 72, 73, 74, 75, 76, 77, 78, 79, 80, 81, 82, 83, 84, 85, 86, 87, 88, 89, 90, 91, 92, 93, 94, 95, 96, 97, 98, 99, 100, 101, 102, 103, 104, 105, 106, 107, 108, 109, 110, 111, 112, 113, 114, 115, 116, 117, 118, 119, 120, 121, 122, 123, 124, 125, 126, 127, 128, 129, 130, 131, 132, 133, 134, 135, 136, 137, 138, 139, 140, 141, 142, 143, 144, 145, 146, 147, 148, 149, 150, 151, 152, 153, 154, 155, 156, 157, 158, 159, 160, 161, 162, 163, 164, 165, 166, 167, 168, 169, 170, 171, 172, 173, 174, 175, 176, 177]}]
validation batch 1 / 3, loss: 0.82
validation cost time: 9.1658s
save parameters to file: ../experiments/HZME_OUTFLOW/MAE_ASTGNN_h1d1w0_layer4_head8_dm64_channel1_dir2_drop0.00_1.00e-03_B16_K5_TcontextScaledSAtSE1TE/epoch_0.params
epoch: 0, train time every whole data:24.16s
epoch: 0, total time:33.34s
validation batch 1 / 3, loss: 0.06
validation cost time: 8.7911s
save parameters to file: ../experiments/HZME_OUTFLOW/MAE_ASTGNN_h1d1w0_layer4_head8_dm64_channel1_dir2_drop0.00_1.00e-03_B16_K5_TcontextScaledSAtSE1TE/epoch_1.params
epoch: 1, train time every whole data:24.13s
epoch: 1, total time:66.27s
validation batch 1 / 3, loss: 0.04
validation cost time: 8.7864s
save parameters to file: ../experiments/HZME_OUTFLOW/MAE_ASTGNN_h1d1w0_layer4_head8_dm64_channel1_dir2_drop0.00_1.00e-03_B16_K5_TcontextScaledSAtSE1TE/epoch_2.params
epoch: 2, train time every whole data:24.12s
epoch: 2, total time:99.18s
validation batch 1 / 3, loss: 0.06
validation cost time: 8.7866s
epoch: 3, train time every whole data:24.11s
epoch: 3, total time:132.08s
validation batch 1 / 3, loss: 0.03
validation cost time: 8.7868s
save parameters to file: ../experiments/HZME_OUTFLOW/MAE_ASTGNN_h1d1w0_layer4_head8_dm64_channel1_dir2_drop0.00_1.00e-03_B16_K5_TcontextScaledSAtSE1TE/epoch_4.params
epoch: 4, train time every whole data:24.11s
epoch: 4, total time:164.99s
validation batch 1 / 3, loss: 0.05
validation cost time: 8.7894s
epoch: 5, train time every whole data:24.10s
epoch: 5, total time:197.89s
validation batch 1 / 3, loss: 0.05
validation cost time: 8.7858s
epoch: 6, train time every whole data:24.10s
epoch: 6, total time:230.77s
validation batch 1 / 3, loss: 0.07
validation cost time: 8.7862s
epoch: 7, train time every whole data:24.11s
epoch: 7, total time:263.67s
validation batch 1 / 3, loss: 0.03
validation cost time: 8.7869s
save parameters to file: ../experiments/HZME_OUTFLOW/MAE_ASTGNN_h1d1w0_layer4_head8_dm64_channel1_dir2_drop0.00_1.00e-03_B16_K5_TcontextScaledSAtSE1TE/epoch_8.params
epoch: 8, train time every whole data:24.11s
epoch: 8, total time:296.58s
validation batch 1 / 3, loss: 0.07
validation cost time: 8.7866s
epoch: 9, train time every whole data:24.10s
epoch: 9, total time:329.47s
validation batch 1 / 3, loss: 0.03
validation cost time: 8.7865s
epoch: 10, train time every whole data:24.10s
epoch: 10, total time:362.36s
validation batch 1 / 3, loss: 0.03
validation cost time: 8.7858s
epoch: 11, train time every whole data:24.11s
epoch: 11, total time:395.25s
validation batch 1 / 3, loss: 0.03
validation cost time: 8.7865s
epoch: 12, train time every whole data:24.10s
epoch: 12, total time:428.14s
validation batch 1 / 3, loss: 0.04
validation cost time: 8.7866s
epoch: 13, train time every whole data:24.11s
epoch: 13, total time:461.04s
validation batch 1 / 3, loss: 0.03
validation cost time: 8.7866s
epoch: 14, train time every whole data:24.09s
epoch: 14, total time:493.92s
validation batch 1 / 3, loss: 0.03
validation cost time: 8.7864s
save parameters to file: ../experiments/HZME_OUTFLOW/MAE_ASTGNN_h1d1w0_layer4_head8_dm64_channel1_dir2_drop0.00_1.00e-03_B16_K5_TcontextScaledSAtSE1TE/epoch_15.params
epoch: 15, train time every whole data:24.10s
epoch: 15, total time:526.82s
validation batch 1 / 3, loss: 0.03
validation cost time: 8.7863s
epoch: 16, train time every whole data:24.11s
epoch: 16, total time:559.72s
validation batch 1 / 3, loss: 0.03
validation cost time: 8.7863s
epoch: 17, train time every whole data:24.11s
epoch: 17, total time:592.61s
validation batch 1 / 3, loss: 0.07
validation cost time: 8.7888s
epoch: 18, train time every whole data:24.10s
epoch: 18, total time:625.51s
validation batch 1 / 3, loss: 0.03
validation cost time: 8.7877s
save parameters to file: ../experiments/HZME_OUTFLOW/MAE_ASTGNN_h1d1w0_layer4_head8_dm64_channel1_dir2_drop0.00_1.00e-03_B16_K5_TcontextScaledSAtSE1TE/epoch_19.params
epoch: 19, train time every whole data:24.10s
epoch: 19, total time:658.41s
validation batch 1 / 3, loss: 0.03
validation cost time: 8.8215s
epoch: 20, train time every whole data:24.11s
epoch: 20, total time:691.34s
validation batch 1 / 3, loss: 0.04
validation cost time: 8.7863s
epoch: 21, train time every whole data:24.11s
epoch: 21, total time:724.24s
validation batch 1 / 3, loss: 0.03
validation cost time: 8.7865s
epoch: 22, train time every whole data:24.10s
epoch: 22, total time:757.13s
validation batch 1 / 3, loss: 0.04
validation cost time: 8.7867s
epoch: 23, train time every whole data:24.11s
epoch: 23, total time:790.03s
validation batch 1 / 3, loss: 0.07
validation cost time: 8.7864s
epoch: 24, train time every whole data:24.10s
epoch: 24, total time:822.92s
validation batch 1 / 3, loss: 0.05
validation cost time: 8.7862s
epoch: 25, train time every whole data:24.10s
epoch: 25, total time:855.81s
validation batch 1 / 3, loss: 0.03
validation cost time: 8.7869s
save parameters to file: ../experiments/HZME_OUTFLOW/MAE_ASTGNN_h1d1w0_layer4_head8_dm64_channel1_dir2_drop0.00_1.00e-03_B16_K5_TcontextScaledSAtSE1TE/epoch_26.params
epoch: 26, train time every whole data:24.09s
epoch: 26, total time:888.70s
validation batch 1 / 3, loss: 0.02
validation cost time: 8.7875s
save parameters to file: ../experiments/HZME_OUTFLOW/MAE_ASTGNN_h1d1w0_layer4_head8_dm64_channel1_dir2_drop0.00_1.00e-03_B16_K5_TcontextScaledSAtSE1TE/epoch_27.params
epoch: 27, train time every whole data:24.11s
epoch: 27, total time:921.61s
validation batch 1 / 3, loss: 0.02
validation cost time: 8.7869s
epoch: 28, train time every whole data:24.12s
epoch: 28, total time:954.52s
validation batch 1 / 3, loss: 0.05
validation cost time: 8.7863s
epoch: 29, train time every whole data:24.11s
epoch: 29, total time:987.42s
validation batch 1 / 3, loss: 0.02
validation cost time: 8.7866s
epoch: 30, train time every whole data:24.10s
epoch: 30, total time:1020.31s
validation batch 1 / 3, loss: 0.02
validation cost time: 8.7861s
save parameters to file: ../experiments/HZME_OUTFLOW/MAE_ASTGNN_h1d1w0_layer4_head8_dm64_channel1_dir2_drop0.00_1.00e-03_B16_K5_TcontextScaledSAtSE1TE/epoch_31.params
epoch: 31, train time every whole data:24.10s
epoch: 31, total time:1053.21s
validation batch 1 / 3, loss: 0.02
validation cost time: 8.7872s
epoch: 32, train time every whole data:24.11s
epoch: 32, total time:1086.11s
validation batch 1 / 3, loss: 0.03
validation cost time: 8.7872s
epoch: 33, train time every whole data:24.10s
epoch: 33, total time:1119.01s
validation batch 1 / 3, loss: 0.04
validation cost time: 8.7864s
epoch: 34, train time every whole data:24.10s
epoch: 34, total time:1151.89s
validation batch 1 / 3, loss: 0.03
validation cost time: 8.7864s
epoch: 35, train time every whole data:24.11s
epoch: 35, total time:1184.79s
validation batch 1 / 3, loss: 0.03
validation cost time: 8.7865s
epoch: 36, train time every whole data:24.10s
epoch: 36, total time:1217.69s
validation batch 1 / 3, loss: 0.03
validation cost time: 8.7865s
epoch: 37, train time every whole data:24.12s
epoch: 37, total time:1250.60s
validation batch 1 / 3, loss: 0.02
validation cost time: 8.7867s
epoch: 38, train time every whole data:24.11s
epoch: 38, total time:1283.50s
validation batch 1 / 3, loss: 0.02
validation cost time: 8.7871s
epoch: 39, train time every whole data:24.11s
epoch: 39, total time:1316.39s
validation batch 1 / 3, loss: 0.04
validation cost time: 8.7862s
epoch: 40, train time every whole data:24.11s
epoch: 40, total time:1349.30s
validation batch 1 / 3, loss: 0.03
validation cost time: 8.7863s
epoch: 41, train time every whole data:24.11s
epoch: 41, total time:1382.19s
validation batch 1 / 3, loss: 0.03
validation cost time: 8.7874s
epoch: 42, train time every whole data:24.11s
epoch: 42, total time:1415.09s
validation batch 1 / 3, loss: 0.08
validation cost time: 8.7866s
epoch: 43, train time every whole data:24.11s
epoch: 43, total time:1447.98s
validation batch 1 / 3, loss: 0.03
validation cost time: 8.7876s
epoch: 44, train time every whole data:24.12s
epoch: 44, total time:1480.89s
validation batch 1 / 3, loss: 0.03
validation cost time: 8.7868s
epoch: 45, train time every whole data:24.11s
epoch: 45, total time:1513.79s
validation batch 1 / 3, loss: 0.03
validation cost time: 8.7868s
epoch: 46, train time every whole data:24.10s
epoch: 46, total time:1546.68s
validation batch 1 / 3, loss: 0.04
validation cost time: 8.7883s
epoch: 47, train time every whole data:24.11s
epoch: 47, total time:1579.58s
validation batch 1 / 3, loss: 0.04
validation cost time: 8.7869s
epoch: 48, train time every whole data:24.11s
epoch: 48, total time:1612.48s
validation batch 1 / 3, loss: 0.02
validation cost time: 8.7869s
epoch: 49, train time every whole data:24.11s
epoch: 49, total time:1645.38s
validation batch 1 / 3, loss: 0.02
validation cost time: 8.7861s
save parameters to file: ../experiments/HZME_OUTFLOW/MAE_ASTGNN_h1d1w0_layer4_head8_dm64_channel1_dir2_drop0.00_1.00e-03_B16_K5_TcontextScaledSAtSE1TE/epoch_50.params
epoch: 50, train time every whole data:24.10s
epoch: 50, total time:1678.28s
validation batch 1 / 3, loss: 0.02
validation cost time: 8.7867s
epoch: 51, train time every whole data:24.10s
epoch: 51, total time:1711.17s
validation batch 1 / 3, loss: 0.02
validation cost time: 8.7870s
save parameters to file: ../experiments/HZME_OUTFLOW/MAE_ASTGNN_h1d1w0_layer4_head8_dm64_channel1_dir2_drop0.00_1.00e-03_B16_K5_TcontextScaledSAtSE1TE/epoch_52.params
epoch: 52, train time every whole data:24.11s
epoch: 52, total time:1744.08s
validation batch 1 / 3, loss: 0.03
validation cost time: 8.7866s
epoch: 53, train time every whole data:24.11s
epoch: 53, total time:1776.97s
validation batch 1 / 3, loss: 0.03
validation cost time: 8.7872s
epoch: 54, train time every whole data:24.10s
epoch: 54, total time:1809.86s
validation batch 1 / 3, loss: 0.02
validation cost time: 8.8189s
epoch: 55, train time every whole data:24.11s
epoch: 55, total time:1842.79s
validation batch 1 / 3, loss: 0.03
validation cost time: 8.7865s
epoch: 56, train time every whole data:24.10s
epoch: 56, total time:1875.68s
validation batch 1 / 3, loss: 0.02
validation cost time: 8.7899s
epoch: 57, train time every whole data:24.10s
epoch: 57, total time:1908.58s
validation batch 1 / 3, loss: 0.02
validation cost time: 8.7870s
epoch: 58, train time every whole data:24.11s
epoch: 58, total time:1941.47s
validation batch 1 / 3, loss: 0.02
validation cost time: 8.7896s
epoch: 59, train time every whole data:24.11s
epoch: 59, total time:1974.38s
validation batch 1 / 3, loss: 0.02
validation cost time: 8.7864s
epoch: 60, train time every whole data:24.10s
epoch: 60, total time:2007.27s
validation batch 1 / 3, loss: 0.02
validation cost time: 8.7863s
epoch: 61, train time every whole data:24.12s
epoch: 61, total time:2040.18s
validation batch 1 / 3, loss: 0.02
validation cost time: 8.7864s
save parameters to file: ../experiments/HZME_OUTFLOW/MAE_ASTGNN_h1d1w0_layer4_head8_dm64_channel1_dir2_drop0.00_1.00e-03_B16_K5_TcontextScaledSAtSE1TE/epoch_62.params
epoch: 62, train time every whole data:24.11s
epoch: 62, total time:2073.09s
validation batch 1 / 3, loss: 0.02
validation cost time: 8.7865s
save parameters to file: ../experiments/HZME_OUTFLOW/MAE_ASTGNN_h1d1w0_layer4_head8_dm64_channel1_dir2_drop0.00_1.00e-03_B16_K5_TcontextScaledSAtSE1TE/epoch_63.params
epoch: 63, train time every whole data:24.11s
epoch: 63, total time:2106.00s
validation batch 1 / 3, loss: 0.02
validation cost time: 8.7874s
save parameters to file: ../experiments/HZME_OUTFLOW/MAE_ASTGNN_h1d1w0_layer4_head8_dm64_channel1_dir2_drop0.00_1.00e-03_B16_K5_TcontextScaledSAtSE1TE/epoch_64.params
epoch: 64, train time every whole data:24.11s
epoch: 64, total time:2138.91s
validation batch 1 / 3, loss: 0.02
validation cost time: 8.7862s
epoch: 65, train time every whole data:24.10s
epoch: 65, total time:2171.80s
validation batch 1 / 3, loss: 0.02
validation cost time: 8.7864s
epoch: 66, train time every whole data:24.11s
epoch: 66, total time:2204.69s
validation batch 1 / 3, loss: 0.02
validation cost time: 8.7862s
epoch: 67, train time every whole data:24.10s
epoch: 67, total time:2237.58s
validation batch 1 / 3, loss: 0.02
validation cost time: 8.7877s
epoch: 68, train time every whole data:24.10s
epoch: 68, total time:2270.48s
validation batch 1 / 3, loss: 0.02
validation cost time: 8.7864s
epoch: 69, train time every whole data:24.11s
epoch: 69, total time:2303.37s
validation batch 1 / 3, loss: 0.02
validation cost time: 8.7870s
save parameters to file: ../experiments/HZME_OUTFLOW/MAE_ASTGNN_h1d1w0_layer4_head8_dm64_channel1_dir2_drop0.00_1.00e-03_B16_K5_TcontextScaledSAtSE1TE/epoch_70.params
epoch: 70, train time every whole data:24.11s
epoch: 70, total time:2336.28s
validation batch 1 / 3, loss: 0.02
validation cost time: 8.7865s
epoch: 71, train time every whole data:24.11s
epoch: 71, total time:2369.18s
validation batch 1 / 3, loss: 0.02
validation cost time: 8.7881s
epoch: 72, train time every whole data:24.12s
epoch: 72, total time:2402.09s
validation batch 1 / 3, loss: 0.02
validation cost time: 8.7865s
epoch: 73, train time every whole data:24.12s
epoch: 73, total time:2435.00s
validation batch 1 / 3, loss: 0.02
validation cost time: 8.7871s
epoch: 74, train time every whole data:24.11s
epoch: 74, total time:2467.89s
validation batch 1 / 3, loss: 0.02
validation cost time: 8.7867s
epoch: 75, train time every whole data:24.12s
epoch: 75, total time:2500.80s
validation batch 1 / 3, loss: 0.03
validation cost time: 8.7875s
epoch: 76, train time every whole data:24.11s
epoch: 76, total time:2533.70s
validation batch 1 / 3, loss: 0.02
validation cost time: 8.7863s
epoch: 77, train time every whole data:24.11s
epoch: 77, total time:2566.59s
validation batch 1 / 3, loss: 0.02
validation cost time: 8.7870s
epoch: 78, train time every whole data:24.11s
epoch: 78, total time:2599.49s
validation batch 1 / 3, loss: 0.02
validation cost time: 8.7864s
epoch: 79, train time every whole data:24.11s
epoch: 79, total time:2632.39s
validation batch 1 / 3, loss: 0.02
validation cost time: 8.7864s
save parameters to file: ../experiments/HZME_OUTFLOW/MAE_ASTGNN_h1d1w0_layer4_head8_dm64_channel1_dir2_drop0.00_1.00e-03_B16_K5_TcontextScaledSAtSE1TE/epoch_80.params
epoch: 80, train time every whole data:24.11s
epoch: 80, total time:2665.30s
validation batch 1 / 3, loss: 0.02
validation cost time: 8.7870s
save parameters to file: ../experiments/HZME_OUTFLOW/MAE_ASTGNN_h1d1w0_layer4_head8_dm64_channel1_dir2_drop0.00_1.00e-03_B16_K5_TcontextScaledSAtSE1TE/epoch_81.params
epoch: 81, train time every whole data:24.12s
epoch: 81, total time:2698.22s
validation batch 1 / 3, loss: 0.02
validation cost time: 8.7898s
epoch: 82, train time every whole data:24.11s
epoch: 82, total time:2731.12s
validation batch 1 / 3, loss: 0.02
validation cost time: 8.7868s
epoch: 83, train time every whole data:24.12s
epoch: 83, total time:2764.03s
validation batch 1 / 3, loss: 0.02
validation cost time: 8.7870s
epoch: 84, train time every whole data:24.11s
epoch: 84, total time:2796.93s
validation batch 1 / 3, loss: 0.02
validation cost time: 8.7881s
epoch: 85, train time every whole data:24.11s
epoch: 85, total time:2829.83s
validation batch 1 / 3, loss: 0.02
validation cost time: 8.7866s
epoch: 86, train time every whole data:24.11s
epoch: 86, total time:2862.73s
validation batch 1 / 3, loss: 0.02
validation cost time: 8.7865s
epoch: 87, train time every whole data:24.12s
epoch: 87, total time:2895.64s
validation batch 1 / 3, loss: 0.02
validation cost time: 8.7870s
epoch: 88, train time every whole data:24.10s
epoch: 88, total time:2928.53s
validation batch 1 / 3, loss: 0.02
validation cost time: 8.7863s
epoch: 89, train time every whole data:24.12s
epoch: 89, total time:2961.43s
validation batch 1 / 3, loss: 0.03
validation cost time: 8.7866s
epoch: 90, train time every whole data:24.11s
epoch: 90, total time:2994.33s
validation batch 1 / 3, loss: 0.02
validation cost time: 8.8204s
save parameters to file: ../experiments/HZME_OUTFLOW/MAE_ASTGNN_h1d1w0_layer4_head8_dm64_channel1_dir2_drop0.00_1.00e-03_B16_K5_TcontextScaledSAtSE1TE/epoch_91.params
epoch: 91, train time every whole data:24.12s
epoch: 91, total time:3027.28s
validation batch 1 / 3, loss: 0.03
validation cost time: 8.7869s
epoch: 92, train time every whole data:24.11s
epoch: 92, total time:3060.18s
validation batch 1 / 3, loss: 0.02
validation cost time: 8.7875s
epoch: 93, train time every whole data:24.12s
epoch: 93, total time:3093.09s
validation batch 1 / 3, loss: 0.02
validation cost time: 8.7870s
epoch: 94, train time every whole data:24.11s
epoch: 94, total time:3125.98s
validation batch 1 / 3, loss: 0.02
validation cost time: 8.7872s
epoch: 95, train time every whole data:24.12s
epoch: 95, total time:3158.89s
validation batch 1 / 3, loss: 0.02
validation cost time: 8.7917s
epoch: 96, train time every whole data:24.11s
epoch: 96, total time:3191.79s
validation batch 1 / 3, loss: 0.02
validation cost time: 8.7951s
epoch: 97, train time every whole data:24.12s
epoch: 97, total time:3224.71s
validation batch 1 / 3, loss: 0.02
validation cost time: 8.7865s
epoch: 98, train time every whole data:24.10s
epoch: 98, total time:3257.60s
validation batch 1 / 3, loss: 0.02
validation cost time: 8.7864s
epoch: 99, train time every whole data:24.11s
epoch: 99, total time:3290.50s
best epoch: 91
apply the best val model on the test data set ...
load weight from: ../experiments/HZME_OUTFLOW/MAE_ASTGNN_h1d1w0_layer4_head8_dm64_channel1_dir2_drop0.00_1.00e-03_B16_K5_TcontextScaledSAtSE1TE/epoch_91.params
predicting testing set batch 1 / 3, time: 4.17s
test time on whole data:8.79s
input: (1073, 80, 24, 1)
prediction: (1073, 80, 12, 1)
data_target_tensor: (1073, 80, 12)
current epoch: 91, predict 0 points
MAE: 14.00
RMSE: 22.71
MAPE: 50.21
current epoch: 91, predict 1 points
MAE: 15.03
RMSE: 24.97
MAPE: 50.50
current epoch: 91, predict 2 points
MAE: 15.10
RMSE: 25.39
MAPE: 60.38
current epoch: 91, predict 3 points
MAE: 15.29
RMSE: 26.17
MAPE: 57.05
current epoch: 91, predict 4 points
MAE: 15.58
RMSE: 26.62
MAPE: 59.06
current epoch: 91, predict 5 points
MAE: 15.75
RMSE: 26.88
MAPE: 61.94
current epoch: 91, predict 6 points
MAE: 15.95
RMSE: 27.55
MAPE: 62.14
current epoch: 91, predict 7 points
MAE: 16.03
RMSE: 27.79
MAPE: 61.10
current epoch: 91, predict 8 points
MAE: 16.18
RMSE: 27.90
MAPE: 65.39
current epoch: 91, predict 9 points
MAE: 16.43
RMSE: 28.47
MAPE: 64.83
current epoch: 91, predict 10 points
MAE: 16.35
RMSE: 28.35
MAPE: 64.60
current epoch: 91, predict 11 points
MAE: 16.67
RMSE: 28.82
MAPE: 61.46
all MAE: 15.70
all RMSE: 26.86
all MAPE: 59.85
[14.000171, 22.713540173794186, 50.21253824234009, 15.025556, 24.967696414723815, 50.503504276275635, 15.100016, 25.390389421984057, 60.38285493850708, 15.292425, 26.171574158718702, 57.04740285873413, 15.581476, 26.62368642226199, 59.06361937522888, 15.746559, 26.87947251120209, 61.93968057632446, 15.946167, 27.54872946466293, 62.135761976242065, 16.033611, 27.793547132509577, 61.09763979911804, 16.182915, 27.89942197576916, 65.38615226745605, 16.430126, 28.474927079238828, 64.8305594921112, 16.349482, 28.34981975733598, 64.60191011428833, 16.666866, 28.819799992054616, 61.46070957183838, 15.696278, 26.856329815741297, 59.85005497932434]
fine tune the model ... 
epoch: 100, train time every whole data:56.23s
epoch: 100, total time:3355.66s
validation batch 1 / 3, loss: 0.02
validation cost time: 8.7862s
save parameters to file: ../experiments/HZME_OUTFLOW/MAE_ASTGNN_h1d1w0_layer4_head8_dm64_channel1_dir2_drop0.00_1.00e-03_B16_K5_TcontextScaledSAtSE1TE/epoch_100.params
epoch: 101, train time every whole data:56.04s
epoch: 101, total time:3420.50s
validation batch 1 / 3, loss: 0.02
validation cost time: 8.7855s
save parameters to file: ../experiments/HZME_OUTFLOW/MAE_ASTGNN_h1d1w0_layer4_head8_dm64_channel1_dir2_drop0.00_1.00e-03_B16_K5_TcontextScaledSAtSE1TE/epoch_101.params
epoch: 102, train time every whole data:56.17s
epoch: 102, total time:3485.47s
validation batch 1 / 3, loss: 0.02
validation cost time: 8.7867s
epoch: 103, train time every whole data:56.15s
epoch: 103, total time:3550.40s
validation batch 1 / 3, loss: 0.02
validation cost time: 8.7900s
epoch: 104, train time every whole data:56.17s
epoch: 104, total time:3615.37s
validation batch 1 / 3, loss: 0.02
validation cost time: 8.7866s
epoch: 105, train time every whole data:56.14s
epoch: 105, total time:3680.30s
validation batch 1 / 3, loss: 0.02
validation cost time: 8.7866s
epoch: 106, train time every whole data:56.06s
epoch: 106, total time:3745.15s
validation batch 1 / 3, loss: 0.02
validation cost time: 8.7858s
epoch: 107, train time every whole data:56.10s
epoch: 107, total time:3810.04s
validation batch 1 / 3, loss: 0.02
validation cost time: 8.7861s
save parameters to file: ../experiments/HZME_OUTFLOW/MAE_ASTGNN_h1d1w0_layer4_head8_dm64_channel1_dir2_drop0.00_1.00e-03_B16_K5_TcontextScaledSAtSE1TE/epoch_107.params
epoch: 108, train time every whole data:56.11s
epoch: 108, total time:3874.95s
validation batch 1 / 3, loss: 0.02
validation cost time: 8.7863s
epoch: 109, train time every whole data:56.10s
epoch: 109, total time:3939.84s
validation batch 1 / 3, loss: 0.02
validation cost time: 8.7847s
epoch: 110, train time every whole data:56.02s
epoch: 110, total time:4004.65s
validation batch 1 / 3, loss: 0.02
validation cost time: 8.7857s
epoch: 111, train time every whole data:56.06s
epoch: 111, total time:4069.50s
validation batch 1 / 3, loss: 0.02
validation cost time: 8.7853s
epoch: 112, train time every whole data:56.10s
epoch: 112, total time:4134.38s
validation batch 1 / 3, loss: 0.02
validation cost time: 8.7856s
epoch: 113, train time every whole data:56.03s
epoch: 113, total time:4199.20s
validation batch 1 / 3, loss: 0.02
validation cost time: 8.7855s
epoch: 114, train time every whole data:56.14s
epoch: 114, total time:4264.12s
validation batch 1 / 3, loss: 0.02
validation cost time: 8.7857s
epoch: 115, train time every whole data:56.09s
epoch: 115, total time:4329.00s
validation batch 1 / 3, loss: 0.02
validation cost time: 8.7853s
epoch: 116, train time every whole data:56.09s
epoch: 116, total time:4393.88s
validation batch 1 / 3, loss: 0.02
validation cost time: 8.7849s
save parameters to file: ../experiments/HZME_OUTFLOW/MAE_ASTGNN_h1d1w0_layer4_head8_dm64_channel1_dir2_drop0.00_1.00e-03_B16_K5_TcontextScaledSAtSE1TE/epoch_116.params
epoch: 117, train time every whole data:56.08s
epoch: 117, total time:4458.76s
validation batch 1 / 3, loss: 0.02
validation cost time: 8.7851s
epoch: 118, train time every whole data:56.13s
epoch: 118, total time:4523.67s
validation batch 1 / 3, loss: 0.02
validation cost time: 8.7849s
epoch: 119, train time every whole data:56.11s
epoch: 119, total time:4588.57s
validation batch 1 / 3, loss: 0.02
validation cost time: 8.7874s
epoch: 120, train time every whole data:56.12s
epoch: 120, total time:4653.47s
validation batch 1 / 3, loss: 0.02
validation cost time: 8.7856s
epoch: 121, train time every whole data:56.13s
epoch: 121, total time:4718.39s
validation batch 1 / 3, loss: 0.02
validation cost time: 8.7849s
epoch: 122, train time every whole data:56.10s
epoch: 122, total time:4783.28s
validation batch 1 / 3, loss: 0.02
validation cost time: 8.7854s
epoch: 123, train time every whole data:56.14s
epoch: 123, total time:4848.21s
validation batch 1 / 3, loss: 0.02
validation cost time: 8.7880s
epoch: 124, train time every whole data:56.14s
epoch: 124, total time:4913.14s
validation batch 1 / 3, loss: 0.02
validation cost time: 8.7869s
epoch: 125, train time every whole data:56.08s
epoch: 125, total time:4978.01s
validation batch 1 / 3, loss: 0.02
validation cost time: 8.7858s
epoch: 126, train time every whole data:56.09s
epoch: 126, total time:5042.89s
validation batch 1 / 3, loss: 0.02
validation cost time: 8.7871s
epoch: 127, train time every whole data:56.05s
epoch: 127, total time:5107.72s
validation batch 1 / 3, loss: 0.02
validation cost time: 8.7896s
epoch: 128, train time every whole data:56.13s
epoch: 128, total time:5172.64s
validation batch 1 / 3, loss: 0.02
validation cost time: 8.7865s
epoch: 129, train time every whole data:56.12s
epoch: 129, total time:5237.55s
validation batch 1 / 3, loss: 0.02
validation cost time: 8.7863s
save parameters to file: ../experiments/HZME_OUTFLOW/MAE_ASTGNN_h1d1w0_layer4_head8_dm64_channel1_dir2_drop0.00_1.00e-03_B16_K5_TcontextScaledSAtSE1TE/epoch_129.params
epoch: 130, train time every whole data:56.07s
epoch: 130, total time:5302.42s
validation batch 1 / 3, loss: 0.02
validation cost time: 8.7853s
epoch: 131, train time every whole data:56.10s
epoch: 131, total time:5367.31s
validation batch 1 / 3, loss: 0.02
validation cost time: 8.7854s
epoch: 132, train time every whole data:56.11s
epoch: 132, total time:5432.20s
validation batch 1 / 3, loss: 0.02
validation cost time: 8.7862s
epoch: 133, train time every whole data:56.03s
epoch: 133, total time:5497.02s
validation batch 1 / 3, loss: 0.02
validation cost time: 8.8189s
epoch: 134, train time every whole data:56.10s
epoch: 134, total time:5561.94s
validation batch 1 / 3, loss: 0.02
validation cost time: 8.7854s
epoch: 135, train time every whole data:56.11s
epoch: 135, total time:5626.83s
validation batch 1 / 3, loss: 0.02
validation cost time: 8.7861s
epoch: 136, train time every whole data:56.08s
epoch: 136, total time:5691.70s
validation batch 1 / 3, loss: 0.02
validation cost time: 8.7867s
save parameters to file: ../experiments/HZME_OUTFLOW/MAE_ASTGNN_h1d1w0_layer4_head8_dm64_channel1_dir2_drop0.00_1.00e-03_B16_K5_TcontextScaledSAtSE1TE/epoch_136.params
epoch: 137, train time every whole data:56.11s
epoch: 137, total time:5756.61s
validation batch 1 / 3, loss: 0.02
validation cost time: 8.7930s
epoch: 138, train time every whole data:56.06s
epoch: 138, total time:5821.46s
validation batch 1 / 3, loss: 0.02
validation cost time: 8.7870s
epoch: 139, train time every whole data:56.14s
epoch: 139, total time:5886.39s
validation batch 1 / 3, loss: 0.02
validation cost time: 8.7865s
epoch: 140, train time every whole data:56.13s
epoch: 140, total time:5951.31s
validation batch 1 / 3, loss: 0.02
validation cost time: 8.7857s
epoch: 141, train time every whole data:56.08s
epoch: 141, total time:6016.18s
validation batch 1 / 3, loss: 0.02
validation cost time: 8.7848s
epoch: 142, train time every whole data:56.03s
epoch: 142, total time:6080.99s
validation batch 1 / 3, loss: 0.02
validation cost time: 8.7859s
epoch: 143, train time every whole data:56.08s
epoch: 143, total time:6145.86s
validation batch 1 / 3, loss: 0.02
validation cost time: 8.7857s
epoch: 144, train time every whole data:56.03s
epoch: 144, total time:6210.68s
validation batch 1 / 3, loss: 0.02
validation cost time: 8.7853s
epoch: 145, train time every whole data:56.05s
epoch: 145, total time:6275.52s
validation batch 1 / 3, loss: 0.02
validation cost time: 8.7864s
epoch: 146, train time every whole data:56.00s
epoch: 146, total time:6340.30s
validation batch 1 / 3, loss: 0.02
validation cost time: 8.7856s
epoch: 147, train time every whole data:56.09s
epoch: 147, total time:6405.18s
validation batch 1 / 3, loss: 0.02
validation cost time: 8.7849s
epoch: 148, train time every whole data:56.01s
epoch: 148, total time:6469.98s
validation batch 1 / 3, loss: 0.02
validation cost time: 8.7851s
save parameters to file: ../experiments/HZME_OUTFLOW/MAE_ASTGNN_h1d1w0_layer4_head8_dm64_channel1_dir2_drop0.00_1.00e-03_B16_K5_TcontextScaledSAtSE1TE/epoch_148.params
epoch: 149, train time every whole data:56.06s
epoch: 149, total time:6534.84s
validation batch 1 / 3, loss: 0.02
validation cost time: 8.7909s
best epoch: 148
apply the best val model on the test data set ...
load weight from: ../experiments/HZME_OUTFLOW/MAE_ASTGNN_h1d1w0_layer4_head8_dm64_channel1_dir2_drop0.00_1.00e-03_B16_K5_TcontextScaledSAtSE1TE/epoch_148.params
predicting testing set batch 1 / 3, time: 4.18s
test time on whole data:8.80s
input: (1073, 80, 24, 1)
prediction: (1073, 80, 12, 1)
data_target_tensor: (1073, 80, 12)
current epoch: 148, predict 0 points
MAE: 13.57
RMSE: 22.57
MAPE: 39.55
current epoch: 148, predict 1 points
MAE: 14.45
RMSE: 24.48
MAPE: 47.67
current epoch: 148, predict 2 points
MAE: 14.57
RMSE: 24.90
MAPE: 49.65
current epoch: 148, predict 3 points
MAE: 14.87
RMSE: 25.60
MAPE: 51.50
current epoch: 148, predict 4 points
MAE: 15.14
RMSE: 26.21
MAPE: 52.74
current epoch: 148, predict 5 points
MAE: 15.38
RMSE: 26.68
MAPE: 55.59
current epoch: 148, predict 6 points
MAE: 15.52
RMSE: 27.02
MAPE: 56.84
current epoch: 148, predict 7 points
MAE: 15.62
RMSE: 27.48
MAPE: 56.06
current epoch: 148, predict 8 points
MAE: 15.82
RMSE: 27.84
MAPE: 60.26
current epoch: 148, predict 9 points
MAE: 15.76
RMSE: 27.83
MAPE: 59.45
current epoch: 148, predict 10 points
MAE: 15.77
RMSE: 27.84
MAPE: 57.23
current epoch: 148, predict 11 points
MAE: 16.12
RMSE: 28.47
MAPE: 59.95
all MAE: 15.22
all RMSE: 26.46
all MAPE: 53.82
[13.56669, 22.57068297549874, 39.55484926700592, 14.450342, 24.480398628130782, 47.67390191555023, 14.56665, 24.897722916871587, 49.64638948440552, 14.874379, 25.595102127744823, 51.50041580200195, 15.141253, 26.214252072465275, 52.73585319519043, 15.382959, 26.6832709434617, 55.59452176094055, 15.518082, 27.022151196258182, 56.84099793434143, 15.618518, 27.483319026402746, 56.0563862323761, 15.815651, 27.835747832991213, 60.259026288986206, 15.761065, 27.832157072084016, 59.44894552230835, 15.77106, 27.83625982131658, 57.23459720611572, 16.116962, 28.466492346677303, 59.94914770126343, 15.215295, 26.46239985256498, 53.82310748100281]
