Fri Nov 12 08:22:15 2021       
+-----------------------------------------------------------------------------+
| NVIDIA-SMI 418.165.02   Driver Version: 418.165.02   CUDA Version: 10.1     |
|-------------------------------+----------------------+----------------------+
| GPU  Name        Persistence-M| Bus-Id        Disp.A | Volatile Uncorr. ECC |
| Fan  Temp  Perf  Pwr:Usage/Cap|         Memory-Usage | GPU-Util  Compute M. |
|===============================+======================+======================|
|   0  Tesla V100-PCIE...  Off  | 00000000:5A:00.0 Off |                    0 |
| N/A   23C    P0    22W / 250W |     11MiB / 32480MiB |      0%      Default |
+-------------------------------+----------------------+----------------------+
|   1  Tesla V100-PCIE...  Off  | 00000000:5E:00.0 Off |                    0 |
| N/A   23C    P0    22W / 250W |     11MiB / 32480MiB |      0%      Default |
+-------------------------------+----------------------+----------------------+
|   2  Tesla V100-PCIE...  Off  | 00000000:62:00.0 Off |                    0 |
| N/A   51C    P0   139W / 250W |  13474MiB / 32480MiB |     99%      Default |
+-------------------------------+----------------------+----------------------+
|   3  Tesla V100-PCIE...  Off  | 00000000:66:00.0 Off |                    0 |
| N/A   61C    P0   249W / 250W |   7149MiB / 32480MiB |    100%      Default |
+-------------------------------+----------------------+----------------------+
|   4  Tesla V100-PCIE...  Off  | 00000000:B5:00.0 Off |                    0 |
| N/A   49C    P0   137W / 250W |  13672MiB / 32480MiB |     83%      Default |
+-------------------------------+----------------------+----------------------+
|   5  Tesla V100-PCIE...  Off  | 00000000:B9:00.0 Off |                    0 |
| N/A   60C    P0   139W / 250W |  13572MiB / 32480MiB |     88%      Default |
+-------------------------------+----------------------+----------------------+
|   6  Tesla V100-PCIE...  Off  | 00000000:BD:00.0 Off |                    0 |
| N/A   56C    P0   130W / 250W |  13670MiB / 32480MiB |     83%      Default |
+-------------------------------+----------------------+----------------------+
|   7  Tesla V100-PCIE...  Off  | 00000000:C1:00.0 Off |                    0 |
| N/A   54C    P0   174W / 250W |  13674MiB / 32480MiB |    100%      Default |
+-------------------------------+----------------------+----------------------+
                                                                               
+-----------------------------------------------------------------------------+
| Processes:                                                       GPU Memory |
|  GPU       PID   Type   Process name                             Usage      |
|=============================================================================|
|    2     54369      C   python                                     13463MiB |
|    3     16900      C   python                                      7137MiB |
|    4     44007      C   python                                     13661MiB |
|    5     36378      C   python                                     13561MiB |
|    6       606      C   python                                     13659MiB |
|    7     57303      C   python                                     13663MiB |
+-----------------------------------------------------------------------------+
CUDA: True cuda:0
Read configuration file: /data/home/u18112042/CorrSTN-nA/configurations/PEMS08_rdw.conf
total training epoch, fine tune epoch: 50 , 25
batch_size: 8
attention_top_k: 5
folder_dir: MAE_ASTGNN_h1d1w1_layer4_head8_dm64_channel1_dir2_drop0.00_1.00e-03_B8_K5_TcontextScaledSAtSE1TE
load file: /data/home/u18112042/CorrSTN-nA/data/PEMS08/PEMS08_r1_d1_w1.npz
ori length: 9497 , percent: 1.0 , scale: 9497
train: torch.Size([9497, 170, 1, 36]) torch.Size([9497, 170, 12]) torch.Size([9497, 170, 12])
val: torch.Size([3166, 170, 1, 36]) torch.Size([3166, 170, 12]) torch.Size([3166, 170, 12])
test: torch.Size([3166, 170, 1, 36]) torch.Size([3166, 170, 12]) torch.Size([3166, 170, 12])
TemporalPositionalEncoding max_len: 2016
w_index: [0, 1, 2, 3, 4, 5, 6, 7, 8, 9, 10, 11]
d_index: [1728, 1729, 1730, 1731, 1732, 1733, 1734, 1735, 1736, 1737, 1738, 1739]
h_index: [2004, 2005, 2006, 2007, 2008, 2009, 2010, 2011, 2012, 2013, 2014, 2015]
en_lookup_index: [0, 1, 2, 3, 4, 5, 6, 7, 8, 9, 10, 11, 1728, 1729, 1730, 1731, 1732, 1733, 1734, 1735, 1736, 1737, 1738, 1739, 2004, 2005, 2006, 2007, 2008, 2009, 2010, 2011, 2012, 2013, 2014, 2015]
EncoderDecoder(
  (encoder): Encoder(
    (layers): ModuleList(
      (0): EncoderLayer(
        (self_attn): MultiHeadAttentionAwareTemporalContex_q1d_k1d(
          (linears): ModuleList(
            (0): Linear(in_features=64, out_features=64, bias=True)
            (1): Linear(in_features=64, out_features=64, bias=True)
          )
          (conv1Ds_aware_temporal_context): ModuleList(
            (0): Conv2d(64, 64, kernel_size=(1, 3), stride=(1, 1), padding=(0, 1))
            (1): Conv2d(64, 64, kernel_size=(1, 3), stride=(1, 1), padding=(0, 1))
          )
          (dropout): Dropout(p=0.0, inplace=False)
          (attn_ic): Attention_IC(
            (DAT): DynamicAttentionLayer(
              (dropout): Dropout(p=0.0, inplace=False)
            )
          )
        )
        (feed_forward_gcn): PositionWiseGCNFeedForward(
          (gcn): spatialAttentionScaledGCN(
            (Theta): Linear(in_features=64, out_features=64, bias=False)
            (SAt): Spatial_Attention_layer(
              (dropout): Dropout(p=0.0, inplace=False)
            )
          )
          (dropout): Dropout(p=0.0, inplace=False)
        )
        (sublayer): ModuleList(
          (0): SublayerConnection(
            (dropout): Dropout(p=0.0, inplace=False)
            (norm): LayerNorm((64,), eps=1e-05, elementwise_affine=True)
          )
          (1): SublayerConnection(
            (dropout): Dropout(p=0.0, inplace=False)
            (norm): LayerNorm((64,), eps=1e-05, elementwise_affine=True)
          )
        )
      )
      (1): EncoderLayer(
        (self_attn): MultiHeadAttentionAwareTemporalContex_q1d_k1d(
          (linears): ModuleList(
            (0): Linear(in_features=64, out_features=64, bias=True)
            (1): Linear(in_features=64, out_features=64, bias=True)
          )
          (conv1Ds_aware_temporal_context): ModuleList(
            (0): Conv2d(64, 64, kernel_size=(1, 3), stride=(1, 1), padding=(0, 1))
            (1): Conv2d(64, 64, kernel_size=(1, 3), stride=(1, 1), padding=(0, 1))
          )
          (dropout): Dropout(p=0.0, inplace=False)
          (attn_ic): Attention_IC(
            (DAT): DynamicAttentionLayer(
              (dropout): Dropout(p=0.0, inplace=False)
            )
          )
        )
        (feed_forward_gcn): PositionWiseGCNFeedForward(
          (gcn): spatialAttentionScaledGCN(
            (Theta): Linear(in_features=64, out_features=64, bias=False)
            (SAt): Spatial_Attention_layer(
              (dropout): Dropout(p=0.0, inplace=False)
            )
          )
          (dropout): Dropout(p=0.0, inplace=False)
        )
        (sublayer): ModuleList(
          (0): SublayerConnection(
            (dropout): Dropout(p=0.0, inplace=False)
            (norm): LayerNorm((64,), eps=1e-05, elementwise_affine=True)
          )
          (1): SublayerConnection(
            (dropout): Dropout(p=0.0, inplace=False)
            (norm): LayerNorm((64,), eps=1e-05, elementwise_affine=True)
          )
        )
      )
      (2): EncoderLayer(
        (self_attn): MultiHeadAttentionAwareTemporalContex_q1d_k1d(
          (linears): ModuleList(
            (0): Linear(in_features=64, out_features=64, bias=True)
            (1): Linear(in_features=64, out_features=64, bias=True)
          )
          (conv1Ds_aware_temporal_context): ModuleList(
            (0): Conv2d(64, 64, kernel_size=(1, 3), stride=(1, 1), padding=(0, 1))
            (1): Conv2d(64, 64, kernel_size=(1, 3), stride=(1, 1), padding=(0, 1))
          )
          (dropout): Dropout(p=0.0, inplace=False)
          (attn_ic): Attention_IC(
            (DAT): DynamicAttentionLayer(
              (dropout): Dropout(p=0.0, inplace=False)
            )
          )
        )
        (feed_forward_gcn): PositionWiseGCNFeedForward(
          (gcn): spatialAttentionScaledGCN(
            (Theta): Linear(in_features=64, out_features=64, bias=False)
            (SAt): Spatial_Attention_layer(
              (dropout): Dropout(p=0.0, inplace=False)
            )
          )
          (dropout): Dropout(p=0.0, inplace=False)
        )
        (sublayer): ModuleList(
          (0): SublayerConnection(
            (dropout): Dropout(p=0.0, inplace=False)
            (norm): LayerNorm((64,), eps=1e-05, elementwise_affine=True)
          )
          (1): SublayerConnection(
            (dropout): Dropout(p=0.0, inplace=False)
            (norm): LayerNorm((64,), eps=1e-05, elementwise_affine=True)
          )
        )
      )
      (3): EncoderLayer(
        (self_attn): MultiHeadAttentionAwareTemporalContex_q1d_k1d(
          (linears): ModuleList(
            (0): Linear(in_features=64, out_features=64, bias=True)
            (1): Linear(in_features=64, out_features=64, bias=True)
          )
          (conv1Ds_aware_temporal_context): ModuleList(
            (0): Conv2d(64, 64, kernel_size=(1, 3), stride=(1, 1), padding=(0, 1))
            (1): Conv2d(64, 64, kernel_size=(1, 3), stride=(1, 1), padding=(0, 1))
          )
          (dropout): Dropout(p=0.0, inplace=False)
          (attn_ic): Attention_IC(
            (DAT): DynamicAttentionLayer(
              (dropout): Dropout(p=0.0, inplace=False)
            )
          )
        )
        (feed_forward_gcn): PositionWiseGCNFeedForward(
          (gcn): spatialAttentionScaledGCN(
            (Theta): Linear(in_features=64, out_features=64, bias=False)
            (SAt): Spatial_Attention_layer(
              (dropout): Dropout(p=0.0, inplace=False)
            )
          )
          (dropout): Dropout(p=0.0, inplace=False)
        )
        (sublayer): ModuleList(
          (0): SublayerConnection(
            (dropout): Dropout(p=0.0, inplace=False)
            (norm): LayerNorm((64,), eps=1e-05, elementwise_affine=True)
          )
          (1): SublayerConnection(
            (dropout): Dropout(p=0.0, inplace=False)
            (norm): LayerNorm((64,), eps=1e-05, elementwise_affine=True)
          )
        )
      )
    )
    (norm): LayerNorm((64,), eps=1e-05, elementwise_affine=True)
  )
  (decoder): Decoder(
    (layers): ModuleList(
      (0): DecoderLayer(
        (self_attn): MultiHeadAttentionAwareTemporalContex_qc_kc(
          (linears): ModuleList(
            (0): Linear(in_features=64, out_features=64, bias=True)
            (1): Linear(in_features=64, out_features=64, bias=True)
          )
          (conv1Ds_aware_temporal_context): ModuleList(
            (0): Conv2d(64, 64, kernel_size=(1, 3), stride=(1, 1), padding=(0, 2))
            (1): Conv2d(64, 64, kernel_size=(1, 3), stride=(1, 1), padding=(0, 2))
          )
          (dropout): Dropout(p=0.0, inplace=False)
          (attn_ic): Attention_IC(
            (DAT): DynamicAttentionLayer(
              (dropout): Dropout(p=0.0, inplace=False)
            )
          )
        )
        (src_attn): MultiHeadAttentionAwareTemporalContex_qc_k1d(
          (linears): ModuleList(
            (0): Linear(in_features=64, out_features=64, bias=True)
            (1): Linear(in_features=64, out_features=64, bias=True)
          )
          (query_conv1Ds_aware_temporal_context): Conv2d(64, 64, kernel_size=(1, 3), stride=(1, 1), padding=(0, 2))
          (key_conv1Ds_aware_temporal_context): Conv2d(64, 64, kernel_size=(1, 3), stride=(1, 1), padding=(0, 1))
          (dropout): Dropout(p=0.0, inplace=False)
          (attn_ic): Attention_IC(
            (DAT): DynamicAttentionLayer(
              (dropout): Dropout(p=0.0, inplace=False)
            )
          )
        )
        (feed_forward_gcn): PositionWiseGCNFeedForward(
          (gcn): spatialAttentionScaledGCN(
            (Theta): Linear(in_features=64, out_features=64, bias=False)
            (SAt): Spatial_Attention_layer(
              (dropout): Dropout(p=0.0, inplace=False)
            )
          )
          (dropout): Dropout(p=0.0, inplace=False)
        )
        (sublayer): ModuleList(
          (0): SublayerConnection(
            (dropout): Dropout(p=0.0, inplace=False)
            (norm): LayerNorm((64,), eps=1e-05, elementwise_affine=True)
          )
          (1): SublayerConnection(
            (dropout): Dropout(p=0.0, inplace=False)
            (norm): LayerNorm((64,), eps=1e-05, elementwise_affine=True)
          )
          (2): SublayerConnection(
            (dropout): Dropout(p=0.0, inplace=False)
            (norm): LayerNorm((64,), eps=1e-05, elementwise_affine=True)
          )
        )
      )
      (1): DecoderLayer(
        (self_attn): MultiHeadAttentionAwareTemporalContex_qc_kc(
          (linears): ModuleList(
            (0): Linear(in_features=64, out_features=64, bias=True)
            (1): Linear(in_features=64, out_features=64, bias=True)
          )
          (conv1Ds_aware_temporal_context): ModuleList(
            (0): Conv2d(64, 64, kernel_size=(1, 3), stride=(1, 1), padding=(0, 2))
            (1): Conv2d(64, 64, kernel_size=(1, 3), stride=(1, 1), padding=(0, 2))
          )
          (dropout): Dropout(p=0.0, inplace=False)
          (attn_ic): Attention_IC(
            (DAT): DynamicAttentionLayer(
              (dropout): Dropout(p=0.0, inplace=False)
            )
          )
        )
        (src_attn): MultiHeadAttentionAwareTemporalContex_qc_k1d(
          (linears): ModuleList(
            (0): Linear(in_features=64, out_features=64, bias=True)
            (1): Linear(in_features=64, out_features=64, bias=True)
          )
          (query_conv1Ds_aware_temporal_context): Conv2d(64, 64, kernel_size=(1, 3), stride=(1, 1), padding=(0, 2))
          (key_conv1Ds_aware_temporal_context): Conv2d(64, 64, kernel_size=(1, 3), stride=(1, 1), padding=(0, 1))
          (dropout): Dropout(p=0.0, inplace=False)
          (attn_ic): Attention_IC(
            (DAT): DynamicAttentionLayer(
              (dropout): Dropout(p=0.0, inplace=False)
            )
          )
        )
        (feed_forward_gcn): PositionWiseGCNFeedForward(
          (gcn): spatialAttentionScaledGCN(
            (Theta): Linear(in_features=64, out_features=64, bias=False)
            (SAt): Spatial_Attention_layer(
              (dropout): Dropout(p=0.0, inplace=False)
            )
          )
          (dropout): Dropout(p=0.0, inplace=False)
        )
        (sublayer): ModuleList(
          (0): SublayerConnection(
            (dropout): Dropout(p=0.0, inplace=False)
            (norm): LayerNorm((64,), eps=1e-05, elementwise_affine=True)
          )
          (1): SublayerConnection(
            (dropout): Dropout(p=0.0, inplace=False)
            (norm): LayerNorm((64,), eps=1e-05, elementwise_affine=True)
          )
          (2): SublayerConnection(
            (dropout): Dropout(p=0.0, inplace=False)
            (norm): LayerNorm((64,), eps=1e-05, elementwise_affine=True)
          )
        )
      )
      (2): DecoderLayer(
        (self_attn): MultiHeadAttentionAwareTemporalContex_qc_kc(
          (linears): ModuleList(
            (0): Linear(in_features=64, out_features=64, bias=True)
            (1): Linear(in_features=64, out_features=64, bias=True)
          )
          (conv1Ds_aware_temporal_context): ModuleList(
            (0): Conv2d(64, 64, kernel_size=(1, 3), stride=(1, 1), padding=(0, 2))
            (1): Conv2d(64, 64, kernel_size=(1, 3), stride=(1, 1), padding=(0, 2))
          )
          (dropout): Dropout(p=0.0, inplace=False)
          (attn_ic): Attention_IC(
            (DAT): DynamicAttentionLayer(
              (dropout): Dropout(p=0.0, inplace=False)
            )
          )
        )
        (src_attn): MultiHeadAttentionAwareTemporalContex_qc_k1d(
          (linears): ModuleList(
            (0): Linear(in_features=64, out_features=64, bias=True)
            (1): Linear(in_features=64, out_features=64, bias=True)
          )
          (query_conv1Ds_aware_temporal_context): Conv2d(64, 64, kernel_size=(1, 3), stride=(1, 1), padding=(0, 2))
          (key_conv1Ds_aware_temporal_context): Conv2d(64, 64, kernel_size=(1, 3), stride=(1, 1), padding=(0, 1))
          (dropout): Dropout(p=0.0, inplace=False)
          (attn_ic): Attention_IC(
            (DAT): DynamicAttentionLayer(
              (dropout): Dropout(p=0.0, inplace=False)
            )
          )
        )
        (feed_forward_gcn): PositionWiseGCNFeedForward(
          (gcn): spatialAttentionScaledGCN(
            (Theta): Linear(in_features=64, out_features=64, bias=False)
            (SAt): Spatial_Attention_layer(
              (dropout): Dropout(p=0.0, inplace=False)
            )
          )
          (dropout): Dropout(p=0.0, inplace=False)
        )
        (sublayer): ModuleList(
          (0): SublayerConnection(
            (dropout): Dropout(p=0.0, inplace=False)
            (norm): LayerNorm((64,), eps=1e-05, elementwise_affine=True)
          )
          (1): SublayerConnection(
            (dropout): Dropout(p=0.0, inplace=False)
            (norm): LayerNorm((64,), eps=1e-05, elementwise_affine=True)
          )
          (2): SublayerConnection(
            (dropout): Dropout(p=0.0, inplace=False)
            (norm): LayerNorm((64,), eps=1e-05, elementwise_affine=True)
          )
        )
      )
      (3): DecoderLayer(
        (self_attn): MultiHeadAttentionAwareTemporalContex_qc_kc(
          (linears): ModuleList(
            (0): Linear(in_features=64, out_features=64, bias=True)
            (1): Linear(in_features=64, out_features=64, bias=True)
          )
          (conv1Ds_aware_temporal_context): ModuleList(
            (0): Conv2d(64, 64, kernel_size=(1, 3), stride=(1, 1), padding=(0, 2))
            (1): Conv2d(64, 64, kernel_size=(1, 3), stride=(1, 1), padding=(0, 2))
          )
          (dropout): Dropout(p=0.0, inplace=False)
          (attn_ic): Attention_IC(
            (DAT): DynamicAttentionLayer(
              (dropout): Dropout(p=0.0, inplace=False)
            )
          )
        )
        (src_attn): MultiHeadAttentionAwareTemporalContex_qc_k1d(
          (linears): ModuleList(
            (0): Linear(in_features=64, out_features=64, bias=True)
            (1): Linear(in_features=64, out_features=64, bias=True)
          )
          (query_conv1Ds_aware_temporal_context): Conv2d(64, 64, kernel_size=(1, 3), stride=(1, 1), padding=(0, 2))
          (key_conv1Ds_aware_temporal_context): Conv2d(64, 64, kernel_size=(1, 3), stride=(1, 1), padding=(0, 1))
          (dropout): Dropout(p=0.0, inplace=False)
          (attn_ic): Attention_IC(
            (DAT): DynamicAttentionLayer(
              (dropout): Dropout(p=0.0, inplace=False)
            )
          )
        )
        (feed_forward_gcn): PositionWiseGCNFeedForward(
          (gcn): spatialAttentionScaledGCN(
            (Theta): Linear(in_features=64, out_features=64, bias=False)
            (SAt): Spatial_Attention_layer(
              (dropout): Dropout(p=0.0, inplace=False)
            )
          )
          (dropout): Dropout(p=0.0, inplace=False)
        )
        (sublayer): ModuleList(
          (0): SublayerConnection(
            (dropout): Dropout(p=0.0, inplace=False)
            (norm): LayerNorm((64,), eps=1e-05, elementwise_affine=True)
          )
          (1): SublayerConnection(
            (dropout): Dropout(p=0.0, inplace=False)
            (norm): LayerNorm((64,), eps=1e-05, elementwise_affine=True)
          )
          (2): SublayerConnection(
            (dropout): Dropout(p=0.0, inplace=False)
            (norm): LayerNorm((64,), eps=1e-05, elementwise_affine=True)
          )
        )
      )
    )
    (norm): LayerNorm((64,), eps=1e-05, elementwise_affine=True)
  )
  (src_embed): Sequential(
    (0): Linear(in_features=1, out_features=64, bias=True)
    (1): TemporalPositionalEncoding(
      (dropout): Dropout(p=0.0, inplace=False)
    )
    (2): SpatialPositionalEncoding(
      (dropout): Dropout(p=0.0, inplace=False)
      (embedding): Embedding(170, 64)
      (gcn_smooth_layers): ModuleList(
        (0): GCN(
          (Theta): Linear(in_features=64, out_features=64, bias=False)
        )
      )
    )
  )
  (trg_embed): Sequential(
    (0): Linear(in_features=1, out_features=64, bias=True)
    (1): TemporalPositionalEncoding(
      (dropout): Dropout(p=0.0, inplace=False)
    )
    (2): SpatialPositionalEncoding(
      (dropout): Dropout(p=0.0, inplace=False)
      (embedding): Embedding(170, 64)
      (gcn_smooth_layers): ModuleList(
        (0): GCN(
          (Theta): Linear(in_features=64, out_features=64, bias=False)
        )
      )
    )
  )
  (prediction_generator): Linear(in_features=64, out_features=1, bias=True)
)
create params directory ./experiments/PEMS08/MAE_ASTGNN_h1d1w1_layer4_head8_dm64_channel1_dir2_drop0.00_1.00e-03_B8_K5_TcontextScaledSAtSE1TE
Net's state_dict:
encoder.layers.0.self_attn.linears.0.weight 	 torch.Size([64, 64])
encoder.layers.0.self_attn.linears.0.bias 	 torch.Size([64])
encoder.layers.0.self_attn.linears.1.weight 	 torch.Size([64, 64])
encoder.layers.0.self_attn.linears.1.bias 	 torch.Size([64])
encoder.layers.0.self_attn.conv1Ds_aware_temporal_context.0.weight 	 torch.Size([64, 64, 1, 3])
encoder.layers.0.self_attn.conv1Ds_aware_temporal_context.0.bias 	 torch.Size([64])
encoder.layers.0.self_attn.conv1Ds_aware_temporal_context.1.weight 	 torch.Size([64, 64, 1, 3])
encoder.layers.0.self_attn.conv1Ds_aware_temporal_context.1.bias 	 torch.Size([64])
encoder.layers.0.feed_forward_gcn.gcn.alpha 	 torch.Size([1])
encoder.layers.0.feed_forward_gcn.gcn.beta 	 torch.Size([3])
encoder.layers.0.feed_forward_gcn.gcn.Theta.weight 	 torch.Size([64, 64])
encoder.layers.0.sublayer.0.norm.weight 	 torch.Size([64])
encoder.layers.0.sublayer.0.norm.bias 	 torch.Size([64])
encoder.layers.0.sublayer.1.norm.weight 	 torch.Size([64])
encoder.layers.0.sublayer.1.norm.bias 	 torch.Size([64])
encoder.layers.1.self_attn.linears.0.weight 	 torch.Size([64, 64])
encoder.layers.1.self_attn.linears.0.bias 	 torch.Size([64])
encoder.layers.1.self_attn.linears.1.weight 	 torch.Size([64, 64])
encoder.layers.1.self_attn.linears.1.bias 	 torch.Size([64])
encoder.layers.1.self_attn.conv1Ds_aware_temporal_context.0.weight 	 torch.Size([64, 64, 1, 3])
encoder.layers.1.self_attn.conv1Ds_aware_temporal_context.0.bias 	 torch.Size([64])
encoder.layers.1.self_attn.conv1Ds_aware_temporal_context.1.weight 	 torch.Size([64, 64, 1, 3])
encoder.layers.1.self_attn.conv1Ds_aware_temporal_context.1.bias 	 torch.Size([64])
encoder.layers.1.feed_forward_gcn.gcn.alpha 	 torch.Size([1])
encoder.layers.1.feed_forward_gcn.gcn.beta 	 torch.Size([3])
encoder.layers.1.feed_forward_gcn.gcn.Theta.weight 	 torch.Size([64, 64])
encoder.layers.1.sublayer.0.norm.weight 	 torch.Size([64])
encoder.layers.1.sublayer.0.norm.bias 	 torch.Size([64])
encoder.layers.1.sublayer.1.norm.weight 	 torch.Size([64])
encoder.layers.1.sublayer.1.norm.bias 	 torch.Size([64])
encoder.layers.2.self_attn.linears.0.weight 	 torch.Size([64, 64])
encoder.layers.2.self_attn.linears.0.bias 	 torch.Size([64])
encoder.layers.2.self_attn.linears.1.weight 	 torch.Size([64, 64])
encoder.layers.2.self_attn.linears.1.bias 	 torch.Size([64])
encoder.layers.2.self_attn.conv1Ds_aware_temporal_context.0.weight 	 torch.Size([64, 64, 1, 3])
encoder.layers.2.self_attn.conv1Ds_aware_temporal_context.0.bias 	 torch.Size([64])
encoder.layers.2.self_attn.conv1Ds_aware_temporal_context.1.weight 	 torch.Size([64, 64, 1, 3])
encoder.layers.2.self_attn.conv1Ds_aware_temporal_context.1.bias 	 torch.Size([64])
encoder.layers.2.feed_forward_gcn.gcn.alpha 	 torch.Size([1])
encoder.layers.2.feed_forward_gcn.gcn.beta 	 torch.Size([3])
encoder.layers.2.feed_forward_gcn.gcn.Theta.weight 	 torch.Size([64, 64])
encoder.layers.2.sublayer.0.norm.weight 	 torch.Size([64])
encoder.layers.2.sublayer.0.norm.bias 	 torch.Size([64])
encoder.layers.2.sublayer.1.norm.weight 	 torch.Size([64])
encoder.layers.2.sublayer.1.norm.bias 	 torch.Size([64])
encoder.layers.3.self_attn.linears.0.weight 	 torch.Size([64, 64])
encoder.layers.3.self_attn.linears.0.bias 	 torch.Size([64])
encoder.layers.3.self_attn.linears.1.weight 	 torch.Size([64, 64])
encoder.layers.3.self_attn.linears.1.bias 	 torch.Size([64])
encoder.layers.3.self_attn.conv1Ds_aware_temporal_context.0.weight 	 torch.Size([64, 64, 1, 3])
encoder.layers.3.self_attn.conv1Ds_aware_temporal_context.0.bias 	 torch.Size([64])
encoder.layers.3.self_attn.conv1Ds_aware_temporal_context.1.weight 	 torch.Size([64, 64, 1, 3])
encoder.layers.3.self_attn.conv1Ds_aware_temporal_context.1.bias 	 torch.Size([64])
encoder.layers.3.feed_forward_gcn.gcn.alpha 	 torch.Size([1])
encoder.layers.3.feed_forward_gcn.gcn.beta 	 torch.Size([3])
encoder.layers.3.feed_forward_gcn.gcn.Theta.weight 	 torch.Size([64, 64])
encoder.layers.3.sublayer.0.norm.weight 	 torch.Size([64])
encoder.layers.3.sublayer.0.norm.bias 	 torch.Size([64])
encoder.layers.3.sublayer.1.norm.weight 	 torch.Size([64])
encoder.layers.3.sublayer.1.norm.bias 	 torch.Size([64])
encoder.norm.weight 	 torch.Size([64])
encoder.norm.bias 	 torch.Size([64])
decoder.layers.0.self_attn.linears.0.weight 	 torch.Size([64, 64])
decoder.layers.0.self_attn.linears.0.bias 	 torch.Size([64])
decoder.layers.0.self_attn.linears.1.weight 	 torch.Size([64, 64])
decoder.layers.0.self_attn.linears.1.bias 	 torch.Size([64])
decoder.layers.0.self_attn.conv1Ds_aware_temporal_context.0.weight 	 torch.Size([64, 64, 1, 3])
decoder.layers.0.self_attn.conv1Ds_aware_temporal_context.0.bias 	 torch.Size([64])
decoder.layers.0.self_attn.conv1Ds_aware_temporal_context.1.weight 	 torch.Size([64, 64, 1, 3])
decoder.layers.0.self_attn.conv1Ds_aware_temporal_context.1.bias 	 torch.Size([64])
decoder.layers.0.src_attn.linears.0.weight 	 torch.Size([64, 64])
decoder.layers.0.src_attn.linears.0.bias 	 torch.Size([64])
decoder.layers.0.src_attn.linears.1.weight 	 torch.Size([64, 64])
decoder.layers.0.src_attn.linears.1.bias 	 torch.Size([64])
decoder.layers.0.src_attn.query_conv1Ds_aware_temporal_context.weight 	 torch.Size([64, 64, 1, 3])
decoder.layers.0.src_attn.query_conv1Ds_aware_temporal_context.bias 	 torch.Size([64])
decoder.layers.0.src_attn.key_conv1Ds_aware_temporal_context.weight 	 torch.Size([64, 64, 1, 3])
decoder.layers.0.src_attn.key_conv1Ds_aware_temporal_context.bias 	 torch.Size([64])
decoder.layers.0.feed_forward_gcn.gcn.alpha 	 torch.Size([1])
decoder.layers.0.feed_forward_gcn.gcn.beta 	 torch.Size([3])
decoder.layers.0.feed_forward_gcn.gcn.Theta.weight 	 torch.Size([64, 64])
decoder.layers.0.sublayer.0.norm.weight 	 torch.Size([64])
decoder.layers.0.sublayer.0.norm.bias 	 torch.Size([64])
decoder.layers.0.sublayer.1.norm.weight 	 torch.Size([64])
decoder.layers.0.sublayer.1.norm.bias 	 torch.Size([64])
decoder.layers.0.sublayer.2.norm.weight 	 torch.Size([64])
decoder.layers.0.sublayer.2.norm.bias 	 torch.Size([64])
decoder.layers.1.self_attn.linears.0.weight 	 torch.Size([64, 64])
decoder.layers.1.self_attn.linears.0.bias 	 torch.Size([64])
decoder.layers.1.self_attn.linears.1.weight 	 torch.Size([64, 64])
decoder.layers.1.self_attn.linears.1.bias 	 torch.Size([64])
decoder.layers.1.self_attn.conv1Ds_aware_temporal_context.0.weight 	 torch.Size([64, 64, 1, 3])
decoder.layers.1.self_attn.conv1Ds_aware_temporal_context.0.bias 	 torch.Size([64])
decoder.layers.1.self_attn.conv1Ds_aware_temporal_context.1.weight 	 torch.Size([64, 64, 1, 3])
decoder.layers.1.self_attn.conv1Ds_aware_temporal_context.1.bias 	 torch.Size([64])
decoder.layers.1.src_attn.linears.0.weight 	 torch.Size([64, 64])
decoder.layers.1.src_attn.linears.0.bias 	 torch.Size([64])
decoder.layers.1.src_attn.linears.1.weight 	 torch.Size([64, 64])
decoder.layers.1.src_attn.linears.1.bias 	 torch.Size([64])
decoder.layers.1.src_attn.query_conv1Ds_aware_temporal_context.weight 	 torch.Size([64, 64, 1, 3])
decoder.layers.1.src_attn.query_conv1Ds_aware_temporal_context.bias 	 torch.Size([64])
decoder.layers.1.src_attn.key_conv1Ds_aware_temporal_context.weight 	 torch.Size([64, 64, 1, 3])
decoder.layers.1.src_attn.key_conv1Ds_aware_temporal_context.bias 	 torch.Size([64])
decoder.layers.1.feed_forward_gcn.gcn.alpha 	 torch.Size([1])
decoder.layers.1.feed_forward_gcn.gcn.beta 	 torch.Size([3])
decoder.layers.1.feed_forward_gcn.gcn.Theta.weight 	 torch.Size([64, 64])
decoder.layers.1.sublayer.0.norm.weight 	 torch.Size([64])
decoder.layers.1.sublayer.0.norm.bias 	 torch.Size([64])
decoder.layers.1.sublayer.1.norm.weight 	 torch.Size([64])
decoder.layers.1.sublayer.1.norm.bias 	 torch.Size([64])
decoder.layers.1.sublayer.2.norm.weight 	 torch.Size([64])
decoder.layers.1.sublayer.2.norm.bias 	 torch.Size([64])
decoder.layers.2.self_attn.linears.0.weight 	 torch.Size([64, 64])
decoder.layers.2.self_attn.linears.0.bias 	 torch.Size([64])
decoder.layers.2.self_attn.linears.1.weight 	 torch.Size([64, 64])
decoder.layers.2.self_attn.linears.1.bias 	 torch.Size([64])
decoder.layers.2.self_attn.conv1Ds_aware_temporal_context.0.weight 	 torch.Size([64, 64, 1, 3])
decoder.layers.2.self_attn.conv1Ds_aware_temporal_context.0.bias 	 torch.Size([64])
decoder.layers.2.self_attn.conv1Ds_aware_temporal_context.1.weight 	 torch.Size([64, 64, 1, 3])
decoder.layers.2.self_attn.conv1Ds_aware_temporal_context.1.bias 	 torch.Size([64])
decoder.layers.2.src_attn.linears.0.weight 	 torch.Size([64, 64])
decoder.layers.2.src_attn.linears.0.bias 	 torch.Size([64])
decoder.layers.2.src_attn.linears.1.weight 	 torch.Size([64, 64])
decoder.layers.2.src_attn.linears.1.bias 	 torch.Size([64])
decoder.layers.2.src_attn.query_conv1Ds_aware_temporal_context.weight 	 torch.Size([64, 64, 1, 3])
decoder.layers.2.src_attn.query_conv1Ds_aware_temporal_context.bias 	 torch.Size([64])
decoder.layers.2.src_attn.key_conv1Ds_aware_temporal_context.weight 	 torch.Size([64, 64, 1, 3])
decoder.layers.2.src_attn.key_conv1Ds_aware_temporal_context.bias 	 torch.Size([64])
decoder.layers.2.feed_forward_gcn.gcn.alpha 	 torch.Size([1])
decoder.layers.2.feed_forward_gcn.gcn.beta 	 torch.Size([3])
decoder.layers.2.feed_forward_gcn.gcn.Theta.weight 	 torch.Size([64, 64])
decoder.layers.2.sublayer.0.norm.weight 	 torch.Size([64])
decoder.layers.2.sublayer.0.norm.bias 	 torch.Size([64])
decoder.layers.2.sublayer.1.norm.weight 	 torch.Size([64])
decoder.layers.2.sublayer.1.norm.bias 	 torch.Size([64])
decoder.layers.2.sublayer.2.norm.weight 	 torch.Size([64])
decoder.layers.2.sublayer.2.norm.bias 	 torch.Size([64])
decoder.layers.3.self_attn.linears.0.weight 	 torch.Size([64, 64])
decoder.layers.3.self_attn.linears.0.bias 	 torch.Size([64])
decoder.layers.3.self_attn.linears.1.weight 	 torch.Size([64, 64])
decoder.layers.3.self_attn.linears.1.bias 	 torch.Size([64])
decoder.layers.3.self_attn.conv1Ds_aware_temporal_context.0.weight 	 torch.Size([64, 64, 1, 3])
decoder.layers.3.self_attn.conv1Ds_aware_temporal_context.0.bias 	 torch.Size([64])
decoder.layers.3.self_attn.conv1Ds_aware_temporal_context.1.weight 	 torch.Size([64, 64, 1, 3])
decoder.layers.3.self_attn.conv1Ds_aware_temporal_context.1.bias 	 torch.Size([64])
decoder.layers.3.src_attn.linears.0.weight 	 torch.Size([64, 64])
decoder.layers.3.src_attn.linears.0.bias 	 torch.Size([64])
decoder.layers.3.src_attn.linears.1.weight 	 torch.Size([64, 64])
decoder.layers.3.src_attn.linears.1.bias 	 torch.Size([64])
decoder.layers.3.src_attn.query_conv1Ds_aware_temporal_context.weight 	 torch.Size([64, 64, 1, 3])
decoder.layers.3.src_attn.query_conv1Ds_aware_temporal_context.bias 	 torch.Size([64])
decoder.layers.3.src_attn.key_conv1Ds_aware_temporal_context.weight 	 torch.Size([64, 64, 1, 3])
decoder.layers.3.src_attn.key_conv1Ds_aware_temporal_context.bias 	 torch.Size([64])
decoder.layers.3.feed_forward_gcn.gcn.alpha 	 torch.Size([1])
decoder.layers.3.feed_forward_gcn.gcn.beta 	 torch.Size([3])
decoder.layers.3.feed_forward_gcn.gcn.Theta.weight 	 torch.Size([64, 64])
decoder.layers.3.sublayer.0.norm.weight 	 torch.Size([64])
decoder.layers.3.sublayer.0.norm.bias 	 torch.Size([64])
decoder.layers.3.sublayer.1.norm.weight 	 torch.Size([64])
decoder.layers.3.sublayer.1.norm.bias 	 torch.Size([64])
decoder.layers.3.sublayer.2.norm.weight 	 torch.Size([64])
decoder.layers.3.sublayer.2.norm.bias 	 torch.Size([64])
decoder.norm.weight 	 torch.Size([64])
decoder.norm.bias 	 torch.Size([64])
src_embed.0.weight 	 torch.Size([64, 1])
src_embed.0.bias 	 torch.Size([64])
src_embed.1.pe 	 torch.Size([1, 1, 2016, 64])
src_embed.2.embedding.weight 	 torch.Size([170, 64])
src_embed.2.gcn_smooth_layers.0.alpha 	 torch.Size([1])
src_embed.2.gcn_smooth_layers.0.beta 	 torch.Size([3])
src_embed.2.gcn_smooth_layers.0.Theta.weight 	 torch.Size([64, 64])
trg_embed.0.weight 	 torch.Size([64, 1])
trg_embed.0.bias 	 torch.Size([64])
trg_embed.1.pe 	 torch.Size([1, 1, 12, 64])
trg_embed.2.embedding.weight 	 torch.Size([170, 64])
trg_embed.2.gcn_smooth_layers.0.alpha 	 torch.Size([1])
trg_embed.2.gcn_smooth_layers.0.beta 	 torch.Size([3])
trg_embed.2.gcn_smooth_layers.0.Theta.weight 	 torch.Size([64, 64])
prediction_generator.weight 	 torch.Size([1, 64])
prediction_generator.bias 	 torch.Size([1])
Net's total params: 591977
Optimizer's state_dict:
state 	 {}
param_groups 	 [{'lr': 0.001, 'betas': (0.9, 0.999), 'eps': 1e-08, 'weight_decay': 0, 'amsgrad': False, 'params': [0, 1, 2, 3, 4, 5, 6, 7, 8, 9, 10, 11, 12, 13, 14, 15, 16, 17, 18, 19, 20, 21, 22, 23, 24, 25, 26, 27, 28, 29, 30, 31, 32, 33, 34, 35, 36, 37, 38, 39, 40, 41, 42, 43, 44, 45, 46, 47, 48, 49, 50, 51, 52, 53, 54, 55, 56, 57, 58, 59, 60, 61, 62, 63, 64, 65, 66, 67, 68, 69, 70, 71, 72, 73, 74, 75, 76, 77, 78, 79, 80, 81, 82, 83, 84, 85, 86, 87, 88, 89, 90, 91, 92, 93, 94, 95, 96, 97, 98, 99, 100, 101, 102, 103, 104, 105, 106, 107, 108, 109, 110, 111, 112, 113, 114, 115, 116, 117, 118, 119, 120, 121, 122, 123, 124, 125, 126, 127, 128, 129, 130, 131, 132, 133, 134, 135, 136, 137, 138, 139, 140, 141, 142, 143, 144, 145, 146, 147, 148, 149, 150, 151, 152, 153, 154, 155, 156, 157, 158, 159, 160, 161, 162, 163, 164, 165, 166, 167, 168, 169, 170, 171, 172, 173, 174, 175, 176, 177]}]
validation batch 1 / 25, loss: 1.73
validation cost time: 150.7981s
save parameters to file: ./experiments/PEMS08/MAE_ASTGNN_h1d1w1_layer4_head8_dm64_channel1_dir2_drop0.00_1.00e-03_B8_K5_TcontextScaledSAtSE1TE/epoch_0.params
epoch: 0, train time every whole data:282.82s
epoch: 0, total time:433.64s
validation batch 1 / 25, loss: 0.09
validation cost time: 150.0093s
save parameters to file: ./experiments/PEMS08/MAE_ASTGNN_h1d1w1_layer4_head8_dm64_channel1_dir2_drop0.00_1.00e-03_B8_K5_TcontextScaledSAtSE1TE/epoch_1.params
epoch: 1, train time every whole data:282.89s
epoch: 1, total time:866.55s
validation batch 1 / 25, loss: 0.21
validation cost time: 149.9939s
epoch: 2, train time every whole data:282.87s
epoch: 2, total time:1299.42s
validation batch 1 / 25, loss: 0.03
validation cost time: 150.0041s
save parameters to file: ./experiments/PEMS08/MAE_ASTGNN_h1d1w1_layer4_head8_dm64_channel1_dir2_drop0.00_1.00e-03_B8_K5_TcontextScaledSAtSE1TE/epoch_3.params
epoch: 3, train time every whole data:282.89s
epoch: 3, total time:1732.33s
validation batch 1 / 25, loss: 0.04
validation cost time: 149.9938s
epoch: 4, train time every whole data:282.87s
epoch: 4, total time:2165.20s
validation batch 1 / 25, loss: 0.04
validation cost time: 150.0228s
epoch: 5, train time every whole data:282.91s
epoch: 5, total time:2598.13s
validation batch 1 / 25, loss: 0.08
validation cost time: 149.9941s
epoch: 6, train time every whole data:282.97s
epoch: 6, total time:3031.10s
validation batch 1 / 25, loss: 0.06
validation cost time: 149.9969s
epoch: 7, train time every whole data:283.04s
epoch: 7, total time:3464.14s
validation batch 1 / 25, loss: 0.04
validation cost time: 150.0008s
epoch: 8, train time every whole data:282.99s
epoch: 8, total time:3897.13s
validation batch 1 / 25, loss: 0.03
validation cost time: 150.0019s
save parameters to file: ./experiments/PEMS08/MAE_ASTGNN_h1d1w1_layer4_head8_dm64_channel1_dir2_drop0.00_1.00e-03_B8_K5_TcontextScaledSAtSE1TE/epoch_9.params
epoch: 9, train time every whole data:283.00s
epoch: 9, total time:4330.15s
validation batch 1 / 25, loss: 0.03
validation cost time: 149.9921s
save parameters to file: ./experiments/PEMS08/MAE_ASTGNN_h1d1w1_layer4_head8_dm64_channel1_dir2_drop0.00_1.00e-03_B8_K5_TcontextScaledSAtSE1TE/epoch_10.params
epoch: 10, train time every whole data:282.94s
epoch: 10, total time:4763.09s
validation batch 1 / 25, loss: 0.03
validation cost time: 150.0084s
epoch: 11, train time every whole data:282.90s
epoch: 11, total time:5196.00s
validation batch 1 / 25, loss: 0.03
validation cost time: 149.9923s
save parameters to file: ./experiments/PEMS08/MAE_ASTGNN_h1d1w1_layer4_head8_dm64_channel1_dir2_drop0.00_1.00e-03_B8_K5_TcontextScaledSAtSE1TE/epoch_12.params
epoch: 12, train time every whole data:282.71s
epoch: 12, total time:5628.72s
validation batch 1 / 25, loss: 0.03
validation cost time: 149.9892s
epoch: 13, train time every whole data:282.68s
epoch: 13, total time:6061.40s
validation batch 1 / 25, loss: 0.02
validation cost time: 149.9919s
save parameters to file: ./experiments/PEMS08/MAE_ASTGNN_h1d1w1_layer4_head8_dm64_channel1_dir2_drop0.00_1.00e-03_B8_K5_TcontextScaledSAtSE1TE/epoch_14.params
epoch: 14, train time every whole data:282.69s
epoch: 14, total time:6494.10s
validation batch 1 / 25, loss: 0.03
validation cost time: 149.9924s
epoch: 15, train time every whole data:282.68s
epoch: 15, total time:6926.77s
validation batch 1 / 25, loss: 0.05
validation cost time: 149.9848s
epoch: 16, train time every whole data:282.69s
epoch: 16, total time:7359.45s
validation batch 1 / 25, loss: 0.03
validation cost time: 149.9939s
epoch: 17, train time every whole data:282.70s
epoch: 17, total time:7792.14s
validation batch 1 / 25, loss: 0.03
validation cost time: 149.9895s
epoch: 18, train time every whole data:282.56s
epoch: 18, total time:8224.70s
validation batch 1 / 25, loss: 0.02
validation cost time: 149.9917s
epoch: 19, train time every whole data:282.64s
epoch: 19, total time:8657.33s
validation batch 1 / 25, loss: 0.03
validation cost time: 149.9881s
epoch: 20, train time every whole data:282.66s
epoch: 20, total time:9089.98s
validation batch 1 / 25, loss: 0.03
validation cost time: 149.9903s
epoch: 21, train time every whole data:282.65s
epoch: 21, total time:9522.63s
validation batch 1 / 25, loss: 0.03
validation cost time: 149.9848s
epoch: 22, train time every whole data:282.73s
epoch: 22, total time:9955.34s
validation batch 1 / 25, loss: 0.02
validation cost time: 149.9797s
epoch: 23, train time every whole data:282.75s
epoch: 23, total time:10388.08s
validation batch 1 / 25, loss: 0.04
validation cost time: 149.9781s
epoch: 24, train time every whole data:282.68s
epoch: 24, total time:10820.74s
validation batch 1 / 25, loss: 0.03
validation cost time: 149.9701s
epoch: 25, train time every whole data:282.68s
epoch: 25, total time:11253.39s
validation batch 1 / 25, loss: 0.03
validation cost time: 149.9767s
epoch: 26, train time every whole data:282.66s
epoch: 26, total time:11686.03s
validation batch 1 / 25, loss: 0.03
validation cost time: 149.9748s
epoch: 27, train time every whole data:282.72s
epoch: 27, total time:12118.73s
validation batch 1 / 25, loss: 0.03
validation cost time: 149.9750s
epoch: 28, train time every whole data:282.69s
epoch: 28, total time:12551.39s
validation batch 1 / 25, loss: 0.02
validation cost time: 149.9703s
save parameters to file: ./experiments/PEMS08/MAE_ASTGNN_h1d1w1_layer4_head8_dm64_channel1_dir2_drop0.00_1.00e-03_B8_K5_TcontextScaledSAtSE1TE/epoch_29.params
epoch: 29, train time every whole data:282.72s
epoch: 29, total time:12984.09s
validation batch 1 / 25, loss: 0.02
validation cost time: 149.9729s
save parameters to file: ./experiments/PEMS08/MAE_ASTGNN_h1d1w1_layer4_head8_dm64_channel1_dir2_drop0.00_1.00e-03_B8_K5_TcontextScaledSAtSE1TE/epoch_30.params
epoch: 30, train time every whole data:282.71s
epoch: 30, total time:13416.79s
validation batch 1 / 25, loss: 0.03
validation cost time: 149.9853s
epoch: 31, train time every whole data:282.72s
epoch: 31, total time:13849.50s
validation batch 1 / 25, loss: 0.02
validation cost time: 149.9851s
save parameters to file: ./experiments/PEMS08/MAE_ASTGNN_h1d1w1_layer4_head8_dm64_channel1_dir2_drop0.00_1.00e-03_B8_K5_TcontextScaledSAtSE1TE/epoch_32.params
epoch: 32, train time every whole data:282.68s
epoch: 32, total time:14282.18s
validation batch 1 / 25, loss: 0.03
validation cost time: 149.9898s
epoch: 33, train time every whole data:282.74s
epoch: 33, total time:14714.91s
validation batch 1 / 25, loss: 0.05
validation cost time: 149.9835s
epoch: 34, train time every whole data:282.68s
epoch: 34, total time:15147.58s
validation batch 1 / 25, loss: 0.03
validation cost time: 149.9798s
epoch: 35, train time every whole data:282.70s
epoch: 35, total time:15580.26s
validation batch 1 / 25, loss: 0.03
validation cost time: 149.9848s
epoch: 36, train time every whole data:282.73s
epoch: 36, total time:16012.97s
validation batch 1 / 25, loss: 0.03
validation cost time: 149.9835s
epoch: 37, train time every whole data:282.70s
epoch: 37, total time:16445.66s
validation batch 1 / 25, loss: 0.03
validation cost time: 149.9792s
epoch: 38, train time every whole data:282.75s
epoch: 38, total time:16878.39s
validation batch 1 / 25, loss: 0.03
validation cost time: 149.9896s
epoch: 39, train time every whole data:282.77s
epoch: 39, total time:17311.15s
validation batch 1 / 25, loss: 0.02
validation cost time: 149.9820s
epoch: 40, train time every whole data:282.73s
epoch: 40, total time:17743.86s
validation batch 1 / 25, loss: 0.03
validation cost time: 149.9874s
epoch: 41, train time every whole data:282.74s
epoch: 41, total time:18176.60s
validation batch 1 / 25, loss: 0.03
validation cost time: 149.9793s
epoch: 42, train time every whole data:282.75s
epoch: 42, total time:18609.33s
validation batch 1 / 25, loss: 0.02
validation cost time: 149.9835s
epoch: 43, train time every whole data:282.70s
epoch: 43, total time:19042.01s
validation batch 1 / 25, loss: 0.03
validation cost time: 149.9809s
epoch: 44, train time every whole data:282.71s
epoch: 44, total time:19474.70s
validation batch 1 / 25, loss: 0.03
validation cost time: 149.9833s
epoch: 45, train time every whole data:282.61s
epoch: 45, total time:19907.30s
validation batch 1 / 25, loss: 0.03
validation cost time: 149.9888s
epoch: 46, train time every whole data:282.65s
epoch: 46, total time:20339.94s
validation batch 1 / 25, loss: 0.02
validation cost time: 149.9759s
epoch: 47, train time every whole data:282.80s
epoch: 47, total time:20772.72s
validation batch 1 / 25, loss: 0.02
validation cost time: 149.9795s
epoch: 48, train time every whole data:282.72s
epoch: 48, total time:21205.42s
validation batch 1 / 25, loss: 0.03
validation cost time: 149.9876s
epoch: 49, train time every whole data:282.74s
epoch: 49, total time:21638.15s
best epoch: 32
apply the best val model on the test data set ...
load weight from: ./experiments/PEMS08/MAE_ASTGNN_h1d1w1_layer4_head8_dm64_channel1_dir2_drop0.00_1.00e-03_B8_K5_TcontextScaledSAtSE1TE/epoch_32.params
predicting testing set batch 1 / 25, time: 6.06s
test time on whole data:150.04s
input: (3166, 170, 36, 1)
prediction: (3166, 170, 12, 1)
data_target_tensor: (3166, 170, 12)
current epoch: 32, predict 0 points
MAE: 11.42
RMSE: 19.19
MAPE: 7.81
current epoch: 32, predict 1 points
MAE: 11.97
RMSE: 20.51
MAPE: 8.27
current epoch: 32, predict 2 points
MAE: 12.45
RMSE: 21.31
MAPE: 8.72
current epoch: 32, predict 3 points
MAE: 12.81
RMSE: 21.98
MAPE: 9.11
current epoch: 32, predict 4 points
MAE: 13.10
RMSE: 22.50
MAPE: 9.50
current epoch: 32, predict 5 points
MAE: 13.38
RMSE: 22.98
MAPE: 9.82
current epoch: 32, predict 6 points
MAE: 13.66
RMSE: 23.39
MAPE: 10.06
current epoch: 32, predict 7 points
MAE: 13.89
RMSE: 23.74
MAPE: 10.30
current epoch: 32, predict 8 points
MAE: 14.04
RMSE: 23.99
MAPE: 10.51
current epoch: 32, predict 9 points
MAE: 14.21
RMSE: 24.27
MAPE: 10.56
current epoch: 32, predict 10 points
MAE: 14.38
RMSE: 24.60
MAPE: 10.99
current epoch: 32, predict 11 points
MAE: 14.91
RMSE: 25.23
MAPE: 11.34
all MAE: 13.35
all RMSE: 22.87
all MAPE: 9.75
[11.415253, 19.189163583216374, 7.8051164746284485, 11.965862, 20.509766275979658, 8.271084725856781, 12.4525795, 21.306387016234048, 8.724596351385117, 12.813087, 21.98162698821059, 9.112728387117386, 13.100518, 22.500052897073235, 9.495777636766434, 13.377073, 22.97868487307517, 9.820983558893204, 13.656667, 23.391312562957403, 10.058559477329254, 13.88997, 23.74241115393177, 10.299796611070633, 14.042258, 23.9856906194545, 10.510686784982681, 14.212494, 24.267291324386747, 10.564448684453964, 14.3799515, 24.597405323180176, 10.988496989011765, 14.908726, 25.22980076575492, 11.33810579776764, 13.3512, 22.870923955923956, 9.749196469783783]
fine tune the model ... 
epoch: 50, train time every whole data:720.78s
epoch: 50, total time:22510.37s
validation batch 1 / 25, loss: 0.02
validation cost time: 149.9834s
save parameters to file: ./experiments/PEMS08/MAE_ASTGNN_h1d1w1_layer4_head8_dm64_channel1_dir2_drop0.00_1.00e-03_B8_K5_TcontextScaledSAtSE1TE/epoch_50.params
epoch: 51, train time every whole data:720.57s
epoch: 51, total time:23380.94s
validation batch 1 / 25, loss: 0.02
validation cost time: 149.9946s
save parameters to file: ./experiments/PEMS08/MAE_ASTGNN_h1d1w1_layer4_head8_dm64_channel1_dir2_drop0.00_1.00e-03_B8_K5_TcontextScaledSAtSE1TE/epoch_51.params
epoch: 52, train time every whole data:720.56s
epoch: 52, total time:24251.52s
validation batch 1 / 25, loss: 0.02
validation cost time: 149.9802s
epoch: 53, train time every whole data:720.56s
epoch: 53, total time:25122.05s
validation batch 1 / 25, loss: 0.02
validation cost time: 149.9774s
epoch: 54, train time every whole data:720.72s
epoch: 54, total time:25992.76s
validation batch 1 / 25, loss: 0.02
validation cost time: 149.9891s
epoch: 55, train time every whole data:720.60s
epoch: 55, total time:26863.35s
validation batch 1 / 25, loss: 0.02
validation cost time: 149.9859s
epoch: 56, train time every whole data:720.65s
epoch: 56, total time:27733.99s
validation batch 1 / 25, loss: 0.02
validation cost time: 149.9781s
epoch: 57, train time every whole data:720.67s
epoch: 57, total time:28604.64s
validation batch 1 / 25, loss: 0.02
validation cost time: 149.9796s
epoch: 58, train time every whole data:720.79s
epoch: 58, total time:29475.41s
validation batch 1 / 25, loss: 0.02
validation cost time: 149.9825s
epoch: 59, train time every whole data:720.77s
epoch: 59, total time:30346.16s
validation batch 1 / 25, loss: 0.02
validation cost time: 149.9775s
epoch: 60, train time every whole data:720.82s
epoch: 60, total time:31216.96s
validation batch 1 / 25, loss: 0.02
validation cost time: 150.0065s
epoch: 61, train time every whole data:720.87s
epoch: 61, total time:32087.84s
validation batch 1 / 25, loss: 0.02
validation cost time: 149.9884s
epoch: 62, train time every whole data:720.90s
epoch: 62, total time:32958.72s
validation batch 1 / 25, loss: 0.02
validation cost time: 149.9929s
epoch: 63, train time every whole data:720.78s
epoch: 63, total time:33829.50s
validation batch 1 / 25, loss: 0.02
validation cost time: 149.9959s
epoch: 64, train time every whole data:720.86s
epoch: 64, total time:34700.36s
validation batch 1 / 25, loss: 0.02
validation cost time: 149.9989s
epoch: 65, train time every whole data:720.80s
epoch: 65, total time:35571.16s
validation batch 1 / 25, loss: 0.02
validation cost time: 149.9952s
epoch: 66, train time every whole data:720.76s
epoch: 66, total time:36441.91s
validation batch 1 / 25, loss: 0.02
validation cost time: 149.9996s
epoch: 67, train time every whole data:720.75s
epoch: 67, total time:37312.66s
validation batch 1 / 25, loss: 0.02
validation cost time: 149.9999s
epoch: 68, train time every whole data:720.77s
epoch: 68, total time:38183.43s
validation batch 1 / 25, loss: 0.02
validation cost time: 149.9852s
epoch: 69, train time every whole data:720.80s
epoch: 69, total time:39054.22s
validation batch 1 / 25, loss: 0.02
validation cost time: 149.9972s
epoch: 70, train time every whole data:720.86s
epoch: 70, total time:39925.08s
validation batch 1 / 25, loss: 0.02
validation cost time: 149.9978s
epoch: 71, train time every whole data:720.84s
epoch: 71, total time:40795.92s
validation batch 1 / 25, loss: 0.02
validation cost time: 149.9899s
epoch: 72, train time every whole data:720.86s
epoch: 72, total time:41666.77s
validation batch 1 / 25, loss: 0.02
validation cost time: 149.9999s
epoch: 73, train time every whole data:720.82s
epoch: 73, total time:42537.59s
validation batch 1 / 25, loss: 0.02
validation cost time: 149.9989s
epoch: 74, train time every whole data:720.88s
epoch: 74, total time:43408.48s
validation batch 1 / 25, loss: 0.02
validation cost time: 149.9993s
best epoch: 51
apply the best val model on the test data set ...
load weight from: ./experiments/PEMS08/MAE_ASTGNN_h1d1w1_layer4_head8_dm64_channel1_dir2_drop0.00_1.00e-03_B8_K5_TcontextScaledSAtSE1TE/epoch_51.params
predicting testing set batch 1 / 25, time: 6.06s
test time on whole data:150.05s
input: (3166, 170, 36, 1)
prediction: (3166, 170, 12, 1)
data_target_tensor: (3166, 170, 12)
current epoch: 51, predict 0 points
MAE: 11.24
RMSE: 19.13
MAPE: 7.69
current epoch: 51, predict 1 points
MAE: 11.72
RMSE: 20.32
MAPE: 8.09
current epoch: 51, predict 2 points
MAE: 12.08
RMSE: 21.04
MAPE: 8.35
current epoch: 51, predict 3 points
MAE: 12.31
RMSE: 21.62
MAPE: 8.50
current epoch: 51, predict 4 points
MAE: 12.48
RMSE: 22.04
MAPE: 8.63
current epoch: 51, predict 5 points
MAE: 12.67
RMSE: 22.46
MAPE: 8.83
current epoch: 51, predict 6 points
MAE: 12.85
RMSE: 22.80
MAPE: 8.94
current epoch: 51, predict 7 points
MAE: 13.03
RMSE: 23.15
MAPE: 9.13
current epoch: 51, predict 8 points
MAE: 13.19
RMSE: 23.42
MAPE: 9.33
current epoch: 51, predict 9 points
MAE: 13.33
RMSE: 23.68
MAPE: 9.48
current epoch: 51, predict 10 points
MAE: 13.54
RMSE: 23.98
MAPE: 9.78
current epoch: 51, predict 11 points
MAE: 13.87
RMSE: 24.50
MAPE: 9.97
all MAE: 12.69
all RMSE: 22.40
all MAPE: 8.89
[11.237934, 19.13219600757492, 7.69040584564209, 11.719897, 20.316129483430153, 8.092106878757477, 12.075342, 21.04275157385146, 8.349324762821198, 12.308438, 21.619432735994067, 8.50432887673378, 12.4804, 22.04202002931347, 8.62688422203064, 12.66795, 22.456206023387917, 8.833307772874832, 12.84777, 22.799493295493434, 8.940711617469788, 13.032306, 23.147715036819104, 9.125196188688278, 13.1852455, 23.41739632588546, 9.329897165298462, 13.327891, 23.67801204481768, 9.477324783802032, 13.537178, 23.982040043101133, 9.779275208711624, 13.865546, 24.4994245189109, 9.966465085744858, 12.690489, 22.396305787773418, 8.892933279275894]
