Thu Nov  4 14:14:50 2021       
+-----------------------------------------------------------------------------+
| NVIDIA-SMI 418.165.02   Driver Version: 418.165.02   CUDA Version: 10.1     |
|-------------------------------+----------------------+----------------------+
| GPU  Name        Persistence-M| Bus-Id        Disp.A | Volatile Uncorr. ECC |
| Fan  Temp  Perf  Pwr:Usage/Cap|         Memory-Usage | GPU-Util  Compute M. |
|===============================+======================+======================|
|   0  Tesla V100-PCIE...  Off  | 00000000:5A:00.0 Off |                    0 |
| N/A   44C    P0   221W / 250W |  17086MiB / 32480MiB |     98%      Default |
+-------------------------------+----------------------+----------------------+
|   1  Tesla V100-PCIE...  Off  | 00000000:5E:00.0 Off |                    0 |
| N/A   45C    P0    91W / 250W |  14376MiB / 32480MiB |     83%      Default |
+-------------------------------+----------------------+----------------------+
|   2  Tesla V100-PCIE...  Off  | 00000000:62:00.0 Off |                    0 |
| N/A   27C    P0    23W / 250W |     11MiB / 32480MiB |      0%      Default |
+-------------------------------+----------------------+----------------------+
|   3  Tesla V100-PCIE...  Off  | 00000000:66:00.0 Off |                    0 |
| N/A   27C    P0    23W / 250W |     12MiB / 32480MiB |      0%      Default |
+-------------------------------+----------------------+----------------------+
|   4  Tesla V100-PCIE...  Off  | 00000000:B5:00.0 Off |                    0 |
| N/A   28C    P0    23W / 250W |     11MiB / 32480MiB |      0%      Default |
+-------------------------------+----------------------+----------------------+
|   5  Tesla V100-PCIE...  Off  | 00000000:B9:00.0 Off |                    0 |
| N/A   31C    P0    26W / 250W |     11MiB / 32480MiB |      0%      Default |
+-------------------------------+----------------------+----------------------+
|   6  Tesla V100-PCIE...  Off  | 00000000:BD:00.0 Off |                    0 |
| N/A   30C    P0    24W / 250W |     11MiB / 32480MiB |      0%      Default |
+-------------------------------+----------------------+----------------------+
|   7  Tesla V100-PCIE...  Off  | 00000000:C1:00.0 Off |                    0 |
| N/A   28C    P0    23W / 250W |     11MiB / 32480MiB |      0%      Default |
+-------------------------------+----------------------+----------------------+
                                                                               
+-----------------------------------------------------------------------------+
| Processes:                                                       GPU Memory |
|  GPU       PID   Type   Process name                             Usage      |
|=============================================================================|
|    0     10414      C   python                                     17075MiB |
|    1     13876      C   python                                     14365MiB |
+-----------------------------------------------------------------------------+
CUDA: True cuda:0
Read configuration file: /data/home/u18112042/CorrSTN/configurations/HZME_INFLOW_rdw.conf
total training epoch, fine tune epoch: 100 , 50
batch_size: 16
attention_top_k: 5
folder_dir: MAE_ASTGNN_h1d1w0_layer4_head8_dm64_channel1_dir2_drop0.00_1.00e-03_B16_K5_TcontextScaledSAtSE1TE
load file: /data/home/u18112042/CorrSTN/data/HZME_INFLOW/HZME_INFLOW_r1_d1_w0.npz
ori length: 4313 , percent: 1.0 , scale: 4313
train: torch.Size([3218, 80, 1, 24]) torch.Size([3218, 80, 12]) torch.Size([3218, 80, 12])
val: torch.Size([1073, 80, 1, 24]) torch.Size([1073, 80, 12]) torch.Size([1073, 80, 12])
test: torch.Size([1073, 80, 1, 24]) torch.Size([1073, 80, 12]) torch.Size([1073, 80, 12])
TemporalPositionalEncoding max_len: 288
w_index: []
d_index: [0, 1, 2, 3, 4, 5, 6, 7, 8, 9, 10, 11]
h_index: [276, 277, 278, 279, 280, 281, 282, 283, 284, 285, 286, 287]
en_lookup_index: [0, 1, 2, 3, 4, 5, 6, 7, 8, 9, 10, 11, 276, 277, 278, 279, 280, 281, 282, 283, 284, 285, 286, 287]
EncoderDecoder(
  (encoder): Encoder(
    (layers): ModuleList(
      (0): EncoderLayer(
        (self_attn): MultiHeadAttentionAwareTemporalContex_q1d_k1d(
          (linears): ModuleList(
            (0): Linear(in_features=64, out_features=64, bias=True)
            (1): Linear(in_features=64, out_features=64, bias=True)
          )
          (conv1Ds_aware_temporal_context): ModuleList(
            (0): Conv2d(64, 64, kernel_size=(1, 3), stride=(1, 1), padding=(0, 1))
            (1): Conv2d(64, 64, kernel_size=(1, 3), stride=(1, 1), padding=(0, 1))
          )
          (dropout): Dropout(p=0.0, inplace=False)
          (attn_ic): Attention_IC(
            (DAT): DynamicAttentionLayer(
              (dropout): Dropout(p=0.0, inplace=False)
            )
          )
        )
        (feed_forward_gcn): PositionWiseGCNFeedForward(
          (gcn): spatialAttentionScaledGCN(
            (Theta): Linear(in_features=64, out_features=64, bias=False)
            (SAt): Spatial_Attention_layer(
              (dropout): Dropout(p=0.0, inplace=False)
            )
          )
          (dropout): Dropout(p=0.0, inplace=False)
        )
        (sublayer): ModuleList(
          (0): SublayerConnection(
            (dropout): Dropout(p=0.0, inplace=False)
            (norm): LayerNorm((64,), eps=1e-05, elementwise_affine=True)
          )
          (1): SublayerConnection(
            (dropout): Dropout(p=0.0, inplace=False)
            (norm): LayerNorm((64,), eps=1e-05, elementwise_affine=True)
          )
        )
      )
      (1): EncoderLayer(
        (self_attn): MultiHeadAttentionAwareTemporalContex_q1d_k1d(
          (linears): ModuleList(
            (0): Linear(in_features=64, out_features=64, bias=True)
            (1): Linear(in_features=64, out_features=64, bias=True)
          )
          (conv1Ds_aware_temporal_context): ModuleList(
            (0): Conv2d(64, 64, kernel_size=(1, 3), stride=(1, 1), padding=(0, 1))
            (1): Conv2d(64, 64, kernel_size=(1, 3), stride=(1, 1), padding=(0, 1))
          )
          (dropout): Dropout(p=0.0, inplace=False)
          (attn_ic): Attention_IC(
            (DAT): DynamicAttentionLayer(
              (dropout): Dropout(p=0.0, inplace=False)
            )
          )
        )
        (feed_forward_gcn): PositionWiseGCNFeedForward(
          (gcn): spatialAttentionScaledGCN(
            (Theta): Linear(in_features=64, out_features=64, bias=False)
            (SAt): Spatial_Attention_layer(
              (dropout): Dropout(p=0.0, inplace=False)
            )
          )
          (dropout): Dropout(p=0.0, inplace=False)
        )
        (sublayer): ModuleList(
          (0): SublayerConnection(
            (dropout): Dropout(p=0.0, inplace=False)
            (norm): LayerNorm((64,), eps=1e-05, elementwise_affine=True)
          )
          (1): SublayerConnection(
            (dropout): Dropout(p=0.0, inplace=False)
            (norm): LayerNorm((64,), eps=1e-05, elementwise_affine=True)
          )
        )
      )
      (2): EncoderLayer(
        (self_attn): MultiHeadAttentionAwareTemporalContex_q1d_k1d(
          (linears): ModuleList(
            (0): Linear(in_features=64, out_features=64, bias=True)
            (1): Linear(in_features=64, out_features=64, bias=True)
          )
          (conv1Ds_aware_temporal_context): ModuleList(
            (0): Conv2d(64, 64, kernel_size=(1, 3), stride=(1, 1), padding=(0, 1))
            (1): Conv2d(64, 64, kernel_size=(1, 3), stride=(1, 1), padding=(0, 1))
          )
          (dropout): Dropout(p=0.0, inplace=False)
          (attn_ic): Attention_IC(
            (DAT): DynamicAttentionLayer(
              (dropout): Dropout(p=0.0, inplace=False)
            )
          )
        )
        (feed_forward_gcn): PositionWiseGCNFeedForward(
          (gcn): spatialAttentionScaledGCN(
            (Theta): Linear(in_features=64, out_features=64, bias=False)
            (SAt): Spatial_Attention_layer(
              (dropout): Dropout(p=0.0, inplace=False)
            )
          )
          (dropout): Dropout(p=0.0, inplace=False)
        )
        (sublayer): ModuleList(
          (0): SublayerConnection(
            (dropout): Dropout(p=0.0, inplace=False)
            (norm): LayerNorm((64,), eps=1e-05, elementwise_affine=True)
          )
          (1): SublayerConnection(
            (dropout): Dropout(p=0.0, inplace=False)
            (norm): LayerNorm((64,), eps=1e-05, elementwise_affine=True)
          )
        )
      )
      (3): EncoderLayer(
        (self_attn): MultiHeadAttentionAwareTemporalContex_q1d_k1d(
          (linears): ModuleList(
            (0): Linear(in_features=64, out_features=64, bias=True)
            (1): Linear(in_features=64, out_features=64, bias=True)
          )
          (conv1Ds_aware_temporal_context): ModuleList(
            (0): Conv2d(64, 64, kernel_size=(1, 3), stride=(1, 1), padding=(0, 1))
            (1): Conv2d(64, 64, kernel_size=(1, 3), stride=(1, 1), padding=(0, 1))
          )
          (dropout): Dropout(p=0.0, inplace=False)
          (attn_ic): Attention_IC(
            (DAT): DynamicAttentionLayer(
              (dropout): Dropout(p=0.0, inplace=False)
            )
          )
        )
        (feed_forward_gcn): PositionWiseGCNFeedForward(
          (gcn): spatialAttentionScaledGCN(
            (Theta): Linear(in_features=64, out_features=64, bias=False)
            (SAt): Spatial_Attention_layer(
              (dropout): Dropout(p=0.0, inplace=False)
            )
          )
          (dropout): Dropout(p=0.0, inplace=False)
        )
        (sublayer): ModuleList(
          (0): SublayerConnection(
            (dropout): Dropout(p=0.0, inplace=False)
            (norm): LayerNorm((64,), eps=1e-05, elementwise_affine=True)
          )
          (1): SublayerConnection(
            (dropout): Dropout(p=0.0, inplace=False)
            (norm): LayerNorm((64,), eps=1e-05, elementwise_affine=True)
          )
        )
      )
    )
    (norm): LayerNorm((64,), eps=1e-05, elementwise_affine=True)
  )
  (decoder): Decoder(
    (layers): ModuleList(
      (0): DecoderLayer(
        (self_attn): MultiHeadAttentionAwareTemporalContex_qc_kc(
          (linears): ModuleList(
            (0): Linear(in_features=64, out_features=64, bias=True)
            (1): Linear(in_features=64, out_features=64, bias=True)
          )
          (conv1Ds_aware_temporal_context): ModuleList(
            (0): Conv2d(64, 64, kernel_size=(1, 3), stride=(1, 1), padding=(0, 2))
            (1): Conv2d(64, 64, kernel_size=(1, 3), stride=(1, 1), padding=(0, 2))
          )
          (dropout): Dropout(p=0.0, inplace=False)
          (attn_ic): Attention_IC(
            (DAT): DynamicAttentionLayer(
              (dropout): Dropout(p=0.0, inplace=False)
            )
          )
        )
        (src_attn): MultiHeadAttentionAwareTemporalContex_qc_k1d(
          (linears): ModuleList(
            (0): Linear(in_features=64, out_features=64, bias=True)
            (1): Linear(in_features=64, out_features=64, bias=True)
          )
          (query_conv1Ds_aware_temporal_context): Conv2d(64, 64, kernel_size=(1, 3), stride=(1, 1), padding=(0, 2))
          (key_conv1Ds_aware_temporal_context): Conv2d(64, 64, kernel_size=(1, 3), stride=(1, 1), padding=(0, 1))
          (dropout): Dropout(p=0.0, inplace=False)
          (attn_ic): Attention_IC(
            (DAT): DynamicAttentionLayer(
              (dropout): Dropout(p=0.0, inplace=False)
            )
          )
        )
        (feed_forward_gcn): PositionWiseGCNFeedForward(
          (gcn): spatialAttentionScaledGCN(
            (Theta): Linear(in_features=64, out_features=64, bias=False)
            (SAt): Spatial_Attention_layer(
              (dropout): Dropout(p=0.0, inplace=False)
            )
          )
          (dropout): Dropout(p=0.0, inplace=False)
        )
        (sublayer): ModuleList(
          (0): SublayerConnection(
            (dropout): Dropout(p=0.0, inplace=False)
            (norm): LayerNorm((64,), eps=1e-05, elementwise_affine=True)
          )
          (1): SublayerConnection(
            (dropout): Dropout(p=0.0, inplace=False)
            (norm): LayerNorm((64,), eps=1e-05, elementwise_affine=True)
          )
          (2): SublayerConnection(
            (dropout): Dropout(p=0.0, inplace=False)
            (norm): LayerNorm((64,), eps=1e-05, elementwise_affine=True)
          )
        )
      )
      (1): DecoderLayer(
        (self_attn): MultiHeadAttentionAwareTemporalContex_qc_kc(
          (linears): ModuleList(
            (0): Linear(in_features=64, out_features=64, bias=True)
            (1): Linear(in_features=64, out_features=64, bias=True)
          )
          (conv1Ds_aware_temporal_context): ModuleList(
            (0): Conv2d(64, 64, kernel_size=(1, 3), stride=(1, 1), padding=(0, 2))
            (1): Conv2d(64, 64, kernel_size=(1, 3), stride=(1, 1), padding=(0, 2))
          )
          (dropout): Dropout(p=0.0, inplace=False)
          (attn_ic): Attention_IC(
            (DAT): DynamicAttentionLayer(
              (dropout): Dropout(p=0.0, inplace=False)
            )
          )
        )
        (src_attn): MultiHeadAttentionAwareTemporalContex_qc_k1d(
          (linears): ModuleList(
            (0): Linear(in_features=64, out_features=64, bias=True)
            (1): Linear(in_features=64, out_features=64, bias=True)
          )
          (query_conv1Ds_aware_temporal_context): Conv2d(64, 64, kernel_size=(1, 3), stride=(1, 1), padding=(0, 2))
          (key_conv1Ds_aware_temporal_context): Conv2d(64, 64, kernel_size=(1, 3), stride=(1, 1), padding=(0, 1))
          (dropout): Dropout(p=0.0, inplace=False)
          (attn_ic): Attention_IC(
            (DAT): DynamicAttentionLayer(
              (dropout): Dropout(p=0.0, inplace=False)
            )
          )
        )
        (feed_forward_gcn): PositionWiseGCNFeedForward(
          (gcn): spatialAttentionScaledGCN(
            (Theta): Linear(in_features=64, out_features=64, bias=False)
            (SAt): Spatial_Attention_layer(
              (dropout): Dropout(p=0.0, inplace=False)
            )
          )
          (dropout): Dropout(p=0.0, inplace=False)
        )
        (sublayer): ModuleList(
          (0): SublayerConnection(
            (dropout): Dropout(p=0.0, inplace=False)
            (norm): LayerNorm((64,), eps=1e-05, elementwise_affine=True)
          )
          (1): SublayerConnection(
            (dropout): Dropout(p=0.0, inplace=False)
            (norm): LayerNorm((64,), eps=1e-05, elementwise_affine=True)
          )
          (2): SublayerConnection(
            (dropout): Dropout(p=0.0, inplace=False)
            (norm): LayerNorm((64,), eps=1e-05, elementwise_affine=True)
          )
        )
      )
      (2): DecoderLayer(
        (self_attn): MultiHeadAttentionAwareTemporalContex_qc_kc(
          (linears): ModuleList(
            (0): Linear(in_features=64, out_features=64, bias=True)
            (1): Linear(in_features=64, out_features=64, bias=True)
          )
          (conv1Ds_aware_temporal_context): ModuleList(
            (0): Conv2d(64, 64, kernel_size=(1, 3), stride=(1, 1), padding=(0, 2))
            (1): Conv2d(64, 64, kernel_size=(1, 3), stride=(1, 1), padding=(0, 2))
          )
          (dropout): Dropout(p=0.0, inplace=False)
          (attn_ic): Attention_IC(
            (DAT): DynamicAttentionLayer(
              (dropout): Dropout(p=0.0, inplace=False)
            )
          )
        )
        (src_attn): MultiHeadAttentionAwareTemporalContex_qc_k1d(
          (linears): ModuleList(
            (0): Linear(in_features=64, out_features=64, bias=True)
            (1): Linear(in_features=64, out_features=64, bias=True)
          )
          (query_conv1Ds_aware_temporal_context): Conv2d(64, 64, kernel_size=(1, 3), stride=(1, 1), padding=(0, 2))
          (key_conv1Ds_aware_temporal_context): Conv2d(64, 64, kernel_size=(1, 3), stride=(1, 1), padding=(0, 1))
          (dropout): Dropout(p=0.0, inplace=False)
          (attn_ic): Attention_IC(
            (DAT): DynamicAttentionLayer(
              (dropout): Dropout(p=0.0, inplace=False)
            )
          )
        )
        (feed_forward_gcn): PositionWiseGCNFeedForward(
          (gcn): spatialAttentionScaledGCN(
            (Theta): Linear(in_features=64, out_features=64, bias=False)
            (SAt): Spatial_Attention_layer(
              (dropout): Dropout(p=0.0, inplace=False)
            )
          )
          (dropout): Dropout(p=0.0, inplace=False)
        )
        (sublayer): ModuleList(
          (0): SublayerConnection(
            (dropout): Dropout(p=0.0, inplace=False)
            (norm): LayerNorm((64,), eps=1e-05, elementwise_affine=True)
          )
          (1): SublayerConnection(
            (dropout): Dropout(p=0.0, inplace=False)
            (norm): LayerNorm((64,), eps=1e-05, elementwise_affine=True)
          )
          (2): SublayerConnection(
            (dropout): Dropout(p=0.0, inplace=False)
            (norm): LayerNorm((64,), eps=1e-05, elementwise_affine=True)
          )
        )
      )
      (3): DecoderLayer(
        (self_attn): MultiHeadAttentionAwareTemporalContex_qc_kc(
          (linears): ModuleList(
            (0): Linear(in_features=64, out_features=64, bias=True)
            (1): Linear(in_features=64, out_features=64, bias=True)
          )
          (conv1Ds_aware_temporal_context): ModuleList(
            (0): Conv2d(64, 64, kernel_size=(1, 3), stride=(1, 1), padding=(0, 2))
            (1): Conv2d(64, 64, kernel_size=(1, 3), stride=(1, 1), padding=(0, 2))
          )
          (dropout): Dropout(p=0.0, inplace=False)
          (attn_ic): Attention_IC(
            (DAT): DynamicAttentionLayer(
              (dropout): Dropout(p=0.0, inplace=False)
            )
          )
        )
        (src_attn): MultiHeadAttentionAwareTemporalContex_qc_k1d(
          (linears): ModuleList(
            (0): Linear(in_features=64, out_features=64, bias=True)
            (1): Linear(in_features=64, out_features=64, bias=True)
          )
          (query_conv1Ds_aware_temporal_context): Conv2d(64, 64, kernel_size=(1, 3), stride=(1, 1), padding=(0, 2))
          (key_conv1Ds_aware_temporal_context): Conv2d(64, 64, kernel_size=(1, 3), stride=(1, 1), padding=(0, 1))
          (dropout): Dropout(p=0.0, inplace=False)
          (attn_ic): Attention_IC(
            (DAT): DynamicAttentionLayer(
              (dropout): Dropout(p=0.0, inplace=False)
            )
          )
        )
        (feed_forward_gcn): PositionWiseGCNFeedForward(
          (gcn): spatialAttentionScaledGCN(
            (Theta): Linear(in_features=64, out_features=64, bias=False)
            (SAt): Spatial_Attention_layer(
              (dropout): Dropout(p=0.0, inplace=False)
            )
          )
          (dropout): Dropout(p=0.0, inplace=False)
        )
        (sublayer): ModuleList(
          (0): SublayerConnection(
            (dropout): Dropout(p=0.0, inplace=False)
            (norm): LayerNorm((64,), eps=1e-05, elementwise_affine=True)
          )
          (1): SublayerConnection(
            (dropout): Dropout(p=0.0, inplace=False)
            (norm): LayerNorm((64,), eps=1e-05, elementwise_affine=True)
          )
          (2): SublayerConnection(
            (dropout): Dropout(p=0.0, inplace=False)
            (norm): LayerNorm((64,), eps=1e-05, elementwise_affine=True)
          )
        )
      )
    )
    (norm): LayerNorm((64,), eps=1e-05, elementwise_affine=True)
  )
  (src_embed): Sequential(
    (0): Linear(in_features=1, out_features=64, bias=True)
    (1): TemporalPositionalEncoding(
      (dropout): Dropout(p=0.0, inplace=False)
    )
    (2): SpatialPositionalEncoding(
      (dropout): Dropout(p=0.0, inplace=False)
      (embedding): Embedding(80, 64)
      (gcn_smooth_layers): ModuleList(
        (0): GCN(
          (Theta): Linear(in_features=64, out_features=64, bias=False)
        )
      )
    )
  )
  (trg_embed): Sequential(
    (0): Linear(in_features=1, out_features=64, bias=True)
    (1): TemporalPositionalEncoding(
      (dropout): Dropout(p=0.0, inplace=False)
    )
    (2): SpatialPositionalEncoding(
      (dropout): Dropout(p=0.0, inplace=False)
      (embedding): Embedding(80, 64)
      (gcn_smooth_layers): ModuleList(
        (0): GCN(
          (Theta): Linear(in_features=64, out_features=64, bias=False)
        )
      )
    )
  )
  (prediction_generator): Linear(in_features=64, out_features=1, bias=True)
)
create params directory ../experiments/HZME_INFLOW/MAE_ASTGNN_h1d1w0_layer4_head8_dm64_channel1_dir2_drop0.00_1.00e-03_B16_K5_TcontextScaledSAtSE1TE
Net's state_dict:
encoder.layers.0.self_attn.linears.0.weight 	 torch.Size([64, 64])
encoder.layers.0.self_attn.linears.0.bias 	 torch.Size([64])
encoder.layers.0.self_attn.linears.1.weight 	 torch.Size([64, 64])
encoder.layers.0.self_attn.linears.1.bias 	 torch.Size([64])
encoder.layers.0.self_attn.conv1Ds_aware_temporal_context.0.weight 	 torch.Size([64, 64, 1, 3])
encoder.layers.0.self_attn.conv1Ds_aware_temporal_context.0.bias 	 torch.Size([64])
encoder.layers.0.self_attn.conv1Ds_aware_temporal_context.1.weight 	 torch.Size([64, 64, 1, 3])
encoder.layers.0.self_attn.conv1Ds_aware_temporal_context.1.bias 	 torch.Size([64])
encoder.layers.0.feed_forward_gcn.gcn.alpha 	 torch.Size([1])
encoder.layers.0.feed_forward_gcn.gcn.beta 	 torch.Size([1])
encoder.layers.0.feed_forward_gcn.gcn.Theta.weight 	 torch.Size([64, 64])
encoder.layers.0.sublayer.0.norm.weight 	 torch.Size([64])
encoder.layers.0.sublayer.0.norm.bias 	 torch.Size([64])
encoder.layers.0.sublayer.1.norm.weight 	 torch.Size([64])
encoder.layers.0.sublayer.1.norm.bias 	 torch.Size([64])
encoder.layers.1.self_attn.linears.0.weight 	 torch.Size([64, 64])
encoder.layers.1.self_attn.linears.0.bias 	 torch.Size([64])
encoder.layers.1.self_attn.linears.1.weight 	 torch.Size([64, 64])
encoder.layers.1.self_attn.linears.1.bias 	 torch.Size([64])
encoder.layers.1.self_attn.conv1Ds_aware_temporal_context.0.weight 	 torch.Size([64, 64, 1, 3])
encoder.layers.1.self_attn.conv1Ds_aware_temporal_context.0.bias 	 torch.Size([64])
encoder.layers.1.self_attn.conv1Ds_aware_temporal_context.1.weight 	 torch.Size([64, 64, 1, 3])
encoder.layers.1.self_attn.conv1Ds_aware_temporal_context.1.bias 	 torch.Size([64])
encoder.layers.1.feed_forward_gcn.gcn.alpha 	 torch.Size([1])
encoder.layers.1.feed_forward_gcn.gcn.beta 	 torch.Size([1])
encoder.layers.1.feed_forward_gcn.gcn.Theta.weight 	 torch.Size([64, 64])
encoder.layers.1.sublayer.0.norm.weight 	 torch.Size([64])
encoder.layers.1.sublayer.0.norm.bias 	 torch.Size([64])
encoder.layers.1.sublayer.1.norm.weight 	 torch.Size([64])
encoder.layers.1.sublayer.1.norm.bias 	 torch.Size([64])
encoder.layers.2.self_attn.linears.0.weight 	 torch.Size([64, 64])
encoder.layers.2.self_attn.linears.0.bias 	 torch.Size([64])
encoder.layers.2.self_attn.linears.1.weight 	 torch.Size([64, 64])
encoder.layers.2.self_attn.linears.1.bias 	 torch.Size([64])
encoder.layers.2.self_attn.conv1Ds_aware_temporal_context.0.weight 	 torch.Size([64, 64, 1, 3])
encoder.layers.2.self_attn.conv1Ds_aware_temporal_context.0.bias 	 torch.Size([64])
encoder.layers.2.self_attn.conv1Ds_aware_temporal_context.1.weight 	 torch.Size([64, 64, 1, 3])
encoder.layers.2.self_attn.conv1Ds_aware_temporal_context.1.bias 	 torch.Size([64])
encoder.layers.2.feed_forward_gcn.gcn.alpha 	 torch.Size([1])
encoder.layers.2.feed_forward_gcn.gcn.beta 	 torch.Size([1])
encoder.layers.2.feed_forward_gcn.gcn.Theta.weight 	 torch.Size([64, 64])
encoder.layers.2.sublayer.0.norm.weight 	 torch.Size([64])
encoder.layers.2.sublayer.0.norm.bias 	 torch.Size([64])
encoder.layers.2.sublayer.1.norm.weight 	 torch.Size([64])
encoder.layers.2.sublayer.1.norm.bias 	 torch.Size([64])
encoder.layers.3.self_attn.linears.0.weight 	 torch.Size([64, 64])
encoder.layers.3.self_attn.linears.0.bias 	 torch.Size([64])
encoder.layers.3.self_attn.linears.1.weight 	 torch.Size([64, 64])
encoder.layers.3.self_attn.linears.1.bias 	 torch.Size([64])
encoder.layers.3.self_attn.conv1Ds_aware_temporal_context.0.weight 	 torch.Size([64, 64, 1, 3])
encoder.layers.3.self_attn.conv1Ds_aware_temporal_context.0.bias 	 torch.Size([64])
encoder.layers.3.self_attn.conv1Ds_aware_temporal_context.1.weight 	 torch.Size([64, 64, 1, 3])
encoder.layers.3.self_attn.conv1Ds_aware_temporal_context.1.bias 	 torch.Size([64])
encoder.layers.3.feed_forward_gcn.gcn.alpha 	 torch.Size([1])
encoder.layers.3.feed_forward_gcn.gcn.beta 	 torch.Size([1])
encoder.layers.3.feed_forward_gcn.gcn.Theta.weight 	 torch.Size([64, 64])
encoder.layers.3.sublayer.0.norm.weight 	 torch.Size([64])
encoder.layers.3.sublayer.0.norm.bias 	 torch.Size([64])
encoder.layers.3.sublayer.1.norm.weight 	 torch.Size([64])
encoder.layers.3.sublayer.1.norm.bias 	 torch.Size([64])
encoder.norm.weight 	 torch.Size([64])
encoder.norm.bias 	 torch.Size([64])
decoder.layers.0.self_attn.linears.0.weight 	 torch.Size([64, 64])
decoder.layers.0.self_attn.linears.0.bias 	 torch.Size([64])
decoder.layers.0.self_attn.linears.1.weight 	 torch.Size([64, 64])
decoder.layers.0.self_attn.linears.1.bias 	 torch.Size([64])
decoder.layers.0.self_attn.conv1Ds_aware_temporal_context.0.weight 	 torch.Size([64, 64, 1, 3])
decoder.layers.0.self_attn.conv1Ds_aware_temporal_context.0.bias 	 torch.Size([64])
decoder.layers.0.self_attn.conv1Ds_aware_temporal_context.1.weight 	 torch.Size([64, 64, 1, 3])
decoder.layers.0.self_attn.conv1Ds_aware_temporal_context.1.bias 	 torch.Size([64])
decoder.layers.0.src_attn.linears.0.weight 	 torch.Size([64, 64])
decoder.layers.0.src_attn.linears.0.bias 	 torch.Size([64])
decoder.layers.0.src_attn.linears.1.weight 	 torch.Size([64, 64])
decoder.layers.0.src_attn.linears.1.bias 	 torch.Size([64])
decoder.layers.0.src_attn.query_conv1Ds_aware_temporal_context.weight 	 torch.Size([64, 64, 1, 3])
decoder.layers.0.src_attn.query_conv1Ds_aware_temporal_context.bias 	 torch.Size([64])
decoder.layers.0.src_attn.key_conv1Ds_aware_temporal_context.weight 	 torch.Size([64, 64, 1, 3])
decoder.layers.0.src_attn.key_conv1Ds_aware_temporal_context.bias 	 torch.Size([64])
decoder.layers.0.feed_forward_gcn.gcn.alpha 	 torch.Size([1])
decoder.layers.0.feed_forward_gcn.gcn.beta 	 torch.Size([1])
decoder.layers.0.feed_forward_gcn.gcn.Theta.weight 	 torch.Size([64, 64])
decoder.layers.0.sublayer.0.norm.weight 	 torch.Size([64])
decoder.layers.0.sublayer.0.norm.bias 	 torch.Size([64])
decoder.layers.0.sublayer.1.norm.weight 	 torch.Size([64])
decoder.layers.0.sublayer.1.norm.bias 	 torch.Size([64])
decoder.layers.0.sublayer.2.norm.weight 	 torch.Size([64])
decoder.layers.0.sublayer.2.norm.bias 	 torch.Size([64])
decoder.layers.1.self_attn.linears.0.weight 	 torch.Size([64, 64])
decoder.layers.1.self_attn.linears.0.bias 	 torch.Size([64])
decoder.layers.1.self_attn.linears.1.weight 	 torch.Size([64, 64])
decoder.layers.1.self_attn.linears.1.bias 	 torch.Size([64])
decoder.layers.1.self_attn.conv1Ds_aware_temporal_context.0.weight 	 torch.Size([64, 64, 1, 3])
decoder.layers.1.self_attn.conv1Ds_aware_temporal_context.0.bias 	 torch.Size([64])
decoder.layers.1.self_attn.conv1Ds_aware_temporal_context.1.weight 	 torch.Size([64, 64, 1, 3])
decoder.layers.1.self_attn.conv1Ds_aware_temporal_context.1.bias 	 torch.Size([64])
decoder.layers.1.src_attn.linears.0.weight 	 torch.Size([64, 64])
decoder.layers.1.src_attn.linears.0.bias 	 torch.Size([64])
decoder.layers.1.src_attn.linears.1.weight 	 torch.Size([64, 64])
decoder.layers.1.src_attn.linears.1.bias 	 torch.Size([64])
decoder.layers.1.src_attn.query_conv1Ds_aware_temporal_context.weight 	 torch.Size([64, 64, 1, 3])
decoder.layers.1.src_attn.query_conv1Ds_aware_temporal_context.bias 	 torch.Size([64])
decoder.layers.1.src_attn.key_conv1Ds_aware_temporal_context.weight 	 torch.Size([64, 64, 1, 3])
decoder.layers.1.src_attn.key_conv1Ds_aware_temporal_context.bias 	 torch.Size([64])
decoder.layers.1.feed_forward_gcn.gcn.alpha 	 torch.Size([1])
decoder.layers.1.feed_forward_gcn.gcn.beta 	 torch.Size([1])
decoder.layers.1.feed_forward_gcn.gcn.Theta.weight 	 torch.Size([64, 64])
decoder.layers.1.sublayer.0.norm.weight 	 torch.Size([64])
decoder.layers.1.sublayer.0.norm.bias 	 torch.Size([64])
decoder.layers.1.sublayer.1.norm.weight 	 torch.Size([64])
decoder.layers.1.sublayer.1.norm.bias 	 torch.Size([64])
decoder.layers.1.sublayer.2.norm.weight 	 torch.Size([64])
decoder.layers.1.sublayer.2.norm.bias 	 torch.Size([64])
decoder.layers.2.self_attn.linears.0.weight 	 torch.Size([64, 64])
decoder.layers.2.self_attn.linears.0.bias 	 torch.Size([64])
decoder.layers.2.self_attn.linears.1.weight 	 torch.Size([64, 64])
decoder.layers.2.self_attn.linears.1.bias 	 torch.Size([64])
decoder.layers.2.self_attn.conv1Ds_aware_temporal_context.0.weight 	 torch.Size([64, 64, 1, 3])
decoder.layers.2.self_attn.conv1Ds_aware_temporal_context.0.bias 	 torch.Size([64])
decoder.layers.2.self_attn.conv1Ds_aware_temporal_context.1.weight 	 torch.Size([64, 64, 1, 3])
decoder.layers.2.self_attn.conv1Ds_aware_temporal_context.1.bias 	 torch.Size([64])
decoder.layers.2.src_attn.linears.0.weight 	 torch.Size([64, 64])
decoder.layers.2.src_attn.linears.0.bias 	 torch.Size([64])
decoder.layers.2.src_attn.linears.1.weight 	 torch.Size([64, 64])
decoder.layers.2.src_attn.linears.1.bias 	 torch.Size([64])
decoder.layers.2.src_attn.query_conv1Ds_aware_temporal_context.weight 	 torch.Size([64, 64, 1, 3])
decoder.layers.2.src_attn.query_conv1Ds_aware_temporal_context.bias 	 torch.Size([64])
decoder.layers.2.src_attn.key_conv1Ds_aware_temporal_context.weight 	 torch.Size([64, 64, 1, 3])
decoder.layers.2.src_attn.key_conv1Ds_aware_temporal_context.bias 	 torch.Size([64])
decoder.layers.2.feed_forward_gcn.gcn.alpha 	 torch.Size([1])
decoder.layers.2.feed_forward_gcn.gcn.beta 	 torch.Size([1])
decoder.layers.2.feed_forward_gcn.gcn.Theta.weight 	 torch.Size([64, 64])
decoder.layers.2.sublayer.0.norm.weight 	 torch.Size([64])
decoder.layers.2.sublayer.0.norm.bias 	 torch.Size([64])
decoder.layers.2.sublayer.1.norm.weight 	 torch.Size([64])
decoder.layers.2.sublayer.1.norm.bias 	 torch.Size([64])
decoder.layers.2.sublayer.2.norm.weight 	 torch.Size([64])
decoder.layers.2.sublayer.2.norm.bias 	 torch.Size([64])
decoder.layers.3.self_attn.linears.0.weight 	 torch.Size([64, 64])
decoder.layers.3.self_attn.linears.0.bias 	 torch.Size([64])
decoder.layers.3.self_attn.linears.1.weight 	 torch.Size([64, 64])
decoder.layers.3.self_attn.linears.1.bias 	 torch.Size([64])
decoder.layers.3.self_attn.conv1Ds_aware_temporal_context.0.weight 	 torch.Size([64, 64, 1, 3])
decoder.layers.3.self_attn.conv1Ds_aware_temporal_context.0.bias 	 torch.Size([64])
decoder.layers.3.self_attn.conv1Ds_aware_temporal_context.1.weight 	 torch.Size([64, 64, 1, 3])
decoder.layers.3.self_attn.conv1Ds_aware_temporal_context.1.bias 	 torch.Size([64])
decoder.layers.3.src_attn.linears.0.weight 	 torch.Size([64, 64])
decoder.layers.3.src_attn.linears.0.bias 	 torch.Size([64])
decoder.layers.3.src_attn.linears.1.weight 	 torch.Size([64, 64])
decoder.layers.3.src_attn.linears.1.bias 	 torch.Size([64])
decoder.layers.3.src_attn.query_conv1Ds_aware_temporal_context.weight 	 torch.Size([64, 64, 1, 3])
decoder.layers.3.src_attn.query_conv1Ds_aware_temporal_context.bias 	 torch.Size([64])
decoder.layers.3.src_attn.key_conv1Ds_aware_temporal_context.weight 	 torch.Size([64, 64, 1, 3])
decoder.layers.3.src_attn.key_conv1Ds_aware_temporal_context.bias 	 torch.Size([64])
decoder.layers.3.feed_forward_gcn.gcn.alpha 	 torch.Size([1])
decoder.layers.3.feed_forward_gcn.gcn.beta 	 torch.Size([1])
decoder.layers.3.feed_forward_gcn.gcn.Theta.weight 	 torch.Size([64, 64])
decoder.layers.3.sublayer.0.norm.weight 	 torch.Size([64])
decoder.layers.3.sublayer.0.norm.bias 	 torch.Size([64])
decoder.layers.3.sublayer.1.norm.weight 	 torch.Size([64])
decoder.layers.3.sublayer.1.norm.bias 	 torch.Size([64])
decoder.layers.3.sublayer.2.norm.weight 	 torch.Size([64])
decoder.layers.3.sublayer.2.norm.bias 	 torch.Size([64])
decoder.norm.weight 	 torch.Size([64])
decoder.norm.bias 	 torch.Size([64])
src_embed.0.weight 	 torch.Size([64, 1])
src_embed.0.bias 	 torch.Size([64])
src_embed.1.pe 	 torch.Size([1, 1, 288, 64])
src_embed.2.embedding.weight 	 torch.Size([80, 64])
src_embed.2.gcn_smooth_layers.0.alpha 	 torch.Size([1])
src_embed.2.gcn_smooth_layers.0.beta 	 torch.Size([1])
src_embed.2.gcn_smooth_layers.0.Theta.weight 	 torch.Size([64, 64])
trg_embed.0.weight 	 torch.Size([64, 1])
trg_embed.0.bias 	 torch.Size([64])
trg_embed.1.pe 	 torch.Size([1, 1, 12, 64])
trg_embed.2.embedding.weight 	 torch.Size([80, 64])
trg_embed.2.gcn_smooth_layers.0.alpha 	 torch.Size([1])
trg_embed.2.gcn_smooth_layers.0.beta 	 torch.Size([1])
trg_embed.2.gcn_smooth_layers.0.Theta.weight 	 torch.Size([64, 64])
prediction_generator.weight 	 torch.Size([1, 64])
prediction_generator.bias 	 torch.Size([1])
Net's total params: 469845
Optimizer's state_dict:
state 	 {}
param_groups 	 [{'lr': 0.001, 'betas': (0.9, 0.999), 'eps': 1e-08, 'weight_decay': 0, 'amsgrad': False, 'params': [0, 1, 2, 3, 4, 5, 6, 7, 8, 9, 10, 11, 12, 13, 14, 15, 16, 17, 18, 19, 20, 21, 22, 23, 24, 25, 26, 27, 28, 29, 30, 31, 32, 33, 34, 35, 36, 37, 38, 39, 40, 41, 42, 43, 44, 45, 46, 47, 48, 49, 50, 51, 52, 53, 54, 55, 56, 57, 58, 59, 60, 61, 62, 63, 64, 65, 66, 67, 68, 69, 70, 71, 72, 73, 74, 75, 76, 77, 78, 79, 80, 81, 82, 83, 84, 85, 86, 87, 88, 89, 90, 91, 92, 93, 94, 95, 96, 97, 98, 99, 100, 101, 102, 103, 104, 105, 106, 107, 108, 109, 110, 111, 112, 113, 114, 115, 116, 117, 118, 119, 120, 121, 122, 123, 124, 125, 126, 127, 128, 129, 130, 131, 132, 133, 134, 135, 136, 137, 138, 139, 140, 141, 142, 143, 144, 145, 146, 147, 148, 149, 150, 151, 152, 153, 154, 155, 156, 157, 158, 159, 160, 161, 162, 163, 164, 165, 166, 167, 168, 169, 170, 171, 172, 173, 174, 175, 176, 177]}]
validation batch 1 / 3, loss: 4.90
validation cost time: 9.0945s
save parameters to file: ../experiments/HZME_INFLOW/MAE_ASTGNN_h1d1w0_layer4_head8_dm64_channel1_dir2_drop0.00_1.00e-03_B16_K5_TcontextScaledSAtSE1TE/epoch_0.params
epoch: 0, train time every whole data:24.59s
epoch: 0, total time:33.70s
validation batch 1 / 3, loss: 0.09
validation cost time: 8.8004s
save parameters to file: ../experiments/HZME_INFLOW/MAE_ASTGNN_h1d1w0_layer4_head8_dm64_channel1_dir2_drop0.00_1.00e-03_B16_K5_TcontextScaledSAtSE1TE/epoch_1.params
epoch: 1, train time every whole data:24.17s
epoch: 1, total time:66.68s
validation batch 1 / 3, loss: 0.06
validation cost time: 8.7968s
save parameters to file: ../experiments/HZME_INFLOW/MAE_ASTGNN_h1d1w0_layer4_head8_dm64_channel1_dir2_drop0.00_1.00e-03_B16_K5_TcontextScaledSAtSE1TE/epoch_2.params
epoch: 2, train time every whole data:24.11s
epoch: 2, total time:99.60s
validation batch 1 / 3, loss: 0.06
validation cost time: 8.7927s
epoch: 3, train time every whole data:24.11s
epoch: 3, total time:132.50s
validation batch 1 / 3, loss: 0.05
validation cost time: 8.7959s
epoch: 4, train time every whole data:24.10s
epoch: 4, total time:165.40s
validation batch 1 / 3, loss: 0.05
validation cost time: 8.7895s
epoch: 5, train time every whole data:24.11s
epoch: 5, total time:198.30s
validation batch 1 / 3, loss: 0.05
validation cost time: 8.7926s
epoch: 6, train time every whole data:24.10s
epoch: 6, total time:231.20s
validation batch 1 / 3, loss: 0.02
validation cost time: 8.7949s
save parameters to file: ../experiments/HZME_INFLOW/MAE_ASTGNN_h1d1w0_layer4_head8_dm64_channel1_dir2_drop0.00_1.00e-03_B16_K5_TcontextScaledSAtSE1TE/epoch_7.params
epoch: 7, train time every whole data:24.11s
epoch: 7, total time:264.12s
validation batch 1 / 3, loss: 0.06
validation cost time: 8.7906s
epoch: 8, train time every whole data:24.11s
epoch: 8, total time:297.02s
validation batch 1 / 3, loss: 0.07
validation cost time: 8.7934s
epoch: 9, train time every whole data:24.13s
epoch: 9, total time:329.95s
validation batch 1 / 3, loss: 0.02
validation cost time: 8.7907s
epoch: 10, train time every whole data:24.13s
epoch: 10, total time:362.87s
validation batch 1 / 3, loss: 0.03
validation cost time: 8.7901s
epoch: 11, train time every whole data:24.13s
epoch: 11, total time:395.79s
validation batch 1 / 3, loss: 0.04
validation cost time: 8.7932s
epoch: 12, train time every whole data:24.13s
epoch: 12, total time:428.72s
validation batch 1 / 3, loss: 0.12
validation cost time: 8.7903s
epoch: 13, train time every whole data:24.12s
epoch: 13, total time:461.63s
validation batch 1 / 3, loss: 0.03
validation cost time: 8.7902s
epoch: 14, train time every whole data:24.12s
epoch: 14, total time:494.55s
validation batch 1 / 3, loss: 0.06
validation cost time: 8.7911s
epoch: 15, train time every whole data:24.13s
epoch: 15, total time:527.47s
validation batch 1 / 3, loss: 0.02
validation cost time: 8.7956s
save parameters to file: ../experiments/HZME_INFLOW/MAE_ASTGNN_h1d1w0_layer4_head8_dm64_channel1_dir2_drop0.00_1.00e-03_B16_K5_TcontextScaledSAtSE1TE/epoch_16.params
epoch: 16, train time every whole data:24.14s
epoch: 16, total time:560.42s
validation batch 1 / 3, loss: 0.02
validation cost time: 8.7957s
epoch: 17, train time every whole data:24.15s
epoch: 17, total time:593.37s
validation batch 1 / 3, loss: 0.02
validation cost time: 8.8305s
epoch: 18, train time every whole data:24.16s
epoch: 18, total time:626.36s
validation batch 1 / 3, loss: 0.03
validation cost time: 8.7956s
epoch: 19, train time every whole data:24.15s
epoch: 19, total time:659.31s
validation batch 1 / 3, loss: 0.07
validation cost time: 8.7962s
epoch: 20, train time every whole data:24.14s
epoch: 20, total time:692.25s
validation batch 1 / 3, loss: 0.09
validation cost time: 8.7904s
epoch: 21, train time every whole data:24.13s
epoch: 21, total time:725.17s
validation batch 1 / 3, loss: 0.02
validation cost time: 8.7906s
epoch: 22, train time every whole data:24.12s
epoch: 22, total time:758.08s
validation batch 1 / 3, loss: 0.02
validation cost time: 8.7911s
save parameters to file: ../experiments/HZME_INFLOW/MAE_ASTGNN_h1d1w0_layer4_head8_dm64_channel1_dir2_drop0.00_1.00e-03_B16_K5_TcontextScaledSAtSE1TE/epoch_23.params
epoch: 23, train time every whole data:24.12s
epoch: 23, total time:791.01s
validation batch 1 / 3, loss: 0.06
validation cost time: 8.7906s
epoch: 24, train time every whole data:24.12s
epoch: 24, total time:823.91s
validation batch 1 / 3, loss: 0.06
validation cost time: 8.7915s
epoch: 25, train time every whole data:24.12s
epoch: 25, total time:856.83s
validation batch 1 / 3, loss: 0.02
validation cost time: 8.7906s
save parameters to file: ../experiments/HZME_INFLOW/MAE_ASTGNN_h1d1w0_layer4_head8_dm64_channel1_dir2_drop0.00_1.00e-03_B16_K5_TcontextScaledSAtSE1TE/epoch_26.params
epoch: 26, train time every whole data:24.13s
epoch: 26, total time:889.76s
validation batch 1 / 3, loss: 0.02
validation cost time: 8.7903s
epoch: 27, train time every whole data:24.12s
epoch: 27, total time:922.68s
validation batch 1 / 3, loss: 0.02
validation cost time: 8.7913s
save parameters to file: ../experiments/HZME_INFLOW/MAE_ASTGNN_h1d1w0_layer4_head8_dm64_channel1_dir2_drop0.00_1.00e-03_B16_K5_TcontextScaledSAtSE1TE/epoch_28.params
epoch: 28, train time every whole data:24.12s
epoch: 28, total time:955.60s
validation batch 1 / 3, loss: 0.08
validation cost time: 8.7904s
epoch: 29, train time every whole data:24.12s
epoch: 29, total time:988.52s
validation batch 1 / 3, loss: 0.06
validation cost time: 8.7908s
epoch: 30, train time every whole data:24.11s
epoch: 30, total time:1021.42s
validation batch 1 / 3, loss: 0.06
validation cost time: 8.7914s
epoch: 31, train time every whole data:24.12s
epoch: 31, total time:1054.34s
validation batch 1 / 3, loss: 0.03
validation cost time: 8.7910s
epoch: 32, train time every whole data:24.12s
epoch: 32, total time:1087.25s
validation batch 1 / 3, loss: 0.04
validation cost time: 8.7909s
epoch: 33, train time every whole data:24.12s
epoch: 33, total time:1120.16s
validation batch 1 / 3, loss: 0.03
validation cost time: 8.7911s
epoch: 34, train time every whole data:24.12s
epoch: 34, total time:1153.08s
validation batch 1 / 3, loss: 0.02
validation cost time: 8.7912s
save parameters to file: ../experiments/HZME_INFLOW/MAE_ASTGNN_h1d1w0_layer4_head8_dm64_channel1_dir2_drop0.00_1.00e-03_B16_K5_TcontextScaledSAtSE1TE/epoch_35.params
epoch: 35, train time every whole data:24.13s
epoch: 35, total time:1186.02s
validation batch 1 / 3, loss: 0.02
validation cost time: 8.7905s
epoch: 36, train time every whole data:24.13s
epoch: 36, total time:1218.94s
validation batch 1 / 3, loss: 0.03
validation cost time: 8.7924s
epoch: 37, train time every whole data:24.13s
epoch: 37, total time:1251.87s
validation batch 1 / 3, loss: 0.05
validation cost time: 8.7910s
epoch: 38, train time every whole data:24.13s
epoch: 38, total time:1284.79s
validation batch 1 / 3, loss: 0.02
validation cost time: 8.7914s
epoch: 39, train time every whole data:24.12s
epoch: 39, total time:1317.70s
validation batch 1 / 3, loss: 0.02
validation cost time: 8.7907s
epoch: 40, train time every whole data:24.13s
epoch: 40, total time:1350.63s
validation batch 1 / 3, loss: 0.04
validation cost time: 8.7912s
epoch: 41, train time every whole data:24.14s
epoch: 41, total time:1383.56s
validation batch 1 / 3, loss: 0.02
validation cost time: 8.7909s
epoch: 42, train time every whole data:24.13s
epoch: 42, total time:1416.48s
validation batch 1 / 3, loss: 0.02
validation cost time: 8.7911s
save parameters to file: ../experiments/HZME_INFLOW/MAE_ASTGNN_h1d1w0_layer4_head8_dm64_channel1_dir2_drop0.00_1.00e-03_B16_K5_TcontextScaledSAtSE1TE/epoch_43.params
epoch: 43, train time every whole data:24.13s
epoch: 43, total time:1449.42s
validation batch 1 / 3, loss: 0.03
validation cost time: 8.7908s
epoch: 44, train time every whole data:24.13s
epoch: 44, total time:1482.34s
validation batch 1 / 3, loss: 0.02
validation cost time: 8.7909s
epoch: 45, train time every whole data:24.13s
epoch: 45, total time:1515.27s
validation batch 1 / 3, loss: 0.02
validation cost time: 8.7935s
epoch: 46, train time every whole data:24.14s
epoch: 46, total time:1548.21s
validation batch 1 / 3, loss: 0.03
validation cost time: 8.7972s
epoch: 47, train time every whole data:24.15s
epoch: 47, total time:1581.15s
validation batch 1 / 3, loss: 0.03
validation cost time: 8.7910s
epoch: 48, train time every whole data:24.13s
epoch: 48, total time:1614.07s
validation batch 1 / 3, loss: 0.03
validation cost time: 8.7910s
epoch: 49, train time every whole data:24.13s
epoch: 49, total time:1647.00s
validation batch 1 / 3, loss: 0.02
validation cost time: 8.7912s
epoch: 50, train time every whole data:24.13s
epoch: 50, total time:1679.92s
validation batch 1 / 3, loss: 0.02
validation cost time: 8.7908s
save parameters to file: ../experiments/HZME_INFLOW/MAE_ASTGNN_h1d1w0_layer4_head8_dm64_channel1_dir2_drop0.00_1.00e-03_B16_K5_TcontextScaledSAtSE1TE/epoch_51.params
epoch: 51, train time every whole data:24.14s
epoch: 51, total time:1712.86s
validation batch 1 / 3, loss: 0.02
validation cost time: 8.7923s
epoch: 52, train time every whole data:24.13s
epoch: 52, total time:1745.78s
validation batch 1 / 3, loss: 0.04
validation cost time: 8.7906s
epoch: 53, train time every whole data:24.14s
epoch: 53, total time:1778.71s
validation batch 1 / 3, loss: 0.03
validation cost time: 8.7917s
epoch: 54, train time every whole data:24.13s
epoch: 54, total time:1811.63s
validation batch 1 / 3, loss: 0.02
validation cost time: 8.7912s
epoch: 55, train time every whole data:24.13s
epoch: 55, total time:1844.55s
validation batch 1 / 3, loss: 0.01
validation cost time: 8.7912s
epoch: 56, train time every whole data:24.13s
epoch: 56, total time:1877.47s
validation batch 1 / 3, loss: 0.03
validation cost time: 8.8245s
epoch: 57, train time every whole data:24.14s
epoch: 57, total time:1910.44s
validation batch 1 / 3, loss: 0.02
validation cost time: 8.7914s
epoch: 58, train time every whole data:24.13s
epoch: 58, total time:1943.37s
validation batch 1 / 3, loss: 0.02
validation cost time: 8.7907s
epoch: 59, train time every whole data:24.14s
epoch: 59, total time:1976.30s
validation batch 1 / 3, loss: 0.02
validation cost time: 8.7921s
epoch: 60, train time every whole data:24.13s
epoch: 60, total time:2009.23s
validation batch 1 / 3, loss: 0.03
validation cost time: 8.7910s
epoch: 61, train time every whole data:24.14s
epoch: 61, total time:2042.15s
validation batch 1 / 3, loss: 0.02
validation cost time: 8.7916s
epoch: 62, train time every whole data:24.13s
epoch: 62, total time:2075.07s
validation batch 1 / 3, loss: 0.03
validation cost time: 8.7911s
epoch: 63, train time every whole data:24.13s
epoch: 63, total time:2108.00s
validation batch 1 / 3, loss: 0.02
validation cost time: 8.7912s
epoch: 64, train time every whole data:24.12s
epoch: 64, total time:2140.91s
validation batch 1 / 3, loss: 0.02
validation cost time: 8.7915s
epoch: 65, train time every whole data:24.13s
epoch: 65, total time:2173.84s
validation batch 1 / 3, loss: 0.01
validation cost time: 8.7915s
epoch: 66, train time every whole data:24.13s
epoch: 66, total time:2206.76s
validation batch 1 / 3, loss: 0.02
validation cost time: 8.7908s
epoch: 67, train time every whole data:24.14s
epoch: 67, total time:2239.70s
validation batch 1 / 3, loss: 0.02
validation cost time: 8.7913s
epoch: 68, train time every whole data:24.13s
epoch: 68, total time:2272.62s
validation batch 1 / 3, loss: 0.01
validation cost time: 8.7912s
save parameters to file: ../experiments/HZME_INFLOW/MAE_ASTGNN_h1d1w0_layer4_head8_dm64_channel1_dir2_drop0.00_1.00e-03_B16_K5_TcontextScaledSAtSE1TE/epoch_69.params
epoch: 69, train time every whole data:24.13s
epoch: 69, total time:2305.56s
validation batch 1 / 3, loss: 0.02
validation cost time: 8.7912s
epoch: 70, train time every whole data:24.13s
epoch: 70, total time:2338.48s
validation batch 1 / 3, loss: 0.02
validation cost time: 8.7908s
epoch: 71, train time every whole data:24.13s
epoch: 71, total time:2371.40s
validation batch 1 / 3, loss: 0.02
validation cost time: 8.7911s
epoch: 72, train time every whole data:24.13s
epoch: 72, total time:2404.32s
validation batch 1 / 3, loss: 0.01
validation cost time: 8.7912s
save parameters to file: ../experiments/HZME_INFLOW/MAE_ASTGNN_h1d1w0_layer4_head8_dm64_channel1_dir2_drop0.00_1.00e-03_B16_K5_TcontextScaledSAtSE1TE/epoch_73.params
epoch: 73, train time every whole data:24.13s
epoch: 73, total time:2437.26s
validation batch 1 / 3, loss: 0.02
validation cost time: 8.7917s
epoch: 74, train time every whole data:24.13s
epoch: 74, total time:2470.19s
validation batch 1 / 3, loss: 0.02
validation cost time: 8.7913s
epoch: 75, train time every whole data:24.14s
epoch: 75, total time:2503.12s
validation batch 1 / 3, loss: 0.02
validation cost time: 8.7914s
epoch: 76, train time every whole data:24.13s
epoch: 76, total time:2536.05s
validation batch 1 / 3, loss: 0.05
validation cost time: 8.7918s
epoch: 77, train time every whole data:24.14s
epoch: 77, total time:2568.98s
validation batch 1 / 3, loss: 0.01
validation cost time: 8.7920s
epoch: 78, train time every whole data:24.13s
epoch: 78, total time:2601.90s
validation batch 1 / 3, loss: 0.01
validation cost time: 8.7912s
save parameters to file: ../experiments/HZME_INFLOW/MAE_ASTGNN_h1d1w0_layer4_head8_dm64_channel1_dir2_drop0.00_1.00e-03_B16_K5_TcontextScaledSAtSE1TE/epoch_79.params
epoch: 79, train time every whole data:24.14s
epoch: 79, total time:2634.84s
validation batch 1 / 3, loss: 0.01
validation cost time: 8.7916s
epoch: 80, train time every whole data:24.13s
epoch: 80, total time:2667.76s
validation batch 1 / 3, loss: 0.03
validation cost time: 8.7913s
epoch: 81, train time every whole data:24.13s
epoch: 81, total time:2700.68s
validation batch 1 / 3, loss: 0.01
validation cost time: 8.7913s
epoch: 82, train time every whole data:24.13s
epoch: 82, total time:2733.60s
validation batch 1 / 3, loss: 0.02
validation cost time: 8.7917s
epoch: 83, train time every whole data:24.14s
epoch: 83, total time:2766.54s
validation batch 1 / 3, loss: 0.02
validation cost time: 8.7916s
epoch: 84, train time every whole data:24.14s
epoch: 84, total time:2799.47s
validation batch 1 / 3, loss: 0.02
validation cost time: 8.7913s
epoch: 85, train time every whole data:24.13s
epoch: 85, total time:2832.39s
validation batch 1 / 3, loss: 0.03
validation cost time: 8.7921s
epoch: 86, train time every whole data:24.13s
epoch: 86, total time:2865.32s
validation batch 1 / 3, loss: 0.01
validation cost time: 8.7910s
save parameters to file: ../experiments/HZME_INFLOW/MAE_ASTGNN_h1d1w0_layer4_head8_dm64_channel1_dir2_drop0.00_1.00e-03_B16_K5_TcontextScaledSAtSE1TE/epoch_87.params
epoch: 87, train time every whole data:24.14s
epoch: 87, total time:2898.26s
validation batch 1 / 3, loss: 0.02
validation cost time: 8.8247s
epoch: 88, train time every whole data:24.14s
epoch: 88, total time:2931.22s
validation batch 1 / 3, loss: 0.03
validation cost time: 8.7909s
epoch: 89, train time every whole data:24.14s
epoch: 89, total time:2964.15s
validation batch 1 / 3, loss: 0.03
validation cost time: 8.7916s
epoch: 90, train time every whole data:24.13s
epoch: 90, total time:2997.08s
validation batch 1 / 3, loss: 0.01
validation cost time: 8.7916s
epoch: 91, train time every whole data:24.13s
epoch: 91, total time:3030.01s
validation batch 1 / 3, loss: 0.02
validation cost time: 8.7915s
epoch: 92, train time every whole data:24.13s
epoch: 92, total time:3062.93s
validation batch 1 / 3, loss: 0.01
validation cost time: 8.7914s
save parameters to file: ../experiments/HZME_INFLOW/MAE_ASTGNN_h1d1w0_layer4_head8_dm64_channel1_dir2_drop0.00_1.00e-03_B16_K5_TcontextScaledSAtSE1TE/epoch_93.params
epoch: 93, train time every whole data:24.14s
epoch: 93, total time:3095.87s
validation batch 1 / 3, loss: 0.01
validation cost time: 8.7913s
epoch: 94, train time every whole data:24.13s
epoch: 94, total time:3128.79s
validation batch 1 / 3, loss: 0.02
validation cost time: 8.7910s
epoch: 95, train time every whole data:24.13s
epoch: 95, total time:3161.71s
validation batch 1 / 3, loss: 0.02
validation cost time: 8.7912s
epoch: 96, train time every whole data:24.13s
epoch: 96, total time:3194.64s
validation batch 1 / 3, loss: 0.01
validation cost time: 8.7911s
epoch: 97, train time every whole data:24.13s
epoch: 97, total time:3227.56s
validation batch 1 / 3, loss: 0.01
validation cost time: 8.7911s
epoch: 98, train time every whole data:24.14s
epoch: 98, total time:3260.48s
validation batch 1 / 3, loss: 0.01
validation cost time: 8.7916s
epoch: 99, train time every whole data:24.14s
epoch: 99, total time:3293.42s
best epoch: 93
apply the best val model on the test data set ...
load weight from: ../experiments/HZME_INFLOW/MAE_ASTGNN_h1d1w0_layer4_head8_dm64_channel1_dir2_drop0.00_1.00e-03_B16_K5_TcontextScaledSAtSE1TE/epoch_93.params
predicting testing set batch 1 / 3, time: 4.18s
test time on whole data:8.80s
input: (1073, 80, 24, 1)
prediction: (1073, 80, 12, 1)
data_target_tensor: (1073, 80, 12)
current epoch: 93, predict 0 points
MAE: 10.08
RMSE: 16.06
MAPE: 23.29
current epoch: 93, predict 1 points
MAE: 10.36
RMSE: 16.94
MAPE: 23.20
current epoch: 93, predict 2 points
MAE: 10.45
RMSE: 16.95
MAPE: 23.77
current epoch: 93, predict 3 points
MAE: 10.59
RMSE: 17.24
MAPE: 24.18
current epoch: 93, predict 4 points
MAE: 10.68
RMSE: 17.38
MAPE: 24.60
current epoch: 93, predict 5 points
MAE: 10.86
RMSE: 17.66
MAPE: 25.27
current epoch: 93, predict 6 points
MAE: 11.09
RMSE: 18.01
MAPE: 25.82
current epoch: 93, predict 7 points
MAE: 11.32
RMSE: 18.41
MAPE: 26.53
current epoch: 93, predict 8 points
MAE: 11.48
RMSE: 18.83
MAPE: 26.96
current epoch: 93, predict 9 points
MAE: 11.64
RMSE: 19.21
MAPE: 27.25
current epoch: 93, predict 10 points
MAE: 11.77
RMSE: 19.74
MAPE: 27.51
current epoch: 93, predict 11 points
MAE: 12.10
RMSE: 20.40
MAPE: 28.41
all MAE: 11.03
all RMSE: 18.11
all MAPE: 25.54
[10.081807, 16.05973251785103, 23.29443246126175, 10.356721, 16.9421443413404, 23.19834530353546, 10.449211, 16.951600233850527, 23.766222596168518, 10.586195, 17.23788247683445, 24.180789291858673, 10.6802845, 17.38047385953649, 24.600280821323395, 10.857569, 17.66140860758015, 25.26630461215973, 11.090891, 18.014967735191757, 25.824257731437683, 11.317741, 18.406407509406712, 26.528283953666687, 11.479355, 18.83141179817647, 26.959848403930664, 11.636514, 19.211333839699694, 27.247008681297302, 11.769292, 19.74276562271846, 27.505803108215332, 12.097145, 20.401982140079934, 28.414949774742126, 11.033559, 18.111943034052146, 25.540578365325928]
fine tune the model ... 
epoch: 100, train time every whole data:56.30s
epoch: 100, total time:3358.66s
validation batch 1 / 3, loss: 0.01
validation cost time: 8.7936s
save parameters to file: ../experiments/HZME_INFLOW/MAE_ASTGNN_h1d1w0_layer4_head8_dm64_channel1_dir2_drop0.00_1.00e-03_B16_K5_TcontextScaledSAtSE1TE/epoch_100.params
epoch: 101, train time every whole data:55.99s
epoch: 101, total time:3423.46s
validation batch 1 / 3, loss: 0.01
validation cost time: 8.7919s
epoch: 102, train time every whole data:55.97s
epoch: 102, total time:3488.22s
validation batch 1 / 3, loss: 0.01
validation cost time: 8.7917s
epoch: 103, train time every whole data:55.96s
epoch: 103, total time:3552.97s
validation batch 1 / 3, loss: 0.01
validation cost time: 8.7971s
epoch: 104, train time every whole data:55.99s
epoch: 104, total time:3617.76s
validation batch 1 / 3, loss: 0.01
validation cost time: 8.7922s
epoch: 105, train time every whole data:56.01s
epoch: 105, total time:3682.57s
validation batch 1 / 3, loss: 0.01
validation cost time: 8.7913s
save parameters to file: ../experiments/HZME_INFLOW/MAE_ASTGNN_h1d1w0_layer4_head8_dm64_channel1_dir2_drop0.00_1.00e-03_B16_K5_TcontextScaledSAtSE1TE/epoch_105.params
epoch: 106, train time every whole data:55.97s
epoch: 106, total time:3747.34s
validation batch 1 / 3, loss: 0.01
validation cost time: 8.7955s
save parameters to file: ../experiments/HZME_INFLOW/MAE_ASTGNN_h1d1w0_layer4_head8_dm64_channel1_dir2_drop0.00_1.00e-03_B16_K5_TcontextScaledSAtSE1TE/epoch_106.params
epoch: 107, train time every whole data:56.00s
epoch: 107, total time:3812.15s
validation batch 1 / 3, loss: 0.01
validation cost time: 8.7953s
epoch: 108, train time every whole data:55.97s
epoch: 108, total time:3876.92s
validation batch 1 / 3, loss: 0.01
validation cost time: 8.7912s
save parameters to file: ../experiments/HZME_INFLOW/MAE_ASTGNN_h1d1w0_layer4_head8_dm64_channel1_dir2_drop0.00_1.00e-03_B16_K5_TcontextScaledSAtSE1TE/epoch_108.params
epoch: 109, train time every whole data:56.03s
epoch: 109, total time:3941.75s
validation batch 1 / 3, loss: 0.01
validation cost time: 8.7906s
epoch: 110, train time every whole data:56.03s
epoch: 110, total time:4006.58s
validation batch 1 / 3, loss: 0.01
validation cost time: 8.7910s
epoch: 111, train time every whole data:56.00s
epoch: 111, total time:4071.37s
validation batch 1 / 3, loss: 0.01
validation cost time: 8.7969s
epoch: 112, train time every whole data:56.01s
epoch: 112, total time:4136.18s
validation batch 1 / 3, loss: 0.01
validation cost time: 8.7940s
epoch: 113, train time every whole data:56.03s
epoch: 113, total time:4201.00s
validation batch 1 / 3, loss: 0.01
validation cost time: 8.7907s
epoch: 114, train time every whole data:56.00s
epoch: 114, total time:4265.79s
validation batch 1 / 3, loss: 0.01
validation cost time: 8.7909s
save parameters to file: ../experiments/HZME_INFLOW/MAE_ASTGNN_h1d1w0_layer4_head8_dm64_channel1_dir2_drop0.00_1.00e-03_B16_K5_TcontextScaledSAtSE1TE/epoch_114.params
epoch: 115, train time every whole data:56.01s
epoch: 115, total time:4330.61s
validation batch 1 / 3, loss: 0.01
validation cost time: 8.7913s
save parameters to file: ../experiments/HZME_INFLOW/MAE_ASTGNN_h1d1w0_layer4_head8_dm64_channel1_dir2_drop0.00_1.00e-03_B16_K5_TcontextScaledSAtSE1TE/epoch_115.params
epoch: 116, train time every whole data:56.02s
epoch: 116, total time:4395.43s
validation batch 1 / 3, loss: 0.01
validation cost time: 8.7908s
epoch: 117, train time every whole data:56.00s
epoch: 117, total time:4460.23s
validation batch 1 / 3, loss: 0.01
validation cost time: 8.7906s
epoch: 118, train time every whole data:56.01s
epoch: 118, total time:4525.03s
validation batch 1 / 3, loss: 0.01
validation cost time: 8.7904s
epoch: 119, train time every whole data:56.03s
epoch: 119, total time:4589.85s
validation batch 1 / 3, loss: 0.01
validation cost time: 8.7918s
epoch: 120, train time every whole data:56.01s
epoch: 120, total time:4654.65s
validation batch 1 / 3, loss: 0.01
validation cost time: 8.7981s
save parameters to file: ../experiments/HZME_INFLOW/MAE_ASTGNN_h1d1w0_layer4_head8_dm64_channel1_dir2_drop0.00_1.00e-03_B16_K5_TcontextScaledSAtSE1TE/epoch_120.params
epoch: 121, train time every whole data:56.01s
epoch: 121, total time:4719.48s
validation batch 1 / 3, loss: 0.01
validation cost time: 8.7964s
epoch: 122, train time every whole data:56.00s
epoch: 122, total time:4784.27s
validation batch 1 / 3, loss: 0.01
validation cost time: 8.7912s
epoch: 123, train time every whole data:55.98s
epoch: 123, total time:4849.04s
validation batch 1 / 3, loss: 0.01
validation cost time: 8.7919s
epoch: 124, train time every whole data:56.01s
epoch: 124, total time:4913.84s
validation batch 1 / 3, loss: 0.01
validation cost time: 8.7921s
epoch: 125, train time every whole data:56.01s
epoch: 125, total time:4978.64s
validation batch 1 / 3, loss: 0.01
validation cost time: 8.7911s
epoch: 126, train time every whole data:56.00s
epoch: 126, total time:5043.43s
validation batch 1 / 3, loss: 0.01
validation cost time: 8.7916s
epoch: 127, train time every whole data:55.99s
epoch: 127, total time:5108.22s
validation batch 1 / 3, loss: 0.01
validation cost time: 8.7914s
epoch: 128, train time every whole data:55.99s
epoch: 128, total time:5173.00s
validation batch 1 / 3, loss: 0.01
validation cost time: 8.7912s
epoch: 129, train time every whole data:55.98s
epoch: 129, total time:5237.77s
validation batch 1 / 3, loss: 0.01
validation cost time: 8.7910s
save parameters to file: ../experiments/HZME_INFLOW/MAE_ASTGNN_h1d1w0_layer4_head8_dm64_channel1_dir2_drop0.00_1.00e-03_B16_K5_TcontextScaledSAtSE1TE/epoch_129.params
epoch: 130, train time every whole data:55.99s
epoch: 130, total time:5302.57s
validation batch 1 / 3, loss: 0.01
validation cost time: 8.7956s
epoch: 131, train time every whole data:55.99s
epoch: 131, total time:5367.35s
validation batch 1 / 3, loss: 0.01
validation cost time: 8.8254s
epoch: 132, train time every whole data:56.03s
epoch: 132, total time:5432.21s
validation batch 1 / 3, loss: 0.01
validation cost time: 8.7918s
epoch: 133, train time every whole data:56.00s
epoch: 133, total time:5497.01s
validation batch 1 / 3, loss: 0.01
validation cost time: 8.7921s
epoch: 134, train time every whole data:55.99s
epoch: 134, total time:5561.79s
validation batch 1 / 3, loss: 0.01
validation cost time: 8.7915s
epoch: 135, train time every whole data:55.98s
epoch: 135, total time:5626.57s
validation batch 1 / 3, loss: 0.01
validation cost time: 8.7915s
epoch: 136, train time every whole data:55.99s
epoch: 136, total time:5691.35s
validation batch 1 / 3, loss: 0.01
validation cost time: 8.7913s
save parameters to file: ../experiments/HZME_INFLOW/MAE_ASTGNN_h1d1w0_layer4_head8_dm64_channel1_dir2_drop0.00_1.00e-03_B16_K5_TcontextScaledSAtSE1TE/epoch_136.params
epoch: 137, train time every whole data:55.98s
epoch: 137, total time:5756.13s
validation batch 1 / 3, loss: 0.01
validation cost time: 8.7926s
epoch: 138, train time every whole data:55.99s
epoch: 138, total time:5820.91s
validation batch 1 / 3, loss: 0.01
validation cost time: 8.7909s
epoch: 139, train time every whole data:55.99s
epoch: 139, total time:5885.70s
validation batch 1 / 3, loss: 0.01
validation cost time: 8.7912s
save parameters to file: ../experiments/HZME_INFLOW/MAE_ASTGNN_h1d1w0_layer4_head8_dm64_channel1_dir2_drop0.00_1.00e-03_B16_K5_TcontextScaledSAtSE1TE/epoch_139.params
epoch: 140, train time every whole data:56.00s
epoch: 140, total time:5950.50s
validation batch 1 / 3, loss: 0.01
validation cost time: 8.7919s
epoch: 141, train time every whole data:55.99s
epoch: 141, total time:6015.29s
validation batch 1 / 3, loss: 0.01
validation cost time: 8.7967s
epoch: 142, train time every whole data:56.01s
epoch: 142, total time:6080.10s
validation batch 1 / 3, loss: 0.01
validation cost time: 8.7919s
epoch: 143, train time every whole data:56.01s
epoch: 143, total time:6144.90s
validation batch 1 / 3, loss: 0.01
validation cost time: 8.7919s
save parameters to file: ../experiments/HZME_INFLOW/MAE_ASTGNN_h1d1w0_layer4_head8_dm64_channel1_dir2_drop0.00_1.00e-03_B16_K5_TcontextScaledSAtSE1TE/epoch_143.params
epoch: 144, train time every whole data:56.00s
epoch: 144, total time:6209.71s
validation batch 1 / 3, loss: 0.01
validation cost time: 8.7921s
epoch: 145, train time every whole data:56.01s
epoch: 145, total time:6274.51s
validation batch 1 / 3, loss: 0.01
validation cost time: 8.7918s
epoch: 146, train time every whole data:56.01s
epoch: 146, total time:6339.31s
validation batch 1 / 3, loss: 0.01
validation cost time: 8.7915s
epoch: 147, train time every whole data:56.00s
epoch: 147, total time:6404.11s
validation batch 1 / 3, loss: 0.01
validation cost time: 8.7914s
epoch: 148, train time every whole data:55.96s
epoch: 148, total time:6468.86s
validation batch 1 / 3, loss: 0.01
validation cost time: 8.7916s
epoch: 149, train time every whole data:55.95s
epoch: 149, total time:6533.60s
validation batch 1 / 3, loss: 0.01
validation cost time: 8.7922s
best epoch: 143
apply the best val model on the test data set ...
load weight from: ../experiments/HZME_INFLOW/MAE_ASTGNN_h1d1w0_layer4_head8_dm64_channel1_dir2_drop0.00_1.00e-03_B16_K5_TcontextScaledSAtSE1TE/epoch_143.params
predicting testing set batch 1 / 3, time: 4.18s
test time on whole data:8.80s
input: (1073, 80, 24, 1)
prediction: (1073, 80, 12, 1)
data_target_tensor: (1073, 80, 12)
current epoch: 143, predict 0 points
MAE: 9.88
RMSE: 15.86
MAPE: 21.99
current epoch: 143, predict 1 points
MAE: 10.03
RMSE: 16.44
MAPE: 21.99
current epoch: 143, predict 2 points
MAE: 10.06
RMSE: 16.43
MAPE: 22.16
current epoch: 143, predict 3 points
MAE: 10.13
RMSE: 16.61
MAPE: 22.09
current epoch: 143, predict 4 points
MAE: 10.17
RMSE: 16.80
MAPE: 22.09
current epoch: 143, predict 5 points
MAE: 10.25
RMSE: 17.05
MAPE: 22.27
current epoch: 143, predict 6 points
MAE: 10.30
RMSE: 17.18
MAPE: 22.45
current epoch: 143, predict 7 points
MAE: 10.37
RMSE: 17.33
MAPE: 22.79
current epoch: 143, predict 8 points
MAE: 10.44
RMSE: 17.55
MAPE: 22.96
current epoch: 143, predict 9 points
MAE: 10.55
RMSE: 17.81
MAPE: 23.12
current epoch: 143, predict 10 points
MAE: 10.67
RMSE: 18.38
MAPE: 23.42
current epoch: 143, predict 11 points
MAE: 10.93
RMSE: 19.03
MAPE: 24.09
all MAE: 10.31
all RMSE: 17.23
all MAPE: 22.61
[9.879688, 15.859926291218715, 21.98576182126999, 10.034841, 16.4446899006255, 21.98609858751297, 10.064726, 16.433826340610985, 22.163642942905426, 10.125178, 16.613653685132938, 22.090736031532288, 10.172086, 16.797719818870693, 22.093547880649567, 10.246523, 17.052280593442624, 22.268879413604736, 10.295599, 17.181104101156176, 22.445660829544067, 10.373349, 17.325874973677827, 22.789932787418365, 10.440173, 17.55223005857936, 22.958946228027344, 10.547327, 17.81402559941578, 23.1166273355484, 10.665194, 18.378983876695788, 23.41739982366562, 10.931786, 19.0328358457701, 24.091289937496185, 10.314706, 17.22842960403222, 22.608523070812225]
