Thu Nov  4 14:15:07 2021       
+-----------------------------------------------------------------------------+
| NVIDIA-SMI 418.165.02   Driver Version: 418.165.02   CUDA Version: 10.1     |
|-------------------------------+----------------------+----------------------+
| GPU  Name        Persistence-M| Bus-Id        Disp.A | Volatile Uncorr. ECC |
| Fan  Temp  Perf  Pwr:Usage/Cap|         Memory-Usage | GPU-Util  Compute M. |
|===============================+======================+======================|
|   0  Tesla V100-PCIE...  Off  | 00000000:5A:00.0 Off |                    0 |
| N/A   41C    P0    41W / 250W |  17086MiB / 32480MiB |      0%      Default |
+-------------------------------+----------------------+----------------------+
|   1  Tesla V100-PCIE...  Off  | 00000000:5E:00.0 Off |                    0 |
| N/A   49C    P0   156W / 250W |  14376MiB / 32480MiB |    100%      Default |
+-------------------------------+----------------------+----------------------+
|   2  Tesla V100-PCIE...  Off  | 00000000:62:00.0 Off |                    0 |
| N/A   36C    P0   114W / 250W |  14240MiB / 32480MiB |     90%      Default |
+-------------------------------+----------------------+----------------------+
|   3  Tesla V100-PCIE...  Off  | 00000000:66:00.0 Off |                    0 |
| N/A   27C    P0    23W / 250W |     12MiB / 32480MiB |      0%      Default |
+-------------------------------+----------------------+----------------------+
|   4  Tesla V100-PCIE...  Off  | 00000000:B5:00.0 Off |                    0 |
| N/A   28C    P0    23W / 250W |     11MiB / 32480MiB |      0%      Default |
+-------------------------------+----------------------+----------------------+
|   5  Tesla V100-PCIE...  Off  | 00000000:B9:00.0 Off |                    0 |
| N/A   31C    P0    26W / 250W |     11MiB / 32480MiB |      0%      Default |
+-------------------------------+----------------------+----------------------+
|   6  Tesla V100-PCIE...  Off  | 00000000:BD:00.0 Off |                    0 |
| N/A   30C    P0    24W / 250W |     11MiB / 32480MiB |      0%      Default |
+-------------------------------+----------------------+----------------------+
|   7  Tesla V100-PCIE...  Off  | 00000000:C1:00.0 Off |                    0 |
| N/A   28C    P0    23W / 250W |     11MiB / 32480MiB |      0%      Default |
+-------------------------------+----------------------+----------------------+
                                                                               
+-----------------------------------------------------------------------------+
| Processes:                                                       GPU Memory |
|  GPU       PID   Type   Process name                             Usage      |
|=============================================================================|
|    0     10414      C   python                                     17075MiB |
|    1     13876      C   python                                     14365MiB |
|    2     14233      C   python                                     14229MiB |
+-----------------------------------------------------------------------------+
CUDA: True cuda:0
Read configuration file: /data/home/u18112042/CorrSTN/configurations/HZME_INFLOW_rdw.conf
total training epoch, fine tune epoch: 100 , 50
batch_size: 16
attention_top_k: 5
folder_dir: MAE_ASTGNN_h1d1w0_layer4_head8_dm64_channel1_dir2_drop0.00_1.00e-03_B16_K5_TcontextScaledSAtSE1TE
load file: /data/home/u18112042/CorrSTN/data/HZME_INFLOW/HZME_INFLOW_r1_d1_w0.npz
ori length: 4313 , percent: 1.0 , scale: 4313
train: torch.Size([3218, 80, 1, 24]) torch.Size([3218, 80, 12]) torch.Size([3218, 80, 12])
val: torch.Size([1073, 80, 1, 24]) torch.Size([1073, 80, 12]) torch.Size([1073, 80, 12])
test: torch.Size([1073, 80, 1, 24]) torch.Size([1073, 80, 12]) torch.Size([1073, 80, 12])
TemporalPositionalEncoding max_len: 288
w_index: []
d_index: [0, 1, 2, 3, 4, 5, 6, 7, 8, 9, 10, 11]
h_index: [276, 277, 278, 279, 280, 281, 282, 283, 284, 285, 286, 287]
en_lookup_index: [0, 1, 2, 3, 4, 5, 6, 7, 8, 9, 10, 11, 276, 277, 278, 279, 280, 281, 282, 283, 284, 285, 286, 287]
EncoderDecoder(
  (encoder): Encoder(
    (layers): ModuleList(
      (0): EncoderLayer(
        (self_attn): MultiHeadAttentionAwareTemporalContex_q1d_k1d(
          (linears): ModuleList(
            (0): Linear(in_features=64, out_features=64, bias=True)
            (1): Linear(in_features=64, out_features=64, bias=True)
          )
          (conv1Ds_aware_temporal_context): ModuleList(
            (0): Conv2d(64, 64, kernel_size=(1, 3), stride=(1, 1), padding=(0, 1))
            (1): Conv2d(64, 64, kernel_size=(1, 3), stride=(1, 1), padding=(0, 1))
          )
          (dropout): Dropout(p=0.0, inplace=False)
          (attn_ic): Attention_IC(
            (DAT): DynamicAttentionLayer(
              (dropout): Dropout(p=0.0, inplace=False)
            )
          )
        )
        (feed_forward_gcn): PositionWiseGCNFeedForward(
          (gcn): spatialAttentionScaledGCN(
            (Theta): Linear(in_features=64, out_features=64, bias=False)
            (SAt): Spatial_Attention_layer(
              (dropout): Dropout(p=0.0, inplace=False)
            )
          )
          (dropout): Dropout(p=0.0, inplace=False)
        )
        (sublayer): ModuleList(
          (0): SublayerConnection(
            (dropout): Dropout(p=0.0, inplace=False)
            (norm): LayerNorm((64,), eps=1e-05, elementwise_affine=True)
          )
          (1): SublayerConnection(
            (dropout): Dropout(p=0.0, inplace=False)
            (norm): LayerNorm((64,), eps=1e-05, elementwise_affine=True)
          )
        )
      )
      (1): EncoderLayer(
        (self_attn): MultiHeadAttentionAwareTemporalContex_q1d_k1d(
          (linears): ModuleList(
            (0): Linear(in_features=64, out_features=64, bias=True)
            (1): Linear(in_features=64, out_features=64, bias=True)
          )
          (conv1Ds_aware_temporal_context): ModuleList(
            (0): Conv2d(64, 64, kernel_size=(1, 3), stride=(1, 1), padding=(0, 1))
            (1): Conv2d(64, 64, kernel_size=(1, 3), stride=(1, 1), padding=(0, 1))
          )
          (dropout): Dropout(p=0.0, inplace=False)
          (attn_ic): Attention_IC(
            (DAT): DynamicAttentionLayer(
              (dropout): Dropout(p=0.0, inplace=False)
            )
          )
        )
        (feed_forward_gcn): PositionWiseGCNFeedForward(
          (gcn): spatialAttentionScaledGCN(
            (Theta): Linear(in_features=64, out_features=64, bias=False)
            (SAt): Spatial_Attention_layer(
              (dropout): Dropout(p=0.0, inplace=False)
            )
          )
          (dropout): Dropout(p=0.0, inplace=False)
        )
        (sublayer): ModuleList(
          (0): SublayerConnection(
            (dropout): Dropout(p=0.0, inplace=False)
            (norm): LayerNorm((64,), eps=1e-05, elementwise_affine=True)
          )
          (1): SublayerConnection(
            (dropout): Dropout(p=0.0, inplace=False)
            (norm): LayerNorm((64,), eps=1e-05, elementwise_affine=True)
          )
        )
      )
      (2): EncoderLayer(
        (self_attn): MultiHeadAttentionAwareTemporalContex_q1d_k1d(
          (linears): ModuleList(
            (0): Linear(in_features=64, out_features=64, bias=True)
            (1): Linear(in_features=64, out_features=64, bias=True)
          )
          (conv1Ds_aware_temporal_context): ModuleList(
            (0): Conv2d(64, 64, kernel_size=(1, 3), stride=(1, 1), padding=(0, 1))
            (1): Conv2d(64, 64, kernel_size=(1, 3), stride=(1, 1), padding=(0, 1))
          )
          (dropout): Dropout(p=0.0, inplace=False)
          (attn_ic): Attention_IC(
            (DAT): DynamicAttentionLayer(
              (dropout): Dropout(p=0.0, inplace=False)
            )
          )
        )
        (feed_forward_gcn): PositionWiseGCNFeedForward(
          (gcn): spatialAttentionScaledGCN(
            (Theta): Linear(in_features=64, out_features=64, bias=False)
            (SAt): Spatial_Attention_layer(
              (dropout): Dropout(p=0.0, inplace=False)
            )
          )
          (dropout): Dropout(p=0.0, inplace=False)
        )
        (sublayer): ModuleList(
          (0): SublayerConnection(
            (dropout): Dropout(p=0.0, inplace=False)
            (norm): LayerNorm((64,), eps=1e-05, elementwise_affine=True)
          )
          (1): SublayerConnection(
            (dropout): Dropout(p=0.0, inplace=False)
            (norm): LayerNorm((64,), eps=1e-05, elementwise_affine=True)
          )
        )
      )
      (3): EncoderLayer(
        (self_attn): MultiHeadAttentionAwareTemporalContex_q1d_k1d(
          (linears): ModuleList(
            (0): Linear(in_features=64, out_features=64, bias=True)
            (1): Linear(in_features=64, out_features=64, bias=True)
          )
          (conv1Ds_aware_temporal_context): ModuleList(
            (0): Conv2d(64, 64, kernel_size=(1, 3), stride=(1, 1), padding=(0, 1))
            (1): Conv2d(64, 64, kernel_size=(1, 3), stride=(1, 1), padding=(0, 1))
          )
          (dropout): Dropout(p=0.0, inplace=False)
          (attn_ic): Attention_IC(
            (DAT): DynamicAttentionLayer(
              (dropout): Dropout(p=0.0, inplace=False)
            )
          )
        )
        (feed_forward_gcn): PositionWiseGCNFeedForward(
          (gcn): spatialAttentionScaledGCN(
            (Theta): Linear(in_features=64, out_features=64, bias=False)
            (SAt): Spatial_Attention_layer(
              (dropout): Dropout(p=0.0, inplace=False)
            )
          )
          (dropout): Dropout(p=0.0, inplace=False)
        )
        (sublayer): ModuleList(
          (0): SublayerConnection(
            (dropout): Dropout(p=0.0, inplace=False)
            (norm): LayerNorm((64,), eps=1e-05, elementwise_affine=True)
          )
          (1): SublayerConnection(
            (dropout): Dropout(p=0.0, inplace=False)
            (norm): LayerNorm((64,), eps=1e-05, elementwise_affine=True)
          )
        )
      )
    )
    (norm): LayerNorm((64,), eps=1e-05, elementwise_affine=True)
  )
  (decoder): Decoder(
    (layers): ModuleList(
      (0): DecoderLayer(
        (self_attn): MultiHeadAttentionAwareTemporalContex_qc_kc(
          (linears): ModuleList(
            (0): Linear(in_features=64, out_features=64, bias=True)
            (1): Linear(in_features=64, out_features=64, bias=True)
          )
          (conv1Ds_aware_temporal_context): ModuleList(
            (0): Conv2d(64, 64, kernel_size=(1, 3), stride=(1, 1), padding=(0, 2))
            (1): Conv2d(64, 64, kernel_size=(1, 3), stride=(1, 1), padding=(0, 2))
          )
          (dropout): Dropout(p=0.0, inplace=False)
          (attn_ic): Attention_IC(
            (DAT): DynamicAttentionLayer(
              (dropout): Dropout(p=0.0, inplace=False)
            )
          )
        )
        (src_attn): MultiHeadAttentionAwareTemporalContex_qc_k1d(
          (linears): ModuleList(
            (0): Linear(in_features=64, out_features=64, bias=True)
            (1): Linear(in_features=64, out_features=64, bias=True)
          )
          (query_conv1Ds_aware_temporal_context): Conv2d(64, 64, kernel_size=(1, 3), stride=(1, 1), padding=(0, 2))
          (key_conv1Ds_aware_temporal_context): Conv2d(64, 64, kernel_size=(1, 3), stride=(1, 1), padding=(0, 1))
          (dropout): Dropout(p=0.0, inplace=False)
          (attn_ic): Attention_IC(
            (DAT): DynamicAttentionLayer(
              (dropout): Dropout(p=0.0, inplace=False)
            )
          )
        )
        (feed_forward_gcn): PositionWiseGCNFeedForward(
          (gcn): spatialAttentionScaledGCN(
            (Theta): Linear(in_features=64, out_features=64, bias=False)
            (SAt): Spatial_Attention_layer(
              (dropout): Dropout(p=0.0, inplace=False)
            )
          )
          (dropout): Dropout(p=0.0, inplace=False)
        )
        (sublayer): ModuleList(
          (0): SublayerConnection(
            (dropout): Dropout(p=0.0, inplace=False)
            (norm): LayerNorm((64,), eps=1e-05, elementwise_affine=True)
          )
          (1): SublayerConnection(
            (dropout): Dropout(p=0.0, inplace=False)
            (norm): LayerNorm((64,), eps=1e-05, elementwise_affine=True)
          )
          (2): SublayerConnection(
            (dropout): Dropout(p=0.0, inplace=False)
            (norm): LayerNorm((64,), eps=1e-05, elementwise_affine=True)
          )
        )
      )
      (1): DecoderLayer(
        (self_attn): MultiHeadAttentionAwareTemporalContex_qc_kc(
          (linears): ModuleList(
            (0): Linear(in_features=64, out_features=64, bias=True)
            (1): Linear(in_features=64, out_features=64, bias=True)
          )
          (conv1Ds_aware_temporal_context): ModuleList(
            (0): Conv2d(64, 64, kernel_size=(1, 3), stride=(1, 1), padding=(0, 2))
            (1): Conv2d(64, 64, kernel_size=(1, 3), stride=(1, 1), padding=(0, 2))
          )
          (dropout): Dropout(p=0.0, inplace=False)
          (attn_ic): Attention_IC(
            (DAT): DynamicAttentionLayer(
              (dropout): Dropout(p=0.0, inplace=False)
            )
          )
        )
        (src_attn): MultiHeadAttentionAwareTemporalContex_qc_k1d(
          (linears): ModuleList(
            (0): Linear(in_features=64, out_features=64, bias=True)
            (1): Linear(in_features=64, out_features=64, bias=True)
          )
          (query_conv1Ds_aware_temporal_context): Conv2d(64, 64, kernel_size=(1, 3), stride=(1, 1), padding=(0, 2))
          (key_conv1Ds_aware_temporal_context): Conv2d(64, 64, kernel_size=(1, 3), stride=(1, 1), padding=(0, 1))
          (dropout): Dropout(p=0.0, inplace=False)
          (attn_ic): Attention_IC(
            (DAT): DynamicAttentionLayer(
              (dropout): Dropout(p=0.0, inplace=False)
            )
          )
        )
        (feed_forward_gcn): PositionWiseGCNFeedForward(
          (gcn): spatialAttentionScaledGCN(
            (Theta): Linear(in_features=64, out_features=64, bias=False)
            (SAt): Spatial_Attention_layer(
              (dropout): Dropout(p=0.0, inplace=False)
            )
          )
          (dropout): Dropout(p=0.0, inplace=False)
        )
        (sublayer): ModuleList(
          (0): SublayerConnection(
            (dropout): Dropout(p=0.0, inplace=False)
            (norm): LayerNorm((64,), eps=1e-05, elementwise_affine=True)
          )
          (1): SublayerConnection(
            (dropout): Dropout(p=0.0, inplace=False)
            (norm): LayerNorm((64,), eps=1e-05, elementwise_affine=True)
          )
          (2): SublayerConnection(
            (dropout): Dropout(p=0.0, inplace=False)
            (norm): LayerNorm((64,), eps=1e-05, elementwise_affine=True)
          )
        )
      )
      (2): DecoderLayer(
        (self_attn): MultiHeadAttentionAwareTemporalContex_qc_kc(
          (linears): ModuleList(
            (0): Linear(in_features=64, out_features=64, bias=True)
            (1): Linear(in_features=64, out_features=64, bias=True)
          )
          (conv1Ds_aware_temporal_context): ModuleList(
            (0): Conv2d(64, 64, kernel_size=(1, 3), stride=(1, 1), padding=(0, 2))
            (1): Conv2d(64, 64, kernel_size=(1, 3), stride=(1, 1), padding=(0, 2))
          )
          (dropout): Dropout(p=0.0, inplace=False)
          (attn_ic): Attention_IC(
            (DAT): DynamicAttentionLayer(
              (dropout): Dropout(p=0.0, inplace=False)
            )
          )
        )
        (src_attn): MultiHeadAttentionAwareTemporalContex_qc_k1d(
          (linears): ModuleList(
            (0): Linear(in_features=64, out_features=64, bias=True)
            (1): Linear(in_features=64, out_features=64, bias=True)
          )
          (query_conv1Ds_aware_temporal_context): Conv2d(64, 64, kernel_size=(1, 3), stride=(1, 1), padding=(0, 2))
          (key_conv1Ds_aware_temporal_context): Conv2d(64, 64, kernel_size=(1, 3), stride=(1, 1), padding=(0, 1))
          (dropout): Dropout(p=0.0, inplace=False)
          (attn_ic): Attention_IC(
            (DAT): DynamicAttentionLayer(
              (dropout): Dropout(p=0.0, inplace=False)
            )
          )
        )
        (feed_forward_gcn): PositionWiseGCNFeedForward(
          (gcn): spatialAttentionScaledGCN(
            (Theta): Linear(in_features=64, out_features=64, bias=False)
            (SAt): Spatial_Attention_layer(
              (dropout): Dropout(p=0.0, inplace=False)
            )
          )
          (dropout): Dropout(p=0.0, inplace=False)
        )
        (sublayer): ModuleList(
          (0): SublayerConnection(
            (dropout): Dropout(p=0.0, inplace=False)
            (norm): LayerNorm((64,), eps=1e-05, elementwise_affine=True)
          )
          (1): SublayerConnection(
            (dropout): Dropout(p=0.0, inplace=False)
            (norm): LayerNorm((64,), eps=1e-05, elementwise_affine=True)
          )
          (2): SublayerConnection(
            (dropout): Dropout(p=0.0, inplace=False)
            (norm): LayerNorm((64,), eps=1e-05, elementwise_affine=True)
          )
        )
      )
      (3): DecoderLayer(
        (self_attn): MultiHeadAttentionAwareTemporalContex_qc_kc(
          (linears): ModuleList(
            (0): Linear(in_features=64, out_features=64, bias=True)
            (1): Linear(in_features=64, out_features=64, bias=True)
          )
          (conv1Ds_aware_temporal_context): ModuleList(
            (0): Conv2d(64, 64, kernel_size=(1, 3), stride=(1, 1), padding=(0, 2))
            (1): Conv2d(64, 64, kernel_size=(1, 3), stride=(1, 1), padding=(0, 2))
          )
          (dropout): Dropout(p=0.0, inplace=False)
          (attn_ic): Attention_IC(
            (DAT): DynamicAttentionLayer(
              (dropout): Dropout(p=0.0, inplace=False)
            )
          )
        )
        (src_attn): MultiHeadAttentionAwareTemporalContex_qc_k1d(
          (linears): ModuleList(
            (0): Linear(in_features=64, out_features=64, bias=True)
            (1): Linear(in_features=64, out_features=64, bias=True)
          )
          (query_conv1Ds_aware_temporal_context): Conv2d(64, 64, kernel_size=(1, 3), stride=(1, 1), padding=(0, 2))
          (key_conv1Ds_aware_temporal_context): Conv2d(64, 64, kernel_size=(1, 3), stride=(1, 1), padding=(0, 1))
          (dropout): Dropout(p=0.0, inplace=False)
          (attn_ic): Attention_IC(
            (DAT): DynamicAttentionLayer(
              (dropout): Dropout(p=0.0, inplace=False)
            )
          )
        )
        (feed_forward_gcn): PositionWiseGCNFeedForward(
          (gcn): spatialAttentionScaledGCN(
            (Theta): Linear(in_features=64, out_features=64, bias=False)
            (SAt): Spatial_Attention_layer(
              (dropout): Dropout(p=0.0, inplace=False)
            )
          )
          (dropout): Dropout(p=0.0, inplace=False)
        )
        (sublayer): ModuleList(
          (0): SublayerConnection(
            (dropout): Dropout(p=0.0, inplace=False)
            (norm): LayerNorm((64,), eps=1e-05, elementwise_affine=True)
          )
          (1): SublayerConnection(
            (dropout): Dropout(p=0.0, inplace=False)
            (norm): LayerNorm((64,), eps=1e-05, elementwise_affine=True)
          )
          (2): SublayerConnection(
            (dropout): Dropout(p=0.0, inplace=False)
            (norm): LayerNorm((64,), eps=1e-05, elementwise_affine=True)
          )
        )
      )
    )
    (norm): LayerNorm((64,), eps=1e-05, elementwise_affine=True)
  )
  (src_embed): Sequential(
    (0): Linear(in_features=1, out_features=64, bias=True)
    (1): TemporalPositionalEncoding(
      (dropout): Dropout(p=0.0, inplace=False)
    )
    (2): SpatialPositionalEncoding(
      (dropout): Dropout(p=0.0, inplace=False)
      (embedding): Embedding(80, 64)
      (gcn_smooth_layers): ModuleList(
        (0): GCN(
          (Theta): Linear(in_features=64, out_features=64, bias=False)
        )
      )
    )
  )
  (trg_embed): Sequential(
    (0): Linear(in_features=1, out_features=64, bias=True)
    (1): TemporalPositionalEncoding(
      (dropout): Dropout(p=0.0, inplace=False)
    )
    (2): SpatialPositionalEncoding(
      (dropout): Dropout(p=0.0, inplace=False)
      (embedding): Embedding(80, 64)
      (gcn_smooth_layers): ModuleList(
        (0): GCN(
          (Theta): Linear(in_features=64, out_features=64, bias=False)
        )
      )
    )
  )
  (prediction_generator): Linear(in_features=64, out_features=1, bias=True)
)
create params directory ../experiments/HZME_INFLOW/MAE_ASTGNN_h1d1w0_layer4_head8_dm64_channel1_dir2_drop0.00_1.00e-03_B16_K5_TcontextScaledSAtSE1TE
Net's state_dict:
encoder.layers.0.self_attn.linears.0.weight 	 torch.Size([64, 64])
encoder.layers.0.self_attn.linears.0.bias 	 torch.Size([64])
encoder.layers.0.self_attn.linears.1.weight 	 torch.Size([64, 64])
encoder.layers.0.self_attn.linears.1.bias 	 torch.Size([64])
encoder.layers.0.self_attn.conv1Ds_aware_temporal_context.0.weight 	 torch.Size([64, 64, 1, 3])
encoder.layers.0.self_attn.conv1Ds_aware_temporal_context.0.bias 	 torch.Size([64])
encoder.layers.0.self_attn.conv1Ds_aware_temporal_context.1.weight 	 torch.Size([64, 64, 1, 3])
encoder.layers.0.self_attn.conv1Ds_aware_temporal_context.1.bias 	 torch.Size([64])
encoder.layers.0.feed_forward_gcn.gcn.alpha 	 torch.Size([1])
encoder.layers.0.feed_forward_gcn.gcn.beta 	 torch.Size([1])
encoder.layers.0.feed_forward_gcn.gcn.Theta.weight 	 torch.Size([64, 64])
encoder.layers.0.sublayer.0.norm.weight 	 torch.Size([64])
encoder.layers.0.sublayer.0.norm.bias 	 torch.Size([64])
encoder.layers.0.sublayer.1.norm.weight 	 torch.Size([64])
encoder.layers.0.sublayer.1.norm.bias 	 torch.Size([64])
encoder.layers.1.self_attn.linears.0.weight 	 torch.Size([64, 64])
encoder.layers.1.self_attn.linears.0.bias 	 torch.Size([64])
encoder.layers.1.self_attn.linears.1.weight 	 torch.Size([64, 64])
encoder.layers.1.self_attn.linears.1.bias 	 torch.Size([64])
encoder.layers.1.self_attn.conv1Ds_aware_temporal_context.0.weight 	 torch.Size([64, 64, 1, 3])
encoder.layers.1.self_attn.conv1Ds_aware_temporal_context.0.bias 	 torch.Size([64])
encoder.layers.1.self_attn.conv1Ds_aware_temporal_context.1.weight 	 torch.Size([64, 64, 1, 3])
encoder.layers.1.self_attn.conv1Ds_aware_temporal_context.1.bias 	 torch.Size([64])
encoder.layers.1.feed_forward_gcn.gcn.alpha 	 torch.Size([1])
encoder.layers.1.feed_forward_gcn.gcn.beta 	 torch.Size([1])
encoder.layers.1.feed_forward_gcn.gcn.Theta.weight 	 torch.Size([64, 64])
encoder.layers.1.sublayer.0.norm.weight 	 torch.Size([64])
encoder.layers.1.sublayer.0.norm.bias 	 torch.Size([64])
encoder.layers.1.sublayer.1.norm.weight 	 torch.Size([64])
encoder.layers.1.sublayer.1.norm.bias 	 torch.Size([64])
encoder.layers.2.self_attn.linears.0.weight 	 torch.Size([64, 64])
encoder.layers.2.self_attn.linears.0.bias 	 torch.Size([64])
encoder.layers.2.self_attn.linears.1.weight 	 torch.Size([64, 64])
encoder.layers.2.self_attn.linears.1.bias 	 torch.Size([64])
encoder.layers.2.self_attn.conv1Ds_aware_temporal_context.0.weight 	 torch.Size([64, 64, 1, 3])
encoder.layers.2.self_attn.conv1Ds_aware_temporal_context.0.bias 	 torch.Size([64])
encoder.layers.2.self_attn.conv1Ds_aware_temporal_context.1.weight 	 torch.Size([64, 64, 1, 3])
encoder.layers.2.self_attn.conv1Ds_aware_temporal_context.1.bias 	 torch.Size([64])
encoder.layers.2.feed_forward_gcn.gcn.alpha 	 torch.Size([1])
encoder.layers.2.feed_forward_gcn.gcn.beta 	 torch.Size([1])
encoder.layers.2.feed_forward_gcn.gcn.Theta.weight 	 torch.Size([64, 64])
encoder.layers.2.sublayer.0.norm.weight 	 torch.Size([64])
encoder.layers.2.sublayer.0.norm.bias 	 torch.Size([64])
encoder.layers.2.sublayer.1.norm.weight 	 torch.Size([64])
encoder.layers.2.sublayer.1.norm.bias 	 torch.Size([64])
encoder.layers.3.self_attn.linears.0.weight 	 torch.Size([64, 64])
encoder.layers.3.self_attn.linears.0.bias 	 torch.Size([64])
encoder.layers.3.self_attn.linears.1.weight 	 torch.Size([64, 64])
encoder.layers.3.self_attn.linears.1.bias 	 torch.Size([64])
encoder.layers.3.self_attn.conv1Ds_aware_temporal_context.0.weight 	 torch.Size([64, 64, 1, 3])
encoder.layers.3.self_attn.conv1Ds_aware_temporal_context.0.bias 	 torch.Size([64])
encoder.layers.3.self_attn.conv1Ds_aware_temporal_context.1.weight 	 torch.Size([64, 64, 1, 3])
encoder.layers.3.self_attn.conv1Ds_aware_temporal_context.1.bias 	 torch.Size([64])
encoder.layers.3.feed_forward_gcn.gcn.alpha 	 torch.Size([1])
encoder.layers.3.feed_forward_gcn.gcn.beta 	 torch.Size([1])
encoder.layers.3.feed_forward_gcn.gcn.Theta.weight 	 torch.Size([64, 64])
encoder.layers.3.sublayer.0.norm.weight 	 torch.Size([64])
encoder.layers.3.sublayer.0.norm.bias 	 torch.Size([64])
encoder.layers.3.sublayer.1.norm.weight 	 torch.Size([64])
encoder.layers.3.sublayer.1.norm.bias 	 torch.Size([64])
encoder.norm.weight 	 torch.Size([64])
encoder.norm.bias 	 torch.Size([64])
decoder.layers.0.self_attn.linears.0.weight 	 torch.Size([64, 64])
decoder.layers.0.self_attn.linears.0.bias 	 torch.Size([64])
decoder.layers.0.self_attn.linears.1.weight 	 torch.Size([64, 64])
decoder.layers.0.self_attn.linears.1.bias 	 torch.Size([64])
decoder.layers.0.self_attn.conv1Ds_aware_temporal_context.0.weight 	 torch.Size([64, 64, 1, 3])
decoder.layers.0.self_attn.conv1Ds_aware_temporal_context.0.bias 	 torch.Size([64])
decoder.layers.0.self_attn.conv1Ds_aware_temporal_context.1.weight 	 torch.Size([64, 64, 1, 3])
decoder.layers.0.self_attn.conv1Ds_aware_temporal_context.1.bias 	 torch.Size([64])
decoder.layers.0.src_attn.linears.0.weight 	 torch.Size([64, 64])
decoder.layers.0.src_attn.linears.0.bias 	 torch.Size([64])
decoder.layers.0.src_attn.linears.1.weight 	 torch.Size([64, 64])
decoder.layers.0.src_attn.linears.1.bias 	 torch.Size([64])
decoder.layers.0.src_attn.query_conv1Ds_aware_temporal_context.weight 	 torch.Size([64, 64, 1, 3])
decoder.layers.0.src_attn.query_conv1Ds_aware_temporal_context.bias 	 torch.Size([64])
decoder.layers.0.src_attn.key_conv1Ds_aware_temporal_context.weight 	 torch.Size([64, 64, 1, 3])
decoder.layers.0.src_attn.key_conv1Ds_aware_temporal_context.bias 	 torch.Size([64])
decoder.layers.0.feed_forward_gcn.gcn.alpha 	 torch.Size([1])
decoder.layers.0.feed_forward_gcn.gcn.beta 	 torch.Size([1])
decoder.layers.0.feed_forward_gcn.gcn.Theta.weight 	 torch.Size([64, 64])
decoder.layers.0.sublayer.0.norm.weight 	 torch.Size([64])
decoder.layers.0.sublayer.0.norm.bias 	 torch.Size([64])
decoder.layers.0.sublayer.1.norm.weight 	 torch.Size([64])
decoder.layers.0.sublayer.1.norm.bias 	 torch.Size([64])
decoder.layers.0.sublayer.2.norm.weight 	 torch.Size([64])
decoder.layers.0.sublayer.2.norm.bias 	 torch.Size([64])
decoder.layers.1.self_attn.linears.0.weight 	 torch.Size([64, 64])
decoder.layers.1.self_attn.linears.0.bias 	 torch.Size([64])
decoder.layers.1.self_attn.linears.1.weight 	 torch.Size([64, 64])
decoder.layers.1.self_attn.linears.1.bias 	 torch.Size([64])
decoder.layers.1.self_attn.conv1Ds_aware_temporal_context.0.weight 	 torch.Size([64, 64, 1, 3])
decoder.layers.1.self_attn.conv1Ds_aware_temporal_context.0.bias 	 torch.Size([64])
decoder.layers.1.self_attn.conv1Ds_aware_temporal_context.1.weight 	 torch.Size([64, 64, 1, 3])
decoder.layers.1.self_attn.conv1Ds_aware_temporal_context.1.bias 	 torch.Size([64])
decoder.layers.1.src_attn.linears.0.weight 	 torch.Size([64, 64])
decoder.layers.1.src_attn.linears.0.bias 	 torch.Size([64])
decoder.layers.1.src_attn.linears.1.weight 	 torch.Size([64, 64])
decoder.layers.1.src_attn.linears.1.bias 	 torch.Size([64])
decoder.layers.1.src_attn.query_conv1Ds_aware_temporal_context.weight 	 torch.Size([64, 64, 1, 3])
decoder.layers.1.src_attn.query_conv1Ds_aware_temporal_context.bias 	 torch.Size([64])
decoder.layers.1.src_attn.key_conv1Ds_aware_temporal_context.weight 	 torch.Size([64, 64, 1, 3])
decoder.layers.1.src_attn.key_conv1Ds_aware_temporal_context.bias 	 torch.Size([64])
decoder.layers.1.feed_forward_gcn.gcn.alpha 	 torch.Size([1])
decoder.layers.1.feed_forward_gcn.gcn.beta 	 torch.Size([1])
decoder.layers.1.feed_forward_gcn.gcn.Theta.weight 	 torch.Size([64, 64])
decoder.layers.1.sublayer.0.norm.weight 	 torch.Size([64])
decoder.layers.1.sublayer.0.norm.bias 	 torch.Size([64])
decoder.layers.1.sublayer.1.norm.weight 	 torch.Size([64])
decoder.layers.1.sublayer.1.norm.bias 	 torch.Size([64])
decoder.layers.1.sublayer.2.norm.weight 	 torch.Size([64])
decoder.layers.1.sublayer.2.norm.bias 	 torch.Size([64])
decoder.layers.2.self_attn.linears.0.weight 	 torch.Size([64, 64])
decoder.layers.2.self_attn.linears.0.bias 	 torch.Size([64])
decoder.layers.2.self_attn.linears.1.weight 	 torch.Size([64, 64])
decoder.layers.2.self_attn.linears.1.bias 	 torch.Size([64])
decoder.layers.2.self_attn.conv1Ds_aware_temporal_context.0.weight 	 torch.Size([64, 64, 1, 3])
decoder.layers.2.self_attn.conv1Ds_aware_temporal_context.0.bias 	 torch.Size([64])
decoder.layers.2.self_attn.conv1Ds_aware_temporal_context.1.weight 	 torch.Size([64, 64, 1, 3])
decoder.layers.2.self_attn.conv1Ds_aware_temporal_context.1.bias 	 torch.Size([64])
decoder.layers.2.src_attn.linears.0.weight 	 torch.Size([64, 64])
decoder.layers.2.src_attn.linears.0.bias 	 torch.Size([64])
decoder.layers.2.src_attn.linears.1.weight 	 torch.Size([64, 64])
decoder.layers.2.src_attn.linears.1.bias 	 torch.Size([64])
decoder.layers.2.src_attn.query_conv1Ds_aware_temporal_context.weight 	 torch.Size([64, 64, 1, 3])
decoder.layers.2.src_attn.query_conv1Ds_aware_temporal_context.bias 	 torch.Size([64])
decoder.layers.2.src_attn.key_conv1Ds_aware_temporal_context.weight 	 torch.Size([64, 64, 1, 3])
decoder.layers.2.src_attn.key_conv1Ds_aware_temporal_context.bias 	 torch.Size([64])
decoder.layers.2.feed_forward_gcn.gcn.alpha 	 torch.Size([1])
decoder.layers.2.feed_forward_gcn.gcn.beta 	 torch.Size([1])
decoder.layers.2.feed_forward_gcn.gcn.Theta.weight 	 torch.Size([64, 64])
decoder.layers.2.sublayer.0.norm.weight 	 torch.Size([64])
decoder.layers.2.sublayer.0.norm.bias 	 torch.Size([64])
decoder.layers.2.sublayer.1.norm.weight 	 torch.Size([64])
decoder.layers.2.sublayer.1.norm.bias 	 torch.Size([64])
decoder.layers.2.sublayer.2.norm.weight 	 torch.Size([64])
decoder.layers.2.sublayer.2.norm.bias 	 torch.Size([64])
decoder.layers.3.self_attn.linears.0.weight 	 torch.Size([64, 64])
decoder.layers.3.self_attn.linears.0.bias 	 torch.Size([64])
decoder.layers.3.self_attn.linears.1.weight 	 torch.Size([64, 64])
decoder.layers.3.self_attn.linears.1.bias 	 torch.Size([64])
decoder.layers.3.self_attn.conv1Ds_aware_temporal_context.0.weight 	 torch.Size([64, 64, 1, 3])
decoder.layers.3.self_attn.conv1Ds_aware_temporal_context.0.bias 	 torch.Size([64])
decoder.layers.3.self_attn.conv1Ds_aware_temporal_context.1.weight 	 torch.Size([64, 64, 1, 3])
decoder.layers.3.self_attn.conv1Ds_aware_temporal_context.1.bias 	 torch.Size([64])
decoder.layers.3.src_attn.linears.0.weight 	 torch.Size([64, 64])
decoder.layers.3.src_attn.linears.0.bias 	 torch.Size([64])
decoder.layers.3.src_attn.linears.1.weight 	 torch.Size([64, 64])
decoder.layers.3.src_attn.linears.1.bias 	 torch.Size([64])
decoder.layers.3.src_attn.query_conv1Ds_aware_temporal_context.weight 	 torch.Size([64, 64, 1, 3])
decoder.layers.3.src_attn.query_conv1Ds_aware_temporal_context.bias 	 torch.Size([64])
decoder.layers.3.src_attn.key_conv1Ds_aware_temporal_context.weight 	 torch.Size([64, 64, 1, 3])
decoder.layers.3.src_attn.key_conv1Ds_aware_temporal_context.bias 	 torch.Size([64])
decoder.layers.3.feed_forward_gcn.gcn.alpha 	 torch.Size([1])
decoder.layers.3.feed_forward_gcn.gcn.beta 	 torch.Size([1])
decoder.layers.3.feed_forward_gcn.gcn.Theta.weight 	 torch.Size([64, 64])
decoder.layers.3.sublayer.0.norm.weight 	 torch.Size([64])
decoder.layers.3.sublayer.0.norm.bias 	 torch.Size([64])
decoder.layers.3.sublayer.1.norm.weight 	 torch.Size([64])
decoder.layers.3.sublayer.1.norm.bias 	 torch.Size([64])
decoder.layers.3.sublayer.2.norm.weight 	 torch.Size([64])
decoder.layers.3.sublayer.2.norm.bias 	 torch.Size([64])
decoder.norm.weight 	 torch.Size([64])
decoder.norm.bias 	 torch.Size([64])
src_embed.0.weight 	 torch.Size([64, 1])
src_embed.0.bias 	 torch.Size([64])
src_embed.1.pe 	 torch.Size([1, 1, 288, 64])
src_embed.2.embedding.weight 	 torch.Size([80, 64])
src_embed.2.gcn_smooth_layers.0.alpha 	 torch.Size([1])
src_embed.2.gcn_smooth_layers.0.beta 	 torch.Size([1])
src_embed.2.gcn_smooth_layers.0.Theta.weight 	 torch.Size([64, 64])
trg_embed.0.weight 	 torch.Size([64, 1])
trg_embed.0.bias 	 torch.Size([64])
trg_embed.1.pe 	 torch.Size([1, 1, 12, 64])
trg_embed.2.embedding.weight 	 torch.Size([80, 64])
trg_embed.2.gcn_smooth_layers.0.alpha 	 torch.Size([1])
trg_embed.2.gcn_smooth_layers.0.beta 	 torch.Size([1])
trg_embed.2.gcn_smooth_layers.0.Theta.weight 	 torch.Size([64, 64])
prediction_generator.weight 	 torch.Size([1, 64])
prediction_generator.bias 	 torch.Size([1])
Net's total params: 469845
Optimizer's state_dict:
state 	 {}
param_groups 	 [{'lr': 0.001, 'betas': (0.9, 0.999), 'eps': 1e-08, 'weight_decay': 0, 'amsgrad': False, 'params': [0, 1, 2, 3, 4, 5, 6, 7, 8, 9, 10, 11, 12, 13, 14, 15, 16, 17, 18, 19, 20, 21, 22, 23, 24, 25, 26, 27, 28, 29, 30, 31, 32, 33, 34, 35, 36, 37, 38, 39, 40, 41, 42, 43, 44, 45, 46, 47, 48, 49, 50, 51, 52, 53, 54, 55, 56, 57, 58, 59, 60, 61, 62, 63, 64, 65, 66, 67, 68, 69, 70, 71, 72, 73, 74, 75, 76, 77, 78, 79, 80, 81, 82, 83, 84, 85, 86, 87, 88, 89, 90, 91, 92, 93, 94, 95, 96, 97, 98, 99, 100, 101, 102, 103, 104, 105, 106, 107, 108, 109, 110, 111, 112, 113, 114, 115, 116, 117, 118, 119, 120, 121, 122, 123, 124, 125, 126, 127, 128, 129, 130, 131, 132, 133, 134, 135, 136, 137, 138, 139, 140, 141, 142, 143, 144, 145, 146, 147, 148, 149, 150, 151, 152, 153, 154, 155, 156, 157, 158, 159, 160, 161, 162, 163, 164, 165, 166, 167, 168, 169, 170, 171, 172, 173, 174, 175, 176, 177]}]
validation batch 1 / 3, loss: 2.86
validation cost time: 9.0848s
save parameters to file: ../experiments/HZME_INFLOW/MAE_ASTGNN_h1d1w0_layer4_head8_dm64_channel1_dir2_drop0.00_1.00e-03_B16_K5_TcontextScaledSAtSE1TE/epoch_0.params
epoch: 0, train time every whole data:24.28s
epoch: 0, total time:33.38s
validation batch 1 / 3, loss: 0.15
validation cost time: 8.7890s
save parameters to file: ../experiments/HZME_INFLOW/MAE_ASTGNN_h1d1w0_layer4_head8_dm64_channel1_dir2_drop0.00_1.00e-03_B16_K5_TcontextScaledSAtSE1TE/epoch_1.params
epoch: 1, train time every whole data:24.14s
epoch: 1, total time:66.33s
validation batch 1 / 3, loss: 0.11
validation cost time: 8.8013s
save parameters to file: ../experiments/HZME_INFLOW/MAE_ASTGNN_h1d1w0_layer4_head8_dm64_channel1_dir2_drop0.00_1.00e-03_B16_K5_TcontextScaledSAtSE1TE/epoch_2.params
epoch: 2, train time every whole data:24.08s
epoch: 2, total time:99.22s
validation batch 1 / 3, loss: 0.06
validation cost time: 8.7906s
save parameters to file: ../experiments/HZME_INFLOW/MAE_ASTGNN_h1d1w0_layer4_head8_dm64_channel1_dir2_drop0.00_1.00e-03_B16_K5_TcontextScaledSAtSE1TE/epoch_3.params
epoch: 3, train time every whole data:24.08s
epoch: 3, total time:132.10s
validation batch 1 / 3, loss: 0.08
validation cost time: 8.7884s
epoch: 4, train time every whole data:24.07s
epoch: 4, total time:164.96s
validation batch 1 / 3, loss: 0.13
validation cost time: 8.7872s
epoch: 5, train time every whole data:24.07s
epoch: 5, total time:197.82s
validation batch 1 / 3, loss: 0.05
validation cost time: 8.7944s
save parameters to file: ../experiments/HZME_INFLOW/MAE_ASTGNN_h1d1w0_layer4_head8_dm64_channel1_dir2_drop0.00_1.00e-03_B16_K5_TcontextScaledSAtSE1TE/epoch_6.params
epoch: 6, train time every whole data:24.07s
epoch: 6, total time:230.70s
validation batch 1 / 3, loss: 0.12
validation cost time: 8.7884s
epoch: 7, train time every whole data:24.07s
epoch: 7, total time:263.56s
validation batch 1 / 3, loss: 0.11
validation cost time: 8.7891s
epoch: 8, train time every whole data:24.14s
epoch: 8, total time:296.50s
validation batch 1 / 3, loss: 0.03
validation cost time: 8.7880s
save parameters to file: ../experiments/HZME_INFLOW/MAE_ASTGNN_h1d1w0_layer4_head8_dm64_channel1_dir2_drop0.00_1.00e-03_B16_K5_TcontextScaledSAtSE1TE/epoch_9.params
epoch: 9, train time every whole data:24.09s
epoch: 9, total time:329.39s
validation batch 1 / 3, loss: 0.15
validation cost time: 8.7899s
epoch: 10, train time every whole data:24.10s
epoch: 10, total time:362.28s
validation batch 1 / 3, loss: 0.12
validation cost time: 8.7891s
epoch: 11, train time every whole data:24.09s
epoch: 11, total time:395.16s
validation batch 1 / 3, loss: 0.04
validation cost time: 8.7899s
epoch: 12, train time every whole data:24.09s
epoch: 12, total time:428.05s
validation batch 1 / 3, loss: 0.07
validation cost time: 8.7888s
epoch: 13, train time every whole data:24.10s
epoch: 13, total time:460.93s
validation batch 1 / 3, loss: 0.05
validation cost time: 8.7885s
epoch: 14, train time every whole data:24.09s
epoch: 14, total time:493.81s
validation batch 1 / 3, loss: 0.02
validation cost time: 8.7885s
save parameters to file: ../experiments/HZME_INFLOW/MAE_ASTGNN_h1d1w0_layer4_head8_dm64_channel1_dir2_drop0.00_1.00e-03_B16_K5_TcontextScaledSAtSE1TE/epoch_15.params
epoch: 15, train time every whole data:24.10s
epoch: 15, total time:526.71s
validation batch 1 / 3, loss: 0.04
validation cost time: 8.7892s
epoch: 16, train time every whole data:24.10s
epoch: 16, total time:559.61s
validation batch 1 / 3, loss: 0.02
validation cost time: 8.7893s
save parameters to file: ../experiments/HZME_INFLOW/MAE_ASTGNN_h1d1w0_layer4_head8_dm64_channel1_dir2_drop0.00_1.00e-03_B16_K5_TcontextScaledSAtSE1TE/epoch_17.params
epoch: 17, train time every whole data:24.09s
epoch: 17, total time:592.50s
validation batch 1 / 3, loss: 0.03
validation cost time: 8.8231s
epoch: 18, train time every whole data:24.10s
epoch: 18, total time:625.42s
validation batch 1 / 3, loss: 0.03
validation cost time: 8.7884s
epoch: 19, train time every whole data:24.10s
epoch: 19, total time:658.32s
validation batch 1 / 3, loss: 0.04
validation cost time: 8.7883s
epoch: 20, train time every whole data:24.10s
epoch: 20, total time:691.21s
validation batch 1 / 3, loss: 0.11
validation cost time: 8.7884s
epoch: 21, train time every whole data:24.11s
epoch: 21, total time:724.10s
validation batch 1 / 3, loss: 0.04
validation cost time: 8.7887s
epoch: 22, train time every whole data:24.10s
epoch: 22, total time:757.00s
validation batch 1 / 3, loss: 0.08
validation cost time: 8.7890s
epoch: 23, train time every whole data:24.10s
epoch: 23, total time:789.89s
validation batch 1 / 3, loss: 0.07
validation cost time: 8.7880s
epoch: 24, train time every whole data:24.09s
epoch: 24, total time:822.77s
validation batch 1 / 3, loss: 0.03
validation cost time: 8.7887s
epoch: 25, train time every whole data:24.10s
epoch: 25, total time:855.66s
validation batch 1 / 3, loss: 0.02
validation cost time: 8.7887s
save parameters to file: ../experiments/HZME_INFLOW/MAE_ASTGNN_h1d1w0_layer4_head8_dm64_channel1_dir2_drop0.00_1.00e-03_B16_K5_TcontextScaledSAtSE1TE/epoch_26.params
epoch: 26, train time every whole data:24.10s
epoch: 26, total time:888.55s
validation batch 1 / 3, loss: 0.03
validation cost time: 8.7880s
epoch: 27, train time every whole data:24.09s
epoch: 27, total time:921.44s
validation batch 1 / 3, loss: 0.05
validation cost time: 8.7893s
epoch: 28, train time every whole data:24.10s
epoch: 28, total time:954.33s
validation batch 1 / 3, loss: 0.04
validation cost time: 8.7879s
epoch: 29, train time every whole data:24.10s
epoch: 29, total time:987.22s
validation batch 1 / 3, loss: 0.03
validation cost time: 8.7897s
epoch: 30, train time every whole data:24.10s
epoch: 30, total time:1020.11s
validation batch 1 / 3, loss: 0.05
validation cost time: 8.7888s
epoch: 31, train time every whole data:24.11s
epoch: 31, total time:1053.00s
validation batch 1 / 3, loss: 0.02
validation cost time: 8.7884s
save parameters to file: ../experiments/HZME_INFLOW/MAE_ASTGNN_h1d1w0_layer4_head8_dm64_channel1_dir2_drop0.00_1.00e-03_B16_K5_TcontextScaledSAtSE1TE/epoch_32.params
epoch: 32, train time every whole data:24.10s
epoch: 32, total time:1085.91s
validation batch 1 / 3, loss: 0.02
validation cost time: 8.7877s
save parameters to file: ../experiments/HZME_INFLOW/MAE_ASTGNN_h1d1w0_layer4_head8_dm64_channel1_dir2_drop0.00_1.00e-03_B16_K5_TcontextScaledSAtSE1TE/epoch_33.params
epoch: 33, train time every whole data:24.11s
epoch: 33, total time:1118.82s
validation batch 1 / 3, loss: 0.07
validation cost time: 8.7892s
epoch: 34, train time every whole data:24.10s
epoch: 34, total time:1151.71s
validation batch 1 / 3, loss: 0.03
validation cost time: 8.7883s
epoch: 35, train time every whole data:24.11s
epoch: 35, total time:1184.61s
validation batch 1 / 3, loss: 0.03
validation cost time: 8.7884s
epoch: 36, train time every whole data:24.11s
epoch: 36, total time:1217.51s
validation batch 1 / 3, loss: 0.03
validation cost time: 8.7883s
epoch: 37, train time every whole data:24.12s
epoch: 37, total time:1250.42s
validation batch 1 / 3, loss: 0.02
validation cost time: 8.7882s
epoch: 38, train time every whole data:24.10s
epoch: 38, total time:1283.31s
validation batch 1 / 3, loss: 0.06
validation cost time: 8.7881s
epoch: 39, train time every whole data:24.12s
epoch: 39, total time:1316.22s
validation batch 1 / 3, loss: 0.05
validation cost time: 8.7886s
epoch: 40, train time every whole data:24.11s
epoch: 40, total time:1349.12s
validation batch 1 / 3, loss: 0.02
validation cost time: 8.7896s
epoch: 41, train time every whole data:24.11s
epoch: 41, total time:1382.02s
validation batch 1 / 3, loss: 0.03
validation cost time: 8.7888s
epoch: 42, train time every whole data:24.11s
epoch: 42, total time:1414.92s
validation batch 1 / 3, loss: 0.02
validation cost time: 8.7890s
save parameters to file: ../experiments/HZME_INFLOW/MAE_ASTGNN_h1d1w0_layer4_head8_dm64_channel1_dir2_drop0.00_1.00e-03_B16_K5_TcontextScaledSAtSE1TE/epoch_43.params
epoch: 43, train time every whole data:24.12s
epoch: 43, total time:1447.85s
validation batch 1 / 3, loss: 0.03
validation cost time: 8.7878s
epoch: 44, train time every whole data:24.12s
epoch: 44, total time:1480.76s
validation batch 1 / 3, loss: 0.02
validation cost time: 8.7891s
epoch: 45, train time every whole data:24.12s
epoch: 45, total time:1513.66s
validation batch 1 / 3, loss: 0.02
validation cost time: 8.7886s
save parameters to file: ../experiments/HZME_INFLOW/MAE_ASTGNN_h1d1w0_layer4_head8_dm64_channel1_dir2_drop0.00_1.00e-03_B16_K5_TcontextScaledSAtSE1TE/epoch_46.params
epoch: 46, train time every whole data:24.12s
epoch: 46, total time:1546.59s
validation batch 1 / 3, loss: 0.02
validation cost time: 8.7888s
epoch: 47, train time every whole data:24.11s
epoch: 47, total time:1579.49s
validation batch 1 / 3, loss: 0.03
validation cost time: 8.7888s
epoch: 48, train time every whole data:24.12s
epoch: 48, total time:1612.40s
validation batch 1 / 3, loss: 0.02
validation cost time: 8.7887s
epoch: 49, train time every whole data:24.12s
epoch: 49, total time:1645.31s
validation batch 1 / 3, loss: 0.02
validation cost time: 8.7884s
epoch: 50, train time every whole data:24.11s
epoch: 50, total time:1678.21s
validation batch 1 / 3, loss: 0.02
validation cost time: 8.7883s
epoch: 51, train time every whole data:24.12s
epoch: 51, total time:1711.12s
validation batch 1 / 3, loss: 0.04
validation cost time: 8.7884s
epoch: 52, train time every whole data:24.11s
epoch: 52, total time:1744.03s
validation batch 1 / 3, loss: 0.03
validation cost time: 8.8205s
epoch: 53, train time every whole data:24.13s
epoch: 53, total time:1776.98s
validation batch 1 / 3, loss: 0.05
validation cost time: 8.7881s
epoch: 54, train time every whole data:24.12s
epoch: 54, total time:1809.90s
validation batch 1 / 3, loss: 0.02
validation cost time: 8.7879s
epoch: 55, train time every whole data:24.13s
epoch: 55, total time:1842.81s
validation batch 1 / 3, loss: 0.02
validation cost time: 8.7879s
epoch: 56, train time every whole data:24.12s
epoch: 56, total time:1875.73s
validation batch 1 / 3, loss: 0.02
validation cost time: 8.7889s
epoch: 57, train time every whole data:24.13s
epoch: 57, total time:1908.64s
validation batch 1 / 3, loss: 0.02
validation cost time: 8.7881s
epoch: 58, train time every whole data:24.12s
epoch: 58, total time:1941.56s
validation batch 1 / 3, loss: 0.02
validation cost time: 8.7890s
epoch: 59, train time every whole data:24.13s
epoch: 59, total time:1974.48s
validation batch 1 / 3, loss: 0.02
validation cost time: 8.7883s
epoch: 60, train time every whole data:24.12s
epoch: 60, total time:2007.38s
validation batch 1 / 3, loss: 0.02
validation cost time: 8.7875s
epoch: 61, train time every whole data:24.13s
epoch: 61, total time:2040.30s
validation batch 1 / 3, loss: 0.02
validation cost time: 8.7881s
epoch: 62, train time every whole data:24.12s
epoch: 62, total time:2073.22s
validation batch 1 / 3, loss: 0.02
validation cost time: 8.7883s
epoch: 63, train time every whole data:24.13s
epoch: 63, total time:2106.14s
validation batch 1 / 3, loss: 0.02
validation cost time: 8.7876s
epoch: 64, train time every whole data:24.12s
epoch: 64, total time:2139.05s
validation batch 1 / 3, loss: 0.02
validation cost time: 8.7888s
epoch: 65, train time every whole data:24.13s
epoch: 65, total time:2171.97s
validation batch 1 / 3, loss: 0.01
validation cost time: 8.7882s
save parameters to file: ../experiments/HZME_INFLOW/MAE_ASTGNN_h1d1w0_layer4_head8_dm64_channel1_dir2_drop0.00_1.00e-03_B16_K5_TcontextScaledSAtSE1TE/epoch_66.params
epoch: 66, train time every whole data:24.13s
epoch: 66, total time:2204.90s
validation batch 1 / 3, loss: 0.03
validation cost time: 8.7890s
epoch: 67, train time every whole data:24.13s
epoch: 67, total time:2237.82s
validation batch 1 / 3, loss: 0.01
validation cost time: 8.7883s
epoch: 68, train time every whole data:24.13s
epoch: 68, total time:2270.73s
validation batch 1 / 3, loss: 0.01
validation cost time: 8.7881s
epoch: 69, train time every whole data:24.12s
epoch: 69, total time:2303.65s
validation batch 1 / 3, loss: 0.03
validation cost time: 8.7887s
epoch: 70, train time every whole data:24.13s
epoch: 70, total time:2336.56s
validation batch 1 / 3, loss: 0.02
validation cost time: 8.7879s
epoch: 71, train time every whole data:24.13s
epoch: 71, total time:2369.48s
validation batch 1 / 3, loss: 0.03
validation cost time: 8.7890s
epoch: 72, train time every whole data:24.13s
epoch: 72, total time:2402.40s
validation batch 1 / 3, loss: 0.02
validation cost time: 8.7882s
epoch: 73, train time every whole data:24.13s
epoch: 73, total time:2435.32s
validation batch 1 / 3, loss: 0.03
validation cost time: 8.7887s
epoch: 74, train time every whole data:24.13s
epoch: 74, total time:2468.23s
validation batch 1 / 3, loss: 0.02
validation cost time: 8.7892s
epoch: 75, train time every whole data:24.12s
epoch: 75, total time:2501.15s
validation batch 1 / 3, loss: 0.01
validation cost time: 8.8022s
epoch: 76, train time every whole data:24.12s
epoch: 76, total time:2534.08s
validation batch 1 / 3, loss: 0.03
validation cost time: 8.7888s
epoch: 77, train time every whole data:24.13s
epoch: 77, total time:2567.00s
validation batch 1 / 3, loss: 0.02
validation cost time: 8.7891s
epoch: 78, train time every whole data:24.12s
epoch: 78, total time:2599.91s
validation batch 1 / 3, loss: 0.02
validation cost time: 8.7881s
epoch: 79, train time every whole data:24.13s
epoch: 79, total time:2632.83s
validation batch 1 / 3, loss: 0.04
validation cost time: 8.7881s
epoch: 80, train time every whole data:24.12s
epoch: 80, total time:2665.74s
validation batch 1 / 3, loss: 0.03
validation cost time: 8.7887s
epoch: 81, train time every whole data:24.13s
epoch: 81, total time:2698.65s
validation batch 1 / 3, loss: 0.03
validation cost time: 8.8210s
epoch: 82, train time every whole data:24.12s
epoch: 82, total time:2731.60s
validation batch 1 / 3, loss: 0.02
validation cost time: 8.7894s
epoch: 83, train time every whole data:24.12s
epoch: 83, total time:2764.51s
validation batch 1 / 3, loss: 0.01
validation cost time: 8.7885s
save parameters to file: ../experiments/HZME_INFLOW/MAE_ASTGNN_h1d1w0_layer4_head8_dm64_channel1_dir2_drop0.00_1.00e-03_B16_K5_TcontextScaledSAtSE1TE/epoch_84.params
epoch: 84, train time every whole data:24.12s
epoch: 84, total time:2797.43s
validation batch 1 / 3, loss: 0.01
validation cost time: 8.7890s
save parameters to file: ../experiments/HZME_INFLOW/MAE_ASTGNN_h1d1w0_layer4_head8_dm64_channel1_dir2_drop0.00_1.00e-03_B16_K5_TcontextScaledSAtSE1TE/epoch_85.params
epoch: 85, train time every whole data:24.12s
epoch: 85, total time:2830.36s
validation batch 1 / 3, loss: 0.02
validation cost time: 8.7887s
epoch: 86, train time every whole data:24.13s
epoch: 86, total time:2863.28s
validation batch 1 / 3, loss: 0.02
validation cost time: 8.7887s
epoch: 87, train time every whole data:24.12s
epoch: 87, total time:2896.19s
validation batch 1 / 3, loss: 0.02
validation cost time: 8.7887s
epoch: 88, train time every whole data:24.13s
epoch: 88, total time:2929.11s
validation batch 1 / 3, loss: 0.01
validation cost time: 8.7884s
save parameters to file: ../experiments/HZME_INFLOW/MAE_ASTGNN_h1d1w0_layer4_head8_dm64_channel1_dir2_drop0.00_1.00e-03_B16_K5_TcontextScaledSAtSE1TE/epoch_89.params
epoch: 89, train time every whole data:24.13s
epoch: 89, total time:2962.04s
validation batch 1 / 3, loss: 0.02
validation cost time: 8.7890s
epoch: 90, train time every whole data:24.12s
epoch: 90, total time:2994.95s
validation batch 1 / 3, loss: 0.04
validation cost time: 8.7883s
epoch: 91, train time every whole data:24.12s
epoch: 91, total time:3027.86s
validation batch 1 / 3, loss: 0.01
validation cost time: 8.7891s
epoch: 92, train time every whole data:24.12s
epoch: 92, total time:3060.78s
validation batch 1 / 3, loss: 0.02
validation cost time: 8.7885s
epoch: 93, train time every whole data:24.12s
epoch: 93, total time:3093.69s
validation batch 1 / 3, loss: 0.02
validation cost time: 8.7883s
epoch: 94, train time every whole data:24.11s
epoch: 94, total time:3126.59s
validation batch 1 / 3, loss: 0.02
validation cost time: 8.7885s
epoch: 95, train time every whole data:24.12s
epoch: 95, total time:3159.50s
validation batch 1 / 3, loss: 0.01
validation cost time: 8.7891s
save parameters to file: ../experiments/HZME_INFLOW/MAE_ASTGNN_h1d1w0_layer4_head8_dm64_channel1_dir2_drop0.00_1.00e-03_B16_K5_TcontextScaledSAtSE1TE/epoch_96.params
epoch: 96, train time every whole data:24.11s
epoch: 96, total time:3192.41s
validation batch 1 / 3, loss: 0.02
validation cost time: 8.7890s
epoch: 97, train time every whole data:24.12s
epoch: 97, total time:3225.32s
validation batch 1 / 3, loss: 0.01
validation cost time: 8.7888s
epoch: 98, train time every whole data:24.12s
epoch: 98, total time:3258.23s
validation batch 1 / 3, loss: 0.01
validation cost time: 8.7901s
save parameters to file: ../experiments/HZME_INFLOW/MAE_ASTGNN_h1d1w0_layer4_head8_dm64_channel1_dir2_drop0.00_1.00e-03_B16_K5_TcontextScaledSAtSE1TE/epoch_99.params
epoch: 99, train time every whole data:24.14s
epoch: 99, total time:3291.18s
best epoch: 99
apply the best val model on the test data set ...
load weight from: ../experiments/HZME_INFLOW/MAE_ASTGNN_h1d1w0_layer4_head8_dm64_channel1_dir2_drop0.00_1.00e-03_B16_K5_TcontextScaledSAtSE1TE/epoch_99.params
predicting testing set batch 1 / 3, time: 4.17s
test time on whole data:8.79s
input: (1073, 80, 24, 1)
prediction: (1073, 80, 12, 1)
data_target_tensor: (1073, 80, 12)
current epoch: 99, predict 0 points
MAE: 10.28
RMSE: 16.38
MAPE: 23.52
current epoch: 99, predict 1 points
MAE: 10.55
RMSE: 17.31
MAPE: 22.97
current epoch: 99, predict 2 points
MAE: 10.80
RMSE: 17.73
MAPE: 22.88
current epoch: 99, predict 3 points
MAE: 11.01
RMSE: 17.99
MAPE: 23.42
current epoch: 99, predict 4 points
MAE: 11.10
RMSE: 18.20
MAPE: 23.69
current epoch: 99, predict 5 points
MAE: 11.23
RMSE: 18.52
MAPE: 23.79
current epoch: 99, predict 6 points
MAE: 11.47
RMSE: 18.95
MAPE: 24.08
current epoch: 99, predict 7 points
MAE: 11.73
RMSE: 19.38
MAPE: 24.60
current epoch: 99, predict 8 points
MAE: 11.82
RMSE: 19.82
MAPE: 24.74
current epoch: 99, predict 9 points
MAE: 11.85
RMSE: 20.20
MAPE: 25.10
current epoch: 99, predict 10 points
MAE: 12.05
RMSE: 20.81
MAPE: 25.75
current epoch: 99, predict 11 points
MAE: 12.42
RMSE: 21.62
MAPE: 26.39
all MAE: 11.36
all RMSE: 18.97
all MAPE: 24.23
[10.280092, 16.384035369536846, 23.524735867977142, 10.553166, 17.308440796407236, 22.971239686012268, 10.802333, 17.73368235844531, 22.875921428203583, 11.006603, 17.993842873262405, 23.41678738594055, 11.10183, 18.199567953158684, 23.692668974399567, 11.228474, 18.520166900739582, 23.787328600883484, 11.470961, 18.953919597677796, 24.083325266838074, 11.725875, 19.384508912815296, 24.603234231472015, 11.815444, 19.819524151645425, 24.735870957374573, 11.846387, 20.204013176532527, 25.102126598358154, 12.0522995, 20.80554266220302, 25.750622153282166, 12.424047, 21.618518718045877, 26.388061046600342, 11.35896, 18.966549791312286, 24.22966957092285]
fine tune the model ... 
epoch: 100, train time every whole data:56.15s
epoch: 100, total time:3356.25s
validation batch 1 / 3, loss: 0.01
validation cost time: 8.7887s
save parameters to file: ../experiments/HZME_INFLOW/MAE_ASTGNN_h1d1w0_layer4_head8_dm64_channel1_dir2_drop0.00_1.00e-03_B16_K5_TcontextScaledSAtSE1TE/epoch_100.params
epoch: 101, train time every whole data:56.11s
epoch: 101, total time:3421.16s
validation batch 1 / 3, loss: 0.01
validation cost time: 8.7883s
save parameters to file: ../experiments/HZME_INFLOW/MAE_ASTGNN_h1d1w0_layer4_head8_dm64_channel1_dir2_drop0.00_1.00e-03_B16_K5_TcontextScaledSAtSE1TE/epoch_101.params
epoch: 102, train time every whole data:56.04s
epoch: 102, total time:3486.01s
validation batch 1 / 3, loss: 0.01
validation cost time: 8.7880s
save parameters to file: ../experiments/HZME_INFLOW/MAE_ASTGNN_h1d1w0_layer4_head8_dm64_channel1_dir2_drop0.00_1.00e-03_B16_K5_TcontextScaledSAtSE1TE/epoch_102.params
epoch: 103, train time every whole data:56.12s
epoch: 103, total time:3550.93s
validation batch 1 / 3, loss: 0.01
validation cost time: 8.7891s
epoch: 104, train time every whole data:56.07s
epoch: 104, total time:3615.78s
validation batch 1 / 3, loss: 0.01
validation cost time: 8.7887s
epoch: 105, train time every whole data:56.10s
epoch: 105, total time:3680.68s
validation batch 1 / 3, loss: 0.01
validation cost time: 8.7956s
save parameters to file: ../experiments/HZME_INFLOW/MAE_ASTGNN_h1d1w0_layer4_head8_dm64_channel1_dir2_drop0.00_1.00e-03_B16_K5_TcontextScaledSAtSE1TE/epoch_105.params
epoch: 106, train time every whole data:56.10s
epoch: 106, total time:3745.58s
validation batch 1 / 3, loss: 0.01
validation cost time: 8.7944s
epoch: 107, train time every whole data:56.05s
epoch: 107, total time:3810.43s
validation batch 1 / 3, loss: 0.01
validation cost time: 8.7880s
epoch: 108, train time every whole data:56.09s
epoch: 108, total time:3875.32s
validation batch 1 / 3, loss: 0.01
validation cost time: 8.7883s
epoch: 109, train time every whole data:56.06s
epoch: 109, total time:3940.17s
validation batch 1 / 3, loss: 0.01
validation cost time: 8.7890s
epoch: 110, train time every whole data:56.11s
epoch: 110, total time:4005.07s
validation batch 1 / 3, loss: 0.01
validation cost time: 8.7894s
save parameters to file: ../experiments/HZME_INFLOW/MAE_ASTGNN_h1d1w0_layer4_head8_dm64_channel1_dir2_drop0.00_1.00e-03_B16_K5_TcontextScaledSAtSE1TE/epoch_110.params
epoch: 111, train time every whole data:56.09s
epoch: 111, total time:4069.96s
validation batch 1 / 3, loss: 0.01
validation cost time: 8.7914s
epoch: 112, train time every whole data:56.10s
epoch: 112, total time:4134.86s
validation batch 1 / 3, loss: 0.01
validation cost time: 8.7898s
save parameters to file: ../experiments/HZME_INFLOW/MAE_ASTGNN_h1d1w0_layer4_head8_dm64_channel1_dir2_drop0.00_1.00e-03_B16_K5_TcontextScaledSAtSE1TE/epoch_112.params
epoch: 113, train time every whole data:56.08s
epoch: 113, total time:4199.74s
validation batch 1 / 3, loss: 0.01
validation cost time: 8.7895s
epoch: 114, train time every whole data:56.12s
epoch: 114, total time:4264.65s
validation batch 1 / 3, loss: 0.01
validation cost time: 8.7910s
epoch: 115, train time every whole data:56.10s
epoch: 115, total time:4329.55s
validation batch 1 / 3, loss: 0.01
validation cost time: 8.7967s
epoch: 116, train time every whole data:56.13s
epoch: 116, total time:4394.48s
validation batch 1 / 3, loss: 0.01
validation cost time: 8.7893s
save parameters to file: ../experiments/HZME_INFLOW/MAE_ASTGNN_h1d1w0_layer4_head8_dm64_channel1_dir2_drop0.00_1.00e-03_B16_K5_TcontextScaledSAtSE1TE/epoch_116.params
epoch: 117, train time every whole data:56.10s
epoch: 117, total time:4459.39s
validation batch 1 / 3, loss: 0.01
validation cost time: 8.7886s
epoch: 118, train time every whole data:56.06s
epoch: 118, total time:4524.24s
validation batch 1 / 3, loss: 0.01
validation cost time: 8.8217s
epoch: 119, train time every whole data:56.09s
epoch: 119, total time:4589.16s
validation batch 1 / 3, loss: 0.01
validation cost time: 8.7920s
epoch: 120, train time every whole data:56.09s
epoch: 120, total time:4654.04s
validation batch 1 / 3, loss: 0.01
validation cost time: 8.7904s
epoch: 121, train time every whole data:56.09s
epoch: 121, total time:4718.92s
validation batch 1 / 3, loss: 0.01
validation cost time: 8.7890s
epoch: 122, train time every whole data:56.04s
epoch: 122, total time:4783.75s
validation batch 1 / 3, loss: 0.01
validation cost time: 8.7903s
epoch: 123, train time every whole data:56.06s
epoch: 123, total time:4848.60s
validation batch 1 / 3, loss: 0.01
validation cost time: 8.7893s
epoch: 124, train time every whole data:56.05s
epoch: 124, total time:4913.45s
validation batch 1 / 3, loss: 0.01
validation cost time: 8.7895s
epoch: 125, train time every whole data:56.05s
epoch: 125, total time:4978.28s
validation batch 1 / 3, loss: 0.01
validation cost time: 8.7894s
epoch: 126, train time every whole data:56.05s
epoch: 126, total time:5043.12s
validation batch 1 / 3, loss: 0.01
validation cost time: 8.7880s
epoch: 127, train time every whole data:56.07s
epoch: 127, total time:5107.98s
validation batch 1 / 3, loss: 0.01
validation cost time: 8.7903s
save parameters to file: ../experiments/HZME_INFLOW/MAE_ASTGNN_h1d1w0_layer4_head8_dm64_channel1_dir2_drop0.00_1.00e-03_B16_K5_TcontextScaledSAtSE1TE/epoch_127.params
epoch: 128, train time every whole data:56.08s
epoch: 128, total time:5172.86s
validation batch 1 / 3, loss: 0.01
validation cost time: 8.7891s
epoch: 129, train time every whole data:56.10s
epoch: 129, total time:5237.75s
validation batch 1 / 3, loss: 0.01
validation cost time: 8.7903s
epoch: 130, train time every whole data:56.05s
epoch: 130, total time:5302.59s
validation batch 1 / 3, loss: 0.01
validation cost time: 8.7932s
epoch: 131, train time every whole data:56.06s
epoch: 131, total time:5367.44s
validation batch 1 / 3, loss: 0.01
validation cost time: 8.7886s
epoch: 132, train time every whole data:56.05s
epoch: 132, total time:5432.29s
validation batch 1 / 3, loss: 0.01
validation cost time: 8.7884s
epoch: 133, train time every whole data:56.08s
epoch: 133, total time:5497.16s
validation batch 1 / 3, loss: 0.01
validation cost time: 8.7896s
epoch: 134, train time every whole data:56.10s
epoch: 134, total time:5562.04s
validation batch 1 / 3, loss: 0.01
validation cost time: 8.7885s
epoch: 135, train time every whole data:56.10s
epoch: 135, total time:5626.94s
validation batch 1 / 3, loss: 0.01
validation cost time: 8.7880s
epoch: 136, train time every whole data:56.15s
epoch: 136, total time:5691.87s
validation batch 1 / 3, loss: 0.01
validation cost time: 8.7888s
epoch: 137, train time every whole data:56.14s
epoch: 137, total time:5756.80s
validation batch 1 / 3, loss: 0.01
validation cost time: 8.7890s
save parameters to file: ../experiments/HZME_INFLOW/MAE_ASTGNN_h1d1w0_layer4_head8_dm64_channel1_dir2_drop0.00_1.00e-03_B16_K5_TcontextScaledSAtSE1TE/epoch_137.params
epoch: 138, train time every whole data:56.10s
epoch: 138, total time:5821.70s
validation batch 1 / 3, loss: 0.01
validation cost time: 8.7899s
save parameters to file: ../experiments/HZME_INFLOW/MAE_ASTGNN_h1d1w0_layer4_head8_dm64_channel1_dir2_drop0.00_1.00e-03_B16_K5_TcontextScaledSAtSE1TE/epoch_138.params
epoch: 139, train time every whole data:56.13s
epoch: 139, total time:5886.64s
validation batch 1 / 3, loss: 0.01
validation cost time: 8.7904s
epoch: 140, train time every whole data:56.11s
epoch: 140, total time:5951.54s
validation batch 1 / 3, loss: 0.01
validation cost time: 8.7922s
save parameters to file: ../experiments/HZME_INFLOW/MAE_ASTGNN_h1d1w0_layer4_head8_dm64_channel1_dir2_drop0.00_1.00e-03_B16_K5_TcontextScaledSAtSE1TE/epoch_140.params
epoch: 141, train time every whole data:56.09s
epoch: 141, total time:6016.43s
validation batch 1 / 3, loss: 0.01
validation cost time: 8.7889s
epoch: 142, train time every whole data:56.08s
epoch: 142, total time:6081.30s
validation batch 1 / 3, loss: 0.01
validation cost time: 8.7884s
epoch: 143, train time every whole data:56.11s
epoch: 143, total time:6146.20s
validation batch 1 / 3, loss: 0.01
validation cost time: 8.7879s
epoch: 144, train time every whole data:56.10s
epoch: 144, total time:6211.09s
validation batch 1 / 3, loss: 0.01
validation cost time: 8.7875s
epoch: 145, train time every whole data:56.13s
epoch: 145, total time:6276.01s
validation batch 1 / 3, loss: 0.01
validation cost time: 8.7886s
epoch: 146, train time every whole data:56.09s
epoch: 146, total time:6340.89s
validation batch 1 / 3, loss: 0.01
validation cost time: 8.7880s
epoch: 147, train time every whole data:56.10s
epoch: 147, total time:6405.78s
validation batch 1 / 3, loss: 0.01
validation cost time: 8.7947s
epoch: 148, train time every whole data:56.13s
epoch: 148, total time:6470.71s
validation batch 1 / 3, loss: 0.01
validation cost time: 8.7879s
save parameters to file: ../experiments/HZME_INFLOW/MAE_ASTGNN_h1d1w0_layer4_head8_dm64_channel1_dir2_drop0.00_1.00e-03_B16_K5_TcontextScaledSAtSE1TE/epoch_148.params
epoch: 149, train time every whole data:56.14s
epoch: 149, total time:6535.65s
validation batch 1 / 3, loss: 0.01
validation cost time: 8.8266s
best epoch: 148
apply the best val model on the test data set ...
load weight from: ../experiments/HZME_INFLOW/MAE_ASTGNN_h1d1w0_layer4_head8_dm64_channel1_dir2_drop0.00_1.00e-03_B16_K5_TcontextScaledSAtSE1TE/epoch_148.params
predicting testing set batch 1 / 3, time: 4.17s
test time on whole data:8.79s
input: (1073, 80, 24, 1)
prediction: (1073, 80, 12, 1)
data_target_tensor: (1073, 80, 12)
current epoch: 148, predict 0 points
MAE: 10.00
RMSE: 15.96
MAPE: 22.67
current epoch: 148, predict 1 points
MAE: 10.23
RMSE: 16.70
MAPE: 23.06
current epoch: 148, predict 2 points
MAE: 10.25
RMSE: 16.69
MAPE: 22.86
current epoch: 148, predict 3 points
MAE: 10.32
RMSE: 16.85
MAPE: 23.18
current epoch: 148, predict 4 points
MAE: 10.40
RMSE: 17.17
MAPE: 23.11
current epoch: 148, predict 5 points
MAE: 10.47
RMSE: 17.45
MAPE: 23.10
current epoch: 148, predict 6 points
MAE: 10.56
RMSE: 17.67
MAPE: 23.15
current epoch: 148, predict 7 points
MAE: 10.66
RMSE: 17.79
MAPE: 23.21
current epoch: 148, predict 8 points
MAE: 10.74
RMSE: 17.99
MAPE: 23.24
current epoch: 148, predict 9 points
MAE: 10.82
RMSE: 18.21
MAPE: 23.31
current epoch: 148, predict 10 points
MAE: 10.93
RMSE: 18.68
MAPE: 23.49
current epoch: 148, predict 11 points
MAE: 11.14
RMSE: 19.09
MAPE: 24.14
all MAE: 10.54
all RMSE: 17.54
all MAPE: 23.21
[9.999643, 15.956859603574982, 22.67230898141861, 10.227738, 16.700076275497125, 23.059551417827606, 10.251065, 16.694467982851947, 22.855833172798157, 10.321009, 16.848773384160083, 23.179830610752106, 10.396144, 17.16802163316656, 23.10730516910553, 10.474614, 17.446271105548064, 23.102442920207977, 10.564807, 17.66750971863899, 23.1504887342453, 10.661166, 17.7915704204925, 23.20611923933029, 10.735281, 17.9857816701181, 23.23874682188034, 10.82151, 18.207622499652274, 23.312298953533173, 10.930324, 18.678766053182724, 23.485955595970154, 11.137323, 19.087033553004396, 24.140897393226624, 10.543383, 17.540697132902192, 23.20503443479538]
