Mon Nov  1 03:32:08 2021       
+-----------------------------------------------------------------------------+
| NVIDIA-SMI 418.165.02   Driver Version: 418.165.02   CUDA Version: 10.1     |
|-------------------------------+----------------------+----------------------+
| GPU  Name        Persistence-M| Bus-Id        Disp.A | Volatile Uncorr. ECC |
| Fan  Temp  Perf  Pwr:Usage/Cap|         Memory-Usage | GPU-Util  Compute M. |
|===============================+======================+======================|
|   0  Tesla V100-PCIE...  Off  | 00000000:5A:00.0 Off |                    0 |
| N/A   25C    P0    22W / 250W |     11MiB / 32480MiB |      0%      Default |
+-------------------------------+----------------------+----------------------+
|   1  Tesla V100-PCIE...  Off  | 00000000:5E:00.0 Off |                    0 |
| N/A   25C    P0    22W / 250W |     11MiB / 32480MiB |      0%      Default |
+-------------------------------+----------------------+----------------------+
|   2  Tesla V100-PCIE...  Off  | 00000000:62:00.0 Off |                    0 |
| N/A   24C    P0    22W / 250W |     11MiB / 32480MiB |      0%      Default |
+-------------------------------+----------------------+----------------------+
|   3  Tesla V100-PCIE...  Off  | 00000000:66:00.0 Off |                    0 |
| N/A   45C    P0   103W / 250W |   3725MiB / 32480MiB |     45%      Default |
+-------------------------------+----------------------+----------------------+
|   4  Tesla V100-PCIE...  Off  | 00000000:B5:00.0 Off |                    0 |
| N/A   33C    P0    54W / 250W |   2920MiB / 32480MiB |     35%      Default |
+-------------------------------+----------------------+----------------------+
|   5  Tesla V100-PCIE...  Off  | 00000000:B9:00.0 Off |                    0 |
| N/A   45C    P0    96W / 250W |   6267MiB / 32480MiB |     98%      Default |
+-------------------------------+----------------------+----------------------+
|   6  Tesla V100-PCIE...  Off  | 00000000:BD:00.0 Off |                    0 |
| N/A   60C    P0   164W / 250W |  18942MiB / 32480MiB |     99%      Default |
+-------------------------------+----------------------+----------------------+
|   7  Tesla V100-PCIE...  Off  | 00000000:C1:00.0 Off |                    0 |
| N/A   47C    P0   174W / 250W |   3654MiB / 32480MiB |     97%      Default |
+-------------------------------+----------------------+----------------------+
                                                                               
+-----------------------------------------------------------------------------+
| Processes:                                                       GPU Memory |
|  GPU       PID   Type   Process name                             Usage      |
|=============================================================================|
|    3      4833      C   python                                      3713MiB |
|    4     23888      C   python                                      2909MiB |
|    5     43157      C   python                                      2909MiB |
|    5     53019      C   python                                      3347MiB |
|    6     47790      C   python                                     18931MiB |
|    7     17340      C   python                                      3643MiB |
+-----------------------------------------------------------------------------+
CUDA: True cuda:0
Read configuration file: /data/home/u18112042/CorrSTN/configurations/PEMS08.conf
total training epoch, fine tune epoch: 100 , 50
batch_size: 16
attention_top_k: 8
folder_dir: MAE_ASTGNN_h1d0w0_layer4_head8_dm64_channel1_dir2_drop0.00_1.00e-03_B16_K8_TcontextScaledSAtSE1TE
load file: /data/home/u18112042/CorrSTN/data/PEMS08/PEMS08_r1_d0_w0.npz
ori length: 10699 , percent: 1.0 , scale: 10699
train: torch.Size([10699, 170, 1, 12]) torch.Size([10699, 170, 12]) torch.Size([10699, 170, 12])
val: torch.Size([3567, 170, 1, 12]) torch.Size([3567, 170, 12]) torch.Size([3567, 170, 12])
test: torch.Size([3567, 170, 1, 12]) torch.Size([3567, 170, 12]) torch.Size([3567, 170, 12])
TemporalPositionalEncoding max_len: 12
w_index: []
d_index: []
h_index: [0, 1, 2, 3, 4, 5, 6, 7, 8, 9, 10, 11]
en_lookup_index: [0, 1, 2, 3, 4, 5, 6, 7, 8, 9, 10, 11]
EncoderDecoder(
  (encoder): Encoder(
    (layers): ModuleList(
      (0): EncoderLayer(
        (self_attn): MultiHeadAttentionAwareTemporalContex_q1d_k1d(
          (linears): ModuleList(
            (0): Linear(in_features=64, out_features=64, bias=True)
            (1): Linear(in_features=64, out_features=64, bias=True)
          )
          (conv1Ds_aware_temporal_context): ModuleList(
            (0): Conv2d(64, 64, kernel_size=(1, 3), stride=(1, 1), padding=(0, 1))
            (1): Conv2d(64, 64, kernel_size=(1, 3), stride=(1, 1), padding=(0, 1))
          )
          (dropout): Dropout(p=0.0, inplace=False)
          (attn_ic): Attention_IC(
            (DAT): DynamicAttentionLayer(
              (dropout): Dropout(p=0.0, inplace=False)
            )
          )
        )
        (feed_forward_gcn): PositionWiseGCNFeedForward(
          (gcn): spatialAttentionScaledGCN(
            (Theta): Linear(in_features=64, out_features=64, bias=False)
            (SAt): Spatial_Attention_layer(
              (dropout): Dropout(p=0.0, inplace=False)
            )
          )
          (dropout): Dropout(p=0.0, inplace=False)
        )
        (sublayer): ModuleList(
          (0): SublayerConnection(
            (dropout): Dropout(p=0.0, inplace=False)
            (norm): LayerNorm((64,), eps=1e-05, elementwise_affine=True)
          )
          (1): SublayerConnection(
            (dropout): Dropout(p=0.0, inplace=False)
            (norm): LayerNorm((64,), eps=1e-05, elementwise_affine=True)
          )
        )
      )
      (1): EncoderLayer(
        (self_attn): MultiHeadAttentionAwareTemporalContex_q1d_k1d(
          (linears): ModuleList(
            (0): Linear(in_features=64, out_features=64, bias=True)
            (1): Linear(in_features=64, out_features=64, bias=True)
          )
          (conv1Ds_aware_temporal_context): ModuleList(
            (0): Conv2d(64, 64, kernel_size=(1, 3), stride=(1, 1), padding=(0, 1))
            (1): Conv2d(64, 64, kernel_size=(1, 3), stride=(1, 1), padding=(0, 1))
          )
          (dropout): Dropout(p=0.0, inplace=False)
          (attn_ic): Attention_IC(
            (DAT): DynamicAttentionLayer(
              (dropout): Dropout(p=0.0, inplace=False)
            )
          )
        )
        (feed_forward_gcn): PositionWiseGCNFeedForward(
          (gcn): spatialAttentionScaledGCN(
            (Theta): Linear(in_features=64, out_features=64, bias=False)
            (SAt): Spatial_Attention_layer(
              (dropout): Dropout(p=0.0, inplace=False)
            )
          )
          (dropout): Dropout(p=0.0, inplace=False)
        )
        (sublayer): ModuleList(
          (0): SublayerConnection(
            (dropout): Dropout(p=0.0, inplace=False)
            (norm): LayerNorm((64,), eps=1e-05, elementwise_affine=True)
          )
          (1): SublayerConnection(
            (dropout): Dropout(p=0.0, inplace=False)
            (norm): LayerNorm((64,), eps=1e-05, elementwise_affine=True)
          )
        )
      )
      (2): EncoderLayer(
        (self_attn): MultiHeadAttentionAwareTemporalContex_q1d_k1d(
          (linears): ModuleList(
            (0): Linear(in_features=64, out_features=64, bias=True)
            (1): Linear(in_features=64, out_features=64, bias=True)
          )
          (conv1Ds_aware_temporal_context): ModuleList(
            (0): Conv2d(64, 64, kernel_size=(1, 3), stride=(1, 1), padding=(0, 1))
            (1): Conv2d(64, 64, kernel_size=(1, 3), stride=(1, 1), padding=(0, 1))
          )
          (dropout): Dropout(p=0.0, inplace=False)
          (attn_ic): Attention_IC(
            (DAT): DynamicAttentionLayer(
              (dropout): Dropout(p=0.0, inplace=False)
            )
          )
        )
        (feed_forward_gcn): PositionWiseGCNFeedForward(
          (gcn): spatialAttentionScaledGCN(
            (Theta): Linear(in_features=64, out_features=64, bias=False)
            (SAt): Spatial_Attention_layer(
              (dropout): Dropout(p=0.0, inplace=False)
            )
          )
          (dropout): Dropout(p=0.0, inplace=False)
        )
        (sublayer): ModuleList(
          (0): SublayerConnection(
            (dropout): Dropout(p=0.0, inplace=False)
            (norm): LayerNorm((64,), eps=1e-05, elementwise_affine=True)
          )
          (1): SublayerConnection(
            (dropout): Dropout(p=0.0, inplace=False)
            (norm): LayerNorm((64,), eps=1e-05, elementwise_affine=True)
          )
        )
      )
      (3): EncoderLayer(
        (self_attn): MultiHeadAttentionAwareTemporalContex_q1d_k1d(
          (linears): ModuleList(
            (0): Linear(in_features=64, out_features=64, bias=True)
            (1): Linear(in_features=64, out_features=64, bias=True)
          )
          (conv1Ds_aware_temporal_context): ModuleList(
            (0): Conv2d(64, 64, kernel_size=(1, 3), stride=(1, 1), padding=(0, 1))
            (1): Conv2d(64, 64, kernel_size=(1, 3), stride=(1, 1), padding=(0, 1))
          )
          (dropout): Dropout(p=0.0, inplace=False)
          (attn_ic): Attention_IC(
            (DAT): DynamicAttentionLayer(
              (dropout): Dropout(p=0.0, inplace=False)
            )
          )
        )
        (feed_forward_gcn): PositionWiseGCNFeedForward(
          (gcn): spatialAttentionScaledGCN(
            (Theta): Linear(in_features=64, out_features=64, bias=False)
            (SAt): Spatial_Attention_layer(
              (dropout): Dropout(p=0.0, inplace=False)
            )
          )
          (dropout): Dropout(p=0.0, inplace=False)
        )
        (sublayer): ModuleList(
          (0): SublayerConnection(
            (dropout): Dropout(p=0.0, inplace=False)
            (norm): LayerNorm((64,), eps=1e-05, elementwise_affine=True)
          )
          (1): SublayerConnection(
            (dropout): Dropout(p=0.0, inplace=False)
            (norm): LayerNorm((64,), eps=1e-05, elementwise_affine=True)
          )
        )
      )
    )
    (norm): LayerNorm((64,), eps=1e-05, elementwise_affine=True)
  )
  (decoder): Decoder(
    (layers): ModuleList(
      (0): DecoderLayer(
        (self_attn): MultiHeadAttentionAwareTemporalContex_qc_kc(
          (linears): ModuleList(
            (0): Linear(in_features=64, out_features=64, bias=True)
            (1): Linear(in_features=64, out_features=64, bias=True)
          )
          (conv1Ds_aware_temporal_context): ModuleList(
            (0): Conv2d(64, 64, kernel_size=(1, 3), stride=(1, 1), padding=(0, 2))
            (1): Conv2d(64, 64, kernel_size=(1, 3), stride=(1, 1), padding=(0, 2))
          )
          (dropout): Dropout(p=0.0, inplace=False)
          (attn_ic): Attention_IC(
            (DAT): DynamicAttentionLayer(
              (dropout): Dropout(p=0.0, inplace=False)
            )
          )
        )
        (src_attn): MultiHeadAttentionAwareTemporalContex_qc_k1d(
          (linears): ModuleList(
            (0): Linear(in_features=64, out_features=64, bias=True)
            (1): Linear(in_features=64, out_features=64, bias=True)
          )
          (query_conv1Ds_aware_temporal_context): Conv2d(64, 64, kernel_size=(1, 3), stride=(1, 1), padding=(0, 2))
          (key_conv1Ds_aware_temporal_context): Conv2d(64, 64, kernel_size=(1, 3), stride=(1, 1), padding=(0, 1))
          (dropout): Dropout(p=0.0, inplace=False)
          (attn_ic): Attention_IC(
            (DAT): DynamicAttentionLayer(
              (dropout): Dropout(p=0.0, inplace=False)
            )
          )
        )
        (feed_forward_gcn): PositionWiseGCNFeedForward(
          (gcn): spatialAttentionScaledGCN(
            (Theta): Linear(in_features=64, out_features=64, bias=False)
            (SAt): Spatial_Attention_layer(
              (dropout): Dropout(p=0.0, inplace=False)
            )
          )
          (dropout): Dropout(p=0.0, inplace=False)
        )
        (sublayer): ModuleList(
          (0): SublayerConnection(
            (dropout): Dropout(p=0.0, inplace=False)
            (norm): LayerNorm((64,), eps=1e-05, elementwise_affine=True)
          )
          (1): SublayerConnection(
            (dropout): Dropout(p=0.0, inplace=False)
            (norm): LayerNorm((64,), eps=1e-05, elementwise_affine=True)
          )
          (2): SublayerConnection(
            (dropout): Dropout(p=0.0, inplace=False)
            (norm): LayerNorm((64,), eps=1e-05, elementwise_affine=True)
          )
        )
      )
      (1): DecoderLayer(
        (self_attn): MultiHeadAttentionAwareTemporalContex_qc_kc(
          (linears): ModuleList(
            (0): Linear(in_features=64, out_features=64, bias=True)
            (1): Linear(in_features=64, out_features=64, bias=True)
          )
          (conv1Ds_aware_temporal_context): ModuleList(
            (0): Conv2d(64, 64, kernel_size=(1, 3), stride=(1, 1), padding=(0, 2))
            (1): Conv2d(64, 64, kernel_size=(1, 3), stride=(1, 1), padding=(0, 2))
          )
          (dropout): Dropout(p=0.0, inplace=False)
          (attn_ic): Attention_IC(
            (DAT): DynamicAttentionLayer(
              (dropout): Dropout(p=0.0, inplace=False)
            )
          )
        )
        (src_attn): MultiHeadAttentionAwareTemporalContex_qc_k1d(
          (linears): ModuleList(
            (0): Linear(in_features=64, out_features=64, bias=True)
            (1): Linear(in_features=64, out_features=64, bias=True)
          )
          (query_conv1Ds_aware_temporal_context): Conv2d(64, 64, kernel_size=(1, 3), stride=(1, 1), padding=(0, 2))
          (key_conv1Ds_aware_temporal_context): Conv2d(64, 64, kernel_size=(1, 3), stride=(1, 1), padding=(0, 1))
          (dropout): Dropout(p=0.0, inplace=False)
          (attn_ic): Attention_IC(
            (DAT): DynamicAttentionLayer(
              (dropout): Dropout(p=0.0, inplace=False)
            )
          )
        )
        (feed_forward_gcn): PositionWiseGCNFeedForward(
          (gcn): spatialAttentionScaledGCN(
            (Theta): Linear(in_features=64, out_features=64, bias=False)
            (SAt): Spatial_Attention_layer(
              (dropout): Dropout(p=0.0, inplace=False)
            )
          )
          (dropout): Dropout(p=0.0, inplace=False)
        )
        (sublayer): ModuleList(
          (0): SublayerConnection(
            (dropout): Dropout(p=0.0, inplace=False)
            (norm): LayerNorm((64,), eps=1e-05, elementwise_affine=True)
          )
          (1): SublayerConnection(
            (dropout): Dropout(p=0.0, inplace=False)
            (norm): LayerNorm((64,), eps=1e-05, elementwise_affine=True)
          )
          (2): SublayerConnection(
            (dropout): Dropout(p=0.0, inplace=False)
            (norm): LayerNorm((64,), eps=1e-05, elementwise_affine=True)
          )
        )
      )
      (2): DecoderLayer(
        (self_attn): MultiHeadAttentionAwareTemporalContex_qc_kc(
          (linears): ModuleList(
            (0): Linear(in_features=64, out_features=64, bias=True)
            (1): Linear(in_features=64, out_features=64, bias=True)
          )
          (conv1Ds_aware_temporal_context): ModuleList(
            (0): Conv2d(64, 64, kernel_size=(1, 3), stride=(1, 1), padding=(0, 2))
            (1): Conv2d(64, 64, kernel_size=(1, 3), stride=(1, 1), padding=(0, 2))
          )
          (dropout): Dropout(p=0.0, inplace=False)
          (attn_ic): Attention_IC(
            (DAT): DynamicAttentionLayer(
              (dropout): Dropout(p=0.0, inplace=False)
            )
          )
        )
        (src_attn): MultiHeadAttentionAwareTemporalContex_qc_k1d(
          (linears): ModuleList(
            (0): Linear(in_features=64, out_features=64, bias=True)
            (1): Linear(in_features=64, out_features=64, bias=True)
          )
          (query_conv1Ds_aware_temporal_context): Conv2d(64, 64, kernel_size=(1, 3), stride=(1, 1), padding=(0, 2))
          (key_conv1Ds_aware_temporal_context): Conv2d(64, 64, kernel_size=(1, 3), stride=(1, 1), padding=(0, 1))
          (dropout): Dropout(p=0.0, inplace=False)
          (attn_ic): Attention_IC(
            (DAT): DynamicAttentionLayer(
              (dropout): Dropout(p=0.0, inplace=False)
            )
          )
        )
        (feed_forward_gcn): PositionWiseGCNFeedForward(
          (gcn): spatialAttentionScaledGCN(
            (Theta): Linear(in_features=64, out_features=64, bias=False)
            (SAt): Spatial_Attention_layer(
              (dropout): Dropout(p=0.0, inplace=False)
            )
          )
          (dropout): Dropout(p=0.0, inplace=False)
        )
        (sublayer): ModuleList(
          (0): SublayerConnection(
            (dropout): Dropout(p=0.0, inplace=False)
            (norm): LayerNorm((64,), eps=1e-05, elementwise_affine=True)
          )
          (1): SublayerConnection(
            (dropout): Dropout(p=0.0, inplace=False)
            (norm): LayerNorm((64,), eps=1e-05, elementwise_affine=True)
          )
          (2): SublayerConnection(
            (dropout): Dropout(p=0.0, inplace=False)
            (norm): LayerNorm((64,), eps=1e-05, elementwise_affine=True)
          )
        )
      )
      (3): DecoderLayer(
        (self_attn): MultiHeadAttentionAwareTemporalContex_qc_kc(
          (linears): ModuleList(
            (0): Linear(in_features=64, out_features=64, bias=True)
            (1): Linear(in_features=64, out_features=64, bias=True)
          )
          (conv1Ds_aware_temporal_context): ModuleList(
            (0): Conv2d(64, 64, kernel_size=(1, 3), stride=(1, 1), padding=(0, 2))
            (1): Conv2d(64, 64, kernel_size=(1, 3), stride=(1, 1), padding=(0, 2))
          )
          (dropout): Dropout(p=0.0, inplace=False)
          (attn_ic): Attention_IC(
            (DAT): DynamicAttentionLayer(
              (dropout): Dropout(p=0.0, inplace=False)
            )
          )
        )
        (src_attn): MultiHeadAttentionAwareTemporalContex_qc_k1d(
          (linears): ModuleList(
            (0): Linear(in_features=64, out_features=64, bias=True)
            (1): Linear(in_features=64, out_features=64, bias=True)
          )
          (query_conv1Ds_aware_temporal_context): Conv2d(64, 64, kernel_size=(1, 3), stride=(1, 1), padding=(0, 2))
          (key_conv1Ds_aware_temporal_context): Conv2d(64, 64, kernel_size=(1, 3), stride=(1, 1), padding=(0, 1))
          (dropout): Dropout(p=0.0, inplace=False)
          (attn_ic): Attention_IC(
            (DAT): DynamicAttentionLayer(
              (dropout): Dropout(p=0.0, inplace=False)
            )
          )
        )
        (feed_forward_gcn): PositionWiseGCNFeedForward(
          (gcn): spatialAttentionScaledGCN(
            (Theta): Linear(in_features=64, out_features=64, bias=False)
            (SAt): Spatial_Attention_layer(
              (dropout): Dropout(p=0.0, inplace=False)
            )
          )
          (dropout): Dropout(p=0.0, inplace=False)
        )
        (sublayer): ModuleList(
          (0): SublayerConnection(
            (dropout): Dropout(p=0.0, inplace=False)
            (norm): LayerNorm((64,), eps=1e-05, elementwise_affine=True)
          )
          (1): SublayerConnection(
            (dropout): Dropout(p=0.0, inplace=False)
            (norm): LayerNorm((64,), eps=1e-05, elementwise_affine=True)
          )
          (2): SublayerConnection(
            (dropout): Dropout(p=0.0, inplace=False)
            (norm): LayerNorm((64,), eps=1e-05, elementwise_affine=True)
          )
        )
      )
    )
    (norm): LayerNorm((64,), eps=1e-05, elementwise_affine=True)
  )
  (src_embed): Sequential(
    (0): Linear(in_features=1, out_features=64, bias=True)
    (1): TemporalPositionalEncoding(
      (dropout): Dropout(p=0.0, inplace=False)
    )
    (2): SpatialPositionalEncoding(
      (dropout): Dropout(p=0.0, inplace=False)
      (embedding): Embedding(170, 64)
      (gcn_smooth_layers): ModuleList(
        (0): GCN(
          (Theta): Linear(in_features=64, out_features=64, bias=False)
        )
      )
    )
  )
  (trg_embed): Sequential(
    (0): Linear(in_features=1, out_features=64, bias=True)
    (1): TemporalPositionalEncoding(
      (dropout): Dropout(p=0.0, inplace=False)
    )
    (2): SpatialPositionalEncoding(
      (dropout): Dropout(p=0.0, inplace=False)
      (embedding): Embedding(170, 64)
      (gcn_smooth_layers): ModuleList(
        (0): GCN(
          (Theta): Linear(in_features=64, out_features=64, bias=False)
        )
      )
    )
  )
  (prediction_generator): Linear(in_features=64, out_features=1, bias=True)
)
create params directory ../experiments/PEMS08/MAE_ASTGNN_h1d0w0_layer4_head8_dm64_channel1_dir2_drop0.00_1.00e-03_B16_K8_TcontextScaledSAtSE1TE
Net's state_dict:
encoder.layers.0.self_attn.linears.0.weight 	 torch.Size([64, 64])
encoder.layers.0.self_attn.linears.0.bias 	 torch.Size([64])
encoder.layers.0.self_attn.linears.1.weight 	 torch.Size([64, 64])
encoder.layers.0.self_attn.linears.1.bias 	 torch.Size([64])
encoder.layers.0.self_attn.conv1Ds_aware_temporal_context.0.weight 	 torch.Size([64, 64, 1, 3])
encoder.layers.0.self_attn.conv1Ds_aware_temporal_context.0.bias 	 torch.Size([64])
encoder.layers.0.self_attn.conv1Ds_aware_temporal_context.1.weight 	 torch.Size([64, 64, 1, 3])
encoder.layers.0.self_attn.conv1Ds_aware_temporal_context.1.bias 	 torch.Size([64])
encoder.layers.0.feed_forward_gcn.gcn.alpha 	 torch.Size([1])
encoder.layers.0.feed_forward_gcn.gcn.beta 	 torch.Size([3])
encoder.layers.0.feed_forward_gcn.gcn.Theta.weight 	 torch.Size([64, 64])
encoder.layers.0.sublayer.0.norm.weight 	 torch.Size([64])
encoder.layers.0.sublayer.0.norm.bias 	 torch.Size([64])
encoder.layers.0.sublayer.1.norm.weight 	 torch.Size([64])
encoder.layers.0.sublayer.1.norm.bias 	 torch.Size([64])
encoder.layers.1.self_attn.linears.0.weight 	 torch.Size([64, 64])
encoder.layers.1.self_attn.linears.0.bias 	 torch.Size([64])
encoder.layers.1.self_attn.linears.1.weight 	 torch.Size([64, 64])
encoder.layers.1.self_attn.linears.1.bias 	 torch.Size([64])
encoder.layers.1.self_attn.conv1Ds_aware_temporal_context.0.weight 	 torch.Size([64, 64, 1, 3])
encoder.layers.1.self_attn.conv1Ds_aware_temporal_context.0.bias 	 torch.Size([64])
encoder.layers.1.self_attn.conv1Ds_aware_temporal_context.1.weight 	 torch.Size([64, 64, 1, 3])
encoder.layers.1.self_attn.conv1Ds_aware_temporal_context.1.bias 	 torch.Size([64])
encoder.layers.1.feed_forward_gcn.gcn.alpha 	 torch.Size([1])
encoder.layers.1.feed_forward_gcn.gcn.beta 	 torch.Size([3])
encoder.layers.1.feed_forward_gcn.gcn.Theta.weight 	 torch.Size([64, 64])
encoder.layers.1.sublayer.0.norm.weight 	 torch.Size([64])
encoder.layers.1.sublayer.0.norm.bias 	 torch.Size([64])
encoder.layers.1.sublayer.1.norm.weight 	 torch.Size([64])
encoder.layers.1.sublayer.1.norm.bias 	 torch.Size([64])
encoder.layers.2.self_attn.linears.0.weight 	 torch.Size([64, 64])
encoder.layers.2.self_attn.linears.0.bias 	 torch.Size([64])
encoder.layers.2.self_attn.linears.1.weight 	 torch.Size([64, 64])
encoder.layers.2.self_attn.linears.1.bias 	 torch.Size([64])
encoder.layers.2.self_attn.conv1Ds_aware_temporal_context.0.weight 	 torch.Size([64, 64, 1, 3])
encoder.layers.2.self_attn.conv1Ds_aware_temporal_context.0.bias 	 torch.Size([64])
encoder.layers.2.self_attn.conv1Ds_aware_temporal_context.1.weight 	 torch.Size([64, 64, 1, 3])
encoder.layers.2.self_attn.conv1Ds_aware_temporal_context.1.bias 	 torch.Size([64])
encoder.layers.2.feed_forward_gcn.gcn.alpha 	 torch.Size([1])
encoder.layers.2.feed_forward_gcn.gcn.beta 	 torch.Size([3])
encoder.layers.2.feed_forward_gcn.gcn.Theta.weight 	 torch.Size([64, 64])
encoder.layers.2.sublayer.0.norm.weight 	 torch.Size([64])
encoder.layers.2.sublayer.0.norm.bias 	 torch.Size([64])
encoder.layers.2.sublayer.1.norm.weight 	 torch.Size([64])
encoder.layers.2.sublayer.1.norm.bias 	 torch.Size([64])
encoder.layers.3.self_attn.linears.0.weight 	 torch.Size([64, 64])
encoder.layers.3.self_attn.linears.0.bias 	 torch.Size([64])
encoder.layers.3.self_attn.linears.1.weight 	 torch.Size([64, 64])
encoder.layers.3.self_attn.linears.1.bias 	 torch.Size([64])
encoder.layers.3.self_attn.conv1Ds_aware_temporal_context.0.weight 	 torch.Size([64, 64, 1, 3])
encoder.layers.3.self_attn.conv1Ds_aware_temporal_context.0.bias 	 torch.Size([64])
encoder.layers.3.self_attn.conv1Ds_aware_temporal_context.1.weight 	 torch.Size([64, 64, 1, 3])
encoder.layers.3.self_attn.conv1Ds_aware_temporal_context.1.bias 	 torch.Size([64])
encoder.layers.3.feed_forward_gcn.gcn.alpha 	 torch.Size([1])
encoder.layers.3.feed_forward_gcn.gcn.beta 	 torch.Size([3])
encoder.layers.3.feed_forward_gcn.gcn.Theta.weight 	 torch.Size([64, 64])
encoder.layers.3.sublayer.0.norm.weight 	 torch.Size([64])
encoder.layers.3.sublayer.0.norm.bias 	 torch.Size([64])
encoder.layers.3.sublayer.1.norm.weight 	 torch.Size([64])
encoder.layers.3.sublayer.1.norm.bias 	 torch.Size([64])
encoder.norm.weight 	 torch.Size([64])
encoder.norm.bias 	 torch.Size([64])
decoder.layers.0.self_attn.linears.0.weight 	 torch.Size([64, 64])
decoder.layers.0.self_attn.linears.0.bias 	 torch.Size([64])
decoder.layers.0.self_attn.linears.1.weight 	 torch.Size([64, 64])
decoder.layers.0.self_attn.linears.1.bias 	 torch.Size([64])
decoder.layers.0.self_attn.conv1Ds_aware_temporal_context.0.weight 	 torch.Size([64, 64, 1, 3])
decoder.layers.0.self_attn.conv1Ds_aware_temporal_context.0.bias 	 torch.Size([64])
decoder.layers.0.self_attn.conv1Ds_aware_temporal_context.1.weight 	 torch.Size([64, 64, 1, 3])
decoder.layers.0.self_attn.conv1Ds_aware_temporal_context.1.bias 	 torch.Size([64])
decoder.layers.0.src_attn.linears.0.weight 	 torch.Size([64, 64])
decoder.layers.0.src_attn.linears.0.bias 	 torch.Size([64])
decoder.layers.0.src_attn.linears.1.weight 	 torch.Size([64, 64])
decoder.layers.0.src_attn.linears.1.bias 	 torch.Size([64])
decoder.layers.0.src_attn.query_conv1Ds_aware_temporal_context.weight 	 torch.Size([64, 64, 1, 3])
decoder.layers.0.src_attn.query_conv1Ds_aware_temporal_context.bias 	 torch.Size([64])
decoder.layers.0.src_attn.key_conv1Ds_aware_temporal_context.weight 	 torch.Size([64, 64, 1, 3])
decoder.layers.0.src_attn.key_conv1Ds_aware_temporal_context.bias 	 torch.Size([64])
decoder.layers.0.feed_forward_gcn.gcn.alpha 	 torch.Size([1])
decoder.layers.0.feed_forward_gcn.gcn.beta 	 torch.Size([3])
decoder.layers.0.feed_forward_gcn.gcn.Theta.weight 	 torch.Size([64, 64])
decoder.layers.0.sublayer.0.norm.weight 	 torch.Size([64])
decoder.layers.0.sublayer.0.norm.bias 	 torch.Size([64])
decoder.layers.0.sublayer.1.norm.weight 	 torch.Size([64])
decoder.layers.0.sublayer.1.norm.bias 	 torch.Size([64])
decoder.layers.0.sublayer.2.norm.weight 	 torch.Size([64])
decoder.layers.0.sublayer.2.norm.bias 	 torch.Size([64])
decoder.layers.1.self_attn.linears.0.weight 	 torch.Size([64, 64])
decoder.layers.1.self_attn.linears.0.bias 	 torch.Size([64])
decoder.layers.1.self_attn.linears.1.weight 	 torch.Size([64, 64])
decoder.layers.1.self_attn.linears.1.bias 	 torch.Size([64])
decoder.layers.1.self_attn.conv1Ds_aware_temporal_context.0.weight 	 torch.Size([64, 64, 1, 3])
decoder.layers.1.self_attn.conv1Ds_aware_temporal_context.0.bias 	 torch.Size([64])
decoder.layers.1.self_attn.conv1Ds_aware_temporal_context.1.weight 	 torch.Size([64, 64, 1, 3])
decoder.layers.1.self_attn.conv1Ds_aware_temporal_context.1.bias 	 torch.Size([64])
decoder.layers.1.src_attn.linears.0.weight 	 torch.Size([64, 64])
decoder.layers.1.src_attn.linears.0.bias 	 torch.Size([64])
decoder.layers.1.src_attn.linears.1.weight 	 torch.Size([64, 64])
decoder.layers.1.src_attn.linears.1.bias 	 torch.Size([64])
decoder.layers.1.src_attn.query_conv1Ds_aware_temporal_context.weight 	 torch.Size([64, 64, 1, 3])
decoder.layers.1.src_attn.query_conv1Ds_aware_temporal_context.bias 	 torch.Size([64])
decoder.layers.1.src_attn.key_conv1Ds_aware_temporal_context.weight 	 torch.Size([64, 64, 1, 3])
decoder.layers.1.src_attn.key_conv1Ds_aware_temporal_context.bias 	 torch.Size([64])
decoder.layers.1.feed_forward_gcn.gcn.alpha 	 torch.Size([1])
decoder.layers.1.feed_forward_gcn.gcn.beta 	 torch.Size([3])
decoder.layers.1.feed_forward_gcn.gcn.Theta.weight 	 torch.Size([64, 64])
decoder.layers.1.sublayer.0.norm.weight 	 torch.Size([64])
decoder.layers.1.sublayer.0.norm.bias 	 torch.Size([64])
decoder.layers.1.sublayer.1.norm.weight 	 torch.Size([64])
decoder.layers.1.sublayer.1.norm.bias 	 torch.Size([64])
decoder.layers.1.sublayer.2.norm.weight 	 torch.Size([64])
decoder.layers.1.sublayer.2.norm.bias 	 torch.Size([64])
decoder.layers.2.self_attn.linears.0.weight 	 torch.Size([64, 64])
decoder.layers.2.self_attn.linears.0.bias 	 torch.Size([64])
decoder.layers.2.self_attn.linears.1.weight 	 torch.Size([64, 64])
decoder.layers.2.self_attn.linears.1.bias 	 torch.Size([64])
decoder.layers.2.self_attn.conv1Ds_aware_temporal_context.0.weight 	 torch.Size([64, 64, 1, 3])
decoder.layers.2.self_attn.conv1Ds_aware_temporal_context.0.bias 	 torch.Size([64])
decoder.layers.2.self_attn.conv1Ds_aware_temporal_context.1.weight 	 torch.Size([64, 64, 1, 3])
decoder.layers.2.self_attn.conv1Ds_aware_temporal_context.1.bias 	 torch.Size([64])
decoder.layers.2.src_attn.linears.0.weight 	 torch.Size([64, 64])
decoder.layers.2.src_attn.linears.0.bias 	 torch.Size([64])
decoder.layers.2.src_attn.linears.1.weight 	 torch.Size([64, 64])
decoder.layers.2.src_attn.linears.1.bias 	 torch.Size([64])
decoder.layers.2.src_attn.query_conv1Ds_aware_temporal_context.weight 	 torch.Size([64, 64, 1, 3])
decoder.layers.2.src_attn.query_conv1Ds_aware_temporal_context.bias 	 torch.Size([64])
decoder.layers.2.src_attn.key_conv1Ds_aware_temporal_context.weight 	 torch.Size([64, 64, 1, 3])
decoder.layers.2.src_attn.key_conv1Ds_aware_temporal_context.bias 	 torch.Size([64])
decoder.layers.2.feed_forward_gcn.gcn.alpha 	 torch.Size([1])
decoder.layers.2.feed_forward_gcn.gcn.beta 	 torch.Size([3])
decoder.layers.2.feed_forward_gcn.gcn.Theta.weight 	 torch.Size([64, 64])
decoder.layers.2.sublayer.0.norm.weight 	 torch.Size([64])
decoder.layers.2.sublayer.0.norm.bias 	 torch.Size([64])
decoder.layers.2.sublayer.1.norm.weight 	 torch.Size([64])
decoder.layers.2.sublayer.1.norm.bias 	 torch.Size([64])
decoder.layers.2.sublayer.2.norm.weight 	 torch.Size([64])
decoder.layers.2.sublayer.2.norm.bias 	 torch.Size([64])
decoder.layers.3.self_attn.linears.0.weight 	 torch.Size([64, 64])
decoder.layers.3.self_attn.linears.0.bias 	 torch.Size([64])
decoder.layers.3.self_attn.linears.1.weight 	 torch.Size([64, 64])
decoder.layers.3.self_attn.linears.1.bias 	 torch.Size([64])
decoder.layers.3.self_attn.conv1Ds_aware_temporal_context.0.weight 	 torch.Size([64, 64, 1, 3])
decoder.layers.3.self_attn.conv1Ds_aware_temporal_context.0.bias 	 torch.Size([64])
decoder.layers.3.self_attn.conv1Ds_aware_temporal_context.1.weight 	 torch.Size([64, 64, 1, 3])
decoder.layers.3.self_attn.conv1Ds_aware_temporal_context.1.bias 	 torch.Size([64])
decoder.layers.3.src_attn.linears.0.weight 	 torch.Size([64, 64])
decoder.layers.3.src_attn.linears.0.bias 	 torch.Size([64])
decoder.layers.3.src_attn.linears.1.weight 	 torch.Size([64, 64])
decoder.layers.3.src_attn.linears.1.bias 	 torch.Size([64])
decoder.layers.3.src_attn.query_conv1Ds_aware_temporal_context.weight 	 torch.Size([64, 64, 1, 3])
decoder.layers.3.src_attn.query_conv1Ds_aware_temporal_context.bias 	 torch.Size([64])
decoder.layers.3.src_attn.key_conv1Ds_aware_temporal_context.weight 	 torch.Size([64, 64, 1, 3])
decoder.layers.3.src_attn.key_conv1Ds_aware_temporal_context.bias 	 torch.Size([64])
decoder.layers.3.feed_forward_gcn.gcn.alpha 	 torch.Size([1])
decoder.layers.3.feed_forward_gcn.gcn.beta 	 torch.Size([3])
decoder.layers.3.feed_forward_gcn.gcn.Theta.weight 	 torch.Size([64, 64])
decoder.layers.3.sublayer.0.norm.weight 	 torch.Size([64])
decoder.layers.3.sublayer.0.norm.bias 	 torch.Size([64])
decoder.layers.3.sublayer.1.norm.weight 	 torch.Size([64])
decoder.layers.3.sublayer.1.norm.bias 	 torch.Size([64])
decoder.layers.3.sublayer.2.norm.weight 	 torch.Size([64])
decoder.layers.3.sublayer.2.norm.bias 	 torch.Size([64])
decoder.norm.weight 	 torch.Size([64])
decoder.norm.bias 	 torch.Size([64])
src_embed.0.weight 	 torch.Size([64, 1])
src_embed.0.bias 	 torch.Size([64])
src_embed.1.pe 	 torch.Size([1, 1, 12, 64])
src_embed.2.embedding.weight 	 torch.Size([170, 64])
src_embed.2.gcn_smooth_layers.0.alpha 	 torch.Size([1])
src_embed.2.gcn_smooth_layers.0.beta 	 torch.Size([3])
src_embed.2.gcn_smooth_layers.0.Theta.weight 	 torch.Size([64, 64])
trg_embed.0.weight 	 torch.Size([64, 1])
trg_embed.0.bias 	 torch.Size([64])
trg_embed.1.pe 	 torch.Size([1, 1, 12, 64])
trg_embed.2.embedding.weight 	 torch.Size([170, 64])
trg_embed.2.gcn_smooth_layers.0.alpha 	 torch.Size([1])
trg_embed.2.gcn_smooth_layers.0.beta 	 torch.Size([3])
trg_embed.2.gcn_smooth_layers.0.Theta.weight 	 torch.Size([64, 64])
prediction_generator.weight 	 torch.Size([1, 64])
prediction_generator.bias 	 torch.Size([1])
Net's total params: 463721
Optimizer's state_dict:
state 	 {}
param_groups 	 [{'lr': 0.001, 'betas': (0.9, 0.999), 'eps': 1e-08, 'weight_decay': 0, 'amsgrad': False, 'params': [0, 1, 2, 3, 4, 5, 6, 7, 8, 9, 10, 11, 12, 13, 14, 15, 16, 17, 18, 19, 20, 21, 22, 23, 24, 25, 26, 27, 28, 29, 30, 31, 32, 33, 34, 35, 36, 37, 38, 39, 40, 41, 42, 43, 44, 45, 46, 47, 48, 49, 50, 51, 52, 53, 54, 55, 56, 57, 58, 59, 60, 61, 62, 63, 64, 65, 66, 67, 68, 69, 70, 71, 72, 73, 74, 75, 76, 77, 78, 79, 80, 81, 82, 83, 84, 85, 86, 87, 88, 89, 90, 91, 92, 93, 94, 95, 96, 97, 98, 99, 100, 101, 102, 103, 104, 105, 106, 107, 108, 109, 110, 111, 112, 113, 114, 115, 116, 117, 118, 119, 120, 121, 122, 123, 124, 125, 126, 127, 128, 129, 130, 131, 132, 133, 134, 135, 136, 137, 138, 139, 140, 141, 142, 143, 144, 145, 146, 147, 148, 149, 150, 151, 152, 153, 154, 155, 156, 157, 158, 159, 160, 161, 162, 163, 164, 165, 166, 167, 168, 169, 170, 171, 172, 173, 174, 175, 176, 177]}]
validation batch 1 / 7, loss: 1.34
validation cost time: 139.1851s
save parameters to file: ../experiments/PEMS08/MAE_ASTGNN_h1d0w0_layer4_head8_dm64_channel1_dir2_drop0.00_1.00e-03_B16_K8_TcontextScaledSAtSE1TE/epoch_0.params
epoch: 0, train time every whole data:235.81s
epoch: 0, total time:375.01s
validation batch 1 / 7, loss: 0.14
validation cost time: 133.3012s
save parameters to file: ../experiments/PEMS08/MAE_ASTGNN_h1d0w0_layer4_head8_dm64_channel1_dir2_drop0.00_1.00e-03_B16_K8_TcontextScaledSAtSE1TE/epoch_1.params
epoch: 1, train time every whole data:235.61s
epoch: 1, total time:743.93s
validation batch 1 / 7, loss: 0.06
validation cost time: 133.2936s
save parameters to file: ../experiments/PEMS08/MAE_ASTGNN_h1d0w0_layer4_head8_dm64_channel1_dir2_drop0.00_1.00e-03_B16_K8_TcontextScaledSAtSE1TE/epoch_2.params
epoch: 2, train time every whole data:235.71s
epoch: 2, total time:1112.95s
validation batch 1 / 7, loss: 0.05
validation cost time: 133.3419s
save parameters to file: ../experiments/PEMS08/MAE_ASTGNN_h1d0w0_layer4_head8_dm64_channel1_dir2_drop0.00_1.00e-03_B16_K8_TcontextScaledSAtSE1TE/epoch_3.params
epoch: 3, train time every whole data:235.53s
epoch: 3, total time:1481.83s
validation batch 1 / 7, loss: 0.05
validation cost time: 133.2998s
epoch: 4, train time every whole data:235.65s
epoch: 4, total time:1850.79s
validation batch 1 / 7, loss: 0.11
validation cost time: 138.8312s
epoch: 5, train time every whole data:229.96s
epoch: 5, total time:2219.58s
validation batch 1 / 7, loss: 0.04
validation cost time: 138.8627s
save parameters to file: ../experiments/PEMS08/MAE_ASTGNN_h1d0w0_layer4_head8_dm64_channel1_dir2_drop0.00_1.00e-03_B16_K8_TcontextScaledSAtSE1TE/epoch_6.params
epoch: 6, train time every whole data:229.90s
epoch: 6, total time:2588.36s
validation batch 1 / 7, loss: 0.07
validation cost time: 138.8228s
epoch: 7, train time every whole data:235.62s
epoch: 7, total time:2962.80s
validation batch 1 / 7, loss: 0.05
validation cost time: 133.2957s
epoch: 8, train time every whole data:235.64s
epoch: 8, total time:3331.74s
validation batch 1 / 7, loss: 0.06
validation cost time: 133.2832s
epoch: 9, train time every whole data:235.58s
epoch: 9, total time:3700.60s
validation batch 1 / 7, loss: 0.04
validation cost time: 133.2811s
save parameters to file: ../experiments/PEMS08/MAE_ASTGNN_h1d0w0_layer4_head8_dm64_channel1_dir2_drop0.00_1.00e-03_B16_K8_TcontextScaledSAtSE1TE/epoch_10.params
epoch: 10, train time every whole data:235.53s
epoch: 10, total time:4069.43s
validation batch 1 / 7, loss: 0.04
validation cost time: 133.2976s
epoch: 11, train time every whole data:235.68s
epoch: 11, total time:4438.41s
validation batch 1 / 7, loss: 0.05
validation cost time: 133.3008s
epoch: 12, train time every whole data:235.66s
epoch: 12, total time:4807.37s
validation batch 1 / 7, loss: 0.08
validation cost time: 138.8399s
epoch: 13, train time every whole data:229.97s
epoch: 13, total time:5176.18s
validation batch 1 / 7, loss: 0.05
validation cost time: 138.8311s
epoch: 14, train time every whole data:230.02s
epoch: 14, total time:5545.03s
validation batch 1 / 7, loss: 0.04
validation cost time: 138.7659s
save parameters to file: ../experiments/PEMS08/MAE_ASTGNN_h1d0w0_layer4_head8_dm64_channel1_dir2_drop0.00_1.00e-03_B16_K8_TcontextScaledSAtSE1TE/epoch_15.params
epoch: 15, train time every whole data:235.27s
epoch: 15, total time:5919.09s
validation batch 1 / 7, loss: 0.04
validation cost time: 133.2356s
save parameters to file: ../experiments/PEMS08/MAE_ASTGNN_h1d0w0_layer4_head8_dm64_channel1_dir2_drop0.00_1.00e-03_B16_K8_TcontextScaledSAtSE1TE/epoch_16.params
epoch: 16, train time every whole data:235.22s
epoch: 16, total time:6287.56s
validation batch 1 / 7, loss: 0.04
validation cost time: 133.1953s
save parameters to file: ../experiments/PEMS08/MAE_ASTGNN_h1d0w0_layer4_head8_dm64_channel1_dir2_drop0.00_1.00e-03_B16_K8_TcontextScaledSAtSE1TE/epoch_17.params
epoch: 17, train time every whole data:235.17s
epoch: 17, total time:6655.94s
validation batch 1 / 7, loss: 0.04
validation cost time: 133.1817s
epoch: 18, train time every whole data:235.38s
epoch: 18, total time:7024.50s
validation batch 1 / 7, loss: 0.04
validation cost time: 133.2415s
epoch: 19, train time every whole data:235.15s
epoch: 19, total time:7392.90s
validation batch 1 / 7, loss: 0.04
validation cost time: 133.4942s
epoch: 20, train time every whole data:234.87s
epoch: 20, total time:7761.27s
validation batch 1 / 7, loss: 0.05
validation cost time: 138.7425s
epoch: 21, train time every whole data:229.46s
epoch: 21, total time:8129.47s
validation batch 1 / 7, loss: 0.04
validation cost time: 138.7786s
epoch: 22, train time every whole data:229.66s
epoch: 22, total time:8497.91s
validation batch 1 / 7, loss: 0.06
validation cost time: 138.7511s
epoch: 23, train time every whole data:235.16s
epoch: 23, total time:8871.83s
validation batch 1 / 7, loss: 0.05
validation cost time: 133.2722s
epoch: 24, train time every whole data:235.26s
epoch: 24, total time:9240.37s
validation batch 1 / 7, loss: 0.04
validation cost time: 133.1853s
epoch: 25, train time every whole data:235.19s
epoch: 25, total time:9608.74s
validation batch 1 / 7, loss: 0.04
validation cost time: 133.2010s
epoch: 26, train time every whole data:235.25s
epoch: 26, total time:9977.19s
validation batch 1 / 7, loss: 0.04
validation cost time: 133.2001s
epoch: 27, train time every whole data:235.24s
epoch: 27, total time:10345.64s
validation batch 1 / 7, loss: 0.05
validation cost time: 134.1308s
epoch: 28, train time every whole data:234.33s
epoch: 28, total time:10714.10s
validation batch 1 / 7, loss: 0.03
validation cost time: 138.7725s
save parameters to file: ../experiments/PEMS08/MAE_ASTGNN_h1d0w0_layer4_head8_dm64_channel1_dir2_drop0.00_1.00e-03_B16_K8_TcontextScaledSAtSE1TE/epoch_29.params
epoch: 29, train time every whole data:229.45s
epoch: 29, total time:11082.33s
validation batch 1 / 7, loss: 0.04
validation cost time: 138.7788s
epoch: 30, train time every whole data:229.37s
epoch: 30, total time:11450.49s
validation batch 1 / 7, loss: 0.04
validation cost time: 138.7073s
epoch: 31, train time every whole data:235.29s
epoch: 31, total time:11824.49s
validation batch 1 / 7, loss: 0.03
validation cost time: 133.1587s
epoch: 32, train time every whole data:235.12s
epoch: 32, total time:12192.76s
validation batch 1 / 7, loss: 0.03
validation cost time: 133.1577s
save parameters to file: ../experiments/PEMS08/MAE_ASTGNN_h1d0w0_layer4_head8_dm64_channel1_dir2_drop0.00_1.00e-03_B16_K8_TcontextScaledSAtSE1TE/epoch_33.params
epoch: 33, train time every whole data:235.05s
epoch: 33, total time:12560.99s
validation batch 1 / 7, loss: 0.05
validation cost time: 133.1899s
epoch: 34, train time every whole data:235.24s
epoch: 34, total time:12929.42s
validation batch 1 / 7, loss: 0.03
validation cost time: 133.2197s
epoch: 35, train time every whole data:234.88s
epoch: 35, total time:13297.52s
validation batch 1 / 7, loss: 0.04
validation cost time: 133.1969s
epoch: 36, train time every whole data:234.99s
epoch: 36, total time:13665.71s
validation batch 1 / 7, loss: 0.04
validation cost time: 138.7417s
epoch: 37, train time every whole data:229.29s
epoch: 37, total time:14033.74s
validation batch 1 / 7, loss: 0.03
validation cost time: 138.7859s
epoch: 38, train time every whole data:229.31s
epoch: 38, total time:14401.84s
validation batch 1 / 7, loss: 0.03
validation cost time: 138.7314s
epoch: 39, train time every whole data:235.10s
epoch: 39, total time:14775.67s
validation batch 1 / 7, loss: 0.04
validation cost time: 133.1798s
epoch: 40, train time every whole data:235.04s
epoch: 40, total time:15143.89s
validation batch 1 / 7, loss: 0.03
validation cost time: 133.1984s
epoch: 41, train time every whole data:235.18s
epoch: 41, total time:15512.27s
validation batch 1 / 7, loss: 0.03
validation cost time: 133.1974s
epoch: 42, train time every whole data:235.04s
epoch: 42, total time:15880.51s
validation batch 1 / 7, loss: 0.03
validation cost time: 133.2404s
epoch: 43, train time every whole data:235.08s
epoch: 43, total time:16248.83s
validation batch 1 / 7, loss: 0.05
validation cost time: 133.1799s
epoch: 44, train time every whole data:235.06s
epoch: 44, total time:16617.08s
validation batch 1 / 7, loss: 0.03
validation cost time: 138.7812s
epoch: 45, train time every whole data:229.27s
epoch: 45, total time:16985.13s
validation batch 1 / 7, loss: 0.03
validation cost time: 124.8874s
epoch: 46, train time every whole data:157.84s
epoch: 46, total time:17267.86s
validation batch 1 / 7, loss: 0.03
validation cost time: 90.5049s
save parameters to file: ../experiments/PEMS08/MAE_ASTGNN_h1d0w0_layer4_head8_dm64_channel1_dir2_drop0.00_1.00e-03_B16_K8_TcontextScaledSAtSE1TE/epoch_47.params
epoch: 47, train time every whole data:157.88s
epoch: 47, total time:17516.25s
validation batch 1 / 7, loss: 0.03
validation cost time: 90.5055s
epoch: 48, train time every whole data:157.83s
epoch: 48, total time:17764.59s
validation batch 1 / 7, loss: 0.04
validation cost time: 90.5059s
epoch: 49, train time every whole data:157.88s
epoch: 49, total time:18012.98s
validation batch 1 / 7, loss: 0.03
validation cost time: 90.5425s
epoch: 50, train time every whole data:157.85s
epoch: 50, total time:18261.38s
validation batch 1 / 7, loss: 0.03
validation cost time: 90.4955s
epoch: 51, train time every whole data:157.85s
epoch: 51, total time:18509.73s
validation batch 1 / 7, loss: 0.03
validation cost time: 90.5027s
epoch: 52, train time every whole data:157.86s
epoch: 52, total time:18758.09s
validation batch 1 / 7, loss: 0.03
validation cost time: 90.5030s
epoch: 53, train time every whole data:157.85s
epoch: 53, total time:19006.45s
validation batch 1 / 7, loss: 0.03
validation cost time: 90.5072s
epoch: 54, train time every whole data:157.83s
epoch: 54, total time:19254.79s
validation batch 1 / 7, loss: 0.03
validation cost time: 90.5048s
epoch: 55, train time every whole data:157.81s
epoch: 55, total time:19503.10s
validation batch 1 / 7, loss: 0.03
validation cost time: 90.5086s
epoch: 56, train time every whole data:157.86s
epoch: 56, total time:19751.47s
validation batch 1 / 7, loss: 0.03
validation cost time: 90.5034s
epoch: 57, train time every whole data:157.80s
epoch: 57, total time:19999.78s
validation batch 1 / 7, loss: 0.03
validation cost time: 90.5011s
save parameters to file: ../experiments/PEMS08/MAE_ASTGNN_h1d0w0_layer4_head8_dm64_channel1_dir2_drop0.00_1.00e-03_B16_K8_TcontextScaledSAtSE1TE/epoch_58.params
epoch: 58, train time every whole data:157.83s
epoch: 58, total time:20248.12s
validation batch 1 / 7, loss: 0.03
validation cost time: 90.5056s
epoch: 59, train time every whole data:157.79s
epoch: 59, total time:20496.42s
validation batch 1 / 7, loss: 0.03
validation cost time: 90.5099s
save parameters to file: ../experiments/PEMS08/MAE_ASTGNN_h1d0w0_layer4_head8_dm64_channel1_dir2_drop0.00_1.00e-03_B16_K8_TcontextScaledSAtSE1TE/epoch_60.params
epoch: 60, train time every whole data:157.83s
epoch: 60, total time:20744.77s
validation batch 1 / 7, loss: 0.03
validation cost time: 90.5102s
epoch: 61, train time every whole data:157.79s
epoch: 61, total time:20993.07s
validation batch 1 / 7, loss: 0.04
validation cost time: 90.5086s
epoch: 62, train time every whole data:157.86s
epoch: 62, total time:21241.44s
validation batch 1 / 7, loss: 0.03
validation cost time: 90.5009s
save parameters to file: ../experiments/PEMS08/MAE_ASTGNN_h1d0w0_layer4_head8_dm64_channel1_dir2_drop0.00_1.00e-03_B16_K8_TcontextScaledSAtSE1TE/epoch_63.params
epoch: 63, train time every whole data:157.76s
epoch: 63, total time:21489.71s
validation batch 1 / 7, loss: 0.03
validation cost time: 90.5032s
save parameters to file: ../experiments/PEMS08/MAE_ASTGNN_h1d0w0_layer4_head8_dm64_channel1_dir2_drop0.00_1.00e-03_B16_K8_TcontextScaledSAtSE1TE/epoch_64.params
epoch: 64, train time every whole data:157.85s
epoch: 64, total time:21738.08s
validation batch 1 / 7, loss: 0.03
validation cost time: 90.5454s
epoch: 65, train time every whole data:157.77s
epoch: 65, total time:21986.39s
validation batch 1 / 7, loss: 0.03
validation cost time: 90.5062s
save parameters to file: ../experiments/PEMS08/MAE_ASTGNN_h1d0w0_layer4_head8_dm64_channel1_dir2_drop0.00_1.00e-03_B16_K8_TcontextScaledSAtSE1TE/epoch_66.params
epoch: 66, train time every whole data:157.82s
epoch: 66, total time:22234.73s
validation batch 1 / 7, loss: 0.03
validation cost time: 90.5074s
epoch: 67, train time every whole data:157.76s
epoch: 67, total time:22483.00s
validation batch 1 / 7, loss: 0.03
validation cost time: 90.5073s
epoch: 68, train time every whole data:157.83s
epoch: 68, total time:22731.33s
validation batch 1 / 7, loss: 0.03
validation cost time: 90.5029s
epoch: 69, train time every whole data:157.76s
epoch: 69, total time:22979.59s
validation batch 1 / 7, loss: 0.03
validation cost time: 90.5036s
epoch: 70, train time every whole data:157.84s
epoch: 70, total time:23227.94s
validation batch 1 / 7, loss: 0.03
validation cost time: 90.5097s
epoch: 71, train time every whole data:157.77s
epoch: 71, total time:23476.22s
validation batch 1 / 7, loss: 0.03
validation cost time: 90.5068s
epoch: 72, train time every whole data:157.81s
epoch: 72, total time:23724.54s
validation batch 1 / 7, loss: 0.03
validation cost time: 90.5091s
epoch: 73, train time every whole data:157.78s
epoch: 73, total time:23972.83s
validation batch 1 / 7, loss: 0.03
validation cost time: 90.5079s
save parameters to file: ../experiments/PEMS08/MAE_ASTGNN_h1d0w0_layer4_head8_dm64_channel1_dir2_drop0.00_1.00e-03_B16_K8_TcontextScaledSAtSE1TE/epoch_74.params
epoch: 74, train time every whole data:157.82s
epoch: 74, total time:24221.18s
validation batch 1 / 7, loss: 0.03
validation cost time: 90.5003s
epoch: 75, train time every whole data:157.77s
epoch: 75, total time:24469.45s
validation batch 1 / 7, loss: 0.04
validation cost time: 90.5010s
epoch: 76, train time every whole data:157.81s
epoch: 76, total time:24717.76s
validation batch 1 / 7, loss: 0.03
validation cost time: 90.5093s
epoch: 77, train time every whole data:157.80s
epoch: 77, total time:24966.08s
validation batch 1 / 7, loss: 0.03
validation cost time: 90.5435s
epoch: 78, train time every whole data:157.81s
epoch: 78, total time:25214.43s
validation batch 1 / 7, loss: 0.03
validation cost time: 90.5089s
epoch: 79, train time every whole data:157.78s
epoch: 79, total time:25462.73s
validation batch 1 / 7, loss: 0.03
validation cost time: 90.5082s
epoch: 80, train time every whole data:157.82s
epoch: 80, total time:25711.05s
validation batch 1 / 7, loss: 0.03
validation cost time: 90.5030s
epoch: 81, train time every whole data:157.78s
epoch: 81, total time:25959.33s
validation batch 1 / 7, loss: 0.03
validation cost time: 90.5028s
epoch: 82, train time every whole data:157.84s
epoch: 82, total time:26207.67s
validation batch 1 / 7, loss: 0.03
validation cost time: 90.5080s
epoch: 83, train time every whole data:157.75s
epoch: 83, total time:26455.93s
validation batch 1 / 7, loss: 0.03
validation cost time: 90.5051s
epoch: 84, train time every whole data:157.81s
epoch: 84, total time:26704.25s
validation batch 1 / 7, loss: 0.03
validation cost time: 90.5051s
epoch: 85, train time every whole data:157.76s
epoch: 85, total time:26952.51s
validation batch 1 / 7, loss: 0.03
validation cost time: 90.5095s
save parameters to file: ../experiments/PEMS08/MAE_ASTGNN_h1d0w0_layer4_head8_dm64_channel1_dir2_drop0.00_1.00e-03_B16_K8_TcontextScaledSAtSE1TE/epoch_86.params
epoch: 86, train time every whole data:157.83s
epoch: 86, total time:27200.87s
validation batch 1 / 7, loss: 0.03
validation cost time: 90.4998s
save parameters to file: ../experiments/PEMS08/MAE_ASTGNN_h1d0w0_layer4_head8_dm64_channel1_dir2_drop0.00_1.00e-03_B16_K8_TcontextScaledSAtSE1TE/epoch_87.params
epoch: 87, train time every whole data:157.77s
epoch: 87, total time:27449.16s
validation batch 1 / 7, loss: 0.03
validation cost time: 90.5002s
epoch: 88, train time every whole data:157.86s
epoch: 88, total time:27697.52s
validation batch 1 / 7, loss: 0.03
validation cost time: 90.5077s
epoch: 89, train time every whole data:157.77s
epoch: 89, total time:27945.80s
validation batch 1 / 7, loss: 0.03
validation cost time: 90.5080s
epoch: 90, train time every whole data:157.85s
epoch: 90, total time:28194.16s
validation batch 1 / 7, loss: 0.03
validation cost time: 90.5054s
epoch: 91, train time every whole data:157.78s
epoch: 91, total time:28442.45s
validation batch 1 / 7, loss: 0.03
validation cost time: 90.5059s
epoch: 92, train time every whole data:157.82s
epoch: 92, total time:28690.78s
validation batch 1 / 7, loss: 0.03
validation cost time: 90.5016s
epoch: 93, train time every whole data:157.81s
epoch: 93, total time:28939.10s
validation batch 1 / 7, loss: 0.03
validation cost time: 90.4988s
epoch: 94, train time every whole data:157.83s
epoch: 94, total time:29187.44s
validation batch 1 / 7, loss: 0.03
validation cost time: 90.5039s
epoch: 95, train time every whole data:157.82s
epoch: 95, total time:29435.76s
validation batch 1 / 7, loss: 0.03
validation cost time: 90.5038s
epoch: 96, train time every whole data:157.80s
epoch: 96, total time:29684.07s
validation batch 1 / 7, loss: 0.03
validation cost time: 90.5385s
epoch: 97, train time every whole data:157.83s
epoch: 97, total time:29932.44s
validation batch 1 / 7, loss: 0.03
validation cost time: 90.5078s
epoch: 98, train time every whole data:157.80s
epoch: 98, total time:30180.75s
validation batch 1 / 7, loss: 0.04
validation cost time: 90.5026s
epoch: 99, train time every whole data:157.84s
epoch: 99, total time:30429.09s
best epoch: 87
apply the best val model on the test data set ...
load weight from: ../experiments/PEMS08/MAE_ASTGNN_h1d0w0_layer4_head8_dm64_channel1_dir2_drop0.00_1.00e-03_B16_K8_TcontextScaledSAtSE1TE/epoch_87.params
predicting testing set batch 1 / 7, time: 12.99s
test time on whole data:90.53s
input: (3567, 170, 12, 1)
prediction: (3567, 170, 12, 1)
data_target_tensor: (3567, 170, 12)
current epoch: 87, predict 0 points
MAE: 12.15
RMSE: 19.37
MAPE: 7.87
current epoch: 87, predict 1 points
MAE: 13.10
RMSE: 20.98
MAPE: 8.54
current epoch: 87, predict 2 points
MAE: 13.79
RMSE: 22.00
MAPE: 9.05
current epoch: 87, predict 3 points
MAE: 14.26
RMSE: 22.81
MAPE: 9.38
current epoch: 87, predict 4 points
MAE: 14.67
RMSE: 23.48
MAPE: 9.63
current epoch: 87, predict 5 points
MAE: 15.07
RMSE: 24.14
MAPE: 9.87
current epoch: 87, predict 6 points
MAE: 15.46
RMSE: 24.71
MAPE: 10.19
current epoch: 87, predict 7 points
MAE: 15.80
RMSE: 25.25
MAPE: 10.37
current epoch: 87, predict 8 points
MAE: 16.06
RMSE: 25.62
MAPE: 10.45
current epoch: 87, predict 9 points
MAE: 16.38
RMSE: 26.05
MAPE: 10.65
current epoch: 87, predict 10 points
MAE: 16.71
RMSE: 26.51
MAPE: 10.84
current epoch: 87, predict 11 points
MAE: 17.14
RMSE: 27.12
MAPE: 11.10
all MAE: 15.05
all RMSE: 24.11
all MAPE: 9.83
[12.146441, 19.369438308346975, 7.874491810798645, 13.104021, 20.982871199839703, 8.54107216000557, 13.788528, 22.00436635470049, 9.05185416340828, 14.258956, 22.806289287270904, 9.382722526788712, 14.667166, 23.477907875343686, 9.628365188837051, 15.073208, 24.13644406553928, 9.866362065076828, 15.461983, 24.714715023076334, 10.19410714507103, 15.802556, 25.24557003025172, 10.37423089146614, 16.062548, 25.619803446031376, 10.451169312000275, 16.37738, 26.045138570644284, 10.654270648956299, 16.706772, 26.509819082983196, 10.844992846250534, 17.14386, 27.11715823968459, 11.10491007566452, 15.0494585, 24.108342087400473, 9.830711781978607]
fine tune the model ... 
epoch: 100, train time every whole data:415.06s
epoch: 100, total time:30935.49s
validation batch 1 / 7, loss: 0.03
validation cost time: 90.5068s
save parameters to file: ../experiments/PEMS08/MAE_ASTGNN_h1d0w0_layer4_head8_dm64_channel1_dir2_drop0.00_1.00e-03_B16_K8_TcontextScaledSAtSE1TE/epoch_100.params
epoch: 101, train time every whole data:414.99s
epoch: 101, total time:31441.00s
validation batch 1 / 7, loss: 0.03
validation cost time: 90.5128s
save parameters to file: ../experiments/PEMS08/MAE_ASTGNN_h1d0w0_layer4_head8_dm64_channel1_dir2_drop0.00_1.00e-03_B16_K8_TcontextScaledSAtSE1TE/epoch_101.params
epoch: 102, train time every whole data:415.04s
epoch: 102, total time:31946.57s
validation batch 1 / 7, loss: 0.03
validation cost time: 90.5109s
epoch: 103, train time every whole data:415.07s
epoch: 103, total time:32452.15s
validation batch 1 / 7, loss: 0.03
validation cost time: 90.5072s
epoch: 104, train time every whole data:415.08s
epoch: 104, total time:32957.74s
validation batch 1 / 7, loss: 0.03
validation cost time: 90.5075s
epoch: 105, train time every whole data:415.07s
epoch: 105, total time:33463.32s
validation batch 1 / 7, loss: 0.03
validation cost time: 90.5062s
epoch: 106, train time every whole data:415.08s
epoch: 106, total time:33968.90s
validation batch 1 / 7, loss: 0.03
validation cost time: 90.5106s
epoch: 107, train time every whole data:415.11s
epoch: 107, total time:34474.52s
validation batch 1 / 7, loss: 0.03
validation cost time: 90.4988s
save parameters to file: ../experiments/PEMS08/MAE_ASTGNN_h1d0w0_layer4_head8_dm64_channel1_dir2_drop0.00_1.00e-03_B16_K8_TcontextScaledSAtSE1TE/epoch_107.params
epoch: 108, train time every whole data:415.07s
epoch: 108, total time:34980.10s
validation batch 1 / 7, loss: 0.03
validation cost time: 90.5337s
epoch: 109, train time every whole data:415.06s
epoch: 109, total time:35485.70s
validation batch 1 / 7, loss: 0.03
validation cost time: 90.5096s
save parameters to file: ../experiments/PEMS08/MAE_ASTGNN_h1d0w0_layer4_head8_dm64_channel1_dir2_drop0.00_1.00e-03_B16_K8_TcontextScaledSAtSE1TE/epoch_109.params
epoch: 110, train time every whole data:415.10s
epoch: 110, total time:35991.32s
validation batch 1 / 7, loss: 0.03
validation cost time: 90.5084s
save parameters to file: ../experiments/PEMS08/MAE_ASTGNN_h1d0w0_layer4_head8_dm64_channel1_dir2_drop0.00_1.00e-03_B16_K8_TcontextScaledSAtSE1TE/epoch_110.params
epoch: 111, train time every whole data:415.12s
epoch: 111, total time:36496.96s
validation batch 1 / 7, loss: 0.03
validation cost time: 90.5024s
epoch: 112, train time every whole data:415.06s
epoch: 112, total time:37002.53s
validation batch 1 / 7, loss: 0.03
validation cost time: 90.4990s
epoch: 113, train time every whole data:415.04s
epoch: 113, total time:37508.06s
validation batch 1 / 7, loss: 0.03
validation cost time: 90.5085s
epoch: 114, train time every whole data:414.98s
epoch: 114, total time:38013.56s
validation batch 1 / 7, loss: 0.03
validation cost time: 90.5028s
save parameters to file: ../experiments/PEMS08/MAE_ASTGNN_h1d0w0_layer4_head8_dm64_channel1_dir2_drop0.00_1.00e-03_B16_K8_TcontextScaledSAtSE1TE/epoch_114.params
epoch: 115, train time every whole data:414.95s
epoch: 115, total time:38519.02s
validation batch 1 / 7, loss: 0.03
validation cost time: 90.5091s
epoch: 116, train time every whole data:414.99s
epoch: 116, total time:39024.52s
validation batch 1 / 7, loss: 0.03
validation cost time: 90.5095s
epoch: 117, train time every whole data:414.95s
epoch: 117, total time:39529.98s
validation batch 1 / 7, loss: 0.03
validation cost time: 90.5057s
epoch: 118, train time every whole data:414.93s
epoch: 118, total time:40035.42s
validation batch 1 / 7, loss: 0.03
validation cost time: 90.5156s
save parameters to file: ../experiments/PEMS08/MAE_ASTGNN_h1d0w0_layer4_head8_dm64_channel1_dir2_drop0.00_1.00e-03_B16_K8_TcontextScaledSAtSE1TE/epoch_118.params
epoch: 119, train time every whole data:414.97s
epoch: 119, total time:40540.91s
validation batch 1 / 7, loss: 0.03
validation cost time: 90.5132s
epoch: 120, train time every whole data:414.92s
epoch: 120, total time:41046.35s
validation batch 1 / 7, loss: 0.03
validation cost time: 90.5421s
save parameters to file: ../experiments/PEMS08/MAE_ASTGNN_h1d0w0_layer4_head8_dm64_channel1_dir2_drop0.00_1.00e-03_B16_K8_TcontextScaledSAtSE1TE/epoch_120.params
epoch: 121, train time every whole data:415.00s
epoch: 121, total time:41551.90s
validation batch 1 / 7, loss: 0.03
validation cost time: 90.5157s
save parameters to file: ../experiments/PEMS08/MAE_ASTGNN_h1d0w0_layer4_head8_dm64_channel1_dir2_drop0.00_1.00e-03_B16_K8_TcontextScaledSAtSE1TE/epoch_121.params
epoch: 122, train time every whole data:414.94s
epoch: 122, total time:42057.37s
validation batch 1 / 7, loss: 0.03
validation cost time: 90.5226s
epoch: 123, train time every whole data:414.98s
epoch: 123, total time:42562.87s
validation batch 1 / 7, loss: 0.03
validation cost time: 90.5134s
epoch: 124, train time every whole data:415.00s
epoch: 124, total time:43068.39s
validation batch 1 / 7, loss: 0.03
validation cost time: 90.5164s
epoch: 125, train time every whole data:414.98s
epoch: 125, total time:43573.88s
validation batch 1 / 7, loss: 0.03
validation cost time: 90.5182s
epoch: 126, train time every whole data:415.01s
epoch: 126, total time:44079.42s
validation batch 1 / 7, loss: 0.03
validation cost time: 90.5184s
epoch: 127, train time every whole data:415.01s
epoch: 127, total time:44584.95s
validation batch 1 / 7, loss: 0.03
validation cost time: 90.5117s
epoch: 128, train time every whole data:415.02s
epoch: 128, total time:45090.48s
validation batch 1 / 7, loss: 0.03
validation cost time: 90.5508s
epoch: 129, train time every whole data:414.99s
epoch: 129, total time:45596.02s
validation batch 1 / 7, loss: 0.03
validation cost time: 90.5067s
epoch: 130, train time every whole data:414.99s
epoch: 130, total time:46101.52s
validation batch 1 / 7, loss: 0.03
validation cost time: 90.5106s
save parameters to file: ../experiments/PEMS08/MAE_ASTGNN_h1d0w0_layer4_head8_dm64_channel1_dir2_drop0.00_1.00e-03_B16_K8_TcontextScaledSAtSE1TE/epoch_130.params
epoch: 131, train time every whole data:415.01s
epoch: 131, total time:46607.05s
validation batch 1 / 7, loss: 0.03
validation cost time: 90.5081s
save parameters to file: ../experiments/PEMS08/MAE_ASTGNN_h1d0w0_layer4_head8_dm64_channel1_dir2_drop0.00_1.00e-03_B16_K8_TcontextScaledSAtSE1TE/epoch_131.params
epoch: 132, train time every whole data:414.97s
epoch: 132, total time:47112.54s
validation batch 1 / 7, loss: 0.03
validation cost time: 90.5110s
epoch: 133, train time every whole data:415.00s
epoch: 133, total time:47618.05s
validation batch 1 / 7, loss: 0.03
validation cost time: 90.5085s
epoch: 134, train time every whole data:414.99s
epoch: 134, total time:48123.56s
validation batch 1 / 7, loss: 0.03
validation cost time: 90.5049s
epoch: 135, train time every whole data:414.99s
epoch: 135, total time:48629.05s
validation batch 1 / 7, loss: 0.03
validation cost time: 90.5102s
epoch: 136, train time every whole data:415.01s
epoch: 136, total time:49134.57s
validation batch 1 / 7, loss: 0.03
validation cost time: 90.5124s
epoch: 137, train time every whole data:415.01s
epoch: 137, total time:49640.10s
validation batch 1 / 7, loss: 0.03
validation cost time: 90.5101s
epoch: 138, train time every whole data:415.06s
epoch: 138, total time:50145.67s
validation batch 1 / 7, loss: 0.03
validation cost time: 90.5157s
epoch: 139, train time every whole data:415.08s
epoch: 139, total time:50651.27s
validation batch 1 / 7, loss: 0.03
validation cost time: 90.5155s
epoch: 140, train time every whole data:415.10s
epoch: 140, total time:51156.89s
validation batch 1 / 7, loss: 0.03
validation cost time: 90.5100s
epoch: 141, train time every whole data:415.11s
epoch: 141, total time:51662.51s
validation batch 1 / 7, loss: 0.03
validation cost time: 90.5072s
epoch: 142, train time every whole data:415.06s
epoch: 142, total time:52168.08s
validation batch 1 / 7, loss: 0.03
validation cost time: 90.5119s
epoch: 143, train time every whole data:415.09s
epoch: 143, total time:52673.68s
validation batch 1 / 7, loss: 0.03
validation cost time: 90.5173s
epoch: 144, train time every whole data:415.13s
epoch: 144, total time:53179.33s
validation batch 1 / 7, loss: 0.03
validation cost time: 90.5204s
save parameters to file: ../experiments/PEMS08/MAE_ASTGNN_h1d0w0_layer4_head8_dm64_channel1_dir2_drop0.00_1.00e-03_B16_K8_TcontextScaledSAtSE1TE/epoch_144.params
epoch: 145, train time every whole data:415.09s
epoch: 145, total time:53684.96s
validation batch 1 / 7, loss: 0.03
validation cost time: 90.5110s
epoch: 146, train time every whole data:415.06s
epoch: 146, total time:54190.54s
validation batch 1 / 7, loss: 0.03
validation cost time: 90.5450s
epoch: 147, train time every whole data:415.07s
epoch: 147, total time:54696.15s
validation batch 1 / 7, loss: 0.03
validation cost time: 90.5135s
epoch: 148, train time every whole data:415.02s
epoch: 148, total time:55201.69s
validation batch 1 / 7, loss: 0.03
validation cost time: 90.5161s
save parameters to file: ../experiments/PEMS08/MAE_ASTGNN_h1d0w0_layer4_head8_dm64_channel1_dir2_drop0.00_1.00e-03_B16_K8_TcontextScaledSAtSE1TE/epoch_148.params
epoch: 149, train time every whole data:415.08s
epoch: 149, total time:55707.29s
validation batch 1 / 7, loss: 0.03
validation cost time: 90.5153s
best epoch: 148
apply the best val model on the test data set ...
load weight from: ../experiments/PEMS08/MAE_ASTGNN_h1d0w0_layer4_head8_dm64_channel1_dir2_drop0.00_1.00e-03_B16_K8_TcontextScaledSAtSE1TE/epoch_148.params
predicting testing set batch 1 / 7, time: 12.99s
test time on whole data:90.53s
input: (3567, 170, 12, 1)
prediction: (3567, 170, 12, 1)
data_target_tensor: (3567, 170, 12)
current epoch: 148, predict 0 points
MAE: 12.08
RMSE: 19.40
MAPE: 7.87
current epoch: 148, predict 1 points
MAE: 12.89
RMSE: 20.89
MAPE: 8.37
current epoch: 148, predict 2 points
MAE: 13.44
RMSE: 21.83
MAPE: 8.69
current epoch: 148, predict 3 points
MAE: 13.79
RMSE: 22.55
MAPE: 8.90
current epoch: 148, predict 4 points
MAE: 14.09
RMSE: 23.20
MAPE: 9.12
current epoch: 148, predict 5 points
MAE: 14.40
RMSE: 23.82
MAPE: 9.36
current epoch: 148, predict 6 points
MAE: 14.74
RMSE: 24.43
MAPE: 9.59
current epoch: 148, predict 7 points
MAE: 15.04
RMSE: 25.00
MAPE: 9.77
current epoch: 148, predict 8 points
MAE: 15.30
RMSE: 25.45
MAPE: 9.94
current epoch: 148, predict 9 points
MAE: 15.51
RMSE: 25.83
MAPE: 10.10
current epoch: 148, predict 10 points
MAE: 15.74
RMSE: 26.25
MAPE: 10.26
current epoch: 148, predict 11 points
MAE: 16.08
RMSE: 26.75
MAPE: 10.48
all MAE: 14.43
all RMSE: 23.88
all MAPE: 9.37
[12.080175, 19.399788829794645, 7.868000864982605, 12.892629, 20.88605503492402, 8.374527841806412, 13.438083, 21.827063128475466, 8.686049282550812, 13.789462, 22.554044792973112, 8.902489393949509, 14.087055, 23.19519145724564, 9.11877527832985, 14.404978, 23.815448728599073, 9.364209324121475, 14.741177, 24.42592711704806, 9.587205201387405, 15.039821, 25.002757416292482, 9.772535413503647, 15.298522, 25.44635350572418, 9.943275898694992, 15.511822, 25.830300167405746, 10.102388262748718, 15.741685, 26.245331848686085, 10.257865488529205, 16.08322, 26.749459234458133, 10.484999418258667, 14.425714, 23.881152573571224, 9.371856600046158]
