Thu Nov  4 14:15:56 2021       
+-----------------------------------------------------------------------------+
| NVIDIA-SMI 418.165.02   Driver Version: 418.165.02   CUDA Version: 10.1     |
|-------------------------------+----------------------+----------------------+
| GPU  Name        Persistence-M| Bus-Id        Disp.A | Volatile Uncorr. ECC |
| Fan  Temp  Perf  Pwr:Usage/Cap|         Memory-Usage | GPU-Util  Compute M. |
|===============================+======================+======================|
|   0  Tesla V100-PCIE...  Off  | 00000000:5A:00.0 Off |                    0 |
| N/A   41C    P0    41W / 250W |  17086MiB / 32480MiB |      0%      Default |
+-------------------------------+----------------------+----------------------+
|   1  Tesla V100-PCIE...  Off  | 00000000:5E:00.0 Off |                    0 |
| N/A   53C    P0    74W / 250W |  14376MiB / 32480MiB |     89%      Default |
+-------------------------------+----------------------+----------------------+
|   2  Tesla V100-PCIE...  Off  | 00000000:62:00.0 Off |                    0 |
| N/A   45C    P0   128W / 250W |  14376MiB / 32480MiB |     88%      Default |
+-------------------------------+----------------------+----------------------+
|   3  Tesla V100-PCIE...  Off  | 00000000:66:00.0 Off |                    0 |
| N/A   43C    P0    69W / 250W |  14377MiB / 32480MiB |     88%      Default |
+-------------------------------+----------------------+----------------------+
|   4  Tesla V100-PCIE...  Off  | 00000000:B5:00.0 Off |                    0 |
| N/A   38C    P0    94W / 250W |  14240MiB / 32480MiB |     88%      Default |
+-------------------------------+----------------------+----------------------+
|   5  Tesla V100-PCIE...  Off  | 00000000:B9:00.0 Off |                    0 |
| N/A   31C    P0    26W / 250W |     11MiB / 32480MiB |      0%      Default |
+-------------------------------+----------------------+----------------------+
|   6  Tesla V100-PCIE...  Off  | 00000000:BD:00.0 Off |                    0 |
| N/A   30C    P0    24W / 250W |     11MiB / 32480MiB |      0%      Default |
+-------------------------------+----------------------+----------------------+
|   7  Tesla V100-PCIE...  Off  | 00000000:C1:00.0 Off |                    0 |
| N/A   28C    P0    23W / 250W |     11MiB / 32480MiB |      0%      Default |
+-------------------------------+----------------------+----------------------+
                                                                               
+-----------------------------------------------------------------------------+
| Processes:                                                       GPU Memory |
|  GPU       PID   Type   Process name                             Usage      |
|=============================================================================|
|    0     10414      C   python                                     17075MiB |
|    1     13876      C   python                                     14365MiB |
|    2     14233      C   python                                     14365MiB |
|    3     14433      C   python                                     14365MiB |
|    4     14662      C   python                                     14229MiB |
+-----------------------------------------------------------------------------+
CUDA: True cuda:0
Read configuration file: /data/home/u18112042/CorrSTN/configurations/HZME_INFLOW_rdw.conf
total training epoch, fine tune epoch: 100 , 50
batch_size: 16
attention_top_k: 5
folder_dir: MAE_ASTGNN_h1d1w0_layer4_head8_dm64_channel1_dir2_drop0.00_1.00e-03_B16_K5_TcontextScaledSAtSE1TE
load file: /data/home/u18112042/CorrSTN/data/HZME_INFLOW/HZME_INFLOW_r1_d1_w0.npz
ori length: 4313 , percent: 1.0 , scale: 4313
train: torch.Size([3218, 80, 1, 24]) torch.Size([3218, 80, 12]) torch.Size([3218, 80, 12])
val: torch.Size([1073, 80, 1, 24]) torch.Size([1073, 80, 12]) torch.Size([1073, 80, 12])
test: torch.Size([1073, 80, 1, 24]) torch.Size([1073, 80, 12]) torch.Size([1073, 80, 12])
TemporalPositionalEncoding max_len: 288
w_index: []
d_index: [0, 1, 2, 3, 4, 5, 6, 7, 8, 9, 10, 11]
h_index: [276, 277, 278, 279, 280, 281, 282, 283, 284, 285, 286, 287]
en_lookup_index: [0, 1, 2, 3, 4, 5, 6, 7, 8, 9, 10, 11, 276, 277, 278, 279, 280, 281, 282, 283, 284, 285, 286, 287]
EncoderDecoder(
  (encoder): Encoder(
    (layers): ModuleList(
      (0): EncoderLayer(
        (self_attn): MultiHeadAttentionAwareTemporalContex_q1d_k1d(
          (linears): ModuleList(
            (0): Linear(in_features=64, out_features=64, bias=True)
            (1): Linear(in_features=64, out_features=64, bias=True)
          )
          (conv1Ds_aware_temporal_context): ModuleList(
            (0): Conv2d(64, 64, kernel_size=(1, 3), stride=(1, 1), padding=(0, 1))
            (1): Conv2d(64, 64, kernel_size=(1, 3), stride=(1, 1), padding=(0, 1))
          )
          (dropout): Dropout(p=0.0, inplace=False)
          (attn_ic): Attention_IC(
            (DAT): DynamicAttentionLayer(
              (dropout): Dropout(p=0.0, inplace=False)
            )
          )
        )
        (feed_forward_gcn): PositionWiseGCNFeedForward(
          (gcn): spatialAttentionScaledGCN(
            (Theta): Linear(in_features=64, out_features=64, bias=False)
            (SAt): Spatial_Attention_layer(
              (dropout): Dropout(p=0.0, inplace=False)
            )
          )
          (dropout): Dropout(p=0.0, inplace=False)
        )
        (sublayer): ModuleList(
          (0): SublayerConnection(
            (dropout): Dropout(p=0.0, inplace=False)
            (norm): LayerNorm((64,), eps=1e-05, elementwise_affine=True)
          )
          (1): SublayerConnection(
            (dropout): Dropout(p=0.0, inplace=False)
            (norm): LayerNorm((64,), eps=1e-05, elementwise_affine=True)
          )
        )
      )
      (1): EncoderLayer(
        (self_attn): MultiHeadAttentionAwareTemporalContex_q1d_k1d(
          (linears): ModuleList(
            (0): Linear(in_features=64, out_features=64, bias=True)
            (1): Linear(in_features=64, out_features=64, bias=True)
          )
          (conv1Ds_aware_temporal_context): ModuleList(
            (0): Conv2d(64, 64, kernel_size=(1, 3), stride=(1, 1), padding=(0, 1))
            (1): Conv2d(64, 64, kernel_size=(1, 3), stride=(1, 1), padding=(0, 1))
          )
          (dropout): Dropout(p=0.0, inplace=False)
          (attn_ic): Attention_IC(
            (DAT): DynamicAttentionLayer(
              (dropout): Dropout(p=0.0, inplace=False)
            )
          )
        )
        (feed_forward_gcn): PositionWiseGCNFeedForward(
          (gcn): spatialAttentionScaledGCN(
            (Theta): Linear(in_features=64, out_features=64, bias=False)
            (SAt): Spatial_Attention_layer(
              (dropout): Dropout(p=0.0, inplace=False)
            )
          )
          (dropout): Dropout(p=0.0, inplace=False)
        )
        (sublayer): ModuleList(
          (0): SublayerConnection(
            (dropout): Dropout(p=0.0, inplace=False)
            (norm): LayerNorm((64,), eps=1e-05, elementwise_affine=True)
          )
          (1): SublayerConnection(
            (dropout): Dropout(p=0.0, inplace=False)
            (norm): LayerNorm((64,), eps=1e-05, elementwise_affine=True)
          )
        )
      )
      (2): EncoderLayer(
        (self_attn): MultiHeadAttentionAwareTemporalContex_q1d_k1d(
          (linears): ModuleList(
            (0): Linear(in_features=64, out_features=64, bias=True)
            (1): Linear(in_features=64, out_features=64, bias=True)
          )
          (conv1Ds_aware_temporal_context): ModuleList(
            (0): Conv2d(64, 64, kernel_size=(1, 3), stride=(1, 1), padding=(0, 1))
            (1): Conv2d(64, 64, kernel_size=(1, 3), stride=(1, 1), padding=(0, 1))
          )
          (dropout): Dropout(p=0.0, inplace=False)
          (attn_ic): Attention_IC(
            (DAT): DynamicAttentionLayer(
              (dropout): Dropout(p=0.0, inplace=False)
            )
          )
        )
        (feed_forward_gcn): PositionWiseGCNFeedForward(
          (gcn): spatialAttentionScaledGCN(
            (Theta): Linear(in_features=64, out_features=64, bias=False)
            (SAt): Spatial_Attention_layer(
              (dropout): Dropout(p=0.0, inplace=False)
            )
          )
          (dropout): Dropout(p=0.0, inplace=False)
        )
        (sublayer): ModuleList(
          (0): SublayerConnection(
            (dropout): Dropout(p=0.0, inplace=False)
            (norm): LayerNorm((64,), eps=1e-05, elementwise_affine=True)
          )
          (1): SublayerConnection(
            (dropout): Dropout(p=0.0, inplace=False)
            (norm): LayerNorm((64,), eps=1e-05, elementwise_affine=True)
          )
        )
      )
      (3): EncoderLayer(
        (self_attn): MultiHeadAttentionAwareTemporalContex_q1d_k1d(
          (linears): ModuleList(
            (0): Linear(in_features=64, out_features=64, bias=True)
            (1): Linear(in_features=64, out_features=64, bias=True)
          )
          (conv1Ds_aware_temporal_context): ModuleList(
            (0): Conv2d(64, 64, kernel_size=(1, 3), stride=(1, 1), padding=(0, 1))
            (1): Conv2d(64, 64, kernel_size=(1, 3), stride=(1, 1), padding=(0, 1))
          )
          (dropout): Dropout(p=0.0, inplace=False)
          (attn_ic): Attention_IC(
            (DAT): DynamicAttentionLayer(
              (dropout): Dropout(p=0.0, inplace=False)
            )
          )
        )
        (feed_forward_gcn): PositionWiseGCNFeedForward(
          (gcn): spatialAttentionScaledGCN(
            (Theta): Linear(in_features=64, out_features=64, bias=False)
            (SAt): Spatial_Attention_layer(
              (dropout): Dropout(p=0.0, inplace=False)
            )
          )
          (dropout): Dropout(p=0.0, inplace=False)
        )
        (sublayer): ModuleList(
          (0): SublayerConnection(
            (dropout): Dropout(p=0.0, inplace=False)
            (norm): LayerNorm((64,), eps=1e-05, elementwise_affine=True)
          )
          (1): SublayerConnection(
            (dropout): Dropout(p=0.0, inplace=False)
            (norm): LayerNorm((64,), eps=1e-05, elementwise_affine=True)
          )
        )
      )
    )
    (norm): LayerNorm((64,), eps=1e-05, elementwise_affine=True)
  )
  (decoder): Decoder(
    (layers): ModuleList(
      (0): DecoderLayer(
        (self_attn): MultiHeadAttentionAwareTemporalContex_qc_kc(
          (linears): ModuleList(
            (0): Linear(in_features=64, out_features=64, bias=True)
            (1): Linear(in_features=64, out_features=64, bias=True)
          )
          (conv1Ds_aware_temporal_context): ModuleList(
            (0): Conv2d(64, 64, kernel_size=(1, 3), stride=(1, 1), padding=(0, 2))
            (1): Conv2d(64, 64, kernel_size=(1, 3), stride=(1, 1), padding=(0, 2))
          )
          (dropout): Dropout(p=0.0, inplace=False)
          (attn_ic): Attention_IC(
            (DAT): DynamicAttentionLayer(
              (dropout): Dropout(p=0.0, inplace=False)
            )
          )
        )
        (src_attn): MultiHeadAttentionAwareTemporalContex_qc_k1d(
          (linears): ModuleList(
            (0): Linear(in_features=64, out_features=64, bias=True)
            (1): Linear(in_features=64, out_features=64, bias=True)
          )
          (query_conv1Ds_aware_temporal_context): Conv2d(64, 64, kernel_size=(1, 3), stride=(1, 1), padding=(0, 2))
          (key_conv1Ds_aware_temporal_context): Conv2d(64, 64, kernel_size=(1, 3), stride=(1, 1), padding=(0, 1))
          (dropout): Dropout(p=0.0, inplace=False)
          (attn_ic): Attention_IC(
            (DAT): DynamicAttentionLayer(
              (dropout): Dropout(p=0.0, inplace=False)
            )
          )
        )
        (feed_forward_gcn): PositionWiseGCNFeedForward(
          (gcn): spatialAttentionScaledGCN(
            (Theta): Linear(in_features=64, out_features=64, bias=False)
            (SAt): Spatial_Attention_layer(
              (dropout): Dropout(p=0.0, inplace=False)
            )
          )
          (dropout): Dropout(p=0.0, inplace=False)
        )
        (sublayer): ModuleList(
          (0): SublayerConnection(
            (dropout): Dropout(p=0.0, inplace=False)
            (norm): LayerNorm((64,), eps=1e-05, elementwise_affine=True)
          )
          (1): SublayerConnection(
            (dropout): Dropout(p=0.0, inplace=False)
            (norm): LayerNorm((64,), eps=1e-05, elementwise_affine=True)
          )
          (2): SublayerConnection(
            (dropout): Dropout(p=0.0, inplace=False)
            (norm): LayerNorm((64,), eps=1e-05, elementwise_affine=True)
          )
        )
      )
      (1): DecoderLayer(
        (self_attn): MultiHeadAttentionAwareTemporalContex_qc_kc(
          (linears): ModuleList(
            (0): Linear(in_features=64, out_features=64, bias=True)
            (1): Linear(in_features=64, out_features=64, bias=True)
          )
          (conv1Ds_aware_temporal_context): ModuleList(
            (0): Conv2d(64, 64, kernel_size=(1, 3), stride=(1, 1), padding=(0, 2))
            (1): Conv2d(64, 64, kernel_size=(1, 3), stride=(1, 1), padding=(0, 2))
          )
          (dropout): Dropout(p=0.0, inplace=False)
          (attn_ic): Attention_IC(
            (DAT): DynamicAttentionLayer(
              (dropout): Dropout(p=0.0, inplace=False)
            )
          )
        )
        (src_attn): MultiHeadAttentionAwareTemporalContex_qc_k1d(
          (linears): ModuleList(
            (0): Linear(in_features=64, out_features=64, bias=True)
            (1): Linear(in_features=64, out_features=64, bias=True)
          )
          (query_conv1Ds_aware_temporal_context): Conv2d(64, 64, kernel_size=(1, 3), stride=(1, 1), padding=(0, 2))
          (key_conv1Ds_aware_temporal_context): Conv2d(64, 64, kernel_size=(1, 3), stride=(1, 1), padding=(0, 1))
          (dropout): Dropout(p=0.0, inplace=False)
          (attn_ic): Attention_IC(
            (DAT): DynamicAttentionLayer(
              (dropout): Dropout(p=0.0, inplace=False)
            )
          )
        )
        (feed_forward_gcn): PositionWiseGCNFeedForward(
          (gcn): spatialAttentionScaledGCN(
            (Theta): Linear(in_features=64, out_features=64, bias=False)
            (SAt): Spatial_Attention_layer(
              (dropout): Dropout(p=0.0, inplace=False)
            )
          )
          (dropout): Dropout(p=0.0, inplace=False)
        )
        (sublayer): ModuleList(
          (0): SublayerConnection(
            (dropout): Dropout(p=0.0, inplace=False)
            (norm): LayerNorm((64,), eps=1e-05, elementwise_affine=True)
          )
          (1): SublayerConnection(
            (dropout): Dropout(p=0.0, inplace=False)
            (norm): LayerNorm((64,), eps=1e-05, elementwise_affine=True)
          )
          (2): SublayerConnection(
            (dropout): Dropout(p=0.0, inplace=False)
            (norm): LayerNorm((64,), eps=1e-05, elementwise_affine=True)
          )
        )
      )
      (2): DecoderLayer(
        (self_attn): MultiHeadAttentionAwareTemporalContex_qc_kc(
          (linears): ModuleList(
            (0): Linear(in_features=64, out_features=64, bias=True)
            (1): Linear(in_features=64, out_features=64, bias=True)
          )
          (conv1Ds_aware_temporal_context): ModuleList(
            (0): Conv2d(64, 64, kernel_size=(1, 3), stride=(1, 1), padding=(0, 2))
            (1): Conv2d(64, 64, kernel_size=(1, 3), stride=(1, 1), padding=(0, 2))
          )
          (dropout): Dropout(p=0.0, inplace=False)
          (attn_ic): Attention_IC(
            (DAT): DynamicAttentionLayer(
              (dropout): Dropout(p=0.0, inplace=False)
            )
          )
        )
        (src_attn): MultiHeadAttentionAwareTemporalContex_qc_k1d(
          (linears): ModuleList(
            (0): Linear(in_features=64, out_features=64, bias=True)
            (1): Linear(in_features=64, out_features=64, bias=True)
          )
          (query_conv1Ds_aware_temporal_context): Conv2d(64, 64, kernel_size=(1, 3), stride=(1, 1), padding=(0, 2))
          (key_conv1Ds_aware_temporal_context): Conv2d(64, 64, kernel_size=(1, 3), stride=(1, 1), padding=(0, 1))
          (dropout): Dropout(p=0.0, inplace=False)
          (attn_ic): Attention_IC(
            (DAT): DynamicAttentionLayer(
              (dropout): Dropout(p=0.0, inplace=False)
            )
          )
        )
        (feed_forward_gcn): PositionWiseGCNFeedForward(
          (gcn): spatialAttentionScaledGCN(
            (Theta): Linear(in_features=64, out_features=64, bias=False)
            (SAt): Spatial_Attention_layer(
              (dropout): Dropout(p=0.0, inplace=False)
            )
          )
          (dropout): Dropout(p=0.0, inplace=False)
        )
        (sublayer): ModuleList(
          (0): SublayerConnection(
            (dropout): Dropout(p=0.0, inplace=False)
            (norm): LayerNorm((64,), eps=1e-05, elementwise_affine=True)
          )
          (1): SublayerConnection(
            (dropout): Dropout(p=0.0, inplace=False)
            (norm): LayerNorm((64,), eps=1e-05, elementwise_affine=True)
          )
          (2): SublayerConnection(
            (dropout): Dropout(p=0.0, inplace=False)
            (norm): LayerNorm((64,), eps=1e-05, elementwise_affine=True)
          )
        )
      )
      (3): DecoderLayer(
        (self_attn): MultiHeadAttentionAwareTemporalContex_qc_kc(
          (linears): ModuleList(
            (0): Linear(in_features=64, out_features=64, bias=True)
            (1): Linear(in_features=64, out_features=64, bias=True)
          )
          (conv1Ds_aware_temporal_context): ModuleList(
            (0): Conv2d(64, 64, kernel_size=(1, 3), stride=(1, 1), padding=(0, 2))
            (1): Conv2d(64, 64, kernel_size=(1, 3), stride=(1, 1), padding=(0, 2))
          )
          (dropout): Dropout(p=0.0, inplace=False)
          (attn_ic): Attention_IC(
            (DAT): DynamicAttentionLayer(
              (dropout): Dropout(p=0.0, inplace=False)
            )
          )
        )
        (src_attn): MultiHeadAttentionAwareTemporalContex_qc_k1d(
          (linears): ModuleList(
            (0): Linear(in_features=64, out_features=64, bias=True)
            (1): Linear(in_features=64, out_features=64, bias=True)
          )
          (query_conv1Ds_aware_temporal_context): Conv2d(64, 64, kernel_size=(1, 3), stride=(1, 1), padding=(0, 2))
          (key_conv1Ds_aware_temporal_context): Conv2d(64, 64, kernel_size=(1, 3), stride=(1, 1), padding=(0, 1))
          (dropout): Dropout(p=0.0, inplace=False)
          (attn_ic): Attention_IC(
            (DAT): DynamicAttentionLayer(
              (dropout): Dropout(p=0.0, inplace=False)
            )
          )
        )
        (feed_forward_gcn): PositionWiseGCNFeedForward(
          (gcn): spatialAttentionScaledGCN(
            (Theta): Linear(in_features=64, out_features=64, bias=False)
            (SAt): Spatial_Attention_layer(
              (dropout): Dropout(p=0.0, inplace=False)
            )
          )
          (dropout): Dropout(p=0.0, inplace=False)
        )
        (sublayer): ModuleList(
          (0): SublayerConnection(
            (dropout): Dropout(p=0.0, inplace=False)
            (norm): LayerNorm((64,), eps=1e-05, elementwise_affine=True)
          )
          (1): SublayerConnection(
            (dropout): Dropout(p=0.0, inplace=False)
            (norm): LayerNorm((64,), eps=1e-05, elementwise_affine=True)
          )
          (2): SublayerConnection(
            (dropout): Dropout(p=0.0, inplace=False)
            (norm): LayerNorm((64,), eps=1e-05, elementwise_affine=True)
          )
        )
      )
    )
    (norm): LayerNorm((64,), eps=1e-05, elementwise_affine=True)
  )
  (src_embed): Sequential(
    (0): Linear(in_features=1, out_features=64, bias=True)
    (1): TemporalPositionalEncoding(
      (dropout): Dropout(p=0.0, inplace=False)
    )
    (2): SpatialPositionalEncoding(
      (dropout): Dropout(p=0.0, inplace=False)
      (embedding): Embedding(80, 64)
      (gcn_smooth_layers): ModuleList(
        (0): GCN(
          (Theta): Linear(in_features=64, out_features=64, bias=False)
        )
      )
    )
  )
  (trg_embed): Sequential(
    (0): Linear(in_features=1, out_features=64, bias=True)
    (1): TemporalPositionalEncoding(
      (dropout): Dropout(p=0.0, inplace=False)
    )
    (2): SpatialPositionalEncoding(
      (dropout): Dropout(p=0.0, inplace=False)
      (embedding): Embedding(80, 64)
      (gcn_smooth_layers): ModuleList(
        (0): GCN(
          (Theta): Linear(in_features=64, out_features=64, bias=False)
        )
      )
    )
  )
  (prediction_generator): Linear(in_features=64, out_features=1, bias=True)
)
create params directory ../experiments/HZME_INFLOW/MAE_ASTGNN_h1d1w0_layer4_head8_dm64_channel1_dir2_drop0.00_1.00e-03_B16_K5_TcontextScaledSAtSE1TE
Net's state_dict:
encoder.layers.0.self_attn.linears.0.weight 	 torch.Size([64, 64])
encoder.layers.0.self_attn.linears.0.bias 	 torch.Size([64])
encoder.layers.0.self_attn.linears.1.weight 	 torch.Size([64, 64])
encoder.layers.0.self_attn.linears.1.bias 	 torch.Size([64])
encoder.layers.0.self_attn.conv1Ds_aware_temporal_context.0.weight 	 torch.Size([64, 64, 1, 3])
encoder.layers.0.self_attn.conv1Ds_aware_temporal_context.0.bias 	 torch.Size([64])
encoder.layers.0.self_attn.conv1Ds_aware_temporal_context.1.weight 	 torch.Size([64, 64, 1, 3])
encoder.layers.0.self_attn.conv1Ds_aware_temporal_context.1.bias 	 torch.Size([64])
encoder.layers.0.feed_forward_gcn.gcn.alpha 	 torch.Size([1])
encoder.layers.0.feed_forward_gcn.gcn.beta 	 torch.Size([1])
encoder.layers.0.feed_forward_gcn.gcn.Theta.weight 	 torch.Size([64, 64])
encoder.layers.0.sublayer.0.norm.weight 	 torch.Size([64])
encoder.layers.0.sublayer.0.norm.bias 	 torch.Size([64])
encoder.layers.0.sublayer.1.norm.weight 	 torch.Size([64])
encoder.layers.0.sublayer.1.norm.bias 	 torch.Size([64])
encoder.layers.1.self_attn.linears.0.weight 	 torch.Size([64, 64])
encoder.layers.1.self_attn.linears.0.bias 	 torch.Size([64])
encoder.layers.1.self_attn.linears.1.weight 	 torch.Size([64, 64])
encoder.layers.1.self_attn.linears.1.bias 	 torch.Size([64])
encoder.layers.1.self_attn.conv1Ds_aware_temporal_context.0.weight 	 torch.Size([64, 64, 1, 3])
encoder.layers.1.self_attn.conv1Ds_aware_temporal_context.0.bias 	 torch.Size([64])
encoder.layers.1.self_attn.conv1Ds_aware_temporal_context.1.weight 	 torch.Size([64, 64, 1, 3])
encoder.layers.1.self_attn.conv1Ds_aware_temporal_context.1.bias 	 torch.Size([64])
encoder.layers.1.feed_forward_gcn.gcn.alpha 	 torch.Size([1])
encoder.layers.1.feed_forward_gcn.gcn.beta 	 torch.Size([1])
encoder.layers.1.feed_forward_gcn.gcn.Theta.weight 	 torch.Size([64, 64])
encoder.layers.1.sublayer.0.norm.weight 	 torch.Size([64])
encoder.layers.1.sublayer.0.norm.bias 	 torch.Size([64])
encoder.layers.1.sublayer.1.norm.weight 	 torch.Size([64])
encoder.layers.1.sublayer.1.norm.bias 	 torch.Size([64])
encoder.layers.2.self_attn.linears.0.weight 	 torch.Size([64, 64])
encoder.layers.2.self_attn.linears.0.bias 	 torch.Size([64])
encoder.layers.2.self_attn.linears.1.weight 	 torch.Size([64, 64])
encoder.layers.2.self_attn.linears.1.bias 	 torch.Size([64])
encoder.layers.2.self_attn.conv1Ds_aware_temporal_context.0.weight 	 torch.Size([64, 64, 1, 3])
encoder.layers.2.self_attn.conv1Ds_aware_temporal_context.0.bias 	 torch.Size([64])
encoder.layers.2.self_attn.conv1Ds_aware_temporal_context.1.weight 	 torch.Size([64, 64, 1, 3])
encoder.layers.2.self_attn.conv1Ds_aware_temporal_context.1.bias 	 torch.Size([64])
encoder.layers.2.feed_forward_gcn.gcn.alpha 	 torch.Size([1])
encoder.layers.2.feed_forward_gcn.gcn.beta 	 torch.Size([1])
encoder.layers.2.feed_forward_gcn.gcn.Theta.weight 	 torch.Size([64, 64])
encoder.layers.2.sublayer.0.norm.weight 	 torch.Size([64])
encoder.layers.2.sublayer.0.norm.bias 	 torch.Size([64])
encoder.layers.2.sublayer.1.norm.weight 	 torch.Size([64])
encoder.layers.2.sublayer.1.norm.bias 	 torch.Size([64])
encoder.layers.3.self_attn.linears.0.weight 	 torch.Size([64, 64])
encoder.layers.3.self_attn.linears.0.bias 	 torch.Size([64])
encoder.layers.3.self_attn.linears.1.weight 	 torch.Size([64, 64])
encoder.layers.3.self_attn.linears.1.bias 	 torch.Size([64])
encoder.layers.3.self_attn.conv1Ds_aware_temporal_context.0.weight 	 torch.Size([64, 64, 1, 3])
encoder.layers.3.self_attn.conv1Ds_aware_temporal_context.0.bias 	 torch.Size([64])
encoder.layers.3.self_attn.conv1Ds_aware_temporal_context.1.weight 	 torch.Size([64, 64, 1, 3])
encoder.layers.3.self_attn.conv1Ds_aware_temporal_context.1.bias 	 torch.Size([64])
encoder.layers.3.feed_forward_gcn.gcn.alpha 	 torch.Size([1])
encoder.layers.3.feed_forward_gcn.gcn.beta 	 torch.Size([1])
encoder.layers.3.feed_forward_gcn.gcn.Theta.weight 	 torch.Size([64, 64])
encoder.layers.3.sublayer.0.norm.weight 	 torch.Size([64])
encoder.layers.3.sublayer.0.norm.bias 	 torch.Size([64])
encoder.layers.3.sublayer.1.norm.weight 	 torch.Size([64])
encoder.layers.3.sublayer.1.norm.bias 	 torch.Size([64])
encoder.norm.weight 	 torch.Size([64])
encoder.norm.bias 	 torch.Size([64])
decoder.layers.0.self_attn.linears.0.weight 	 torch.Size([64, 64])
decoder.layers.0.self_attn.linears.0.bias 	 torch.Size([64])
decoder.layers.0.self_attn.linears.1.weight 	 torch.Size([64, 64])
decoder.layers.0.self_attn.linears.1.bias 	 torch.Size([64])
decoder.layers.0.self_attn.conv1Ds_aware_temporal_context.0.weight 	 torch.Size([64, 64, 1, 3])
decoder.layers.0.self_attn.conv1Ds_aware_temporal_context.0.bias 	 torch.Size([64])
decoder.layers.0.self_attn.conv1Ds_aware_temporal_context.1.weight 	 torch.Size([64, 64, 1, 3])
decoder.layers.0.self_attn.conv1Ds_aware_temporal_context.1.bias 	 torch.Size([64])
decoder.layers.0.src_attn.linears.0.weight 	 torch.Size([64, 64])
decoder.layers.0.src_attn.linears.0.bias 	 torch.Size([64])
decoder.layers.0.src_attn.linears.1.weight 	 torch.Size([64, 64])
decoder.layers.0.src_attn.linears.1.bias 	 torch.Size([64])
decoder.layers.0.src_attn.query_conv1Ds_aware_temporal_context.weight 	 torch.Size([64, 64, 1, 3])
decoder.layers.0.src_attn.query_conv1Ds_aware_temporal_context.bias 	 torch.Size([64])
decoder.layers.0.src_attn.key_conv1Ds_aware_temporal_context.weight 	 torch.Size([64, 64, 1, 3])
decoder.layers.0.src_attn.key_conv1Ds_aware_temporal_context.bias 	 torch.Size([64])
decoder.layers.0.feed_forward_gcn.gcn.alpha 	 torch.Size([1])
decoder.layers.0.feed_forward_gcn.gcn.beta 	 torch.Size([1])
decoder.layers.0.feed_forward_gcn.gcn.Theta.weight 	 torch.Size([64, 64])
decoder.layers.0.sublayer.0.norm.weight 	 torch.Size([64])
decoder.layers.0.sublayer.0.norm.bias 	 torch.Size([64])
decoder.layers.0.sublayer.1.norm.weight 	 torch.Size([64])
decoder.layers.0.sublayer.1.norm.bias 	 torch.Size([64])
decoder.layers.0.sublayer.2.norm.weight 	 torch.Size([64])
decoder.layers.0.sublayer.2.norm.bias 	 torch.Size([64])
decoder.layers.1.self_attn.linears.0.weight 	 torch.Size([64, 64])
decoder.layers.1.self_attn.linears.0.bias 	 torch.Size([64])
decoder.layers.1.self_attn.linears.1.weight 	 torch.Size([64, 64])
decoder.layers.1.self_attn.linears.1.bias 	 torch.Size([64])
decoder.layers.1.self_attn.conv1Ds_aware_temporal_context.0.weight 	 torch.Size([64, 64, 1, 3])
decoder.layers.1.self_attn.conv1Ds_aware_temporal_context.0.bias 	 torch.Size([64])
decoder.layers.1.self_attn.conv1Ds_aware_temporal_context.1.weight 	 torch.Size([64, 64, 1, 3])
decoder.layers.1.self_attn.conv1Ds_aware_temporal_context.1.bias 	 torch.Size([64])
decoder.layers.1.src_attn.linears.0.weight 	 torch.Size([64, 64])
decoder.layers.1.src_attn.linears.0.bias 	 torch.Size([64])
decoder.layers.1.src_attn.linears.1.weight 	 torch.Size([64, 64])
decoder.layers.1.src_attn.linears.1.bias 	 torch.Size([64])
decoder.layers.1.src_attn.query_conv1Ds_aware_temporal_context.weight 	 torch.Size([64, 64, 1, 3])
decoder.layers.1.src_attn.query_conv1Ds_aware_temporal_context.bias 	 torch.Size([64])
decoder.layers.1.src_attn.key_conv1Ds_aware_temporal_context.weight 	 torch.Size([64, 64, 1, 3])
decoder.layers.1.src_attn.key_conv1Ds_aware_temporal_context.bias 	 torch.Size([64])
decoder.layers.1.feed_forward_gcn.gcn.alpha 	 torch.Size([1])
decoder.layers.1.feed_forward_gcn.gcn.beta 	 torch.Size([1])
decoder.layers.1.feed_forward_gcn.gcn.Theta.weight 	 torch.Size([64, 64])
decoder.layers.1.sublayer.0.norm.weight 	 torch.Size([64])
decoder.layers.1.sublayer.0.norm.bias 	 torch.Size([64])
decoder.layers.1.sublayer.1.norm.weight 	 torch.Size([64])
decoder.layers.1.sublayer.1.norm.bias 	 torch.Size([64])
decoder.layers.1.sublayer.2.norm.weight 	 torch.Size([64])
decoder.layers.1.sublayer.2.norm.bias 	 torch.Size([64])
decoder.layers.2.self_attn.linears.0.weight 	 torch.Size([64, 64])
decoder.layers.2.self_attn.linears.0.bias 	 torch.Size([64])
decoder.layers.2.self_attn.linears.1.weight 	 torch.Size([64, 64])
decoder.layers.2.self_attn.linears.1.bias 	 torch.Size([64])
decoder.layers.2.self_attn.conv1Ds_aware_temporal_context.0.weight 	 torch.Size([64, 64, 1, 3])
decoder.layers.2.self_attn.conv1Ds_aware_temporal_context.0.bias 	 torch.Size([64])
decoder.layers.2.self_attn.conv1Ds_aware_temporal_context.1.weight 	 torch.Size([64, 64, 1, 3])
decoder.layers.2.self_attn.conv1Ds_aware_temporal_context.1.bias 	 torch.Size([64])
decoder.layers.2.src_attn.linears.0.weight 	 torch.Size([64, 64])
decoder.layers.2.src_attn.linears.0.bias 	 torch.Size([64])
decoder.layers.2.src_attn.linears.1.weight 	 torch.Size([64, 64])
decoder.layers.2.src_attn.linears.1.bias 	 torch.Size([64])
decoder.layers.2.src_attn.query_conv1Ds_aware_temporal_context.weight 	 torch.Size([64, 64, 1, 3])
decoder.layers.2.src_attn.query_conv1Ds_aware_temporal_context.bias 	 torch.Size([64])
decoder.layers.2.src_attn.key_conv1Ds_aware_temporal_context.weight 	 torch.Size([64, 64, 1, 3])
decoder.layers.2.src_attn.key_conv1Ds_aware_temporal_context.bias 	 torch.Size([64])
decoder.layers.2.feed_forward_gcn.gcn.alpha 	 torch.Size([1])
decoder.layers.2.feed_forward_gcn.gcn.beta 	 torch.Size([1])
decoder.layers.2.feed_forward_gcn.gcn.Theta.weight 	 torch.Size([64, 64])
decoder.layers.2.sublayer.0.norm.weight 	 torch.Size([64])
decoder.layers.2.sublayer.0.norm.bias 	 torch.Size([64])
decoder.layers.2.sublayer.1.norm.weight 	 torch.Size([64])
decoder.layers.2.sublayer.1.norm.bias 	 torch.Size([64])
decoder.layers.2.sublayer.2.norm.weight 	 torch.Size([64])
decoder.layers.2.sublayer.2.norm.bias 	 torch.Size([64])
decoder.layers.3.self_attn.linears.0.weight 	 torch.Size([64, 64])
decoder.layers.3.self_attn.linears.0.bias 	 torch.Size([64])
decoder.layers.3.self_attn.linears.1.weight 	 torch.Size([64, 64])
decoder.layers.3.self_attn.linears.1.bias 	 torch.Size([64])
decoder.layers.3.self_attn.conv1Ds_aware_temporal_context.0.weight 	 torch.Size([64, 64, 1, 3])
decoder.layers.3.self_attn.conv1Ds_aware_temporal_context.0.bias 	 torch.Size([64])
decoder.layers.3.self_attn.conv1Ds_aware_temporal_context.1.weight 	 torch.Size([64, 64, 1, 3])
decoder.layers.3.self_attn.conv1Ds_aware_temporal_context.1.bias 	 torch.Size([64])
decoder.layers.3.src_attn.linears.0.weight 	 torch.Size([64, 64])
decoder.layers.3.src_attn.linears.0.bias 	 torch.Size([64])
decoder.layers.3.src_attn.linears.1.weight 	 torch.Size([64, 64])
decoder.layers.3.src_attn.linears.1.bias 	 torch.Size([64])
decoder.layers.3.src_attn.query_conv1Ds_aware_temporal_context.weight 	 torch.Size([64, 64, 1, 3])
decoder.layers.3.src_attn.query_conv1Ds_aware_temporal_context.bias 	 torch.Size([64])
decoder.layers.3.src_attn.key_conv1Ds_aware_temporal_context.weight 	 torch.Size([64, 64, 1, 3])
decoder.layers.3.src_attn.key_conv1Ds_aware_temporal_context.bias 	 torch.Size([64])
decoder.layers.3.feed_forward_gcn.gcn.alpha 	 torch.Size([1])
decoder.layers.3.feed_forward_gcn.gcn.beta 	 torch.Size([1])
decoder.layers.3.feed_forward_gcn.gcn.Theta.weight 	 torch.Size([64, 64])
decoder.layers.3.sublayer.0.norm.weight 	 torch.Size([64])
decoder.layers.3.sublayer.0.norm.bias 	 torch.Size([64])
decoder.layers.3.sublayer.1.norm.weight 	 torch.Size([64])
decoder.layers.3.sublayer.1.norm.bias 	 torch.Size([64])
decoder.layers.3.sublayer.2.norm.weight 	 torch.Size([64])
decoder.layers.3.sublayer.2.norm.bias 	 torch.Size([64])
decoder.norm.weight 	 torch.Size([64])
decoder.norm.bias 	 torch.Size([64])
src_embed.0.weight 	 torch.Size([64, 1])
src_embed.0.bias 	 torch.Size([64])
src_embed.1.pe 	 torch.Size([1, 1, 288, 64])
src_embed.2.embedding.weight 	 torch.Size([80, 64])
src_embed.2.gcn_smooth_layers.0.alpha 	 torch.Size([1])
src_embed.2.gcn_smooth_layers.0.beta 	 torch.Size([1])
src_embed.2.gcn_smooth_layers.0.Theta.weight 	 torch.Size([64, 64])
trg_embed.0.weight 	 torch.Size([64, 1])
trg_embed.0.bias 	 torch.Size([64])
trg_embed.1.pe 	 torch.Size([1, 1, 12, 64])
trg_embed.2.embedding.weight 	 torch.Size([80, 64])
trg_embed.2.gcn_smooth_layers.0.alpha 	 torch.Size([1])
trg_embed.2.gcn_smooth_layers.0.beta 	 torch.Size([1])
trg_embed.2.gcn_smooth_layers.0.Theta.weight 	 torch.Size([64, 64])
prediction_generator.weight 	 torch.Size([1, 64])
prediction_generator.bias 	 torch.Size([1])
Net's total params: 469845
Optimizer's state_dict:
state 	 {}
param_groups 	 [{'lr': 0.001, 'betas': (0.9, 0.999), 'eps': 1e-08, 'weight_decay': 0, 'amsgrad': False, 'params': [0, 1, 2, 3, 4, 5, 6, 7, 8, 9, 10, 11, 12, 13, 14, 15, 16, 17, 18, 19, 20, 21, 22, 23, 24, 25, 26, 27, 28, 29, 30, 31, 32, 33, 34, 35, 36, 37, 38, 39, 40, 41, 42, 43, 44, 45, 46, 47, 48, 49, 50, 51, 52, 53, 54, 55, 56, 57, 58, 59, 60, 61, 62, 63, 64, 65, 66, 67, 68, 69, 70, 71, 72, 73, 74, 75, 76, 77, 78, 79, 80, 81, 82, 83, 84, 85, 86, 87, 88, 89, 90, 91, 92, 93, 94, 95, 96, 97, 98, 99, 100, 101, 102, 103, 104, 105, 106, 107, 108, 109, 110, 111, 112, 113, 114, 115, 116, 117, 118, 119, 120, 121, 122, 123, 124, 125, 126, 127, 128, 129, 130, 131, 132, 133, 134, 135, 136, 137, 138, 139, 140, 141, 142, 143, 144, 145, 146, 147, 148, 149, 150, 151, 152, 153, 154, 155, 156, 157, 158, 159, 160, 161, 162, 163, 164, 165, 166, 167, 168, 169, 170, 171, 172, 173, 174, 175, 176, 177]}]
validation batch 1 / 3, loss: 2.12
validation cost time: 9.1053s
save parameters to file: ../experiments/HZME_INFLOW/MAE_ASTGNN_h1d1w0_layer4_head8_dm64_channel1_dir2_drop0.00_1.00e-03_B16_K5_TcontextScaledSAtSE1TE/epoch_0.params
epoch: 0, train time every whole data:24.31s
epoch: 0, total time:33.43s
validation batch 1 / 3, loss: 0.06
validation cost time: 8.7895s
save parameters to file: ../experiments/HZME_INFLOW/MAE_ASTGNN_h1d1w0_layer4_head8_dm64_channel1_dir2_drop0.00_1.00e-03_B16_K5_TcontextScaledSAtSE1TE/epoch_1.params
epoch: 1, train time every whole data:24.28s
epoch: 1, total time:66.51s
validation batch 1 / 3, loss: 0.06
validation cost time: 8.7895s
epoch: 2, train time every whole data:24.27s
epoch: 2, total time:99.57s
validation batch 1 / 3, loss: 0.06
validation cost time: 8.7888s
epoch: 3, train time every whole data:24.26s
epoch: 3, total time:132.63s
validation batch 1 / 3, loss: 0.05
validation cost time: 8.7884s
save parameters to file: ../experiments/HZME_INFLOW/MAE_ASTGNN_h1d1w0_layer4_head8_dm64_channel1_dir2_drop0.00_1.00e-03_B16_K5_TcontextScaledSAtSE1TE/epoch_4.params
epoch: 4, train time every whole data:24.27s
epoch: 4, total time:165.70s
validation batch 1 / 3, loss: 0.06
validation cost time: 8.7887s
epoch: 5, train time every whole data:24.27s
epoch: 5, total time:198.76s
validation batch 1 / 3, loss: 0.06
validation cost time: 8.7894s
save parameters to file: ../experiments/HZME_INFLOW/MAE_ASTGNN_h1d1w0_layer4_head8_dm64_channel1_dir2_drop0.00_1.00e-03_B16_K5_TcontextScaledSAtSE1TE/epoch_6.params
epoch: 6, train time every whole data:24.28s
epoch: 6, total time:231.84s
validation batch 1 / 3, loss: 0.02
validation cost time: 8.7932s
save parameters to file: ../experiments/HZME_INFLOW/MAE_ASTGNN_h1d1w0_layer4_head8_dm64_channel1_dir2_drop0.00_1.00e-03_B16_K5_TcontextScaledSAtSE1TE/epoch_7.params
epoch: 7, train time every whole data:24.29s
epoch: 7, total time:264.94s
validation batch 1 / 3, loss: 0.03
validation cost time: 8.7899s
epoch: 8, train time every whole data:24.29s
epoch: 8, total time:298.02s
validation batch 1 / 3, loss: 0.03
validation cost time: 8.7899s
epoch: 9, train time every whole data:24.29s
epoch: 9, total time:331.11s
validation batch 1 / 3, loss: 0.04
validation cost time: 8.7901s
epoch: 10, train time every whole data:24.29s
epoch: 10, total time:364.19s
validation batch 1 / 3, loss: 0.07
validation cost time: 8.7900s
epoch: 11, train time every whole data:24.29s
epoch: 11, total time:397.28s
validation batch 1 / 3, loss: 0.03
validation cost time: 8.7900s
epoch: 12, train time every whole data:24.29s
epoch: 12, total time:430.36s
validation batch 1 / 3, loss: 0.02
validation cost time: 8.7895s
save parameters to file: ../experiments/HZME_INFLOW/MAE_ASTGNN_h1d1w0_layer4_head8_dm64_channel1_dir2_drop0.00_1.00e-03_B16_K5_TcontextScaledSAtSE1TE/epoch_13.params
epoch: 13, train time every whole data:24.29s
epoch: 13, total time:463.45s
validation batch 1 / 3, loss: 0.02
validation cost time: 8.7899s
epoch: 14, train time every whole data:24.29s
epoch: 14, total time:496.53s
validation batch 1 / 3, loss: 0.06
validation cost time: 8.7900s
epoch: 15, train time every whole data:24.29s
epoch: 15, total time:529.61s
validation batch 1 / 3, loss: 0.02
validation cost time: 8.7913s
epoch: 16, train time every whole data:24.29s
epoch: 16, total time:562.70s
validation batch 1 / 3, loss: 0.03
validation cost time: 8.7901s
epoch: 17, train time every whole data:24.29s
epoch: 17, total time:595.78s
validation batch 1 / 3, loss: 0.04
validation cost time: 8.7901s
epoch: 18, train time every whole data:24.28s
epoch: 18, total time:628.86s
validation batch 1 / 3, loss: 0.10
validation cost time: 8.7895s
epoch: 19, train time every whole data:24.29s
epoch: 19, total time:661.94s
validation batch 1 / 3, loss: 0.02
validation cost time: 8.8245s
epoch: 20, train time every whole data:24.30s
epoch: 20, total time:695.06s
validation batch 1 / 3, loss: 0.02
validation cost time: 8.7896s
epoch: 21, train time every whole data:24.30s
epoch: 21, total time:728.15s
validation batch 1 / 3, loss: 0.03
validation cost time: 8.7901s
epoch: 22, train time every whole data:24.30s
epoch: 22, total time:761.24s
validation batch 1 / 3, loss: 0.05
validation cost time: 8.7894s
epoch: 23, train time every whole data:24.29s
epoch: 23, total time:794.33s
validation batch 1 / 3, loss: 0.05
validation cost time: 8.7898s
epoch: 24, train time every whole data:24.29s
epoch: 24, total time:827.41s
validation batch 1 / 3, loss: 0.04
validation cost time: 8.7897s
epoch: 25, train time every whole data:24.30s
epoch: 25, total time:860.50s
validation batch 1 / 3, loss: 0.02
validation cost time: 8.7910s
save parameters to file: ../experiments/HZME_INFLOW/MAE_ASTGNN_h1d1w0_layer4_head8_dm64_channel1_dir2_drop0.00_1.00e-03_B16_K5_TcontextScaledSAtSE1TE/epoch_26.params
epoch: 26, train time every whole data:24.29s
epoch: 26, total time:893.59s
validation batch 1 / 3, loss: 0.02
validation cost time: 8.7893s
epoch: 27, train time every whole data:24.29s
epoch: 27, total time:926.67s
validation batch 1 / 3, loss: 0.03
validation cost time: 8.7901s
epoch: 28, train time every whole data:24.29s
epoch: 28, total time:959.75s
validation batch 1 / 3, loss: 0.02
validation cost time: 8.7901s
epoch: 29, train time every whole data:24.29s
epoch: 29, total time:992.83s
validation batch 1 / 3, loss: 0.04
validation cost time: 8.7905s
epoch: 30, train time every whole data:24.29s
epoch: 30, total time:1025.92s
validation batch 1 / 3, loss: 0.03
validation cost time: 8.7899s
epoch: 31, train time every whole data:24.30s
epoch: 31, total time:1059.01s
validation batch 1 / 3, loss: 0.02
validation cost time: 8.7903s
epoch: 32, train time every whole data:24.29s
epoch: 32, total time:1092.09s
validation batch 1 / 3, loss: 0.04
validation cost time: 8.7903s
epoch: 33, train time every whole data:24.29s
epoch: 33, total time:1125.18s
validation batch 1 / 3, loss: 0.02
validation cost time: 8.7898s
save parameters to file: ../experiments/HZME_INFLOW/MAE_ASTGNN_h1d1w0_layer4_head8_dm64_channel1_dir2_drop0.00_1.00e-03_B16_K5_TcontextScaledSAtSE1TE/epoch_34.params
epoch: 34, train time every whole data:24.30s
epoch: 34, total time:1158.28s
validation batch 1 / 3, loss: 0.04
validation cost time: 8.7896s
epoch: 35, train time every whole data:24.31s
epoch: 35, total time:1191.38s
validation batch 1 / 3, loss: 0.02
validation cost time: 8.7908s
epoch: 36, train time every whole data:24.30s
epoch: 36, total time:1224.47s
validation batch 1 / 3, loss: 0.03
validation cost time: 8.7898s
epoch: 37, train time every whole data:24.30s
epoch: 37, total time:1257.56s
validation batch 1 / 3, loss: 0.02
validation cost time: 8.7900s
epoch: 38, train time every whole data:24.30s
epoch: 38, total time:1290.66s
validation batch 1 / 3, loss: 0.04
validation cost time: 8.7896s
epoch: 39, train time every whole data:24.30s
epoch: 39, total time:1323.75s
validation batch 1 / 3, loss: 0.02
validation cost time: 8.7906s
epoch: 40, train time every whole data:24.30s
epoch: 40, total time:1356.85s
validation batch 1 / 3, loss: 0.02
validation cost time: 8.7899s
epoch: 41, train time every whole data:24.31s
epoch: 41, total time:1389.94s
validation batch 1 / 3, loss: 0.04
validation cost time: 8.7899s
epoch: 42, train time every whole data:24.30s
epoch: 42, total time:1423.04s
validation batch 1 / 3, loss: 0.03
validation cost time: 8.7898s
epoch: 43, train time every whole data:24.30s
epoch: 43, total time:1456.13s
validation batch 1 / 3, loss: 0.02
validation cost time: 8.7906s
epoch: 44, train time every whole data:24.30s
epoch: 44, total time:1489.23s
validation batch 1 / 3, loss: 0.02
validation cost time: 8.7902s
save parameters to file: ../experiments/HZME_INFLOW/MAE_ASTGNN_h1d1w0_layer4_head8_dm64_channel1_dir2_drop0.00_1.00e-03_B16_K5_TcontextScaledSAtSE1TE/epoch_45.params
epoch: 45, train time every whole data:24.30s
epoch: 45, total time:1522.33s
validation batch 1 / 3, loss: 0.02
validation cost time: 8.7896s
epoch: 46, train time every whole data:24.30s
epoch: 46, total time:1555.42s
validation batch 1 / 3, loss: 0.02
validation cost time: 8.7900s
epoch: 47, train time every whole data:24.30s
epoch: 47, total time:1588.51s
validation batch 1 / 3, loss: 0.02
validation cost time: 8.7894s
epoch: 48, train time every whole data:24.30s
epoch: 48, total time:1621.60s
validation batch 1 / 3, loss: 0.02
validation cost time: 8.7901s
epoch: 49, train time every whole data:24.30s
epoch: 49, total time:1654.69s
validation batch 1 / 3, loss: 0.05
validation cost time: 8.7910s
epoch: 50, train time every whole data:24.29s
epoch: 50, total time:1687.78s
validation batch 1 / 3, loss: 0.02
validation cost time: 8.7898s
epoch: 51, train time every whole data:24.30s
epoch: 51, total time:1720.88s
validation batch 1 / 3, loss: 0.01
validation cost time: 8.7905s
save parameters to file: ../experiments/HZME_INFLOW/MAE_ASTGNN_h1d1w0_layer4_head8_dm64_channel1_dir2_drop0.00_1.00e-03_B16_K5_TcontextScaledSAtSE1TE/epoch_52.params
epoch: 52, train time every whole data:24.30s
epoch: 52, total time:1753.98s
validation batch 1 / 3, loss: 0.02
validation cost time: 8.7899s
save parameters to file: ../experiments/HZME_INFLOW/MAE_ASTGNN_h1d1w0_layer4_head8_dm64_channel1_dir2_drop0.00_1.00e-03_B16_K5_TcontextScaledSAtSE1TE/epoch_53.params
epoch: 53, train time every whole data:24.30s
epoch: 53, total time:1787.09s
validation batch 1 / 3, loss: 0.02
validation cost time: 8.7900s
epoch: 54, train time every whole data:24.30s
epoch: 54, total time:1820.18s
validation batch 1 / 3, loss: 0.02
validation cost time: 8.7899s
epoch: 55, train time every whole data:24.31s
epoch: 55, total time:1853.28s
validation batch 1 / 3, loss: 0.02
validation cost time: 8.7903s
epoch: 56, train time every whole data:24.30s
epoch: 56, total time:1886.37s
validation batch 1 / 3, loss: 0.04
validation cost time: 8.7901s
epoch: 57, train time every whole data:24.30s
epoch: 57, total time:1919.47s
validation batch 1 / 3, loss: 0.02
validation cost time: 8.7899s
epoch: 58, train time every whole data:24.29s
epoch: 58, total time:1952.55s
validation batch 1 / 3, loss: 0.02
validation cost time: 8.7899s
epoch: 59, train time every whole data:24.30s
epoch: 59, total time:1985.65s
validation batch 1 / 3, loss: 0.02
validation cost time: 8.7907s
epoch: 60, train time every whole data:24.30s
epoch: 60, total time:2018.74s
validation batch 1 / 3, loss: 0.01
validation cost time: 8.7903s
save parameters to file: ../experiments/HZME_INFLOW/MAE_ASTGNN_h1d1w0_layer4_head8_dm64_channel1_dir2_drop0.00_1.00e-03_B16_K5_TcontextScaledSAtSE1TE/epoch_61.params
epoch: 61, train time every whole data:24.31s
epoch: 61, total time:2051.85s
validation batch 1 / 3, loss: 0.02
validation cost time: 8.7909s
epoch: 62, train time every whole data:24.31s
epoch: 62, total time:2084.95s
validation batch 1 / 3, loss: 0.02
validation cost time: 8.7897s
epoch: 63, train time every whole data:24.31s
epoch: 63, total time:2118.05s
validation batch 1 / 3, loss: 0.05
validation cost time: 8.7903s
epoch: 64, train time every whole data:24.31s
epoch: 64, total time:2151.15s
validation batch 1 / 3, loss: 0.02
validation cost time: 8.8230s
epoch: 65, train time every whole data:24.31s
epoch: 65, total time:2184.29s
validation batch 1 / 3, loss: 0.02
validation cost time: 8.7902s
epoch: 66, train time every whole data:24.30s
epoch: 66, total time:2217.38s
validation batch 1 / 3, loss: 0.02
validation cost time: 8.7901s
epoch: 67, train time every whole data:24.30s
epoch: 67, total time:2250.47s
validation batch 1 / 3, loss: 0.02
validation cost time: 8.7901s
epoch: 68, train time every whole data:24.30s
epoch: 68, total time:2283.56s
validation batch 1 / 3, loss: 0.01
validation cost time: 8.7898s
save parameters to file: ../experiments/HZME_INFLOW/MAE_ASTGNN_h1d1w0_layer4_head8_dm64_channel1_dir2_drop0.00_1.00e-03_B16_K5_TcontextScaledSAtSE1TE/epoch_69.params
epoch: 69, train time every whole data:24.30s
epoch: 69, total time:2316.67s
validation batch 1 / 3, loss: 0.02
validation cost time: 8.7905s
epoch: 70, train time every whole data:24.30s
epoch: 70, total time:2349.76s
validation batch 1 / 3, loss: 0.02
validation cost time: 8.7896s
epoch: 71, train time every whole data:24.30s
epoch: 71, total time:2382.86s
validation batch 1 / 3, loss: 0.01
validation cost time: 8.7901s
epoch: 72, train time every whole data:24.30s
epoch: 72, total time:2415.95s
validation batch 1 / 3, loss: 0.01
validation cost time: 8.7897s
save parameters to file: ../experiments/HZME_INFLOW/MAE_ASTGNN_h1d1w0_layer4_head8_dm64_channel1_dir2_drop0.00_1.00e-03_B16_K5_TcontextScaledSAtSE1TE/epoch_73.params
epoch: 73, train time every whole data:24.31s
epoch: 73, total time:2449.07s
validation batch 1 / 3, loss: 0.01
validation cost time: 8.7902s
epoch: 74, train time every whole data:24.31s
epoch: 74, total time:2482.17s
validation batch 1 / 3, loss: 0.01
validation cost time: 8.7904s
save parameters to file: ../experiments/HZME_INFLOW/MAE_ASTGNN_h1d1w0_layer4_head8_dm64_channel1_dir2_drop0.00_1.00e-03_B16_K5_TcontextScaledSAtSE1TE/epoch_75.params
epoch: 75, train time every whole data:24.30s
epoch: 75, total time:2515.28s
validation batch 1 / 3, loss: 0.02
validation cost time: 8.7904s
epoch: 76, train time every whole data:24.30s
epoch: 76, total time:2548.37s
validation batch 1 / 3, loss: 0.02
validation cost time: 8.7896s
epoch: 77, train time every whole data:24.31s
epoch: 77, total time:2581.47s
validation batch 1 / 3, loss: 0.01
validation cost time: 8.7906s
epoch: 78, train time every whole data:24.31s
epoch: 78, total time:2614.56s
validation batch 1 / 3, loss: 0.02
validation cost time: 8.7895s
epoch: 79, train time every whole data:24.30s
epoch: 79, total time:2647.66s
validation batch 1 / 3, loss: 0.03
validation cost time: 8.7910s
epoch: 80, train time every whole data:24.30s
epoch: 80, total time:2680.75s
validation batch 1 / 3, loss: 0.02
validation cost time: 8.7898s
epoch: 81, train time every whole data:24.31s
epoch: 81, total time:2713.85s
validation batch 1 / 3, loss: 0.02
validation cost time: 8.7901s
epoch: 82, train time every whole data:24.30s
epoch: 82, total time:2746.94s
validation batch 1 / 3, loss: 0.02
validation cost time: 8.7906s
epoch: 83, train time every whole data:24.31s
epoch: 83, total time:2780.05s
validation batch 1 / 3, loss: 0.01
validation cost time: 8.7907s
save parameters to file: ../experiments/HZME_INFLOW/MAE_ASTGNN_h1d1w0_layer4_head8_dm64_channel1_dir2_drop0.00_1.00e-03_B16_K5_TcontextScaledSAtSE1TE/epoch_84.params
epoch: 84, train time every whole data:24.31s
epoch: 84, total time:2813.16s
validation batch 1 / 3, loss: 0.01
validation cost time: 8.7906s
epoch: 85, train time every whole data:24.31s
epoch: 85, total time:2846.26s
validation batch 1 / 3, loss: 0.01
validation cost time: 8.7903s
epoch: 86, train time every whole data:24.31s
epoch: 86, total time:2879.36s
validation batch 1 / 3, loss: 0.01
validation cost time: 8.7901s
epoch: 87, train time every whole data:24.31s
epoch: 87, total time:2912.46s
validation batch 1 / 3, loss: 0.02
validation cost time: 8.7911s
epoch: 88, train time every whole data:24.31s
epoch: 88, total time:2945.57s
validation batch 1 / 3, loss: 0.02
validation cost time: 8.7902s
epoch: 89, train time every whole data:24.32s
epoch: 89, total time:2978.68s
validation batch 1 / 3, loss: 0.02
validation cost time: 8.7905s
epoch: 90, train time every whole data:24.31s
epoch: 90, total time:3011.78s
validation batch 1 / 3, loss: 0.02
validation cost time: 8.7903s
epoch: 91, train time every whole data:24.31s
epoch: 91, total time:3044.88s
validation batch 1 / 3, loss: 0.01
validation cost time: 8.7901s
save parameters to file: ../experiments/HZME_INFLOW/MAE_ASTGNN_h1d1w0_layer4_head8_dm64_channel1_dir2_drop0.00_1.00e-03_B16_K5_TcontextScaledSAtSE1TE/epoch_92.params
epoch: 92, train time every whole data:24.31s
epoch: 92, total time:3077.99s
validation batch 1 / 3, loss: 0.02
validation cost time: 8.7900s
epoch: 93, train time every whole data:24.31s
epoch: 93, total time:3111.10s
validation batch 1 / 3, loss: 0.02
validation cost time: 8.7897s
epoch: 94, train time every whole data:24.31s
epoch: 94, total time:3144.19s
validation batch 1 / 3, loss: 0.03
validation cost time: 8.7899s
epoch: 95, train time every whole data:24.31s
epoch: 95, total time:3177.29s
validation batch 1 / 3, loss: 0.02
validation cost time: 8.7899s
epoch: 96, train time every whole data:24.31s
epoch: 96, total time:3210.39s
validation batch 1 / 3, loss: 0.02
validation cost time: 8.7903s
epoch: 97, train time every whole data:24.32s
epoch: 97, total time:3243.51s
validation batch 1 / 3, loss: 0.02
validation cost time: 8.7901s
epoch: 98, train time every whole data:24.33s
epoch: 98, total time:3276.63s
validation batch 1 / 3, loss: 0.01
validation cost time: 8.8243s
save parameters to file: ../experiments/HZME_INFLOW/MAE_ASTGNN_h1d1w0_layer4_head8_dm64_channel1_dir2_drop0.00_1.00e-03_B16_K5_TcontextScaledSAtSE1TE/epoch_99.params
epoch: 99, train time every whole data:24.32s
epoch: 99, total time:3309.79s
best epoch: 99
apply the best val model on the test data set ...
load weight from: ../experiments/HZME_INFLOW/MAE_ASTGNN_h1d1w0_layer4_head8_dm64_channel1_dir2_drop0.00_1.00e-03_B16_K5_TcontextScaledSAtSE1TE/epoch_99.params
predicting testing set batch 1 / 3, time: 4.18s
test time on whole data:8.80s
input: (1073, 80, 24, 1)
prediction: (1073, 80, 12, 1)
data_target_tensor: (1073, 80, 12)
current epoch: 99, predict 0 points
MAE: 10.09
RMSE: 16.27
MAPE: 22.64
current epoch: 99, predict 1 points
MAE: 10.39
RMSE: 17.11
MAPE: 23.01
current epoch: 99, predict 2 points
MAE: 10.46
RMSE: 17.29
MAPE: 23.53
current epoch: 99, predict 3 points
MAE: 10.51
RMSE: 17.50
MAPE: 23.62
current epoch: 99, predict 4 points
MAE: 10.56
RMSE: 17.54
MAPE: 23.85
current epoch: 99, predict 5 points
MAE: 10.69
RMSE: 17.73
MAPE: 24.32
current epoch: 99, predict 6 points
MAE: 10.82
RMSE: 18.03
MAPE: 24.74
current epoch: 99, predict 7 points
MAE: 10.96
RMSE: 18.22
MAPE: 25.10
current epoch: 99, predict 8 points
MAE: 11.08
RMSE: 18.49
MAPE: 25.43
current epoch: 99, predict 9 points
MAE: 11.15
RMSE: 18.53
MAPE: 25.66
current epoch: 99, predict 10 points
MAE: 11.24
RMSE: 18.73
MAPE: 26.12
current epoch: 99, predict 11 points
MAE: 11.49
RMSE: 19.24
MAPE: 26.98
all MAE: 10.79
all RMSE: 17.91
all MAPE: 24.56
[10.088839, 16.273534077665893, 22.635087370872498, 10.389408, 17.108112110925624, 23.01172763109207, 10.455103, 17.29435092666416, 23.532475531101227, 10.511419, 17.503783770632637, 23.621369898319244, 10.556196, 17.54013603340386, 23.84898066520691, 10.686544, 17.731274680818654, 24.321971833705902, 10.824788, 18.029440645246563, 24.739369750022888, 10.962222, 18.219461050929254, 25.100135803222656, 11.076663, 18.488125676109654, 25.430572032928467, 11.145356, 18.531030148622083, 25.66085159778595, 11.240053, 18.72908501471124, 26.11600160598755, 11.494379, 19.241733906549815, 26.975417137145996, 10.785914, 17.907839186951147, 24.564266204833984]
fine tune the model ... 
epoch: 100, train time every whole data:56.50s
epoch: 100, total time:3375.22s
validation batch 1 / 3, loss: 0.01
validation cost time: 8.7887s
save parameters to file: ../experiments/HZME_INFLOW/MAE_ASTGNN_h1d1w0_layer4_head8_dm64_channel1_dir2_drop0.00_1.00e-03_B16_K5_TcontextScaledSAtSE1TE/epoch_100.params
epoch: 101, train time every whole data:56.37s
epoch: 101, total time:3440.39s
validation batch 1 / 3, loss: 0.01
validation cost time: 8.7892s
save parameters to file: ../experiments/HZME_INFLOW/MAE_ASTGNN_h1d1w0_layer4_head8_dm64_channel1_dir2_drop0.00_1.00e-03_B16_K5_TcontextScaledSAtSE1TE/epoch_101.params
epoch: 102, train time every whole data:56.40s
epoch: 102, total time:3505.60s
validation batch 1 / 3, loss: 0.01
validation cost time: 8.7918s
epoch: 103, train time every whole data:56.39s
epoch: 103, total time:3570.78s
validation batch 1 / 3, loss: 0.01
validation cost time: 8.7890s
save parameters to file: ../experiments/HZME_INFLOW/MAE_ASTGNN_h1d1w0_layer4_head8_dm64_channel1_dir2_drop0.00_1.00e-03_B16_K5_TcontextScaledSAtSE1TE/epoch_103.params
epoch: 104, train time every whole data:56.38s
epoch: 104, total time:3635.96s
validation batch 1 / 3, loss: 0.01
validation cost time: 8.7892s
epoch: 105, train time every whole data:56.37s
epoch: 105, total time:3701.12s
validation batch 1 / 3, loss: 0.01
validation cost time: 8.7909s
epoch: 106, train time every whole data:56.36s
epoch: 106, total time:3766.28s
validation batch 1 / 3, loss: 0.01
validation cost time: 8.7895s
epoch: 107, train time every whole data:56.36s
epoch: 107, total time:3831.43s
validation batch 1 / 3, loss: 0.01
validation cost time: 8.7891s
epoch: 108, train time every whole data:56.38s
epoch: 108, total time:3896.60s
validation batch 1 / 3, loss: 0.01
validation cost time: 8.7895s
epoch: 109, train time every whole data:56.38s
epoch: 109, total time:3961.77s
validation batch 1 / 3, loss: 0.01
validation cost time: 8.7902s
save parameters to file: ../experiments/HZME_INFLOW/MAE_ASTGNN_h1d1w0_layer4_head8_dm64_channel1_dir2_drop0.00_1.00e-03_B16_K5_TcontextScaledSAtSE1TE/epoch_109.params
epoch: 110, train time every whole data:56.37s
epoch: 110, total time:4026.94s
validation batch 1 / 3, loss: 0.01
validation cost time: 8.7897s
epoch: 111, train time every whole data:56.38s
epoch: 111, total time:4092.11s
validation batch 1 / 3, loss: 0.01
validation cost time: 8.7892s
epoch: 112, train time every whole data:56.38s
epoch: 112, total time:4157.28s
validation batch 1 / 3, loss: 0.01
validation cost time: 8.7908s
epoch: 113, train time every whole data:56.39s
epoch: 113, total time:4222.46s
validation batch 1 / 3, loss: 0.01
validation cost time: 8.7895s
epoch: 114, train time every whole data:56.37s
epoch: 114, total time:4287.62s
validation batch 1 / 3, loss: 0.01
validation cost time: 8.7896s
epoch: 115, train time every whole data:56.37s
epoch: 115, total time:4352.78s
validation batch 1 / 3, loss: 0.01
validation cost time: 8.7896s
epoch: 116, train time every whole data:56.37s
epoch: 116, total time:4417.94s
validation batch 1 / 3, loss: 0.01
validation cost time: 8.7899s
epoch: 117, train time every whole data:56.37s
epoch: 117, total time:4483.10s
validation batch 1 / 3, loss: 0.01
validation cost time: 8.7904s
epoch: 118, train time every whole data:56.37s
epoch: 118, total time:4548.27s
validation batch 1 / 3, loss: 0.01
validation cost time: 8.7905s
save parameters to file: ../experiments/HZME_INFLOW/MAE_ASTGNN_h1d1w0_layer4_head8_dm64_channel1_dir2_drop0.00_1.00e-03_B16_K5_TcontextScaledSAtSE1TE/epoch_118.params
epoch: 119, train time every whole data:56.38s
epoch: 119, total time:4613.45s
validation batch 1 / 3, loss: 0.01
validation cost time: 8.7899s
epoch: 120, train time every whole data:56.36s
epoch: 120, total time:4678.60s
validation batch 1 / 3, loss: 0.01
validation cost time: 8.7898s
epoch: 121, train time every whole data:56.37s
epoch: 121, total time:4743.76s
validation batch 1 / 3, loss: 0.01
validation cost time: 8.7895s
epoch: 122, train time every whole data:56.38s
epoch: 122, total time:4808.93s
validation batch 1 / 3, loss: 0.01
validation cost time: 8.7904s
epoch: 123, train time every whole data:56.36s
epoch: 123, total time:4874.09s
validation batch 1 / 3, loss: 0.01
validation cost time: 8.7907s
epoch: 124, train time every whole data:56.35s
epoch: 124, total time:4939.23s
validation batch 1 / 3, loss: 0.01
validation cost time: 8.7900s
epoch: 125, train time every whole data:56.38s
epoch: 125, total time:5004.40s
validation batch 1 / 3, loss: 0.01
validation cost time: 8.7900s
epoch: 126, train time every whole data:56.35s
epoch: 126, total time:5069.55s
validation batch 1 / 3, loss: 0.01
validation cost time: 8.7908s
epoch: 127, train time every whole data:56.36s
epoch: 127, total time:5134.70s
validation batch 1 / 3, loss: 0.01
validation cost time: 8.7903s
epoch: 128, train time every whole data:56.37s
epoch: 128, total time:5199.86s
validation batch 1 / 3, loss: 0.01
validation cost time: 8.7900s
epoch: 129, train time every whole data:56.34s
epoch: 129, total time:5265.00s
validation batch 1 / 3, loss: 0.01
validation cost time: 8.7897s
save parameters to file: ../experiments/HZME_INFLOW/MAE_ASTGNN_h1d1w0_layer4_head8_dm64_channel1_dir2_drop0.00_1.00e-03_B16_K5_TcontextScaledSAtSE1TE/epoch_129.params
epoch: 130, train time every whole data:56.36s
epoch: 130, total time:5330.16s
validation batch 1 / 3, loss: 0.01
validation cost time: 8.7897s
epoch: 131, train time every whole data:56.38s
epoch: 131, total time:5395.33s
validation batch 1 / 3, loss: 0.01
validation cost time: 8.7897s
save parameters to file: ../experiments/HZME_INFLOW/MAE_ASTGNN_h1d1w0_layer4_head8_dm64_channel1_dir2_drop0.00_1.00e-03_B16_K5_TcontextScaledSAtSE1TE/epoch_131.params
epoch: 132, train time every whole data:56.37s
epoch: 132, total time:5460.50s
validation batch 1 / 3, loss: 0.01
validation cost time: 8.7917s
epoch: 133, train time every whole data:56.35s
epoch: 133, total time:5525.64s
validation batch 1 / 3, loss: 0.01
validation cost time: 8.7896s
epoch: 134, train time every whole data:56.36s
epoch: 134, total time:5590.79s
validation batch 1 / 3, loss: 0.01
validation cost time: 8.7897s
epoch: 135, train time every whole data:56.37s
epoch: 135, total time:5655.95s
validation batch 1 / 3, loss: 0.01
validation cost time: 8.7896s
epoch: 136, train time every whole data:56.35s
epoch: 136, total time:5721.10s
validation batch 1 / 3, loss: 0.01
validation cost time: 8.7897s
epoch: 137, train time every whole data:56.37s
epoch: 137, total time:5786.26s
validation batch 1 / 3, loss: 0.01
validation cost time: 8.7907s
epoch: 138, train time every whole data:56.36s
epoch: 138, total time:5851.41s
validation batch 1 / 3, loss: 0.01
validation cost time: 8.8241s
epoch: 139, train time every whole data:56.39s
epoch: 139, total time:5916.63s
validation batch 1 / 3, loss: 0.01
validation cost time: 8.7902s
epoch: 140, train time every whole data:56.41s
epoch: 140, total time:5981.83s
validation batch 1 / 3, loss: 0.01
validation cost time: 8.7899s
epoch: 141, train time every whole data:56.39s
epoch: 141, total time:6047.01s
validation batch 1 / 3, loss: 0.01
validation cost time: 8.7896s
epoch: 142, train time every whole data:56.40s
epoch: 142, total time:6112.20s
validation batch 1 / 3, loss: 0.01
validation cost time: 8.7898s
save parameters to file: ../experiments/HZME_INFLOW/MAE_ASTGNN_h1d1w0_layer4_head8_dm64_channel1_dir2_drop0.00_1.00e-03_B16_K5_TcontextScaledSAtSE1TE/epoch_142.params
epoch: 143, train time every whole data:56.36s
epoch: 143, total time:6177.37s
validation batch 1 / 3, loss: 0.01
validation cost time: 8.7903s
epoch: 144, train time every whole data:56.35s
epoch: 144, total time:6242.51s
validation batch 1 / 3, loss: 0.01
validation cost time: 8.7908s
epoch: 145, train time every whole data:56.36s
epoch: 145, total time:6307.66s
validation batch 1 / 3, loss: 0.01
validation cost time: 8.7899s
epoch: 146, train time every whole data:56.35s
epoch: 146, total time:6372.80s
validation batch 1 / 3, loss: 0.01
validation cost time: 8.7898s
epoch: 147, train time every whole data:56.34s
epoch: 147, total time:6437.94s
validation batch 1 / 3, loss: 0.01
validation cost time: 8.7894s
epoch: 148, train time every whole data:56.50s
epoch: 148, total time:6503.24s
validation batch 1 / 3, loss: 0.01
validation cost time: 8.7947s
epoch: 149, train time every whole data:56.27s
epoch: 149, total time:6568.31s
validation batch 1 / 3, loss: 0.01
validation cost time: 8.7889s
best epoch: 142
apply the best val model on the test data set ...
load weight from: ../experiments/HZME_INFLOW/MAE_ASTGNN_h1d1w0_layer4_head8_dm64_channel1_dir2_drop0.00_1.00e-03_B16_K5_TcontextScaledSAtSE1TE/epoch_142.params
predicting testing set batch 1 / 3, time: 4.18s
test time on whole data:8.80s
input: (1073, 80, 24, 1)
prediction: (1073, 80, 12, 1)
data_target_tensor: (1073, 80, 12)
current epoch: 142, predict 0 points
MAE: 9.88
RMSE: 15.81
MAPE: 22.20
current epoch: 142, predict 1 points
MAE: 10.07
RMSE: 16.41
MAPE: 22.55
current epoch: 142, predict 2 points
MAE: 10.12
RMSE: 16.49
MAPE: 22.62
current epoch: 142, predict 3 points
MAE: 10.17
RMSE: 16.67
MAPE: 22.77
current epoch: 142, predict 4 points
MAE: 10.23
RMSE: 16.75
MAPE: 22.83
current epoch: 142, predict 5 points
MAE: 10.31
RMSE: 16.88
MAPE: 23.06
current epoch: 142, predict 6 points
MAE: 10.41
RMSE: 17.09
MAPE: 23.26
current epoch: 142, predict 7 points
MAE: 10.49
RMSE: 17.20
MAPE: 23.62
current epoch: 142, predict 8 points
MAE: 10.53
RMSE: 17.36
MAPE: 23.61
current epoch: 142, predict 9 points
MAE: 10.58
RMSE: 17.52
MAPE: 23.69
current epoch: 142, predict 10 points
MAE: 10.70
RMSE: 17.85
MAPE: 23.67
current epoch: 142, predict 11 points
MAE: 10.94
RMSE: 18.36
MAPE: 24.41
all MAE: 10.37
all RMSE: 17.04
all MAPE: 23.18
[9.87927, 15.810701169915742, 22.20204323530197, 10.074639, 16.41256017041998, 22.550195455551147, 10.121519, 16.493987866558758, 22.618524730205536, 10.171589, 16.669010963871607, 22.7680966258049, 10.228719, 16.747217658954764, 22.82583713531494, 10.314489, 16.88167095429195, 23.060445487499237, 10.409566, 17.085349855578023, 23.256230354309082, 10.491203, 17.198364818825254, 23.61871898174286, 10.525627, 17.36080506457677, 23.608309030532837, 10.582792, 17.519629232585537, 23.6946240067482, 10.696034, 17.850603434302997, 23.672470450401306, 10.944166, 18.355988716964927, 24.409033358097076, 10.369969, 17.04487342167543, 23.181666433811188]
