Thu Nov  4 14:13:50 2021       
+-----------------------------------------------------------------------------+
| NVIDIA-SMI 418.165.02   Driver Version: 418.165.02   CUDA Version: 10.1     |
|-------------------------------+----------------------+----------------------+
| GPU  Name        Persistence-M| Bus-Id        Disp.A | Volatile Uncorr. ECC |
| Fan  Temp  Perf  Pwr:Usage/Cap|         Memory-Usage | GPU-Util  Compute M. |
|===============================+======================+======================|
|   0  Tesla V100-PCIE...  Off  | 00000000:5A:00.0 Off |                    0 |
| N/A   41C    P0    41W / 250W |  17086MiB / 32480MiB |      0%      Default |
+-------------------------------+----------------------+----------------------+
|   1  Tesla V100-PCIE...  Off  | 00000000:5E:00.0 Off |                    0 |
| N/A   28C    P0    23W / 250W |     11MiB / 32480MiB |      0%      Default |
+-------------------------------+----------------------+----------------------+
|   2  Tesla V100-PCIE...  Off  | 00000000:62:00.0 Off |                    0 |
| N/A   27C    P0    23W / 250W |     11MiB / 32480MiB |      0%      Default |
+-------------------------------+----------------------+----------------------+
|   3  Tesla V100-PCIE...  Off  | 00000000:66:00.0 Off |                    0 |
| N/A   27C    P0    23W / 250W |     12MiB / 32480MiB |      0%      Default |
+-------------------------------+----------------------+----------------------+
|   4  Tesla V100-PCIE...  Off  | 00000000:B5:00.0 Off |                    0 |
| N/A   28C    P0    23W / 250W |     11MiB / 32480MiB |      0%      Default |
+-------------------------------+----------------------+----------------------+
|   5  Tesla V100-PCIE...  Off  | 00000000:B9:00.0 Off |                    0 |
| N/A   31C    P0    26W / 250W |     11MiB / 32480MiB |      0%      Default |
+-------------------------------+----------------------+----------------------+
|   6  Tesla V100-PCIE...  Off  | 00000000:BD:00.0 Off |                    0 |
| N/A   30C    P0    24W / 250W |     11MiB / 32480MiB |      0%      Default |
+-------------------------------+----------------------+----------------------+
|   7  Tesla V100-PCIE...  Off  | 00000000:C1:00.0 Off |                    0 |
| N/A   28C    P0    23W / 250W |     11MiB / 32480MiB |      0%      Default |
+-------------------------------+----------------------+----------------------+
                                                                               
+-----------------------------------------------------------------------------+
| Processes:                                                       GPU Memory |
|  GPU       PID   Type   Process name                             Usage      |
|=============================================================================|
|    0     10414      C   python                                     17075MiB |
+-----------------------------------------------------------------------------+
CUDA: True cuda:0
Read configuration file: /data/home/u18112042/CorrSTN/configurations/HZME_INFLOW_rdw.conf
total training epoch, fine tune epoch: 100 , 50
batch_size: 16
attention_top_k: 5
folder_dir: MAE_ASTGNN_h1d1w0_layer4_head8_dm64_channel1_dir2_drop0.00_1.00e-03_B16_K5_TcontextScaledSAtSE1TE
load file: /data/home/u18112042/CorrSTN/data/HZME_INFLOW/HZME_INFLOW_r1_d1_w0.npz
ori length: 4313 , percent: 1.0 , scale: 4313
train: torch.Size([3218, 80, 1, 24]) torch.Size([3218, 80, 12]) torch.Size([3218, 80, 12])
val: torch.Size([1073, 80, 1, 24]) torch.Size([1073, 80, 12]) torch.Size([1073, 80, 12])
test: torch.Size([1073, 80, 1, 24]) torch.Size([1073, 80, 12]) torch.Size([1073, 80, 12])
TemporalPositionalEncoding max_len: 288
w_index: []
d_index: [0, 1, 2, 3, 4, 5, 6, 7, 8, 9, 10, 11]
h_index: [276, 277, 278, 279, 280, 281, 282, 283, 284, 285, 286, 287]
en_lookup_index: [0, 1, 2, 3, 4, 5, 6, 7, 8, 9, 10, 11, 276, 277, 278, 279, 280, 281, 282, 283, 284, 285, 286, 287]
EncoderDecoder(
  (encoder): Encoder(
    (layers): ModuleList(
      (0): EncoderLayer(
        (self_attn): MultiHeadAttentionAwareTemporalContex_q1d_k1d(
          (linears): ModuleList(
            (0): Linear(in_features=64, out_features=64, bias=True)
            (1): Linear(in_features=64, out_features=64, bias=True)
          )
          (conv1Ds_aware_temporal_context): ModuleList(
            (0): Conv2d(64, 64, kernel_size=(1, 3), stride=(1, 1), padding=(0, 1))
            (1): Conv2d(64, 64, kernel_size=(1, 3), stride=(1, 1), padding=(0, 1))
          )
          (dropout): Dropout(p=0.0, inplace=False)
          (attn_ic): Attention_IC(
            (DAT): DynamicAttentionLayer(
              (dropout): Dropout(p=0.0, inplace=False)
            )
          )
        )
        (feed_forward_gcn): PositionWiseGCNFeedForward(
          (gcn): spatialAttentionScaledGCN(
            (Theta): Linear(in_features=64, out_features=64, bias=False)
            (SAt): Spatial_Attention_layer(
              (dropout): Dropout(p=0.0, inplace=False)
            )
          )
          (dropout): Dropout(p=0.0, inplace=False)
        )
        (sublayer): ModuleList(
          (0): SublayerConnection(
            (dropout): Dropout(p=0.0, inplace=False)
            (norm): LayerNorm((64,), eps=1e-05, elementwise_affine=True)
          )
          (1): SublayerConnection(
            (dropout): Dropout(p=0.0, inplace=False)
            (norm): LayerNorm((64,), eps=1e-05, elementwise_affine=True)
          )
        )
      )
      (1): EncoderLayer(
        (self_attn): MultiHeadAttentionAwareTemporalContex_q1d_k1d(
          (linears): ModuleList(
            (0): Linear(in_features=64, out_features=64, bias=True)
            (1): Linear(in_features=64, out_features=64, bias=True)
          )
          (conv1Ds_aware_temporal_context): ModuleList(
            (0): Conv2d(64, 64, kernel_size=(1, 3), stride=(1, 1), padding=(0, 1))
            (1): Conv2d(64, 64, kernel_size=(1, 3), stride=(1, 1), padding=(0, 1))
          )
          (dropout): Dropout(p=0.0, inplace=False)
          (attn_ic): Attention_IC(
            (DAT): DynamicAttentionLayer(
              (dropout): Dropout(p=0.0, inplace=False)
            )
          )
        )
        (feed_forward_gcn): PositionWiseGCNFeedForward(
          (gcn): spatialAttentionScaledGCN(
            (Theta): Linear(in_features=64, out_features=64, bias=False)
            (SAt): Spatial_Attention_layer(
              (dropout): Dropout(p=0.0, inplace=False)
            )
          )
          (dropout): Dropout(p=0.0, inplace=False)
        )
        (sublayer): ModuleList(
          (0): SublayerConnection(
            (dropout): Dropout(p=0.0, inplace=False)
            (norm): LayerNorm((64,), eps=1e-05, elementwise_affine=True)
          )
          (1): SublayerConnection(
            (dropout): Dropout(p=0.0, inplace=False)
            (norm): LayerNorm((64,), eps=1e-05, elementwise_affine=True)
          )
        )
      )
      (2): EncoderLayer(
        (self_attn): MultiHeadAttentionAwareTemporalContex_q1d_k1d(
          (linears): ModuleList(
            (0): Linear(in_features=64, out_features=64, bias=True)
            (1): Linear(in_features=64, out_features=64, bias=True)
          )
          (conv1Ds_aware_temporal_context): ModuleList(
            (0): Conv2d(64, 64, kernel_size=(1, 3), stride=(1, 1), padding=(0, 1))
            (1): Conv2d(64, 64, kernel_size=(1, 3), stride=(1, 1), padding=(0, 1))
          )
          (dropout): Dropout(p=0.0, inplace=False)
          (attn_ic): Attention_IC(
            (DAT): DynamicAttentionLayer(
              (dropout): Dropout(p=0.0, inplace=False)
            )
          )
        )
        (feed_forward_gcn): PositionWiseGCNFeedForward(
          (gcn): spatialAttentionScaledGCN(
            (Theta): Linear(in_features=64, out_features=64, bias=False)
            (SAt): Spatial_Attention_layer(
              (dropout): Dropout(p=0.0, inplace=False)
            )
          )
          (dropout): Dropout(p=0.0, inplace=False)
        )
        (sublayer): ModuleList(
          (0): SublayerConnection(
            (dropout): Dropout(p=0.0, inplace=False)
            (norm): LayerNorm((64,), eps=1e-05, elementwise_affine=True)
          )
          (1): SublayerConnection(
            (dropout): Dropout(p=0.0, inplace=False)
            (norm): LayerNorm((64,), eps=1e-05, elementwise_affine=True)
          )
        )
      )
      (3): EncoderLayer(
        (self_attn): MultiHeadAttentionAwareTemporalContex_q1d_k1d(
          (linears): ModuleList(
            (0): Linear(in_features=64, out_features=64, bias=True)
            (1): Linear(in_features=64, out_features=64, bias=True)
          )
          (conv1Ds_aware_temporal_context): ModuleList(
            (0): Conv2d(64, 64, kernel_size=(1, 3), stride=(1, 1), padding=(0, 1))
            (1): Conv2d(64, 64, kernel_size=(1, 3), stride=(1, 1), padding=(0, 1))
          )
          (dropout): Dropout(p=0.0, inplace=False)
          (attn_ic): Attention_IC(
            (DAT): DynamicAttentionLayer(
              (dropout): Dropout(p=0.0, inplace=False)
            )
          )
        )
        (feed_forward_gcn): PositionWiseGCNFeedForward(
          (gcn): spatialAttentionScaledGCN(
            (Theta): Linear(in_features=64, out_features=64, bias=False)
            (SAt): Spatial_Attention_layer(
              (dropout): Dropout(p=0.0, inplace=False)
            )
          )
          (dropout): Dropout(p=0.0, inplace=False)
        )
        (sublayer): ModuleList(
          (0): SublayerConnection(
            (dropout): Dropout(p=0.0, inplace=False)
            (norm): LayerNorm((64,), eps=1e-05, elementwise_affine=True)
          )
          (1): SublayerConnection(
            (dropout): Dropout(p=0.0, inplace=False)
            (norm): LayerNorm((64,), eps=1e-05, elementwise_affine=True)
          )
        )
      )
    )
    (norm): LayerNorm((64,), eps=1e-05, elementwise_affine=True)
  )
  (decoder): Decoder(
    (layers): ModuleList(
      (0): DecoderLayer(
        (self_attn): MultiHeadAttentionAwareTemporalContex_qc_kc(
          (linears): ModuleList(
            (0): Linear(in_features=64, out_features=64, bias=True)
            (1): Linear(in_features=64, out_features=64, bias=True)
          )
          (conv1Ds_aware_temporal_context): ModuleList(
            (0): Conv2d(64, 64, kernel_size=(1, 3), stride=(1, 1), padding=(0, 2))
            (1): Conv2d(64, 64, kernel_size=(1, 3), stride=(1, 1), padding=(0, 2))
          )
          (dropout): Dropout(p=0.0, inplace=False)
          (attn_ic): Attention_IC(
            (DAT): DynamicAttentionLayer(
              (dropout): Dropout(p=0.0, inplace=False)
            )
          )
        )
        (src_attn): MultiHeadAttentionAwareTemporalContex_qc_k1d(
          (linears): ModuleList(
            (0): Linear(in_features=64, out_features=64, bias=True)
            (1): Linear(in_features=64, out_features=64, bias=True)
          )
          (query_conv1Ds_aware_temporal_context): Conv2d(64, 64, kernel_size=(1, 3), stride=(1, 1), padding=(0, 2))
          (key_conv1Ds_aware_temporal_context): Conv2d(64, 64, kernel_size=(1, 3), stride=(1, 1), padding=(0, 1))
          (dropout): Dropout(p=0.0, inplace=False)
          (attn_ic): Attention_IC(
            (DAT): DynamicAttentionLayer(
              (dropout): Dropout(p=0.0, inplace=False)
            )
          )
        )
        (feed_forward_gcn): PositionWiseGCNFeedForward(
          (gcn): spatialAttentionScaledGCN(
            (Theta): Linear(in_features=64, out_features=64, bias=False)
            (SAt): Spatial_Attention_layer(
              (dropout): Dropout(p=0.0, inplace=False)
            )
          )
          (dropout): Dropout(p=0.0, inplace=False)
        )
        (sublayer): ModuleList(
          (0): SublayerConnection(
            (dropout): Dropout(p=0.0, inplace=False)
            (norm): LayerNorm((64,), eps=1e-05, elementwise_affine=True)
          )
          (1): SublayerConnection(
            (dropout): Dropout(p=0.0, inplace=False)
            (norm): LayerNorm((64,), eps=1e-05, elementwise_affine=True)
          )
          (2): SublayerConnection(
            (dropout): Dropout(p=0.0, inplace=False)
            (norm): LayerNorm((64,), eps=1e-05, elementwise_affine=True)
          )
        )
      )
      (1): DecoderLayer(
        (self_attn): MultiHeadAttentionAwareTemporalContex_qc_kc(
          (linears): ModuleList(
            (0): Linear(in_features=64, out_features=64, bias=True)
            (1): Linear(in_features=64, out_features=64, bias=True)
          )
          (conv1Ds_aware_temporal_context): ModuleList(
            (0): Conv2d(64, 64, kernel_size=(1, 3), stride=(1, 1), padding=(0, 2))
            (1): Conv2d(64, 64, kernel_size=(1, 3), stride=(1, 1), padding=(0, 2))
          )
          (dropout): Dropout(p=0.0, inplace=False)
          (attn_ic): Attention_IC(
            (DAT): DynamicAttentionLayer(
              (dropout): Dropout(p=0.0, inplace=False)
            )
          )
        )
        (src_attn): MultiHeadAttentionAwareTemporalContex_qc_k1d(
          (linears): ModuleList(
            (0): Linear(in_features=64, out_features=64, bias=True)
            (1): Linear(in_features=64, out_features=64, bias=True)
          )
          (query_conv1Ds_aware_temporal_context): Conv2d(64, 64, kernel_size=(1, 3), stride=(1, 1), padding=(0, 2))
          (key_conv1Ds_aware_temporal_context): Conv2d(64, 64, kernel_size=(1, 3), stride=(1, 1), padding=(0, 1))
          (dropout): Dropout(p=0.0, inplace=False)
          (attn_ic): Attention_IC(
            (DAT): DynamicAttentionLayer(
              (dropout): Dropout(p=0.0, inplace=False)
            )
          )
        )
        (feed_forward_gcn): PositionWiseGCNFeedForward(
          (gcn): spatialAttentionScaledGCN(
            (Theta): Linear(in_features=64, out_features=64, bias=False)
            (SAt): Spatial_Attention_layer(
              (dropout): Dropout(p=0.0, inplace=False)
            )
          )
          (dropout): Dropout(p=0.0, inplace=False)
        )
        (sublayer): ModuleList(
          (0): SublayerConnection(
            (dropout): Dropout(p=0.0, inplace=False)
            (norm): LayerNorm((64,), eps=1e-05, elementwise_affine=True)
          )
          (1): SublayerConnection(
            (dropout): Dropout(p=0.0, inplace=False)
            (norm): LayerNorm((64,), eps=1e-05, elementwise_affine=True)
          )
          (2): SublayerConnection(
            (dropout): Dropout(p=0.0, inplace=False)
            (norm): LayerNorm((64,), eps=1e-05, elementwise_affine=True)
          )
        )
      )
      (2): DecoderLayer(
        (self_attn): MultiHeadAttentionAwareTemporalContex_qc_kc(
          (linears): ModuleList(
            (0): Linear(in_features=64, out_features=64, bias=True)
            (1): Linear(in_features=64, out_features=64, bias=True)
          )
          (conv1Ds_aware_temporal_context): ModuleList(
            (0): Conv2d(64, 64, kernel_size=(1, 3), stride=(1, 1), padding=(0, 2))
            (1): Conv2d(64, 64, kernel_size=(1, 3), stride=(1, 1), padding=(0, 2))
          )
          (dropout): Dropout(p=0.0, inplace=False)
          (attn_ic): Attention_IC(
            (DAT): DynamicAttentionLayer(
              (dropout): Dropout(p=0.0, inplace=False)
            )
          )
        )
        (src_attn): MultiHeadAttentionAwareTemporalContex_qc_k1d(
          (linears): ModuleList(
            (0): Linear(in_features=64, out_features=64, bias=True)
            (1): Linear(in_features=64, out_features=64, bias=True)
          )
          (query_conv1Ds_aware_temporal_context): Conv2d(64, 64, kernel_size=(1, 3), stride=(1, 1), padding=(0, 2))
          (key_conv1Ds_aware_temporal_context): Conv2d(64, 64, kernel_size=(1, 3), stride=(1, 1), padding=(0, 1))
          (dropout): Dropout(p=0.0, inplace=False)
          (attn_ic): Attention_IC(
            (DAT): DynamicAttentionLayer(
              (dropout): Dropout(p=0.0, inplace=False)
            )
          )
        )
        (feed_forward_gcn): PositionWiseGCNFeedForward(
          (gcn): spatialAttentionScaledGCN(
            (Theta): Linear(in_features=64, out_features=64, bias=False)
            (SAt): Spatial_Attention_layer(
              (dropout): Dropout(p=0.0, inplace=False)
            )
          )
          (dropout): Dropout(p=0.0, inplace=False)
        )
        (sublayer): ModuleList(
          (0): SublayerConnection(
            (dropout): Dropout(p=0.0, inplace=False)
            (norm): LayerNorm((64,), eps=1e-05, elementwise_affine=True)
          )
          (1): SublayerConnection(
            (dropout): Dropout(p=0.0, inplace=False)
            (norm): LayerNorm((64,), eps=1e-05, elementwise_affine=True)
          )
          (2): SublayerConnection(
            (dropout): Dropout(p=0.0, inplace=False)
            (norm): LayerNorm((64,), eps=1e-05, elementwise_affine=True)
          )
        )
      )
      (3): DecoderLayer(
        (self_attn): MultiHeadAttentionAwareTemporalContex_qc_kc(
          (linears): ModuleList(
            (0): Linear(in_features=64, out_features=64, bias=True)
            (1): Linear(in_features=64, out_features=64, bias=True)
          )
          (conv1Ds_aware_temporal_context): ModuleList(
            (0): Conv2d(64, 64, kernel_size=(1, 3), stride=(1, 1), padding=(0, 2))
            (1): Conv2d(64, 64, kernel_size=(1, 3), stride=(1, 1), padding=(0, 2))
          )
          (dropout): Dropout(p=0.0, inplace=False)
          (attn_ic): Attention_IC(
            (DAT): DynamicAttentionLayer(
              (dropout): Dropout(p=0.0, inplace=False)
            )
          )
        )
        (src_attn): MultiHeadAttentionAwareTemporalContex_qc_k1d(
          (linears): ModuleList(
            (0): Linear(in_features=64, out_features=64, bias=True)
            (1): Linear(in_features=64, out_features=64, bias=True)
          )
          (query_conv1Ds_aware_temporal_context): Conv2d(64, 64, kernel_size=(1, 3), stride=(1, 1), padding=(0, 2))
          (key_conv1Ds_aware_temporal_context): Conv2d(64, 64, kernel_size=(1, 3), stride=(1, 1), padding=(0, 1))
          (dropout): Dropout(p=0.0, inplace=False)
          (attn_ic): Attention_IC(
            (DAT): DynamicAttentionLayer(
              (dropout): Dropout(p=0.0, inplace=False)
            )
          )
        )
        (feed_forward_gcn): PositionWiseGCNFeedForward(
          (gcn): spatialAttentionScaledGCN(
            (Theta): Linear(in_features=64, out_features=64, bias=False)
            (SAt): Spatial_Attention_layer(
              (dropout): Dropout(p=0.0, inplace=False)
            )
          )
          (dropout): Dropout(p=0.0, inplace=False)
        )
        (sublayer): ModuleList(
          (0): SublayerConnection(
            (dropout): Dropout(p=0.0, inplace=False)
            (norm): LayerNorm((64,), eps=1e-05, elementwise_affine=True)
          )
          (1): SublayerConnection(
            (dropout): Dropout(p=0.0, inplace=False)
            (norm): LayerNorm((64,), eps=1e-05, elementwise_affine=True)
          )
          (2): SublayerConnection(
            (dropout): Dropout(p=0.0, inplace=False)
            (norm): LayerNorm((64,), eps=1e-05, elementwise_affine=True)
          )
        )
      )
    )
    (norm): LayerNorm((64,), eps=1e-05, elementwise_affine=True)
  )
  (src_embed): Sequential(
    (0): Linear(in_features=1, out_features=64, bias=True)
    (1): TemporalPositionalEncoding(
      (dropout): Dropout(p=0.0, inplace=False)
    )
    (2): SpatialPositionalEncoding(
      (dropout): Dropout(p=0.0, inplace=False)
      (embedding): Embedding(80, 64)
      (gcn_smooth_layers): ModuleList(
        (0): GCN(
          (Theta): Linear(in_features=64, out_features=64, bias=False)
        )
      )
    )
  )
  (trg_embed): Sequential(
    (0): Linear(in_features=1, out_features=64, bias=True)
    (1): TemporalPositionalEncoding(
      (dropout): Dropout(p=0.0, inplace=False)
    )
    (2): SpatialPositionalEncoding(
      (dropout): Dropout(p=0.0, inplace=False)
      (embedding): Embedding(80, 64)
      (gcn_smooth_layers): ModuleList(
        (0): GCN(
          (Theta): Linear(in_features=64, out_features=64, bias=False)
        )
      )
    )
  )
  (prediction_generator): Linear(in_features=64, out_features=1, bias=True)
)
create params directory ../experiments/HZME_INFLOW/MAE_ASTGNN_h1d1w0_layer4_head8_dm64_channel1_dir2_drop0.00_1.00e-03_B16_K5_TcontextScaledSAtSE1TE
Net's state_dict:
encoder.layers.0.self_attn.linears.0.weight 	 torch.Size([64, 64])
encoder.layers.0.self_attn.linears.0.bias 	 torch.Size([64])
encoder.layers.0.self_attn.linears.1.weight 	 torch.Size([64, 64])
encoder.layers.0.self_attn.linears.1.bias 	 torch.Size([64])
encoder.layers.0.self_attn.conv1Ds_aware_temporal_context.0.weight 	 torch.Size([64, 64, 1, 3])
encoder.layers.0.self_attn.conv1Ds_aware_temporal_context.0.bias 	 torch.Size([64])
encoder.layers.0.self_attn.conv1Ds_aware_temporal_context.1.weight 	 torch.Size([64, 64, 1, 3])
encoder.layers.0.self_attn.conv1Ds_aware_temporal_context.1.bias 	 torch.Size([64])
encoder.layers.0.feed_forward_gcn.gcn.alpha 	 torch.Size([1])
encoder.layers.0.feed_forward_gcn.gcn.beta 	 torch.Size([1])
encoder.layers.0.feed_forward_gcn.gcn.Theta.weight 	 torch.Size([64, 64])
encoder.layers.0.sublayer.0.norm.weight 	 torch.Size([64])
encoder.layers.0.sublayer.0.norm.bias 	 torch.Size([64])
encoder.layers.0.sublayer.1.norm.weight 	 torch.Size([64])
encoder.layers.0.sublayer.1.norm.bias 	 torch.Size([64])
encoder.layers.1.self_attn.linears.0.weight 	 torch.Size([64, 64])
encoder.layers.1.self_attn.linears.0.bias 	 torch.Size([64])
encoder.layers.1.self_attn.linears.1.weight 	 torch.Size([64, 64])
encoder.layers.1.self_attn.linears.1.bias 	 torch.Size([64])
encoder.layers.1.self_attn.conv1Ds_aware_temporal_context.0.weight 	 torch.Size([64, 64, 1, 3])
encoder.layers.1.self_attn.conv1Ds_aware_temporal_context.0.bias 	 torch.Size([64])
encoder.layers.1.self_attn.conv1Ds_aware_temporal_context.1.weight 	 torch.Size([64, 64, 1, 3])
encoder.layers.1.self_attn.conv1Ds_aware_temporal_context.1.bias 	 torch.Size([64])
encoder.layers.1.feed_forward_gcn.gcn.alpha 	 torch.Size([1])
encoder.layers.1.feed_forward_gcn.gcn.beta 	 torch.Size([1])
encoder.layers.1.feed_forward_gcn.gcn.Theta.weight 	 torch.Size([64, 64])
encoder.layers.1.sublayer.0.norm.weight 	 torch.Size([64])
encoder.layers.1.sublayer.0.norm.bias 	 torch.Size([64])
encoder.layers.1.sublayer.1.norm.weight 	 torch.Size([64])
encoder.layers.1.sublayer.1.norm.bias 	 torch.Size([64])
encoder.layers.2.self_attn.linears.0.weight 	 torch.Size([64, 64])
encoder.layers.2.self_attn.linears.0.bias 	 torch.Size([64])
encoder.layers.2.self_attn.linears.1.weight 	 torch.Size([64, 64])
encoder.layers.2.self_attn.linears.1.bias 	 torch.Size([64])
encoder.layers.2.self_attn.conv1Ds_aware_temporal_context.0.weight 	 torch.Size([64, 64, 1, 3])
encoder.layers.2.self_attn.conv1Ds_aware_temporal_context.0.bias 	 torch.Size([64])
encoder.layers.2.self_attn.conv1Ds_aware_temporal_context.1.weight 	 torch.Size([64, 64, 1, 3])
encoder.layers.2.self_attn.conv1Ds_aware_temporal_context.1.bias 	 torch.Size([64])
encoder.layers.2.feed_forward_gcn.gcn.alpha 	 torch.Size([1])
encoder.layers.2.feed_forward_gcn.gcn.beta 	 torch.Size([1])
encoder.layers.2.feed_forward_gcn.gcn.Theta.weight 	 torch.Size([64, 64])
encoder.layers.2.sublayer.0.norm.weight 	 torch.Size([64])
encoder.layers.2.sublayer.0.norm.bias 	 torch.Size([64])
encoder.layers.2.sublayer.1.norm.weight 	 torch.Size([64])
encoder.layers.2.sublayer.1.norm.bias 	 torch.Size([64])
encoder.layers.3.self_attn.linears.0.weight 	 torch.Size([64, 64])
encoder.layers.3.self_attn.linears.0.bias 	 torch.Size([64])
encoder.layers.3.self_attn.linears.1.weight 	 torch.Size([64, 64])
encoder.layers.3.self_attn.linears.1.bias 	 torch.Size([64])
encoder.layers.3.self_attn.conv1Ds_aware_temporal_context.0.weight 	 torch.Size([64, 64, 1, 3])
encoder.layers.3.self_attn.conv1Ds_aware_temporal_context.0.bias 	 torch.Size([64])
encoder.layers.3.self_attn.conv1Ds_aware_temporal_context.1.weight 	 torch.Size([64, 64, 1, 3])
encoder.layers.3.self_attn.conv1Ds_aware_temporal_context.1.bias 	 torch.Size([64])
encoder.layers.3.feed_forward_gcn.gcn.alpha 	 torch.Size([1])
encoder.layers.3.feed_forward_gcn.gcn.beta 	 torch.Size([1])
encoder.layers.3.feed_forward_gcn.gcn.Theta.weight 	 torch.Size([64, 64])
encoder.layers.3.sublayer.0.norm.weight 	 torch.Size([64])
encoder.layers.3.sublayer.0.norm.bias 	 torch.Size([64])
encoder.layers.3.sublayer.1.norm.weight 	 torch.Size([64])
encoder.layers.3.sublayer.1.norm.bias 	 torch.Size([64])
encoder.norm.weight 	 torch.Size([64])
encoder.norm.bias 	 torch.Size([64])
decoder.layers.0.self_attn.linears.0.weight 	 torch.Size([64, 64])
decoder.layers.0.self_attn.linears.0.bias 	 torch.Size([64])
decoder.layers.0.self_attn.linears.1.weight 	 torch.Size([64, 64])
decoder.layers.0.self_attn.linears.1.bias 	 torch.Size([64])
decoder.layers.0.self_attn.conv1Ds_aware_temporal_context.0.weight 	 torch.Size([64, 64, 1, 3])
decoder.layers.0.self_attn.conv1Ds_aware_temporal_context.0.bias 	 torch.Size([64])
decoder.layers.0.self_attn.conv1Ds_aware_temporal_context.1.weight 	 torch.Size([64, 64, 1, 3])
decoder.layers.0.self_attn.conv1Ds_aware_temporal_context.1.bias 	 torch.Size([64])
decoder.layers.0.src_attn.linears.0.weight 	 torch.Size([64, 64])
decoder.layers.0.src_attn.linears.0.bias 	 torch.Size([64])
decoder.layers.0.src_attn.linears.1.weight 	 torch.Size([64, 64])
decoder.layers.0.src_attn.linears.1.bias 	 torch.Size([64])
decoder.layers.0.src_attn.query_conv1Ds_aware_temporal_context.weight 	 torch.Size([64, 64, 1, 3])
decoder.layers.0.src_attn.query_conv1Ds_aware_temporal_context.bias 	 torch.Size([64])
decoder.layers.0.src_attn.key_conv1Ds_aware_temporal_context.weight 	 torch.Size([64, 64, 1, 3])
decoder.layers.0.src_attn.key_conv1Ds_aware_temporal_context.bias 	 torch.Size([64])
decoder.layers.0.feed_forward_gcn.gcn.alpha 	 torch.Size([1])
decoder.layers.0.feed_forward_gcn.gcn.beta 	 torch.Size([1])
decoder.layers.0.feed_forward_gcn.gcn.Theta.weight 	 torch.Size([64, 64])
decoder.layers.0.sublayer.0.norm.weight 	 torch.Size([64])
decoder.layers.0.sublayer.0.norm.bias 	 torch.Size([64])
decoder.layers.0.sublayer.1.norm.weight 	 torch.Size([64])
decoder.layers.0.sublayer.1.norm.bias 	 torch.Size([64])
decoder.layers.0.sublayer.2.norm.weight 	 torch.Size([64])
decoder.layers.0.sublayer.2.norm.bias 	 torch.Size([64])
decoder.layers.1.self_attn.linears.0.weight 	 torch.Size([64, 64])
decoder.layers.1.self_attn.linears.0.bias 	 torch.Size([64])
decoder.layers.1.self_attn.linears.1.weight 	 torch.Size([64, 64])
decoder.layers.1.self_attn.linears.1.bias 	 torch.Size([64])
decoder.layers.1.self_attn.conv1Ds_aware_temporal_context.0.weight 	 torch.Size([64, 64, 1, 3])
decoder.layers.1.self_attn.conv1Ds_aware_temporal_context.0.bias 	 torch.Size([64])
decoder.layers.1.self_attn.conv1Ds_aware_temporal_context.1.weight 	 torch.Size([64, 64, 1, 3])
decoder.layers.1.self_attn.conv1Ds_aware_temporal_context.1.bias 	 torch.Size([64])
decoder.layers.1.src_attn.linears.0.weight 	 torch.Size([64, 64])
decoder.layers.1.src_attn.linears.0.bias 	 torch.Size([64])
decoder.layers.1.src_attn.linears.1.weight 	 torch.Size([64, 64])
decoder.layers.1.src_attn.linears.1.bias 	 torch.Size([64])
decoder.layers.1.src_attn.query_conv1Ds_aware_temporal_context.weight 	 torch.Size([64, 64, 1, 3])
decoder.layers.1.src_attn.query_conv1Ds_aware_temporal_context.bias 	 torch.Size([64])
decoder.layers.1.src_attn.key_conv1Ds_aware_temporal_context.weight 	 torch.Size([64, 64, 1, 3])
decoder.layers.1.src_attn.key_conv1Ds_aware_temporal_context.bias 	 torch.Size([64])
decoder.layers.1.feed_forward_gcn.gcn.alpha 	 torch.Size([1])
decoder.layers.1.feed_forward_gcn.gcn.beta 	 torch.Size([1])
decoder.layers.1.feed_forward_gcn.gcn.Theta.weight 	 torch.Size([64, 64])
decoder.layers.1.sublayer.0.norm.weight 	 torch.Size([64])
decoder.layers.1.sublayer.0.norm.bias 	 torch.Size([64])
decoder.layers.1.sublayer.1.norm.weight 	 torch.Size([64])
decoder.layers.1.sublayer.1.norm.bias 	 torch.Size([64])
decoder.layers.1.sublayer.2.norm.weight 	 torch.Size([64])
decoder.layers.1.sublayer.2.norm.bias 	 torch.Size([64])
decoder.layers.2.self_attn.linears.0.weight 	 torch.Size([64, 64])
decoder.layers.2.self_attn.linears.0.bias 	 torch.Size([64])
decoder.layers.2.self_attn.linears.1.weight 	 torch.Size([64, 64])
decoder.layers.2.self_attn.linears.1.bias 	 torch.Size([64])
decoder.layers.2.self_attn.conv1Ds_aware_temporal_context.0.weight 	 torch.Size([64, 64, 1, 3])
decoder.layers.2.self_attn.conv1Ds_aware_temporal_context.0.bias 	 torch.Size([64])
decoder.layers.2.self_attn.conv1Ds_aware_temporal_context.1.weight 	 torch.Size([64, 64, 1, 3])
decoder.layers.2.self_attn.conv1Ds_aware_temporal_context.1.bias 	 torch.Size([64])
decoder.layers.2.src_attn.linears.0.weight 	 torch.Size([64, 64])
decoder.layers.2.src_attn.linears.0.bias 	 torch.Size([64])
decoder.layers.2.src_attn.linears.1.weight 	 torch.Size([64, 64])
decoder.layers.2.src_attn.linears.1.bias 	 torch.Size([64])
decoder.layers.2.src_attn.query_conv1Ds_aware_temporal_context.weight 	 torch.Size([64, 64, 1, 3])
decoder.layers.2.src_attn.query_conv1Ds_aware_temporal_context.bias 	 torch.Size([64])
decoder.layers.2.src_attn.key_conv1Ds_aware_temporal_context.weight 	 torch.Size([64, 64, 1, 3])
decoder.layers.2.src_attn.key_conv1Ds_aware_temporal_context.bias 	 torch.Size([64])
decoder.layers.2.feed_forward_gcn.gcn.alpha 	 torch.Size([1])
decoder.layers.2.feed_forward_gcn.gcn.beta 	 torch.Size([1])
decoder.layers.2.feed_forward_gcn.gcn.Theta.weight 	 torch.Size([64, 64])
decoder.layers.2.sublayer.0.norm.weight 	 torch.Size([64])
decoder.layers.2.sublayer.0.norm.bias 	 torch.Size([64])
decoder.layers.2.sublayer.1.norm.weight 	 torch.Size([64])
decoder.layers.2.sublayer.1.norm.bias 	 torch.Size([64])
decoder.layers.2.sublayer.2.norm.weight 	 torch.Size([64])
decoder.layers.2.sublayer.2.norm.bias 	 torch.Size([64])
decoder.layers.3.self_attn.linears.0.weight 	 torch.Size([64, 64])
decoder.layers.3.self_attn.linears.0.bias 	 torch.Size([64])
decoder.layers.3.self_attn.linears.1.weight 	 torch.Size([64, 64])
decoder.layers.3.self_attn.linears.1.bias 	 torch.Size([64])
decoder.layers.3.self_attn.conv1Ds_aware_temporal_context.0.weight 	 torch.Size([64, 64, 1, 3])
decoder.layers.3.self_attn.conv1Ds_aware_temporal_context.0.bias 	 torch.Size([64])
decoder.layers.3.self_attn.conv1Ds_aware_temporal_context.1.weight 	 torch.Size([64, 64, 1, 3])
decoder.layers.3.self_attn.conv1Ds_aware_temporal_context.1.bias 	 torch.Size([64])
decoder.layers.3.src_attn.linears.0.weight 	 torch.Size([64, 64])
decoder.layers.3.src_attn.linears.0.bias 	 torch.Size([64])
decoder.layers.3.src_attn.linears.1.weight 	 torch.Size([64, 64])
decoder.layers.3.src_attn.linears.1.bias 	 torch.Size([64])
decoder.layers.3.src_attn.query_conv1Ds_aware_temporal_context.weight 	 torch.Size([64, 64, 1, 3])
decoder.layers.3.src_attn.query_conv1Ds_aware_temporal_context.bias 	 torch.Size([64])
decoder.layers.3.src_attn.key_conv1Ds_aware_temporal_context.weight 	 torch.Size([64, 64, 1, 3])
decoder.layers.3.src_attn.key_conv1Ds_aware_temporal_context.bias 	 torch.Size([64])
decoder.layers.3.feed_forward_gcn.gcn.alpha 	 torch.Size([1])
decoder.layers.3.feed_forward_gcn.gcn.beta 	 torch.Size([1])
decoder.layers.3.feed_forward_gcn.gcn.Theta.weight 	 torch.Size([64, 64])
decoder.layers.3.sublayer.0.norm.weight 	 torch.Size([64])
decoder.layers.3.sublayer.0.norm.bias 	 torch.Size([64])
decoder.layers.3.sublayer.1.norm.weight 	 torch.Size([64])
decoder.layers.3.sublayer.1.norm.bias 	 torch.Size([64])
decoder.layers.3.sublayer.2.norm.weight 	 torch.Size([64])
decoder.layers.3.sublayer.2.norm.bias 	 torch.Size([64])
decoder.norm.weight 	 torch.Size([64])
decoder.norm.bias 	 torch.Size([64])
src_embed.0.weight 	 torch.Size([64, 1])
src_embed.0.bias 	 torch.Size([64])
src_embed.1.pe 	 torch.Size([1, 1, 288, 64])
src_embed.2.embedding.weight 	 torch.Size([80, 64])
src_embed.2.gcn_smooth_layers.0.alpha 	 torch.Size([1])
src_embed.2.gcn_smooth_layers.0.beta 	 torch.Size([1])
src_embed.2.gcn_smooth_layers.0.Theta.weight 	 torch.Size([64, 64])
trg_embed.0.weight 	 torch.Size([64, 1])
trg_embed.0.bias 	 torch.Size([64])
trg_embed.1.pe 	 torch.Size([1, 1, 12, 64])
trg_embed.2.embedding.weight 	 torch.Size([80, 64])
trg_embed.2.gcn_smooth_layers.0.alpha 	 torch.Size([1])
trg_embed.2.gcn_smooth_layers.0.beta 	 torch.Size([1])
trg_embed.2.gcn_smooth_layers.0.Theta.weight 	 torch.Size([64, 64])
prediction_generator.weight 	 torch.Size([1, 64])
prediction_generator.bias 	 torch.Size([1])
Net's total params: 469845
Optimizer's state_dict:
state 	 {}
param_groups 	 [{'lr': 0.001, 'betas': (0.9, 0.999), 'eps': 1e-08, 'weight_decay': 0, 'amsgrad': False, 'params': [0, 1, 2, 3, 4, 5, 6, 7, 8, 9, 10, 11, 12, 13, 14, 15, 16, 17, 18, 19, 20, 21, 22, 23, 24, 25, 26, 27, 28, 29, 30, 31, 32, 33, 34, 35, 36, 37, 38, 39, 40, 41, 42, 43, 44, 45, 46, 47, 48, 49, 50, 51, 52, 53, 54, 55, 56, 57, 58, 59, 60, 61, 62, 63, 64, 65, 66, 67, 68, 69, 70, 71, 72, 73, 74, 75, 76, 77, 78, 79, 80, 81, 82, 83, 84, 85, 86, 87, 88, 89, 90, 91, 92, 93, 94, 95, 96, 97, 98, 99, 100, 101, 102, 103, 104, 105, 106, 107, 108, 109, 110, 111, 112, 113, 114, 115, 116, 117, 118, 119, 120, 121, 122, 123, 124, 125, 126, 127, 128, 129, 130, 131, 132, 133, 134, 135, 136, 137, 138, 139, 140, 141, 142, 143, 144, 145, 146, 147, 148, 149, 150, 151, 152, 153, 154, 155, 156, 157, 158, 159, 160, 161, 162, 163, 164, 165, 166, 167, 168, 169, 170, 171, 172, 173, 174, 175, 176, 177]}]
validation batch 1 / 3, loss: 1.14
validation cost time: 9.1582s
save parameters to file: ../experiments/HZME_INFLOW/MAE_ASTGNN_h1d1w0_layer4_head8_dm64_channel1_dir2_drop0.00_1.00e-03_B16_K5_TcontextScaledSAtSE1TE/epoch_0.params
epoch: 0, train time every whole data:24.33s
epoch: 0, total time:33.51s
validation batch 1 / 3, loss: 0.05
validation cost time: 8.7937s
save parameters to file: ../experiments/HZME_INFLOW/MAE_ASTGNN_h1d1w0_layer4_head8_dm64_channel1_dir2_drop0.00_1.00e-03_B16_K5_TcontextScaledSAtSE1TE/epoch_1.params
epoch: 1, train time every whole data:24.26s
epoch: 1, total time:66.58s
validation batch 1 / 3, loss: 0.15
validation cost time: 8.7971s
epoch: 2, train time every whole data:24.27s
epoch: 2, total time:99.64s
validation batch 1 / 3, loss: 0.04
validation cost time: 8.7943s
save parameters to file: ../experiments/HZME_INFLOW/MAE_ASTGNN_h1d1w0_layer4_head8_dm64_channel1_dir2_drop0.00_1.00e-03_B16_K5_TcontextScaledSAtSE1TE/epoch_3.params
epoch: 3, train time every whole data:24.28s
epoch: 3, total time:132.73s
validation batch 1 / 3, loss: 0.04
validation cost time: 8.7936s
epoch: 4, train time every whole data:24.22s
epoch: 4, total time:165.74s
validation batch 1 / 3, loss: 0.02
validation cost time: 8.7942s
save parameters to file: ../experiments/HZME_INFLOW/MAE_ASTGNN_h1d1w0_layer4_head8_dm64_channel1_dir2_drop0.00_1.00e-03_B16_K5_TcontextScaledSAtSE1TE/epoch_5.params
epoch: 5, train time every whole data:24.20s
epoch: 5, total time:198.75s
validation batch 1 / 3, loss: 0.02
validation cost time: 8.7944s
epoch: 6, train time every whole data:24.21s
epoch: 6, total time:231.76s
validation batch 1 / 3, loss: 0.03
validation cost time: 8.7929s
epoch: 7, train time every whole data:24.21s
epoch: 7, total time:264.76s
validation batch 1 / 3, loss: 0.02
validation cost time: 8.7927s
epoch: 8, train time every whole data:24.18s
epoch: 8, total time:297.74s
validation batch 1 / 3, loss: 0.03
validation cost time: 8.7886s
epoch: 9, train time every whole data:24.18s
epoch: 9, total time:330.71s
validation batch 1 / 3, loss: 0.03
validation cost time: 8.7911s
epoch: 10, train time every whole data:24.27s
epoch: 10, total time:363.77s
validation batch 1 / 3, loss: 0.06
validation cost time: 8.7892s
epoch: 11, train time every whole data:24.21s
epoch: 11, total time:396.77s
validation batch 1 / 3, loss: 0.02
validation cost time: 8.7894s
save parameters to file: ../experiments/HZME_INFLOW/MAE_ASTGNN_h1d1w0_layer4_head8_dm64_channel1_dir2_drop0.00_1.00e-03_B16_K5_TcontextScaledSAtSE1TE/epoch_12.params
epoch: 12, train time every whole data:24.21s
epoch: 12, total time:429.79s
validation batch 1 / 3, loss: 0.05
validation cost time: 8.7893s
epoch: 13, train time every whole data:24.22s
epoch: 13, total time:462.80s
validation batch 1 / 3, loss: 0.03
validation cost time: 8.7892s
epoch: 14, train time every whole data:24.21s
epoch: 14, total time:495.81s
validation batch 1 / 3, loss: 0.02
validation cost time: 8.7926s
epoch: 15, train time every whole data:24.23s
epoch: 15, total time:528.83s
validation batch 1 / 3, loss: 0.02
validation cost time: 8.7935s
epoch: 16, train time every whole data:24.22s
epoch: 16, total time:561.85s
validation batch 1 / 3, loss: 0.11
validation cost time: 8.7928s
epoch: 17, train time every whole data:24.25s
epoch: 17, total time:594.89s
validation batch 1 / 3, loss: 0.03
validation cost time: 8.7943s
epoch: 18, train time every whole data:24.24s
epoch: 18, total time:627.93s
validation batch 1 / 3, loss: 0.02
validation cost time: 8.7940s
epoch: 19, train time every whole data:24.23s
epoch: 19, total time:660.95s
validation batch 1 / 3, loss: 0.05
validation cost time: 8.7939s
epoch: 20, train time every whole data:24.23s
epoch: 20, total time:693.98s
validation batch 1 / 3, loss: 0.02
validation cost time: 8.7943s
epoch: 21, train time every whole data:24.25s
epoch: 21, total time:727.03s
validation batch 1 / 3, loss: 0.05
validation cost time: 8.7941s
epoch: 22, train time every whole data:24.24s
epoch: 22, total time:760.06s
validation batch 1 / 3, loss: 0.03
validation cost time: 8.7934s
epoch: 23, train time every whole data:24.24s
epoch: 23, total time:793.09s
validation batch 1 / 3, loss: 0.05
validation cost time: 8.8278s
epoch: 24, train time every whole data:24.24s
epoch: 24, total time:826.16s
validation batch 1 / 3, loss: 0.05
validation cost time: 8.7932s
epoch: 25, train time every whole data:24.24s
epoch: 25, total time:859.19s
validation batch 1 / 3, loss: 0.02
validation cost time: 8.7927s
save parameters to file: ../experiments/HZME_INFLOW/MAE_ASTGNN_h1d1w0_layer4_head8_dm64_channel1_dir2_drop0.00_1.00e-03_B16_K5_TcontextScaledSAtSE1TE/epoch_26.params
epoch: 26, train time every whole data:24.24s
epoch: 26, total time:892.24s
validation batch 1 / 3, loss: 0.02
validation cost time: 8.7933s
save parameters to file: ../experiments/HZME_INFLOW/MAE_ASTGNN_h1d1w0_layer4_head8_dm64_channel1_dir2_drop0.00_1.00e-03_B16_K5_TcontextScaledSAtSE1TE/epoch_27.params
epoch: 27, train time every whole data:24.23s
epoch: 27, total time:925.28s
validation batch 1 / 3, loss: 0.03
validation cost time: 8.7926s
epoch: 28, train time every whole data:24.24s
epoch: 28, total time:958.31s
validation batch 1 / 3, loss: 0.04
validation cost time: 8.7883s
epoch: 29, train time every whole data:24.21s
epoch: 29, total time:991.30s
validation batch 1 / 3, loss: 0.04
validation cost time: 8.7894s
epoch: 30, train time every whole data:24.20s
epoch: 30, total time:1024.30s
validation batch 1 / 3, loss: 0.02
validation cost time: 8.7893s
epoch: 31, train time every whole data:24.23s
epoch: 31, total time:1057.32s
validation batch 1 / 3, loss: 0.03
validation cost time: 8.7889s
epoch: 32, train time every whole data:24.22s
epoch: 32, total time:1090.33s
validation batch 1 / 3, loss: 0.02
validation cost time: 8.7933s
epoch: 33, train time every whole data:24.24s
epoch: 33, total time:1123.37s
validation batch 1 / 3, loss: 0.02
validation cost time: 8.7941s
epoch: 34, train time every whole data:24.25s
epoch: 34, total time:1156.42s
validation batch 1 / 3, loss: 0.02
validation cost time: 8.7925s
epoch: 35, train time every whole data:24.26s
epoch: 35, total time:1189.47s
validation batch 1 / 3, loss: 0.04
validation cost time: 8.7939s
epoch: 36, train time every whole data:24.25s
epoch: 36, total time:1222.52s
validation batch 1 / 3, loss: 0.02
validation cost time: 8.7929s
epoch: 37, train time every whole data:24.25s
epoch: 37, total time:1255.56s
validation batch 1 / 3, loss: 0.03
validation cost time: 8.7933s
epoch: 38, train time every whole data:24.25s
epoch: 38, total time:1288.61s
validation batch 1 / 3, loss: 0.02
validation cost time: 8.7929s
epoch: 39, train time every whole data:24.25s
epoch: 39, total time:1321.65s
validation batch 1 / 3, loss: 0.02
validation cost time: 8.7930s
epoch: 40, train time every whole data:24.24s
epoch: 40, total time:1354.69s
validation batch 1 / 3, loss: 0.03
validation cost time: 8.7939s
epoch: 41, train time every whole data:24.24s
epoch: 41, total time:1387.73s
validation batch 1 / 3, loss: 0.02
validation cost time: 8.7887s
epoch: 42, train time every whole data:24.23s
epoch: 42, total time:1420.75s
validation batch 1 / 3, loss: 0.03
validation cost time: 8.7882s
epoch: 43, train time every whole data:24.23s
epoch: 43, total time:1453.76s
validation batch 1 / 3, loss: 0.05
validation cost time: 8.7896s
epoch: 44, train time every whole data:24.23s
epoch: 44, total time:1486.79s
validation batch 1 / 3, loss: 0.02
validation cost time: 8.7877s
save parameters to file: ../experiments/HZME_INFLOW/MAE_ASTGNN_h1d1w0_layer4_head8_dm64_channel1_dir2_drop0.00_1.00e-03_B16_K5_TcontextScaledSAtSE1TE/epoch_45.params
epoch: 45, train time every whole data:24.23s
epoch: 45, total time:1519.82s
validation batch 1 / 3, loss: 0.02
validation cost time: 8.7885s
save parameters to file: ../experiments/HZME_INFLOW/MAE_ASTGNN_h1d1w0_layer4_head8_dm64_channel1_dir2_drop0.00_1.00e-03_B16_K5_TcontextScaledSAtSE1TE/epoch_46.params
epoch: 46, train time every whole data:24.22s
epoch: 46, total time:1552.85s
validation batch 1 / 3, loss: 0.02
validation cost time: 8.7884s
epoch: 47, train time every whole data:24.22s
epoch: 47, total time:1585.86s
validation batch 1 / 3, loss: 0.02
validation cost time: 8.7893s
epoch: 48, train time every whole data:24.23s
epoch: 48, total time:1618.88s
validation batch 1 / 3, loss: 0.03
validation cost time: 8.7884s
epoch: 49, train time every whole data:24.24s
epoch: 49, total time:1651.91s
validation batch 1 / 3, loss: 0.03
validation cost time: 8.7941s
epoch: 50, train time every whole data:24.22s
epoch: 50, total time:1684.93s
validation batch 1 / 3, loss: 0.02
validation cost time: 8.7883s
epoch: 51, train time every whole data:24.24s
epoch: 51, total time:1717.96s
validation batch 1 / 3, loss: 0.02
validation cost time: 8.7913s
save parameters to file: ../experiments/HZME_INFLOW/MAE_ASTGNN_h1d1w0_layer4_head8_dm64_channel1_dir2_drop0.00_1.00e-03_B16_K5_TcontextScaledSAtSE1TE/epoch_52.params
epoch: 52, train time every whole data:24.23s
epoch: 52, total time:1751.00s
validation batch 1 / 3, loss: 0.01
validation cost time: 8.7885s
save parameters to file: ../experiments/HZME_INFLOW/MAE_ASTGNN_h1d1w0_layer4_head8_dm64_channel1_dir2_drop0.00_1.00e-03_B16_K5_TcontextScaledSAtSE1TE/epoch_53.params
epoch: 53, train time every whole data:24.22s
epoch: 53, total time:1784.03s
validation batch 1 / 3, loss: 0.06
validation cost time: 8.7886s
epoch: 54, train time every whole data:24.23s
epoch: 54, total time:1817.05s
validation batch 1 / 3, loss: 0.02
validation cost time: 8.7897s
epoch: 55, train time every whole data:24.23s
epoch: 55, total time:1850.07s
validation batch 1 / 3, loss: 0.02
validation cost time: 8.7931s
epoch: 56, train time every whole data:24.25s
epoch: 56, total time:1883.12s
validation batch 1 / 3, loss: 0.03
validation cost time: 8.7934s
epoch: 57, train time every whole data:24.25s
epoch: 57, total time:1916.17s
validation batch 1 / 3, loss: 0.01
validation cost time: 8.7952s
epoch: 58, train time every whole data:24.27s
epoch: 58, total time:1949.23s
validation batch 1 / 3, loss: 0.02
validation cost time: 8.7931s
epoch: 59, train time every whole data:24.27s
epoch: 59, total time:1982.29s
validation batch 1 / 3, loss: 0.02
validation cost time: 8.7933s
epoch: 60, train time every whole data:24.27s
epoch: 60, total time:2015.35s
validation batch 1 / 3, loss: 0.01
validation cost time: 8.8259s
epoch: 61, train time every whole data:24.25s
epoch: 61, total time:2048.42s
validation batch 1 / 3, loss: 0.02
validation cost time: 8.7950s
epoch: 62, train time every whole data:24.25s
epoch: 62, total time:2081.47s
validation batch 1 / 3, loss: 0.02
validation cost time: 8.7929s
epoch: 63, train time every whole data:24.26s
epoch: 63, total time:2114.52s
validation batch 1 / 3, loss: 0.03
validation cost time: 8.7941s
epoch: 64, train time every whole data:24.24s
epoch: 64, total time:2147.56s
validation batch 1 / 3, loss: 0.02
validation cost time: 8.7939s
epoch: 65, train time every whole data:24.24s
epoch: 65, total time:2180.59s
validation batch 1 / 3, loss: 0.02
validation cost time: 8.7896s
epoch: 66, train time every whole data:24.23s
epoch: 66, total time:2213.62s
validation batch 1 / 3, loss: 0.02
validation cost time: 8.7893s
epoch: 67, train time every whole data:24.24s
epoch: 67, total time:2246.65s
validation batch 1 / 3, loss: 0.02
validation cost time: 8.7892s
epoch: 68, train time every whole data:24.23s
epoch: 68, total time:2279.67s
validation batch 1 / 3, loss: 0.03
validation cost time: 8.7877s
epoch: 69, train time every whole data:24.24s
epoch: 69, total time:2312.70s
validation batch 1 / 3, loss: 0.02
validation cost time: 8.7943s
epoch: 70, train time every whole data:24.25s
epoch: 70, total time:2345.75s
validation batch 1 / 3, loss: 0.02
validation cost time: 8.7895s
epoch: 71, train time every whole data:24.23s
epoch: 71, total time:2378.77s
validation batch 1 / 3, loss: 0.03
validation cost time: 8.7912s
epoch: 72, train time every whole data:24.25s
epoch: 72, total time:2411.82s
validation batch 1 / 3, loss: 0.02
validation cost time: 8.7927s
epoch: 73, train time every whole data:24.23s
epoch: 73, total time:2444.84s
validation batch 1 / 3, loss: 0.02
validation cost time: 8.7899s
epoch: 74, train time every whole data:24.24s
epoch: 74, total time:2477.87s
validation batch 1 / 3, loss: 0.02
validation cost time: 8.7889s
epoch: 75, train time every whole data:24.25s
epoch: 75, total time:2510.91s
validation batch 1 / 3, loss: 0.01
validation cost time: 8.7884s
epoch: 76, train time every whole data:24.23s
epoch: 76, total time:2543.93s
validation batch 1 / 3, loss: 0.02
validation cost time: 8.7878s
epoch: 77, train time every whole data:24.25s
epoch: 77, total time:2576.98s
validation batch 1 / 3, loss: 0.02
validation cost time: 8.7949s
epoch: 78, train time every whole data:24.24s
epoch: 78, total time:2610.02s
validation batch 1 / 3, loss: 0.01
validation cost time: 8.7934s
save parameters to file: ../experiments/HZME_INFLOW/MAE_ASTGNN_h1d1w0_layer4_head8_dm64_channel1_dir2_drop0.00_1.00e-03_B16_K5_TcontextScaledSAtSE1TE/epoch_79.params
epoch: 79, train time every whole data:24.25s
epoch: 79, total time:2643.08s
validation batch 1 / 3, loss: 0.01
validation cost time: 8.7937s
epoch: 80, train time every whole data:24.22s
epoch: 80, total time:2676.10s
validation batch 1 / 3, loss: 0.02
validation cost time: 8.7881s
epoch: 81, train time every whole data:24.22s
epoch: 81, total time:2709.11s
validation batch 1 / 3, loss: 0.01
validation cost time: 8.7930s
epoch: 82, train time every whole data:24.26s
epoch: 82, total time:2742.16s
validation batch 1 / 3, loss: 0.02
validation cost time: 8.7937s
epoch: 83, train time every whole data:24.24s
epoch: 83, total time:2775.20s
validation batch 1 / 3, loss: 0.02
validation cost time: 8.7886s
epoch: 84, train time every whole data:24.23s
epoch: 84, total time:2808.22s
validation batch 1 / 3, loss: 0.01
validation cost time: 8.7885s
epoch: 85, train time every whole data:24.23s
epoch: 85, total time:2841.25s
validation batch 1 / 3, loss: 0.01
validation cost time: 8.7939s
save parameters to file: ../experiments/HZME_INFLOW/MAE_ASTGNN_h1d1w0_layer4_head8_dm64_channel1_dir2_drop0.00_1.00e-03_B16_K5_TcontextScaledSAtSE1TE/epoch_86.params
epoch: 86, train time every whole data:24.26s
epoch: 86, total time:2874.31s
validation batch 1 / 3, loss: 0.02
validation cost time: 8.7942s
epoch: 87, train time every whole data:24.27s
epoch: 87, total time:2907.37s
validation batch 1 / 3, loss: 0.02
validation cost time: 8.7933s
epoch: 88, train time every whole data:24.26s
epoch: 88, total time:2940.43s
validation batch 1 / 3, loss: 0.01
validation cost time: 8.7937s
save parameters to file: ../experiments/HZME_INFLOW/MAE_ASTGNN_h1d1w0_layer4_head8_dm64_channel1_dir2_drop0.00_1.00e-03_B16_K5_TcontextScaledSAtSE1TE/epoch_89.params
epoch: 89, train time every whole data:24.23s
epoch: 89, total time:2973.47s
validation batch 1 / 3, loss: 0.02
validation cost time: 8.7887s
epoch: 90, train time every whole data:24.22s
epoch: 90, total time:3006.48s
validation batch 1 / 3, loss: 0.01
validation cost time: 8.7881s
epoch: 91, train time every whole data:24.25s
epoch: 91, total time:3039.52s
validation batch 1 / 3, loss: 0.02
validation cost time: 8.8222s
epoch: 92, train time every whole data:24.24s
epoch: 92, total time:3072.58s
validation batch 1 / 3, loss: 0.01
validation cost time: 8.7884s
epoch: 93, train time every whole data:24.23s
epoch: 93, total time:3105.61s
validation batch 1 / 3, loss: 0.02
validation cost time: 8.7899s
epoch: 94, train time every whole data:24.24s
epoch: 94, total time:3138.63s
validation batch 1 / 3, loss: 0.01
validation cost time: 8.7884s
epoch: 95, train time every whole data:24.23s
epoch: 95, total time:3171.65s
validation batch 1 / 3, loss: 0.01
validation cost time: 8.7889s
epoch: 96, train time every whole data:24.22s
epoch: 96, total time:3204.67s
validation batch 1 / 3, loss: 0.02
validation cost time: 8.7886s
epoch: 97, train time every whole data:24.23s
epoch: 97, total time:3237.68s
validation batch 1 / 3, loss: 0.01
validation cost time: 8.7893s
epoch: 98, train time every whole data:24.23s
epoch: 98, total time:3270.70s
validation batch 1 / 3, loss: 0.02
validation cost time: 8.7879s
epoch: 99, train time every whole data:24.24s
epoch: 99, total time:3303.73s
best epoch: 89
apply the best val model on the test data set ...
load weight from: ../experiments/HZME_INFLOW/MAE_ASTGNN_h1d1w0_layer4_head8_dm64_channel1_dir2_drop0.00_1.00e-03_B16_K5_TcontextScaledSAtSE1TE/epoch_89.params
predicting testing set batch 1 / 3, time: 4.17s
test time on whole data:8.79s
input: (1073, 80, 24, 1)
prediction: (1073, 80, 12, 1)
data_target_tensor: (1073, 80, 12)
current epoch: 89, predict 0 points
MAE: 10.21
RMSE: 16.46
MAPE: 24.11
current epoch: 89, predict 1 points
MAE: 10.45
RMSE: 17.35
MAPE: 23.74
current epoch: 89, predict 2 points
MAE: 10.53
RMSE: 17.38
MAPE: 23.70
current epoch: 89, predict 3 points
MAE: 10.61
RMSE: 17.48
MAPE: 24.28
current epoch: 89, predict 4 points
MAE: 10.72
RMSE: 17.74
MAPE: 24.03
current epoch: 89, predict 5 points
MAE: 10.90
RMSE: 18.24
MAPE: 23.97
current epoch: 89, predict 6 points
MAE: 11.20
RMSE: 18.96
MAPE: 24.12
current epoch: 89, predict 7 points
MAE: 11.49
RMSE: 19.45
MAPE: 24.47
current epoch: 89, predict 8 points
MAE: 11.67
RMSE: 19.86
MAPE: 24.72
current epoch: 89, predict 9 points
MAE: 12.00
RMSE: 20.76
MAPE: 24.94
current epoch: 89, predict 10 points
MAE: 12.40
RMSE: 21.68
MAPE: 25.19
current epoch: 89, predict 11 points
MAE: 12.92
RMSE: 22.80
MAPE: 25.88
all MAE: 11.26
all RMSE: 19.11
all MAPE: 24.42
[10.213231, 16.459564600733007, 24.10842478275299, 10.449328, 17.348399925655066, 23.741984367370605, 10.526225, 17.382060201417527, 23.69549572467804, 10.614344, 17.483148799439974, 24.279797077178955, 10.71627, 17.740342642690926, 24.029283225536346, 10.901093, 18.235809243615467, 23.974700272083282, 11.195221, 18.957928305969954, 24.122047424316406, 11.491926, 19.451277679606054, 24.46681708097458, 11.667276, 19.860209401727584, 24.724195897579193, 11.997505, 20.75693699343931, 24.93683248758316, 12.400148, 21.683622953614815, 25.185972452163696, 12.915352, 22.80254090188265, 25.878044962882996, 11.257324, 19.10522395889489, 24.420566856861115]
fine tune the model ... 
epoch: 100, train time every whole data:56.81s
epoch: 100, total time:3369.49s
validation batch 1 / 3, loss: 0.01
validation cost time: 8.7887s
save parameters to file: ../experiments/HZME_INFLOW/MAE_ASTGNN_h1d1w0_layer4_head8_dm64_channel1_dir2_drop0.00_1.00e-03_B16_K5_TcontextScaledSAtSE1TE/epoch_100.params
epoch: 101, train time every whole data:56.68s
epoch: 101, total time:3434.98s
validation batch 1 / 3, loss: 0.01
validation cost time: 8.7919s
save parameters to file: ../experiments/HZME_INFLOW/MAE_ASTGNN_h1d1w0_layer4_head8_dm64_channel1_dir2_drop0.00_1.00e-03_B16_K5_TcontextScaledSAtSE1TE/epoch_101.params
epoch: 102, train time every whole data:56.76s
epoch: 102, total time:3500.54s
validation batch 1 / 3, loss: 0.01
validation cost time: 8.7948s
save parameters to file: ../experiments/HZME_INFLOW/MAE_ASTGNN_h1d1w0_layer4_head8_dm64_channel1_dir2_drop0.00_1.00e-03_B16_K5_TcontextScaledSAtSE1TE/epoch_102.params
epoch: 103, train time every whole data:56.79s
epoch: 103, total time:3566.14s
validation batch 1 / 3, loss: 0.01
validation cost time: 8.7884s
epoch: 104, train time every whole data:56.68s
epoch: 104, total time:3631.61s
validation batch 1 / 3, loss: 0.01
validation cost time: 8.7897s
save parameters to file: ../experiments/HZME_INFLOW/MAE_ASTGNN_h1d1w0_layer4_head8_dm64_channel1_dir2_drop0.00_1.00e-03_B16_K5_TcontextScaledSAtSE1TE/epoch_104.params
epoch: 105, train time every whole data:56.74s
epoch: 105, total time:3697.15s
validation batch 1 / 3, loss: 0.01
validation cost time: 8.7909s
epoch: 106, train time every whole data:56.76s
epoch: 106, total time:3762.71s
validation batch 1 / 3, loss: 0.01
validation cost time: 8.7907s
epoch: 107, train time every whole data:56.75s
epoch: 107, total time:3828.25s
validation batch 1 / 3, loss: 0.01
validation cost time: 8.7934s
save parameters to file: ../experiments/HZME_INFLOW/MAE_ASTGNN_h1d1w0_layer4_head8_dm64_channel1_dir2_drop0.00_1.00e-03_B16_K5_TcontextScaledSAtSE1TE/epoch_107.params
epoch: 108, train time every whole data:56.67s
epoch: 108, total time:3893.73s
validation batch 1 / 3, loss: 0.01
validation cost time: 8.7945s
epoch: 109, train time every whole data:56.67s
epoch: 109, total time:3959.20s
validation batch 1 / 3, loss: 0.01
validation cost time: 8.7901s
save parameters to file: ../experiments/HZME_INFLOW/MAE_ASTGNN_h1d1w0_layer4_head8_dm64_channel1_dir2_drop0.00_1.00e-03_B16_K5_TcontextScaledSAtSE1TE/epoch_109.params
epoch: 110, train time every whole data:56.71s
epoch: 110, total time:4024.71s
validation batch 1 / 3, loss: 0.01
validation cost time: 8.7900s
epoch: 111, train time every whole data:56.79s
epoch: 111, total time:4090.30s
validation batch 1 / 3, loss: 0.01
validation cost time: 8.7907s
epoch: 112, train time every whole data:56.77s
epoch: 112, total time:4155.86s
validation batch 1 / 3, loss: 0.01
validation cost time: 8.7916s
epoch: 113, train time every whole data:56.74s
epoch: 113, total time:4221.39s
validation batch 1 / 3, loss: 0.01
validation cost time: 8.7954s
epoch: 114, train time every whole data:56.70s
epoch: 114, total time:4286.88s
validation batch 1 / 3, loss: 0.01
validation cost time: 8.7904s
save parameters to file: ../experiments/HZME_INFLOW/MAE_ASTGNN_h1d1w0_layer4_head8_dm64_channel1_dir2_drop0.00_1.00e-03_B16_K5_TcontextScaledSAtSE1TE/epoch_114.params
epoch: 115, train time every whole data:56.75s
epoch: 115, total time:4352.44s
validation batch 1 / 3, loss: 0.01
validation cost time: 8.7912s
save parameters to file: ../experiments/HZME_INFLOW/MAE_ASTGNN_h1d1w0_layer4_head8_dm64_channel1_dir2_drop0.00_1.00e-03_B16_K5_TcontextScaledSAtSE1TE/epoch_115.params
epoch: 116, train time every whole data:56.73s
epoch: 116, total time:4417.97s
validation batch 1 / 3, loss: 0.01
validation cost time: 8.7897s
epoch: 117, train time every whole data:56.68s
epoch: 117, total time:4483.44s
validation batch 1 / 3, loss: 0.01
validation cost time: 8.7942s
save parameters to file: ../experiments/HZME_INFLOW/MAE_ASTGNN_h1d1w0_layer4_head8_dm64_channel1_dir2_drop0.00_1.00e-03_B16_K5_TcontextScaledSAtSE1TE/epoch_117.params
epoch: 118, train time every whole data:56.69s
epoch: 118, total time:4548.94s
validation batch 1 / 3, loss: 0.01
validation cost time: 8.7952s
epoch: 119, train time every whole data:56.78s
epoch: 119, total time:4614.51s
validation batch 1 / 3, loss: 0.01
validation cost time: 8.7906s
epoch: 120, train time every whole data:56.77s
epoch: 120, total time:4680.07s
validation batch 1 / 3, loss: 0.01
validation cost time: 8.7908s
epoch: 121, train time every whole data:56.67s
epoch: 121, total time:4745.53s
validation batch 1 / 3, loss: 0.01
validation cost time: 8.7897s
epoch: 122, train time every whole data:56.69s
epoch: 122, total time:4811.01s
validation batch 1 / 3, loss: 0.01
validation cost time: 8.7947s
epoch: 123, train time every whole data:56.68s
epoch: 123, total time:4876.49s
validation batch 1 / 3, loss: 0.01
validation cost time: 8.7894s
epoch: 124, train time every whole data:56.72s
epoch: 124, total time:4942.00s
validation batch 1 / 3, loss: 0.01
validation cost time: 8.7893s
epoch: 125, train time every whole data:56.67s
epoch: 125, total time:5007.46s
validation batch 1 / 3, loss: 0.01
validation cost time: 8.7910s
epoch: 126, train time every whole data:56.73s
epoch: 126, total time:5072.99s
validation batch 1 / 3, loss: 0.01
validation cost time: 8.7944s
save parameters to file: ../experiments/HZME_INFLOW/MAE_ASTGNN_h1d1w0_layer4_head8_dm64_channel1_dir2_drop0.00_1.00e-03_B16_K5_TcontextScaledSAtSE1TE/epoch_126.params
epoch: 127, train time every whole data:56.60s
epoch: 127, total time:5138.40s
validation batch 1 / 3, loss: 0.01
validation cost time: 8.7902s
epoch: 128, train time every whole data:56.73s
epoch: 128, total time:5203.93s
validation batch 1 / 3, loss: 0.01
validation cost time: 8.7908s
epoch: 129, train time every whole data:56.79s
epoch: 129, total time:5269.51s
validation batch 1 / 3, loss: 0.01
validation cost time: 8.7902s
save parameters to file: ../experiments/HZME_INFLOW/MAE_ASTGNN_h1d1w0_layer4_head8_dm64_channel1_dir2_drop0.00_1.00e-03_B16_K5_TcontextScaledSAtSE1TE/epoch_129.params
epoch: 130, train time every whole data:56.66s
epoch: 130, total time:5334.97s
validation batch 1 / 3, loss: 0.01
validation cost time: 8.7907s
epoch: 131, train time every whole data:56.77s
epoch: 131, total time:5400.53s
validation batch 1 / 3, loss: 0.01
validation cost time: 8.7947s
epoch: 132, train time every whole data:56.66s
epoch: 132, total time:5465.99s
validation batch 1 / 3, loss: 0.01
validation cost time: 8.7902s
epoch: 133, train time every whole data:56.67s
epoch: 133, total time:5531.45s
validation batch 1 / 3, loss: 0.01
validation cost time: 8.7899s
save parameters to file: ../experiments/HZME_INFLOW/MAE_ASTGNN_h1d1w0_layer4_head8_dm64_channel1_dir2_drop0.00_1.00e-03_B16_K5_TcontextScaledSAtSE1TE/epoch_133.params
epoch: 134, train time every whole data:56.62s
epoch: 134, total time:5596.87s
validation batch 1 / 3, loss: 0.01
validation cost time: 8.7897s
epoch: 135, train time every whole data:56.70s
epoch: 135, total time:5662.36s
validation batch 1 / 3, loss: 0.01
validation cost time: 8.7916s
epoch: 136, train time every whole data:56.77s
epoch: 136, total time:5727.93s
validation batch 1 / 3, loss: 0.01
validation cost time: 8.8266s
epoch: 137, train time every whole data:56.69s
epoch: 137, total time:5793.45s
validation batch 1 / 3, loss: 0.01
validation cost time: 8.7949s
epoch: 138, train time every whole data:56.65s
epoch: 138, total time:5858.91s
validation batch 1 / 3, loss: 0.01
validation cost time: 8.7905s
save parameters to file: ../experiments/HZME_INFLOW/MAE_ASTGNN_h1d1w0_layer4_head8_dm64_channel1_dir2_drop0.00_1.00e-03_B16_K5_TcontextScaledSAtSE1TE/epoch_138.params
epoch: 139, train time every whole data:56.67s
epoch: 139, total time:5924.38s
validation batch 1 / 3, loss: 0.01
validation cost time: 8.7898s
epoch: 140, train time every whole data:56.69s
epoch: 140, total time:5989.86s
validation batch 1 / 3, loss: 0.01
validation cost time: 8.7902s
epoch: 141, train time every whole data:56.74s
epoch: 141, total time:6055.39s
validation batch 1 / 3, loss: 0.01
validation cost time: 8.7904s
epoch: 142, train time every whole data:56.69s
epoch: 142, total time:6120.88s
validation batch 1 / 3, loss: 0.01
validation cost time: 8.7950s
epoch: 143, train time every whole data:56.72s
epoch: 143, total time:6186.39s
validation batch 1 / 3, loss: 0.01
validation cost time: 8.7908s
epoch: 144, train time every whole data:56.76s
epoch: 144, total time:6251.94s
validation batch 1 / 3, loss: 0.01
validation cost time: 8.7897s
epoch: 145, train time every whole data:56.67s
epoch: 145, total time:6317.41s
validation batch 1 / 3, loss: 0.01
validation cost time: 8.7883s
epoch: 146, train time every whole data:56.29s
epoch: 146, total time:6382.49s
validation batch 1 / 3, loss: 0.01
validation cost time: 8.7899s
epoch: 147, train time every whole data:56.31s
epoch: 147, total time:6447.59s
validation batch 1 / 3, loss: 0.01
validation cost time: 8.7900s
epoch: 148, train time every whole data:56.24s
epoch: 148, total time:6512.63s
validation batch 1 / 3, loss: 0.01
validation cost time: 8.7889s
epoch: 149, train time every whole data:56.29s
epoch: 149, total time:6577.71s
validation batch 1 / 3, loss: 0.01
validation cost time: 8.7899s
best epoch: 138
apply the best val model on the test data set ...
load weight from: ../experiments/HZME_INFLOW/MAE_ASTGNN_h1d1w0_layer4_head8_dm64_channel1_dir2_drop0.00_1.00e-03_B16_K5_TcontextScaledSAtSE1TE/epoch_138.params
predicting testing set batch 1 / 3, time: 4.17s
test time on whole data:8.80s
input: (1073, 80, 24, 1)
prediction: (1073, 80, 12, 1)
data_target_tensor: (1073, 80, 12)
current epoch: 138, predict 0 points
MAE: 9.96
RMSE: 15.98
MAPE: 22.47
current epoch: 138, predict 1 points
MAE: 10.21
RMSE: 16.71
MAPE: 22.71
current epoch: 138, predict 2 points
MAE: 10.27
RMSE: 16.90
MAPE: 22.53
current epoch: 138, predict 3 points
MAE: 10.31
RMSE: 16.95
MAPE: 22.74
current epoch: 138, predict 4 points
MAE: 10.36
RMSE: 16.99
MAPE: 23.04
current epoch: 138, predict 5 points
MAE: 10.45
RMSE: 17.26
MAPE: 23.27
current epoch: 138, predict 6 points
MAE: 10.56
RMSE: 17.53
MAPE: 23.44
current epoch: 138, predict 7 points
MAE: 10.63
RMSE: 17.75
MAPE: 23.52
current epoch: 138, predict 8 points
MAE: 10.71
RMSE: 17.94
MAPE: 23.66
current epoch: 138, predict 9 points
MAE: 10.82
RMSE: 18.29
MAPE: 23.90
current epoch: 138, predict 10 points
MAE: 10.93
RMSE: 18.71
MAPE: 24.11
current epoch: 138, predict 11 points
MAE: 11.17
RMSE: 19.22
MAPE: 24.98
all MAE: 10.53
all RMSE: 17.54
all MAPE: 23.35
[9.959314, 15.980459201598222, 22.472219169139862, 10.207281, 16.714538385998917, 22.711068391799927, 10.2706785, 16.895937893030865, 22.52807766199112, 10.309199, 16.952489547422488, 22.74414747953415, 10.359765, 16.98654090806849, 23.03522527217865, 10.454201, 17.263216567031602, 23.268426954746246, 10.560437, 17.53107244228266, 23.435862362384796, 10.625972, 17.75176305477105, 23.519325256347656, 10.71122, 17.940261043490803, 23.65744709968567, 10.820431, 18.292429474354105, 23.90403151512146, 10.934744, 18.706435392603698, 24.109207093715668, 11.172564, 19.2192057237635, 24.98229146003723, 10.532151, 17.54140261393206, 23.353902995586395]
