Thu Nov  4 14:15:27 2021       
+-----------------------------------------------------------------------------+
| NVIDIA-SMI 418.165.02   Driver Version: 418.165.02   CUDA Version: 10.1     |
|-------------------------------+----------------------+----------------------+
| GPU  Name        Persistence-M| Bus-Id        Disp.A | Volatile Uncorr. ECC |
| Fan  Temp  Perf  Pwr:Usage/Cap|         Memory-Usage | GPU-Util  Compute M. |
|===============================+======================+======================|
|   0  Tesla V100-PCIE...  Off  | 00000000:5A:00.0 Off |                    0 |
| N/A   41C    P0    41W / 250W |  17086MiB / 32480MiB |      0%      Default |
+-------------------------------+----------------------+----------------------+
|   1  Tesla V100-PCIE...  Off  | 00000000:5E:00.0 Off |                    0 |
| N/A   50C    P0   125W / 250W |  14376MiB / 32480MiB |     88%      Default |
+-------------------------------+----------------------+----------------------+
|   2  Tesla V100-PCIE...  Off  | 00000000:62:00.0 Off |                    0 |
| N/A   40C    P0   117W / 250W |  14240MiB / 32480MiB |     80%      Default |
+-------------------------------+----------------------+----------------------+
|   3  Tesla V100-PCIE...  Off  | 00000000:66:00.0 Off |                    0 |
| N/A   37C    P0   119W / 250W |  14241MiB / 32480MiB |     81%      Default |
+-------------------------------+----------------------+----------------------+
|   4  Tesla V100-PCIE...  Off  | 00000000:B5:00.0 Off |                    0 |
| N/A   28C    P0    23W / 250W |     11MiB / 32480MiB |      0%      Default |
+-------------------------------+----------------------+----------------------+
|   5  Tesla V100-PCIE...  Off  | 00000000:B9:00.0 Off |                    0 |
| N/A   31C    P0    26W / 250W |     11MiB / 32480MiB |      0%      Default |
+-------------------------------+----------------------+----------------------+
|   6  Tesla V100-PCIE...  Off  | 00000000:BD:00.0 Off |                    0 |
| N/A   30C    P0    24W / 250W |     11MiB / 32480MiB |      0%      Default |
+-------------------------------+----------------------+----------------------+
|   7  Tesla V100-PCIE...  Off  | 00000000:C1:00.0 Off |                    0 |
| N/A   28C    P0    23W / 250W |     11MiB / 32480MiB |      0%      Default |
+-------------------------------+----------------------+----------------------+
                                                                               
+-----------------------------------------------------------------------------+
| Processes:                                                       GPU Memory |
|  GPU       PID   Type   Process name                             Usage      |
|=============================================================================|
|    0     10414      C   python                                     17075MiB |
|    1     13876      C   python                                     14365MiB |
|    2     14233      C   python                                     14229MiB |
|    3     14433      C   python                                     14229MiB |
+-----------------------------------------------------------------------------+
CUDA: True cuda:0
Read configuration file: /data/home/u18112042/CorrSTN/configurations/HZME_INFLOW_rdw.conf
total training epoch, fine tune epoch: 100 , 50
batch_size: 16
attention_top_k: 5
folder_dir: MAE_ASTGNN_h1d1w0_layer4_head8_dm64_channel1_dir2_drop0.00_1.00e-03_B16_K5_TcontextScaledSAtSE1TE
load file: /data/home/u18112042/CorrSTN/data/HZME_INFLOW/HZME_INFLOW_r1_d1_w0.npz
ori length: 4313 , percent: 1.0 , scale: 4313
train: torch.Size([3218, 80, 1, 24]) torch.Size([3218, 80, 12]) torch.Size([3218, 80, 12])
val: torch.Size([1073, 80, 1, 24]) torch.Size([1073, 80, 12]) torch.Size([1073, 80, 12])
test: torch.Size([1073, 80, 1, 24]) torch.Size([1073, 80, 12]) torch.Size([1073, 80, 12])
TemporalPositionalEncoding max_len: 288
w_index: []
d_index: [0, 1, 2, 3, 4, 5, 6, 7, 8, 9, 10, 11]
h_index: [276, 277, 278, 279, 280, 281, 282, 283, 284, 285, 286, 287]
en_lookup_index: [0, 1, 2, 3, 4, 5, 6, 7, 8, 9, 10, 11, 276, 277, 278, 279, 280, 281, 282, 283, 284, 285, 286, 287]
EncoderDecoder(
  (encoder): Encoder(
    (layers): ModuleList(
      (0): EncoderLayer(
        (self_attn): MultiHeadAttentionAwareTemporalContex_q1d_k1d(
          (linears): ModuleList(
            (0): Linear(in_features=64, out_features=64, bias=True)
            (1): Linear(in_features=64, out_features=64, bias=True)
          )
          (conv1Ds_aware_temporal_context): ModuleList(
            (0): Conv2d(64, 64, kernel_size=(1, 3), stride=(1, 1), padding=(0, 1))
            (1): Conv2d(64, 64, kernel_size=(1, 3), stride=(1, 1), padding=(0, 1))
          )
          (dropout): Dropout(p=0.0, inplace=False)
          (attn_ic): Attention_IC(
            (DAT): DynamicAttentionLayer(
              (dropout): Dropout(p=0.0, inplace=False)
            )
          )
        )
        (feed_forward_gcn): PositionWiseGCNFeedForward(
          (gcn): spatialAttentionScaledGCN(
            (Theta): Linear(in_features=64, out_features=64, bias=False)
            (SAt): Spatial_Attention_layer(
              (dropout): Dropout(p=0.0, inplace=False)
            )
          )
          (dropout): Dropout(p=0.0, inplace=False)
        )
        (sublayer): ModuleList(
          (0): SublayerConnection(
            (dropout): Dropout(p=0.0, inplace=False)
            (norm): LayerNorm((64,), eps=1e-05, elementwise_affine=True)
          )
          (1): SublayerConnection(
            (dropout): Dropout(p=0.0, inplace=False)
            (norm): LayerNorm((64,), eps=1e-05, elementwise_affine=True)
          )
        )
      )
      (1): EncoderLayer(
        (self_attn): MultiHeadAttentionAwareTemporalContex_q1d_k1d(
          (linears): ModuleList(
            (0): Linear(in_features=64, out_features=64, bias=True)
            (1): Linear(in_features=64, out_features=64, bias=True)
          )
          (conv1Ds_aware_temporal_context): ModuleList(
            (0): Conv2d(64, 64, kernel_size=(1, 3), stride=(1, 1), padding=(0, 1))
            (1): Conv2d(64, 64, kernel_size=(1, 3), stride=(1, 1), padding=(0, 1))
          )
          (dropout): Dropout(p=0.0, inplace=False)
          (attn_ic): Attention_IC(
            (DAT): DynamicAttentionLayer(
              (dropout): Dropout(p=0.0, inplace=False)
            )
          )
        )
        (feed_forward_gcn): PositionWiseGCNFeedForward(
          (gcn): spatialAttentionScaledGCN(
            (Theta): Linear(in_features=64, out_features=64, bias=False)
            (SAt): Spatial_Attention_layer(
              (dropout): Dropout(p=0.0, inplace=False)
            )
          )
          (dropout): Dropout(p=0.0, inplace=False)
        )
        (sublayer): ModuleList(
          (0): SublayerConnection(
            (dropout): Dropout(p=0.0, inplace=False)
            (norm): LayerNorm((64,), eps=1e-05, elementwise_affine=True)
          )
          (1): SublayerConnection(
            (dropout): Dropout(p=0.0, inplace=False)
            (norm): LayerNorm((64,), eps=1e-05, elementwise_affine=True)
          )
        )
      )
      (2): EncoderLayer(
        (self_attn): MultiHeadAttentionAwareTemporalContex_q1d_k1d(
          (linears): ModuleList(
            (0): Linear(in_features=64, out_features=64, bias=True)
            (1): Linear(in_features=64, out_features=64, bias=True)
          )
          (conv1Ds_aware_temporal_context): ModuleList(
            (0): Conv2d(64, 64, kernel_size=(1, 3), stride=(1, 1), padding=(0, 1))
            (1): Conv2d(64, 64, kernel_size=(1, 3), stride=(1, 1), padding=(0, 1))
          )
          (dropout): Dropout(p=0.0, inplace=False)
          (attn_ic): Attention_IC(
            (DAT): DynamicAttentionLayer(
              (dropout): Dropout(p=0.0, inplace=False)
            )
          )
        )
        (feed_forward_gcn): PositionWiseGCNFeedForward(
          (gcn): spatialAttentionScaledGCN(
            (Theta): Linear(in_features=64, out_features=64, bias=False)
            (SAt): Spatial_Attention_layer(
              (dropout): Dropout(p=0.0, inplace=False)
            )
          )
          (dropout): Dropout(p=0.0, inplace=False)
        )
        (sublayer): ModuleList(
          (0): SublayerConnection(
            (dropout): Dropout(p=0.0, inplace=False)
            (norm): LayerNorm((64,), eps=1e-05, elementwise_affine=True)
          )
          (1): SublayerConnection(
            (dropout): Dropout(p=0.0, inplace=False)
            (norm): LayerNorm((64,), eps=1e-05, elementwise_affine=True)
          )
        )
      )
      (3): EncoderLayer(
        (self_attn): MultiHeadAttentionAwareTemporalContex_q1d_k1d(
          (linears): ModuleList(
            (0): Linear(in_features=64, out_features=64, bias=True)
            (1): Linear(in_features=64, out_features=64, bias=True)
          )
          (conv1Ds_aware_temporal_context): ModuleList(
            (0): Conv2d(64, 64, kernel_size=(1, 3), stride=(1, 1), padding=(0, 1))
            (1): Conv2d(64, 64, kernel_size=(1, 3), stride=(1, 1), padding=(0, 1))
          )
          (dropout): Dropout(p=0.0, inplace=False)
          (attn_ic): Attention_IC(
            (DAT): DynamicAttentionLayer(
              (dropout): Dropout(p=0.0, inplace=False)
            )
          )
        )
        (feed_forward_gcn): PositionWiseGCNFeedForward(
          (gcn): spatialAttentionScaledGCN(
            (Theta): Linear(in_features=64, out_features=64, bias=False)
            (SAt): Spatial_Attention_layer(
              (dropout): Dropout(p=0.0, inplace=False)
            )
          )
          (dropout): Dropout(p=0.0, inplace=False)
        )
        (sublayer): ModuleList(
          (0): SublayerConnection(
            (dropout): Dropout(p=0.0, inplace=False)
            (norm): LayerNorm((64,), eps=1e-05, elementwise_affine=True)
          )
          (1): SublayerConnection(
            (dropout): Dropout(p=0.0, inplace=False)
            (norm): LayerNorm((64,), eps=1e-05, elementwise_affine=True)
          )
        )
      )
    )
    (norm): LayerNorm((64,), eps=1e-05, elementwise_affine=True)
  )
  (decoder): Decoder(
    (layers): ModuleList(
      (0): DecoderLayer(
        (self_attn): MultiHeadAttentionAwareTemporalContex_qc_kc(
          (linears): ModuleList(
            (0): Linear(in_features=64, out_features=64, bias=True)
            (1): Linear(in_features=64, out_features=64, bias=True)
          )
          (conv1Ds_aware_temporal_context): ModuleList(
            (0): Conv2d(64, 64, kernel_size=(1, 3), stride=(1, 1), padding=(0, 2))
            (1): Conv2d(64, 64, kernel_size=(1, 3), stride=(1, 1), padding=(0, 2))
          )
          (dropout): Dropout(p=0.0, inplace=False)
          (attn_ic): Attention_IC(
            (DAT): DynamicAttentionLayer(
              (dropout): Dropout(p=0.0, inplace=False)
            )
          )
        )
        (src_attn): MultiHeadAttentionAwareTemporalContex_qc_k1d(
          (linears): ModuleList(
            (0): Linear(in_features=64, out_features=64, bias=True)
            (1): Linear(in_features=64, out_features=64, bias=True)
          )
          (query_conv1Ds_aware_temporal_context): Conv2d(64, 64, kernel_size=(1, 3), stride=(1, 1), padding=(0, 2))
          (key_conv1Ds_aware_temporal_context): Conv2d(64, 64, kernel_size=(1, 3), stride=(1, 1), padding=(0, 1))
          (dropout): Dropout(p=0.0, inplace=False)
          (attn_ic): Attention_IC(
            (DAT): DynamicAttentionLayer(
              (dropout): Dropout(p=0.0, inplace=False)
            )
          )
        )
        (feed_forward_gcn): PositionWiseGCNFeedForward(
          (gcn): spatialAttentionScaledGCN(
            (Theta): Linear(in_features=64, out_features=64, bias=False)
            (SAt): Spatial_Attention_layer(
              (dropout): Dropout(p=0.0, inplace=False)
            )
          )
          (dropout): Dropout(p=0.0, inplace=False)
        )
        (sublayer): ModuleList(
          (0): SublayerConnection(
            (dropout): Dropout(p=0.0, inplace=False)
            (norm): LayerNorm((64,), eps=1e-05, elementwise_affine=True)
          )
          (1): SublayerConnection(
            (dropout): Dropout(p=0.0, inplace=False)
            (norm): LayerNorm((64,), eps=1e-05, elementwise_affine=True)
          )
          (2): SublayerConnection(
            (dropout): Dropout(p=0.0, inplace=False)
            (norm): LayerNorm((64,), eps=1e-05, elementwise_affine=True)
          )
        )
      )
      (1): DecoderLayer(
        (self_attn): MultiHeadAttentionAwareTemporalContex_qc_kc(
          (linears): ModuleList(
            (0): Linear(in_features=64, out_features=64, bias=True)
            (1): Linear(in_features=64, out_features=64, bias=True)
          )
          (conv1Ds_aware_temporal_context): ModuleList(
            (0): Conv2d(64, 64, kernel_size=(1, 3), stride=(1, 1), padding=(0, 2))
            (1): Conv2d(64, 64, kernel_size=(1, 3), stride=(1, 1), padding=(0, 2))
          )
          (dropout): Dropout(p=0.0, inplace=False)
          (attn_ic): Attention_IC(
            (DAT): DynamicAttentionLayer(
              (dropout): Dropout(p=0.0, inplace=False)
            )
          )
        )
        (src_attn): MultiHeadAttentionAwareTemporalContex_qc_k1d(
          (linears): ModuleList(
            (0): Linear(in_features=64, out_features=64, bias=True)
            (1): Linear(in_features=64, out_features=64, bias=True)
          )
          (query_conv1Ds_aware_temporal_context): Conv2d(64, 64, kernel_size=(1, 3), stride=(1, 1), padding=(0, 2))
          (key_conv1Ds_aware_temporal_context): Conv2d(64, 64, kernel_size=(1, 3), stride=(1, 1), padding=(0, 1))
          (dropout): Dropout(p=0.0, inplace=False)
          (attn_ic): Attention_IC(
            (DAT): DynamicAttentionLayer(
              (dropout): Dropout(p=0.0, inplace=False)
            )
          )
        )
        (feed_forward_gcn): PositionWiseGCNFeedForward(
          (gcn): spatialAttentionScaledGCN(
            (Theta): Linear(in_features=64, out_features=64, bias=False)
            (SAt): Spatial_Attention_layer(
              (dropout): Dropout(p=0.0, inplace=False)
            )
          )
          (dropout): Dropout(p=0.0, inplace=False)
        )
        (sublayer): ModuleList(
          (0): SublayerConnection(
            (dropout): Dropout(p=0.0, inplace=False)
            (norm): LayerNorm((64,), eps=1e-05, elementwise_affine=True)
          )
          (1): SublayerConnection(
            (dropout): Dropout(p=0.0, inplace=False)
            (norm): LayerNorm((64,), eps=1e-05, elementwise_affine=True)
          )
          (2): SublayerConnection(
            (dropout): Dropout(p=0.0, inplace=False)
            (norm): LayerNorm((64,), eps=1e-05, elementwise_affine=True)
          )
        )
      )
      (2): DecoderLayer(
        (self_attn): MultiHeadAttentionAwareTemporalContex_qc_kc(
          (linears): ModuleList(
            (0): Linear(in_features=64, out_features=64, bias=True)
            (1): Linear(in_features=64, out_features=64, bias=True)
          )
          (conv1Ds_aware_temporal_context): ModuleList(
            (0): Conv2d(64, 64, kernel_size=(1, 3), stride=(1, 1), padding=(0, 2))
            (1): Conv2d(64, 64, kernel_size=(1, 3), stride=(1, 1), padding=(0, 2))
          )
          (dropout): Dropout(p=0.0, inplace=False)
          (attn_ic): Attention_IC(
            (DAT): DynamicAttentionLayer(
              (dropout): Dropout(p=0.0, inplace=False)
            )
          )
        )
        (src_attn): MultiHeadAttentionAwareTemporalContex_qc_k1d(
          (linears): ModuleList(
            (0): Linear(in_features=64, out_features=64, bias=True)
            (1): Linear(in_features=64, out_features=64, bias=True)
          )
          (query_conv1Ds_aware_temporal_context): Conv2d(64, 64, kernel_size=(1, 3), stride=(1, 1), padding=(0, 2))
          (key_conv1Ds_aware_temporal_context): Conv2d(64, 64, kernel_size=(1, 3), stride=(1, 1), padding=(0, 1))
          (dropout): Dropout(p=0.0, inplace=False)
          (attn_ic): Attention_IC(
            (DAT): DynamicAttentionLayer(
              (dropout): Dropout(p=0.0, inplace=False)
            )
          )
        )
        (feed_forward_gcn): PositionWiseGCNFeedForward(
          (gcn): spatialAttentionScaledGCN(
            (Theta): Linear(in_features=64, out_features=64, bias=False)
            (SAt): Spatial_Attention_layer(
              (dropout): Dropout(p=0.0, inplace=False)
            )
          )
          (dropout): Dropout(p=0.0, inplace=False)
        )
        (sublayer): ModuleList(
          (0): SublayerConnection(
            (dropout): Dropout(p=0.0, inplace=False)
            (norm): LayerNorm((64,), eps=1e-05, elementwise_affine=True)
          )
          (1): SublayerConnection(
            (dropout): Dropout(p=0.0, inplace=False)
            (norm): LayerNorm((64,), eps=1e-05, elementwise_affine=True)
          )
          (2): SublayerConnection(
            (dropout): Dropout(p=0.0, inplace=False)
            (norm): LayerNorm((64,), eps=1e-05, elementwise_affine=True)
          )
        )
      )
      (3): DecoderLayer(
        (self_attn): MultiHeadAttentionAwareTemporalContex_qc_kc(
          (linears): ModuleList(
            (0): Linear(in_features=64, out_features=64, bias=True)
            (1): Linear(in_features=64, out_features=64, bias=True)
          )
          (conv1Ds_aware_temporal_context): ModuleList(
            (0): Conv2d(64, 64, kernel_size=(1, 3), stride=(1, 1), padding=(0, 2))
            (1): Conv2d(64, 64, kernel_size=(1, 3), stride=(1, 1), padding=(0, 2))
          )
          (dropout): Dropout(p=0.0, inplace=False)
          (attn_ic): Attention_IC(
            (DAT): DynamicAttentionLayer(
              (dropout): Dropout(p=0.0, inplace=False)
            )
          )
        )
        (src_attn): MultiHeadAttentionAwareTemporalContex_qc_k1d(
          (linears): ModuleList(
            (0): Linear(in_features=64, out_features=64, bias=True)
            (1): Linear(in_features=64, out_features=64, bias=True)
          )
          (query_conv1Ds_aware_temporal_context): Conv2d(64, 64, kernel_size=(1, 3), stride=(1, 1), padding=(0, 2))
          (key_conv1Ds_aware_temporal_context): Conv2d(64, 64, kernel_size=(1, 3), stride=(1, 1), padding=(0, 1))
          (dropout): Dropout(p=0.0, inplace=False)
          (attn_ic): Attention_IC(
            (DAT): DynamicAttentionLayer(
              (dropout): Dropout(p=0.0, inplace=False)
            )
          )
        )
        (feed_forward_gcn): PositionWiseGCNFeedForward(
          (gcn): spatialAttentionScaledGCN(
            (Theta): Linear(in_features=64, out_features=64, bias=False)
            (SAt): Spatial_Attention_layer(
              (dropout): Dropout(p=0.0, inplace=False)
            )
          )
          (dropout): Dropout(p=0.0, inplace=False)
        )
        (sublayer): ModuleList(
          (0): SublayerConnection(
            (dropout): Dropout(p=0.0, inplace=False)
            (norm): LayerNorm((64,), eps=1e-05, elementwise_affine=True)
          )
          (1): SublayerConnection(
            (dropout): Dropout(p=0.0, inplace=False)
            (norm): LayerNorm((64,), eps=1e-05, elementwise_affine=True)
          )
          (2): SublayerConnection(
            (dropout): Dropout(p=0.0, inplace=False)
            (norm): LayerNorm((64,), eps=1e-05, elementwise_affine=True)
          )
        )
      )
    )
    (norm): LayerNorm((64,), eps=1e-05, elementwise_affine=True)
  )
  (src_embed): Sequential(
    (0): Linear(in_features=1, out_features=64, bias=True)
    (1): TemporalPositionalEncoding(
      (dropout): Dropout(p=0.0, inplace=False)
    )
    (2): SpatialPositionalEncoding(
      (dropout): Dropout(p=0.0, inplace=False)
      (embedding): Embedding(80, 64)
      (gcn_smooth_layers): ModuleList(
        (0): GCN(
          (Theta): Linear(in_features=64, out_features=64, bias=False)
        )
      )
    )
  )
  (trg_embed): Sequential(
    (0): Linear(in_features=1, out_features=64, bias=True)
    (1): TemporalPositionalEncoding(
      (dropout): Dropout(p=0.0, inplace=False)
    )
    (2): SpatialPositionalEncoding(
      (dropout): Dropout(p=0.0, inplace=False)
      (embedding): Embedding(80, 64)
      (gcn_smooth_layers): ModuleList(
        (0): GCN(
          (Theta): Linear(in_features=64, out_features=64, bias=False)
        )
      )
    )
  )
  (prediction_generator): Linear(in_features=64, out_features=1, bias=True)
)
create params directory ../experiments/HZME_INFLOW/MAE_ASTGNN_h1d1w0_layer4_head8_dm64_channel1_dir2_drop0.00_1.00e-03_B16_K5_TcontextScaledSAtSE1TE
Net's state_dict:
encoder.layers.0.self_attn.linears.0.weight 	 torch.Size([64, 64])
encoder.layers.0.self_attn.linears.0.bias 	 torch.Size([64])
encoder.layers.0.self_attn.linears.1.weight 	 torch.Size([64, 64])
encoder.layers.0.self_attn.linears.1.bias 	 torch.Size([64])
encoder.layers.0.self_attn.conv1Ds_aware_temporal_context.0.weight 	 torch.Size([64, 64, 1, 3])
encoder.layers.0.self_attn.conv1Ds_aware_temporal_context.0.bias 	 torch.Size([64])
encoder.layers.0.self_attn.conv1Ds_aware_temporal_context.1.weight 	 torch.Size([64, 64, 1, 3])
encoder.layers.0.self_attn.conv1Ds_aware_temporal_context.1.bias 	 torch.Size([64])
encoder.layers.0.feed_forward_gcn.gcn.alpha 	 torch.Size([1])
encoder.layers.0.feed_forward_gcn.gcn.beta 	 torch.Size([1])
encoder.layers.0.feed_forward_gcn.gcn.Theta.weight 	 torch.Size([64, 64])
encoder.layers.0.sublayer.0.norm.weight 	 torch.Size([64])
encoder.layers.0.sublayer.0.norm.bias 	 torch.Size([64])
encoder.layers.0.sublayer.1.norm.weight 	 torch.Size([64])
encoder.layers.0.sublayer.1.norm.bias 	 torch.Size([64])
encoder.layers.1.self_attn.linears.0.weight 	 torch.Size([64, 64])
encoder.layers.1.self_attn.linears.0.bias 	 torch.Size([64])
encoder.layers.1.self_attn.linears.1.weight 	 torch.Size([64, 64])
encoder.layers.1.self_attn.linears.1.bias 	 torch.Size([64])
encoder.layers.1.self_attn.conv1Ds_aware_temporal_context.0.weight 	 torch.Size([64, 64, 1, 3])
encoder.layers.1.self_attn.conv1Ds_aware_temporal_context.0.bias 	 torch.Size([64])
encoder.layers.1.self_attn.conv1Ds_aware_temporal_context.1.weight 	 torch.Size([64, 64, 1, 3])
encoder.layers.1.self_attn.conv1Ds_aware_temporal_context.1.bias 	 torch.Size([64])
encoder.layers.1.feed_forward_gcn.gcn.alpha 	 torch.Size([1])
encoder.layers.1.feed_forward_gcn.gcn.beta 	 torch.Size([1])
encoder.layers.1.feed_forward_gcn.gcn.Theta.weight 	 torch.Size([64, 64])
encoder.layers.1.sublayer.0.norm.weight 	 torch.Size([64])
encoder.layers.1.sublayer.0.norm.bias 	 torch.Size([64])
encoder.layers.1.sublayer.1.norm.weight 	 torch.Size([64])
encoder.layers.1.sublayer.1.norm.bias 	 torch.Size([64])
encoder.layers.2.self_attn.linears.0.weight 	 torch.Size([64, 64])
encoder.layers.2.self_attn.linears.0.bias 	 torch.Size([64])
encoder.layers.2.self_attn.linears.1.weight 	 torch.Size([64, 64])
encoder.layers.2.self_attn.linears.1.bias 	 torch.Size([64])
encoder.layers.2.self_attn.conv1Ds_aware_temporal_context.0.weight 	 torch.Size([64, 64, 1, 3])
encoder.layers.2.self_attn.conv1Ds_aware_temporal_context.0.bias 	 torch.Size([64])
encoder.layers.2.self_attn.conv1Ds_aware_temporal_context.1.weight 	 torch.Size([64, 64, 1, 3])
encoder.layers.2.self_attn.conv1Ds_aware_temporal_context.1.bias 	 torch.Size([64])
encoder.layers.2.feed_forward_gcn.gcn.alpha 	 torch.Size([1])
encoder.layers.2.feed_forward_gcn.gcn.beta 	 torch.Size([1])
encoder.layers.2.feed_forward_gcn.gcn.Theta.weight 	 torch.Size([64, 64])
encoder.layers.2.sublayer.0.norm.weight 	 torch.Size([64])
encoder.layers.2.sublayer.0.norm.bias 	 torch.Size([64])
encoder.layers.2.sublayer.1.norm.weight 	 torch.Size([64])
encoder.layers.2.sublayer.1.norm.bias 	 torch.Size([64])
encoder.layers.3.self_attn.linears.0.weight 	 torch.Size([64, 64])
encoder.layers.3.self_attn.linears.0.bias 	 torch.Size([64])
encoder.layers.3.self_attn.linears.1.weight 	 torch.Size([64, 64])
encoder.layers.3.self_attn.linears.1.bias 	 torch.Size([64])
encoder.layers.3.self_attn.conv1Ds_aware_temporal_context.0.weight 	 torch.Size([64, 64, 1, 3])
encoder.layers.3.self_attn.conv1Ds_aware_temporal_context.0.bias 	 torch.Size([64])
encoder.layers.3.self_attn.conv1Ds_aware_temporal_context.1.weight 	 torch.Size([64, 64, 1, 3])
encoder.layers.3.self_attn.conv1Ds_aware_temporal_context.1.bias 	 torch.Size([64])
encoder.layers.3.feed_forward_gcn.gcn.alpha 	 torch.Size([1])
encoder.layers.3.feed_forward_gcn.gcn.beta 	 torch.Size([1])
encoder.layers.3.feed_forward_gcn.gcn.Theta.weight 	 torch.Size([64, 64])
encoder.layers.3.sublayer.0.norm.weight 	 torch.Size([64])
encoder.layers.3.sublayer.0.norm.bias 	 torch.Size([64])
encoder.layers.3.sublayer.1.norm.weight 	 torch.Size([64])
encoder.layers.3.sublayer.1.norm.bias 	 torch.Size([64])
encoder.norm.weight 	 torch.Size([64])
encoder.norm.bias 	 torch.Size([64])
decoder.layers.0.self_attn.linears.0.weight 	 torch.Size([64, 64])
decoder.layers.0.self_attn.linears.0.bias 	 torch.Size([64])
decoder.layers.0.self_attn.linears.1.weight 	 torch.Size([64, 64])
decoder.layers.0.self_attn.linears.1.bias 	 torch.Size([64])
decoder.layers.0.self_attn.conv1Ds_aware_temporal_context.0.weight 	 torch.Size([64, 64, 1, 3])
decoder.layers.0.self_attn.conv1Ds_aware_temporal_context.0.bias 	 torch.Size([64])
decoder.layers.0.self_attn.conv1Ds_aware_temporal_context.1.weight 	 torch.Size([64, 64, 1, 3])
decoder.layers.0.self_attn.conv1Ds_aware_temporal_context.1.bias 	 torch.Size([64])
decoder.layers.0.src_attn.linears.0.weight 	 torch.Size([64, 64])
decoder.layers.0.src_attn.linears.0.bias 	 torch.Size([64])
decoder.layers.0.src_attn.linears.1.weight 	 torch.Size([64, 64])
decoder.layers.0.src_attn.linears.1.bias 	 torch.Size([64])
decoder.layers.0.src_attn.query_conv1Ds_aware_temporal_context.weight 	 torch.Size([64, 64, 1, 3])
decoder.layers.0.src_attn.query_conv1Ds_aware_temporal_context.bias 	 torch.Size([64])
decoder.layers.0.src_attn.key_conv1Ds_aware_temporal_context.weight 	 torch.Size([64, 64, 1, 3])
decoder.layers.0.src_attn.key_conv1Ds_aware_temporal_context.bias 	 torch.Size([64])
decoder.layers.0.feed_forward_gcn.gcn.alpha 	 torch.Size([1])
decoder.layers.0.feed_forward_gcn.gcn.beta 	 torch.Size([1])
decoder.layers.0.feed_forward_gcn.gcn.Theta.weight 	 torch.Size([64, 64])
decoder.layers.0.sublayer.0.norm.weight 	 torch.Size([64])
decoder.layers.0.sublayer.0.norm.bias 	 torch.Size([64])
decoder.layers.0.sublayer.1.norm.weight 	 torch.Size([64])
decoder.layers.0.sublayer.1.norm.bias 	 torch.Size([64])
decoder.layers.0.sublayer.2.norm.weight 	 torch.Size([64])
decoder.layers.0.sublayer.2.norm.bias 	 torch.Size([64])
decoder.layers.1.self_attn.linears.0.weight 	 torch.Size([64, 64])
decoder.layers.1.self_attn.linears.0.bias 	 torch.Size([64])
decoder.layers.1.self_attn.linears.1.weight 	 torch.Size([64, 64])
decoder.layers.1.self_attn.linears.1.bias 	 torch.Size([64])
decoder.layers.1.self_attn.conv1Ds_aware_temporal_context.0.weight 	 torch.Size([64, 64, 1, 3])
decoder.layers.1.self_attn.conv1Ds_aware_temporal_context.0.bias 	 torch.Size([64])
decoder.layers.1.self_attn.conv1Ds_aware_temporal_context.1.weight 	 torch.Size([64, 64, 1, 3])
decoder.layers.1.self_attn.conv1Ds_aware_temporal_context.1.bias 	 torch.Size([64])
decoder.layers.1.src_attn.linears.0.weight 	 torch.Size([64, 64])
decoder.layers.1.src_attn.linears.0.bias 	 torch.Size([64])
decoder.layers.1.src_attn.linears.1.weight 	 torch.Size([64, 64])
decoder.layers.1.src_attn.linears.1.bias 	 torch.Size([64])
decoder.layers.1.src_attn.query_conv1Ds_aware_temporal_context.weight 	 torch.Size([64, 64, 1, 3])
decoder.layers.1.src_attn.query_conv1Ds_aware_temporal_context.bias 	 torch.Size([64])
decoder.layers.1.src_attn.key_conv1Ds_aware_temporal_context.weight 	 torch.Size([64, 64, 1, 3])
decoder.layers.1.src_attn.key_conv1Ds_aware_temporal_context.bias 	 torch.Size([64])
decoder.layers.1.feed_forward_gcn.gcn.alpha 	 torch.Size([1])
decoder.layers.1.feed_forward_gcn.gcn.beta 	 torch.Size([1])
decoder.layers.1.feed_forward_gcn.gcn.Theta.weight 	 torch.Size([64, 64])
decoder.layers.1.sublayer.0.norm.weight 	 torch.Size([64])
decoder.layers.1.sublayer.0.norm.bias 	 torch.Size([64])
decoder.layers.1.sublayer.1.norm.weight 	 torch.Size([64])
decoder.layers.1.sublayer.1.norm.bias 	 torch.Size([64])
decoder.layers.1.sublayer.2.norm.weight 	 torch.Size([64])
decoder.layers.1.sublayer.2.norm.bias 	 torch.Size([64])
decoder.layers.2.self_attn.linears.0.weight 	 torch.Size([64, 64])
decoder.layers.2.self_attn.linears.0.bias 	 torch.Size([64])
decoder.layers.2.self_attn.linears.1.weight 	 torch.Size([64, 64])
decoder.layers.2.self_attn.linears.1.bias 	 torch.Size([64])
decoder.layers.2.self_attn.conv1Ds_aware_temporal_context.0.weight 	 torch.Size([64, 64, 1, 3])
decoder.layers.2.self_attn.conv1Ds_aware_temporal_context.0.bias 	 torch.Size([64])
decoder.layers.2.self_attn.conv1Ds_aware_temporal_context.1.weight 	 torch.Size([64, 64, 1, 3])
decoder.layers.2.self_attn.conv1Ds_aware_temporal_context.1.bias 	 torch.Size([64])
decoder.layers.2.src_attn.linears.0.weight 	 torch.Size([64, 64])
decoder.layers.2.src_attn.linears.0.bias 	 torch.Size([64])
decoder.layers.2.src_attn.linears.1.weight 	 torch.Size([64, 64])
decoder.layers.2.src_attn.linears.1.bias 	 torch.Size([64])
decoder.layers.2.src_attn.query_conv1Ds_aware_temporal_context.weight 	 torch.Size([64, 64, 1, 3])
decoder.layers.2.src_attn.query_conv1Ds_aware_temporal_context.bias 	 torch.Size([64])
decoder.layers.2.src_attn.key_conv1Ds_aware_temporal_context.weight 	 torch.Size([64, 64, 1, 3])
decoder.layers.2.src_attn.key_conv1Ds_aware_temporal_context.bias 	 torch.Size([64])
decoder.layers.2.feed_forward_gcn.gcn.alpha 	 torch.Size([1])
decoder.layers.2.feed_forward_gcn.gcn.beta 	 torch.Size([1])
decoder.layers.2.feed_forward_gcn.gcn.Theta.weight 	 torch.Size([64, 64])
decoder.layers.2.sublayer.0.norm.weight 	 torch.Size([64])
decoder.layers.2.sublayer.0.norm.bias 	 torch.Size([64])
decoder.layers.2.sublayer.1.norm.weight 	 torch.Size([64])
decoder.layers.2.sublayer.1.norm.bias 	 torch.Size([64])
decoder.layers.2.sublayer.2.norm.weight 	 torch.Size([64])
decoder.layers.2.sublayer.2.norm.bias 	 torch.Size([64])
decoder.layers.3.self_attn.linears.0.weight 	 torch.Size([64, 64])
decoder.layers.3.self_attn.linears.0.bias 	 torch.Size([64])
decoder.layers.3.self_attn.linears.1.weight 	 torch.Size([64, 64])
decoder.layers.3.self_attn.linears.1.bias 	 torch.Size([64])
decoder.layers.3.self_attn.conv1Ds_aware_temporal_context.0.weight 	 torch.Size([64, 64, 1, 3])
decoder.layers.3.self_attn.conv1Ds_aware_temporal_context.0.bias 	 torch.Size([64])
decoder.layers.3.self_attn.conv1Ds_aware_temporal_context.1.weight 	 torch.Size([64, 64, 1, 3])
decoder.layers.3.self_attn.conv1Ds_aware_temporal_context.1.bias 	 torch.Size([64])
decoder.layers.3.src_attn.linears.0.weight 	 torch.Size([64, 64])
decoder.layers.3.src_attn.linears.0.bias 	 torch.Size([64])
decoder.layers.3.src_attn.linears.1.weight 	 torch.Size([64, 64])
decoder.layers.3.src_attn.linears.1.bias 	 torch.Size([64])
decoder.layers.3.src_attn.query_conv1Ds_aware_temporal_context.weight 	 torch.Size([64, 64, 1, 3])
decoder.layers.3.src_attn.query_conv1Ds_aware_temporal_context.bias 	 torch.Size([64])
decoder.layers.3.src_attn.key_conv1Ds_aware_temporal_context.weight 	 torch.Size([64, 64, 1, 3])
decoder.layers.3.src_attn.key_conv1Ds_aware_temporal_context.bias 	 torch.Size([64])
decoder.layers.3.feed_forward_gcn.gcn.alpha 	 torch.Size([1])
decoder.layers.3.feed_forward_gcn.gcn.beta 	 torch.Size([1])
decoder.layers.3.feed_forward_gcn.gcn.Theta.weight 	 torch.Size([64, 64])
decoder.layers.3.sublayer.0.norm.weight 	 torch.Size([64])
decoder.layers.3.sublayer.0.norm.bias 	 torch.Size([64])
decoder.layers.3.sublayer.1.norm.weight 	 torch.Size([64])
decoder.layers.3.sublayer.1.norm.bias 	 torch.Size([64])
decoder.layers.3.sublayer.2.norm.weight 	 torch.Size([64])
decoder.layers.3.sublayer.2.norm.bias 	 torch.Size([64])
decoder.norm.weight 	 torch.Size([64])
decoder.norm.bias 	 torch.Size([64])
src_embed.0.weight 	 torch.Size([64, 1])
src_embed.0.bias 	 torch.Size([64])
src_embed.1.pe 	 torch.Size([1, 1, 288, 64])
src_embed.2.embedding.weight 	 torch.Size([80, 64])
src_embed.2.gcn_smooth_layers.0.alpha 	 torch.Size([1])
src_embed.2.gcn_smooth_layers.0.beta 	 torch.Size([1])
src_embed.2.gcn_smooth_layers.0.Theta.weight 	 torch.Size([64, 64])
trg_embed.0.weight 	 torch.Size([64, 1])
trg_embed.0.bias 	 torch.Size([64])
trg_embed.1.pe 	 torch.Size([1, 1, 12, 64])
trg_embed.2.embedding.weight 	 torch.Size([80, 64])
trg_embed.2.gcn_smooth_layers.0.alpha 	 torch.Size([1])
trg_embed.2.gcn_smooth_layers.0.beta 	 torch.Size([1])
trg_embed.2.gcn_smooth_layers.0.Theta.weight 	 torch.Size([64, 64])
prediction_generator.weight 	 torch.Size([1, 64])
prediction_generator.bias 	 torch.Size([1])
Net's total params: 469845
Optimizer's state_dict:
state 	 {}
param_groups 	 [{'lr': 0.001, 'betas': (0.9, 0.999), 'eps': 1e-08, 'weight_decay': 0, 'amsgrad': False, 'params': [0, 1, 2, 3, 4, 5, 6, 7, 8, 9, 10, 11, 12, 13, 14, 15, 16, 17, 18, 19, 20, 21, 22, 23, 24, 25, 26, 27, 28, 29, 30, 31, 32, 33, 34, 35, 36, 37, 38, 39, 40, 41, 42, 43, 44, 45, 46, 47, 48, 49, 50, 51, 52, 53, 54, 55, 56, 57, 58, 59, 60, 61, 62, 63, 64, 65, 66, 67, 68, 69, 70, 71, 72, 73, 74, 75, 76, 77, 78, 79, 80, 81, 82, 83, 84, 85, 86, 87, 88, 89, 90, 91, 92, 93, 94, 95, 96, 97, 98, 99, 100, 101, 102, 103, 104, 105, 106, 107, 108, 109, 110, 111, 112, 113, 114, 115, 116, 117, 118, 119, 120, 121, 122, 123, 124, 125, 126, 127, 128, 129, 130, 131, 132, 133, 134, 135, 136, 137, 138, 139, 140, 141, 142, 143, 144, 145, 146, 147, 148, 149, 150, 151, 152, 153, 154, 155, 156, 157, 158, 159, 160, 161, 162, 163, 164, 165, 166, 167, 168, 169, 170, 171, 172, 173, 174, 175, 176, 177]}]
validation batch 1 / 3, loss: 2.35
validation cost time: 9.1441s
save parameters to file: ../experiments/HZME_INFLOW/MAE_ASTGNN_h1d1w0_layer4_head8_dm64_channel1_dir2_drop0.00_1.00e-03_B16_K5_TcontextScaledSAtSE1TE/epoch_0.params
epoch: 0, train time every whole data:24.41s
epoch: 0, total time:33.57s
validation batch 1 / 3, loss: 0.06
validation cost time: 8.7927s
save parameters to file: ../experiments/HZME_INFLOW/MAE_ASTGNN_h1d1w0_layer4_head8_dm64_channel1_dir2_drop0.00_1.00e-03_B16_K5_TcontextScaledSAtSE1TE/epoch_1.params
epoch: 1, train time every whole data:24.32s
epoch: 1, total time:66.69s
validation batch 1 / 3, loss: 0.04
validation cost time: 8.7932s
save parameters to file: ../experiments/HZME_INFLOW/MAE_ASTGNN_h1d1w0_layer4_head8_dm64_channel1_dir2_drop0.00_1.00e-03_B16_K5_TcontextScaledSAtSE1TE/epoch_2.params
epoch: 2, train time every whole data:24.29s
epoch: 2, total time:99.80s
validation batch 1 / 3, loss: 0.04
validation cost time: 8.7927s
epoch: 3, train time every whole data:24.29s
epoch: 3, total time:132.88s
validation batch 1 / 3, loss: 0.06
validation cost time: 8.7919s
epoch: 4, train time every whole data:24.28s
epoch: 4, total time:165.95s
validation batch 1 / 3, loss: 0.06
validation cost time: 8.7927s
epoch: 5, train time every whole data:24.30s
epoch: 5, total time:199.04s
validation batch 1 / 3, loss: 0.07
validation cost time: 8.7923s
epoch: 6, train time every whole data:24.28s
epoch: 6, total time:232.11s
validation batch 1 / 3, loss: 0.07
validation cost time: 8.7923s
epoch: 7, train time every whole data:24.34s
epoch: 7, total time:265.25s
validation batch 1 / 3, loss: 0.03
validation cost time: 8.7945s
save parameters to file: ../experiments/HZME_INFLOW/MAE_ASTGNN_h1d1w0_layer4_head8_dm64_channel1_dir2_drop0.00_1.00e-03_B16_K5_TcontextScaledSAtSE1TE/epoch_8.params
epoch: 8, train time every whole data:24.31s
epoch: 8, total time:298.37s
validation batch 1 / 3, loss: 0.08
validation cost time: 8.7918s
epoch: 9, train time every whole data:24.31s
epoch: 9, total time:331.48s
validation batch 1 / 3, loss: 0.12
validation cost time: 8.8025s
epoch: 10, train time every whole data:24.31s
epoch: 10, total time:364.59s
validation batch 1 / 3, loss: 0.05
validation cost time: 8.7927s
epoch: 11, train time every whole data:24.31s
epoch: 11, total time:397.69s
validation batch 1 / 3, loss: 0.04
validation cost time: 8.7932s
epoch: 12, train time every whole data:24.32s
epoch: 12, total time:430.80s
validation batch 1 / 3, loss: 0.07
validation cost time: 8.7924s
epoch: 13, train time every whole data:24.31s
epoch: 13, total time:463.90s
validation batch 1 / 3, loss: 0.07
validation cost time: 8.7924s
epoch: 14, train time every whole data:24.32s
epoch: 14, total time:497.02s
validation batch 1 / 3, loss: 0.07
validation cost time: 8.7929s
epoch: 15, train time every whole data:24.32s
epoch: 15, total time:530.13s
validation batch 1 / 3, loss: 0.07
validation cost time: 8.8289s
epoch: 16, train time every whole data:24.31s
epoch: 16, total time:563.28s
validation batch 1 / 3, loss: 0.03
validation cost time: 8.7926s
epoch: 17, train time every whole data:24.31s
epoch: 17, total time:596.38s
validation batch 1 / 3, loss: 0.02
validation cost time: 8.7936s
save parameters to file: ../experiments/HZME_INFLOW/MAE_ASTGNN_h1d1w0_layer4_head8_dm64_channel1_dir2_drop0.00_1.00e-03_B16_K5_TcontextScaledSAtSE1TE/epoch_18.params
epoch: 18, train time every whole data:24.31s
epoch: 18, total time:629.50s
validation batch 1 / 3, loss: 0.02
validation cost time: 8.7922s
save parameters to file: ../experiments/HZME_INFLOW/MAE_ASTGNN_h1d1w0_layer4_head8_dm64_channel1_dir2_drop0.00_1.00e-03_B16_K5_TcontextScaledSAtSE1TE/epoch_19.params
epoch: 19, train time every whole data:24.32s
epoch: 19, total time:662.63s
validation batch 1 / 3, loss: 0.02
validation cost time: 8.7928s
epoch: 20, train time every whole data:24.31s
epoch: 20, total time:695.73s
validation batch 1 / 3, loss: 0.03
validation cost time: 8.7927s
epoch: 21, train time every whole data:24.31s
epoch: 21, total time:728.83s
validation batch 1 / 3, loss: 0.06
validation cost time: 8.7932s
epoch: 22, train time every whole data:24.31s
epoch: 22, total time:761.94s
validation batch 1 / 3, loss: 0.09
validation cost time: 8.7923s
epoch: 23, train time every whole data:24.31s
epoch: 23, total time:795.04s
validation batch 1 / 3, loss: 0.04
validation cost time: 8.7933s
epoch: 24, train time every whole data:24.30s
epoch: 24, total time:828.13s
validation batch 1 / 3, loss: 0.02
validation cost time: 8.7923s
epoch: 25, train time every whole data:24.32s
epoch: 25, total time:861.25s
validation batch 1 / 3, loss: 0.07
validation cost time: 8.7925s
epoch: 26, train time every whole data:24.30s
epoch: 26, total time:894.34s
validation batch 1 / 3, loss: 0.03
validation cost time: 8.7927s
epoch: 27, train time every whole data:24.30s
epoch: 27, total time:927.44s
validation batch 1 / 3, loss: 0.04
validation cost time: 8.7927s
epoch: 28, train time every whole data:24.31s
epoch: 28, total time:960.54s
validation batch 1 / 3, loss: 0.04
validation cost time: 8.7928s
epoch: 29, train time every whole data:24.32s
epoch: 29, total time:993.65s
validation batch 1 / 3, loss: 0.04
validation cost time: 8.7938s
epoch: 30, train time every whole data:24.31s
epoch: 30, total time:1026.76s
validation batch 1 / 3, loss: 0.02
validation cost time: 8.7929s
save parameters to file: ../experiments/HZME_INFLOW/MAE_ASTGNN_h1d1w0_layer4_head8_dm64_channel1_dir2_drop0.00_1.00e-03_B16_K5_TcontextScaledSAtSE1TE/epoch_31.params
epoch: 31, train time every whole data:24.31s
epoch: 31, total time:1059.87s
validation batch 1 / 3, loss: 0.06
validation cost time: 8.7929s
epoch: 32, train time every whole data:24.32s
epoch: 32, total time:1092.99s
validation batch 1 / 3, loss: 0.02
validation cost time: 8.7922s
epoch: 33, train time every whole data:24.31s
epoch: 33, total time:1126.10s
validation batch 1 / 3, loss: 0.07
validation cost time: 8.7927s
epoch: 34, train time every whole data:24.31s
epoch: 34, total time:1159.21s
validation batch 1 / 3, loss: 0.02
validation cost time: 8.7926s
epoch: 35, train time every whole data:24.32s
epoch: 35, total time:1192.32s
validation batch 1 / 3, loss: 0.04
validation cost time: 8.7925s
epoch: 36, train time every whole data:24.31s
epoch: 36, total time:1225.43s
validation batch 1 / 3, loss: 0.02
validation cost time: 8.7923s
epoch: 37, train time every whole data:24.33s
epoch: 37, total time:1258.55s
validation batch 1 / 3, loss: 0.04
validation cost time: 8.7928s
epoch: 38, train time every whole data:24.32s
epoch: 38, total time:1291.66s
validation batch 1 / 3, loss: 0.03
validation cost time: 8.7926s
epoch: 39, train time every whole data:24.32s
epoch: 39, total time:1324.77s
validation batch 1 / 3, loss: 0.02
validation cost time: 8.7928s
epoch: 40, train time every whole data:24.33s
epoch: 40, total time:1357.90s
validation batch 1 / 3, loss: 0.02
validation cost time: 8.7927s
save parameters to file: ../experiments/HZME_INFLOW/MAE_ASTGNN_h1d1w0_layer4_head8_dm64_channel1_dir2_drop0.00_1.00e-03_B16_K5_TcontextScaledSAtSE1TE/epoch_41.params
epoch: 41, train time every whole data:24.32s
epoch: 41, total time:1391.02s
validation batch 1 / 3, loss: 0.05
validation cost time: 8.7930s
epoch: 42, train time every whole data:24.32s
epoch: 42, total time:1424.14s
validation batch 1 / 3, loss: 0.02
validation cost time: 8.7923s
save parameters to file: ../experiments/HZME_INFLOW/MAE_ASTGNN_h1d1w0_layer4_head8_dm64_channel1_dir2_drop0.00_1.00e-03_B16_K5_TcontextScaledSAtSE1TE/epoch_43.params
epoch: 43, train time every whole data:24.33s
epoch: 43, total time:1457.28s
validation batch 1 / 3, loss: 0.02
validation cost time: 8.7927s
save parameters to file: ../experiments/HZME_INFLOW/MAE_ASTGNN_h1d1w0_layer4_head8_dm64_channel1_dir2_drop0.00_1.00e-03_B16_K5_TcontextScaledSAtSE1TE/epoch_44.params
epoch: 44, train time every whole data:24.32s
epoch: 44, total time:1490.40s
validation batch 1 / 3, loss: 0.04
validation cost time: 8.7921s
epoch: 45, train time every whole data:24.32s
epoch: 45, total time:1523.51s
validation batch 1 / 3, loss: 0.02
validation cost time: 8.7930s
save parameters to file: ../experiments/HZME_INFLOW/MAE_ASTGNN_h1d1w0_layer4_head8_dm64_channel1_dir2_drop0.00_1.00e-03_B16_K5_TcontextScaledSAtSE1TE/epoch_46.params
epoch: 46, train time every whole data:24.33s
epoch: 46, total time:1556.64s
validation batch 1 / 3, loss: 0.02
validation cost time: 8.7925s
epoch: 47, train time every whole data:24.34s
epoch: 47, total time:1589.78s
validation batch 1 / 3, loss: 0.02
validation cost time: 8.7929s
epoch: 48, train time every whole data:24.32s
epoch: 48, total time:1622.90s
validation batch 1 / 3, loss: 0.02
validation cost time: 8.7931s
epoch: 49, train time every whole data:24.33s
epoch: 49, total time:1656.02s
validation batch 1 / 3, loss: 0.02
validation cost time: 8.7930s
epoch: 50, train time every whole data:24.32s
epoch: 50, total time:1689.14s
validation batch 1 / 3, loss: 0.02
validation cost time: 8.8253s
save parameters to file: ../experiments/HZME_INFLOW/MAE_ASTGNN_h1d1w0_layer4_head8_dm64_channel1_dir2_drop0.00_1.00e-03_B16_K5_TcontextScaledSAtSE1TE/epoch_51.params
epoch: 51, train time every whole data:24.33s
epoch: 51, total time:1722.31s
validation batch 1 / 3, loss: 0.02
validation cost time: 8.7938s
epoch: 52, train time every whole data:24.33s
epoch: 52, total time:1755.43s
validation batch 1 / 3, loss: 0.02
validation cost time: 8.7927s
epoch: 53, train time every whole data:24.33s
epoch: 53, total time:1788.56s
validation batch 1 / 3, loss: 0.06
validation cost time: 8.7930s
epoch: 54, train time every whole data:24.32s
epoch: 54, total time:1821.68s
validation batch 1 / 3, loss: 0.02
validation cost time: 8.7923s
epoch: 55, train time every whole data:24.33s
epoch: 55, total time:1854.80s
validation batch 1 / 3, loss: 0.02
validation cost time: 8.7926s
epoch: 56, train time every whole data:24.33s
epoch: 56, total time:1887.92s
validation batch 1 / 3, loss: 0.02
validation cost time: 8.7919s
epoch: 57, train time every whole data:24.33s
epoch: 57, total time:1921.05s
validation batch 1 / 3, loss: 0.02
validation cost time: 8.7931s
save parameters to file: ../experiments/HZME_INFLOW/MAE_ASTGNN_h1d1w0_layer4_head8_dm64_channel1_dir2_drop0.00_1.00e-03_B16_K5_TcontextScaledSAtSE1TE/epoch_58.params
epoch: 58, train time every whole data:24.32s
epoch: 58, total time:1954.18s
validation batch 1 / 3, loss: 0.02
validation cost time: 8.7926s
epoch: 59, train time every whole data:24.33s
epoch: 59, total time:1987.30s
validation batch 1 / 3, loss: 0.02
validation cost time: 8.7928s
epoch: 60, train time every whole data:24.33s
epoch: 60, total time:2020.43s
validation batch 1 / 3, loss: 0.04
validation cost time: 8.7922s
epoch: 61, train time every whole data:24.32s
epoch: 61, total time:2053.54s
validation batch 1 / 3, loss: 0.04
validation cost time: 8.7928s
epoch: 62, train time every whole data:24.33s
epoch: 62, total time:2086.67s
validation batch 1 / 3, loss: 0.02
validation cost time: 8.7921s
epoch: 63, train time every whole data:24.32s
epoch: 63, total time:2119.78s
validation batch 1 / 3, loss: 0.02
validation cost time: 8.7928s
epoch: 64, train time every whole data:24.33s
epoch: 64, total time:2152.91s
validation batch 1 / 3, loss: 0.02
validation cost time: 8.7928s
epoch: 65, train time every whole data:24.33s
epoch: 65, total time:2186.03s
validation batch 1 / 3, loss: 0.01
validation cost time: 8.7925s
save parameters to file: ../experiments/HZME_INFLOW/MAE_ASTGNN_h1d1w0_layer4_head8_dm64_channel1_dir2_drop0.00_1.00e-03_B16_K5_TcontextScaledSAtSE1TE/epoch_66.params
epoch: 66, train time every whole data:24.32s
epoch: 66, total time:2219.16s
validation batch 1 / 3, loss: 0.01
validation cost time: 8.7924s
save parameters to file: ../experiments/HZME_INFLOW/MAE_ASTGNN_h1d1w0_layer4_head8_dm64_channel1_dir2_drop0.00_1.00e-03_B16_K5_TcontextScaledSAtSE1TE/epoch_67.params
epoch: 67, train time every whole data:24.33s
epoch: 67, total time:2252.30s
validation batch 1 / 3, loss: 0.02
validation cost time: 8.7926s
epoch: 68, train time every whole data:24.32s
epoch: 68, total time:2285.41s
validation batch 1 / 3, loss: 0.02
validation cost time: 8.7919s
epoch: 69, train time every whole data:24.33s
epoch: 69, total time:2318.53s
validation batch 1 / 3, loss: 0.02
validation cost time: 8.7928s
epoch: 70, train time every whole data:24.32s
epoch: 70, total time:2351.65s
validation batch 1 / 3, loss: 0.03
validation cost time: 8.7919s
epoch: 71, train time every whole data:24.33s
epoch: 71, total time:2384.78s
validation batch 1 / 3, loss: 0.01
validation cost time: 8.7921s
epoch: 72, train time every whole data:24.33s
epoch: 72, total time:2417.90s
validation batch 1 / 3, loss: 0.01
validation cost time: 8.7930s
save parameters to file: ../experiments/HZME_INFLOW/MAE_ASTGNN_h1d1w0_layer4_head8_dm64_channel1_dir2_drop0.00_1.00e-03_B16_K5_TcontextScaledSAtSE1TE/epoch_73.params
epoch: 73, train time every whole data:24.32s
epoch: 73, total time:2451.03s
validation batch 1 / 3, loss: 0.02
validation cost time: 8.7925s
epoch: 74, train time every whole data:24.33s
epoch: 74, total time:2484.15s
validation batch 1 / 3, loss: 0.01
validation cost time: 8.7927s
save parameters to file: ../experiments/HZME_INFLOW/MAE_ASTGNN_h1d1w0_layer4_head8_dm64_channel1_dir2_drop0.00_1.00e-03_B16_K5_TcontextScaledSAtSE1TE/epoch_75.params
epoch: 75, train time every whole data:24.33s
epoch: 75, total time:2517.28s
validation batch 1 / 3, loss: 0.02
validation cost time: 8.7927s
epoch: 76, train time every whole data:24.31s
epoch: 76, total time:2550.39s
validation batch 1 / 3, loss: 0.02
validation cost time: 8.7927s
epoch: 77, train time every whole data:24.33s
epoch: 77, total time:2583.52s
validation batch 1 / 3, loss: 0.01
validation cost time: 8.7924s
epoch: 78, train time every whole data:24.33s
epoch: 78, total time:2616.64s
validation batch 1 / 3, loss: 0.02
validation cost time: 8.7923s
epoch: 79, train time every whole data:24.32s
epoch: 79, total time:2649.76s
validation batch 1 / 3, loss: 0.02
validation cost time: 8.7933s
epoch: 80, train time every whole data:24.32s
epoch: 80, total time:2682.87s
validation batch 1 / 3, loss: 0.02
validation cost time: 8.7922s
epoch: 81, train time every whole data:24.32s
epoch: 81, total time:2715.99s
validation batch 1 / 3, loss: 0.01
validation cost time: 8.7930s
save parameters to file: ../experiments/HZME_INFLOW/MAE_ASTGNN_h1d1w0_layer4_head8_dm64_channel1_dir2_drop0.00_1.00e-03_B16_K5_TcontextScaledSAtSE1TE/epoch_82.params
epoch: 82, train time every whole data:24.32s
epoch: 82, total time:2749.11s
validation batch 1 / 3, loss: 0.04
validation cost time: 8.7934s
epoch: 83, train time every whole data:24.33s
epoch: 83, total time:2782.24s
validation batch 1 / 3, loss: 0.01
validation cost time: 8.7928s
epoch: 84, train time every whole data:24.32s
epoch: 84, total time:2815.35s
validation batch 1 / 3, loss: 0.02
validation cost time: 8.7923s
epoch: 85, train time every whole data:24.32s
epoch: 85, total time:2848.47s
validation batch 1 / 3, loss: 0.01
validation cost time: 8.7933s
epoch: 86, train time every whole data:24.32s
epoch: 86, total time:2881.58s
validation batch 1 / 3, loss: 0.01
validation cost time: 8.7925s
epoch: 87, train time every whole data:24.32s
epoch: 87, total time:2914.70s
validation batch 1 / 3, loss: 0.02
validation cost time: 8.7935s
epoch: 88, train time every whole data:24.32s
epoch: 88, total time:2947.81s
validation batch 1 / 3, loss: 0.01
validation cost time: 8.7922s
epoch: 89, train time every whole data:24.32s
epoch: 89, total time:2980.92s
validation batch 1 / 3, loss: 0.01
validation cost time: 8.7934s
save parameters to file: ../experiments/HZME_INFLOW/MAE_ASTGNN_h1d1w0_layer4_head8_dm64_channel1_dir2_drop0.00_1.00e-03_B16_K5_TcontextScaledSAtSE1TE/epoch_90.params
epoch: 90, train time every whole data:24.32s
epoch: 90, total time:3014.05s
validation batch 1 / 3, loss: 0.01
validation cost time: 8.7927s
epoch: 91, train time every whole data:24.31s
epoch: 91, total time:3047.16s
validation batch 1 / 3, loss: 0.01
validation cost time: 8.7930s
epoch: 92, train time every whole data:24.33s
epoch: 92, total time:3080.29s
validation batch 1 / 3, loss: 0.02
validation cost time: 8.8251s
epoch: 93, train time every whole data:24.32s
epoch: 93, total time:3113.43s
validation batch 1 / 3, loss: 0.01
validation cost time: 8.7930s
epoch: 94, train time every whole data:24.32s
epoch: 94, total time:3146.55s
validation batch 1 / 3, loss: 0.01
validation cost time: 8.7933s
save parameters to file: ../experiments/HZME_INFLOW/MAE_ASTGNN_h1d1w0_layer4_head8_dm64_channel1_dir2_drop0.00_1.00e-03_B16_K5_TcontextScaledSAtSE1TE/epoch_95.params
epoch: 95, train time every whole data:24.32s
epoch: 95, total time:3179.68s
validation batch 1 / 3, loss: 0.01
validation cost time: 8.7929s
epoch: 96, train time every whole data:24.32s
epoch: 96, total time:3212.79s
validation batch 1 / 3, loss: 0.01
validation cost time: 8.7928s
epoch: 97, train time every whole data:24.32s
epoch: 97, total time:3245.91s
validation batch 1 / 3, loss: 0.01
validation cost time: 8.7936s
epoch: 98, train time every whole data:24.33s
epoch: 98, total time:3279.03s
validation batch 1 / 3, loss: 0.03
validation cost time: 8.7931s
epoch: 99, train time every whole data:24.34s
epoch: 99, total time:3312.17s
best epoch: 95
apply the best val model on the test data set ...
load weight from: ../experiments/HZME_INFLOW/MAE_ASTGNN_h1d1w0_layer4_head8_dm64_channel1_dir2_drop0.00_1.00e-03_B16_K5_TcontextScaledSAtSE1TE/epoch_95.params
predicting testing set batch 1 / 3, time: 4.18s
test time on whole data:8.80s
input: (1073, 80, 24, 1)
prediction: (1073, 80, 12, 1)
data_target_tensor: (1073, 80, 12)
current epoch: 95, predict 0 points
MAE: 10.02
RMSE: 15.91
MAPE: 23.16
current epoch: 95, predict 1 points
MAE: 10.27
RMSE: 16.86
MAPE: 23.15
current epoch: 95, predict 2 points
MAE: 10.35
RMSE: 16.98
MAPE: 23.52
current epoch: 95, predict 3 points
MAE: 10.43
RMSE: 17.13
MAPE: 23.28
current epoch: 95, predict 4 points
MAE: 10.51
RMSE: 17.32
MAPE: 23.44
current epoch: 95, predict 5 points
MAE: 10.61
RMSE: 17.51
MAPE: 23.81
current epoch: 95, predict 6 points
MAE: 10.76
RMSE: 17.85
MAPE: 24.29
current epoch: 95, predict 7 points
MAE: 10.91
RMSE: 18.22
MAPE: 24.60
current epoch: 95, predict 8 points
MAE: 11.04
RMSE: 18.53
MAPE: 24.99
current epoch: 95, predict 9 points
MAE: 11.17
RMSE: 18.90
MAPE: 25.50
current epoch: 95, predict 10 points
MAE: 11.31
RMSE: 19.34
MAPE: 26.09
current epoch: 95, predict 11 points
MAE: 11.60
RMSE: 20.18
MAPE: 26.89
all MAE: 10.75
all RMSE: 17.93
all MAPE: 24.38
[10.022378, 15.90538900926767, 23.16410541534424, 10.27033, 16.86293966456796, 23.152965307235718, 10.349807, 16.976751250101195, 23.521676659584045, 10.427691, 17.134258802382764, 23.277391493320465, 10.508017, 17.323659887406336, 23.443087935447693, 10.607756, 17.509430878179174, 23.806732892990112, 10.758123, 17.850846197335787, 24.28717464208603, 10.908472, 18.21659071412908, 24.60002303123474, 11.040689, 18.533578452998157, 24.990127980709076, 11.168131, 18.903053707089896, 25.49746334552765, 11.311632, 19.335861742275835, 26.088377833366394, 11.601808, 20.18393432495222, 26.894792914390564, 10.747904, 17.93136310933958, 24.376825988292694]
fine tune the model ... 
epoch: 100, train time every whole data:56.83s
epoch: 100, total time:3377.94s
validation batch 1 / 3, loss: 0.01
validation cost time: 8.7908s
save parameters to file: ../experiments/HZME_INFLOW/MAE_ASTGNN_h1d1w0_layer4_head8_dm64_channel1_dir2_drop0.00_1.00e-03_B16_K5_TcontextScaledSAtSE1TE/epoch_100.params
epoch: 101, train time every whole data:56.80s
epoch: 101, total time:3443.54s
validation batch 1 / 3, loss: 0.01
validation cost time: 8.7911s
epoch: 102, train time every whole data:56.71s
epoch: 102, total time:3509.04s
validation batch 1 / 3, loss: 0.01
validation cost time: 8.7908s
epoch: 103, train time every whole data:56.76s
epoch: 103, total time:3574.59s
validation batch 1 / 3, loss: 0.01
validation cost time: 8.7933s
epoch: 104, train time every whole data:56.78s
epoch: 104, total time:3640.17s
validation batch 1 / 3, loss: 0.01
validation cost time: 8.7914s
save parameters to file: ../experiments/HZME_INFLOW/MAE_ASTGNN_h1d1w0_layer4_head8_dm64_channel1_dir2_drop0.00_1.00e-03_B16_K5_TcontextScaledSAtSE1TE/epoch_104.params
epoch: 105, train time every whole data:56.80s
epoch: 105, total time:3705.77s
validation batch 1 / 3, loss: 0.01
validation cost time: 8.7941s
epoch: 106, train time every whole data:56.80s
epoch: 106, total time:3771.37s
validation batch 1 / 3, loss: 0.01
validation cost time: 8.7906s
epoch: 107, train time every whole data:56.78s
epoch: 107, total time:3836.94s
validation batch 1 / 3, loss: 0.01
validation cost time: 8.7901s
epoch: 108, train time every whole data:56.83s
epoch: 108, total time:3902.56s
validation batch 1 / 3, loss: 0.01
validation cost time: 8.7903s
epoch: 109, train time every whole data:56.80s
epoch: 109, total time:3968.16s
validation batch 1 / 3, loss: 0.01
validation cost time: 8.7906s
epoch: 110, train time every whole data:56.77s
epoch: 110, total time:4033.72s
validation batch 1 / 3, loss: 0.01
validation cost time: 8.7905s
epoch: 111, train time every whole data:56.77s
epoch: 111, total time:4099.28s
validation batch 1 / 3, loss: 0.01
validation cost time: 8.7913s
epoch: 112, train time every whole data:56.77s
epoch: 112, total time:4164.84s
validation batch 1 / 3, loss: 0.01
validation cost time: 8.7906s
epoch: 113, train time every whole data:56.79s
epoch: 113, total time:4230.42s
validation batch 1 / 3, loss: 0.01
validation cost time: 8.7906s
save parameters to file: ../experiments/HZME_INFLOW/MAE_ASTGNN_h1d1w0_layer4_head8_dm64_channel1_dir2_drop0.00_1.00e-03_B16_K5_TcontextScaledSAtSE1TE/epoch_113.params
epoch: 114, train time every whole data:56.80s
epoch: 114, total time:4296.02s
validation batch 1 / 3, loss: 0.01
validation cost time: 8.7914s
epoch: 115, train time every whole data:56.74s
epoch: 115, total time:4361.56s
validation batch 1 / 3, loss: 0.01
validation cost time: 8.7906s
epoch: 116, train time every whole data:56.73s
epoch: 116, total time:4427.08s
validation batch 1 / 3, loss: 0.01
validation cost time: 8.7904s
epoch: 117, train time every whole data:56.76s
epoch: 117, total time:4492.63s
validation batch 1 / 3, loss: 0.01
validation cost time: 8.7902s
epoch: 118, train time every whole data:56.76s
epoch: 118, total time:4558.19s
validation batch 1 / 3, loss: 0.01
validation cost time: 8.7908s
epoch: 119, train time every whole data:56.76s
epoch: 119, total time:4623.74s
validation batch 1 / 3, loss: 0.01
validation cost time: 8.7910s
epoch: 120, train time every whole data:56.78s
epoch: 120, total time:4689.31s
validation batch 1 / 3, loss: 0.01
validation cost time: 8.7908s
epoch: 121, train time every whole data:56.75s
epoch: 121, total time:4754.85s
validation batch 1 / 3, loss: 0.01
validation cost time: 8.7908s
epoch: 122, train time every whole data:56.76s
epoch: 122, total time:4820.41s
validation batch 1 / 3, loss: 0.01
validation cost time: 8.7911s
epoch: 123, train time every whole data:56.74s
epoch: 123, total time:4885.94s
validation batch 1 / 3, loss: 0.01
validation cost time: 8.7909s
save parameters to file: ../experiments/HZME_INFLOW/MAE_ASTGNN_h1d1w0_layer4_head8_dm64_channel1_dir2_drop0.00_1.00e-03_B16_K5_TcontextScaledSAtSE1TE/epoch_123.params
epoch: 124, train time every whole data:56.78s
epoch: 124, total time:4951.53s
validation batch 1 / 3, loss: 0.01
validation cost time: 8.7911s
epoch: 125, train time every whole data:56.77s
epoch: 125, total time:5017.09s
validation batch 1 / 3, loss: 0.01
validation cost time: 8.7914s
epoch: 126, train time every whole data:56.76s
epoch: 126, total time:5082.64s
validation batch 1 / 3, loss: 0.01
validation cost time: 8.7911s
epoch: 127, train time every whole data:56.77s
epoch: 127, total time:5148.20s
validation batch 1 / 3, loss: 0.01
validation cost time: 8.7912s
epoch: 128, train time every whole data:56.79s
epoch: 128, total time:5213.78s
validation batch 1 / 3, loss: 0.01
validation cost time: 8.8293s
epoch: 129, train time every whole data:56.78s
epoch: 129, total time:5279.39s
validation batch 1 / 3, loss: 0.01
validation cost time: 8.7947s
epoch: 130, train time every whole data:56.77s
epoch: 130, total time:5344.96s
validation batch 1 / 3, loss: 0.01
validation cost time: 8.7909s
epoch: 131, train time every whole data:56.74s
epoch: 131, total time:5410.50s
validation batch 1 / 3, loss: 0.01
validation cost time: 8.7904s
epoch: 132, train time every whole data:56.77s
epoch: 132, total time:5476.06s
validation batch 1 / 3, loss: 0.01
validation cost time: 8.7906s
epoch: 133, train time every whole data:56.71s
epoch: 133, total time:5541.57s
validation batch 1 / 3, loss: 0.01
validation cost time: 8.7913s
epoch: 134, train time every whole data:56.75s
epoch: 134, total time:5607.11s
validation batch 1 / 3, loss: 0.01
validation cost time: 8.7907s
epoch: 135, train time every whole data:56.73s
epoch: 135, total time:5672.64s
validation batch 1 / 3, loss: 0.01
validation cost time: 8.7906s
epoch: 136, train time every whole data:56.75s
epoch: 136, total time:5738.18s
validation batch 1 / 3, loss: 0.01
validation cost time: 8.7908s
epoch: 137, train time every whole data:56.73s
epoch: 137, total time:5803.70s
validation batch 1 / 3, loss: 0.01
validation cost time: 8.7945s
epoch: 138, train time every whole data:56.75s
epoch: 138, total time:5869.25s
validation batch 1 / 3, loss: 0.01
validation cost time: 8.7913s
epoch: 139, train time every whole data:56.73s
epoch: 139, total time:5934.78s
validation batch 1 / 3, loss: 0.01
validation cost time: 8.7930s
epoch: 140, train time every whole data:56.74s
epoch: 140, total time:6000.31s
validation batch 1 / 3, loss: 0.01
validation cost time: 8.7906s
epoch: 141, train time every whole data:56.75s
epoch: 141, total time:6065.85s
validation batch 1 / 3, loss: 0.01
validation cost time: 8.7909s
epoch: 142, train time every whole data:56.72s
epoch: 142, total time:6131.37s
validation batch 1 / 3, loss: 0.01
validation cost time: 8.7911s
epoch: 143, train time every whole data:56.72s
epoch: 143, total time:6196.88s
validation batch 1 / 3, loss: 0.01
validation cost time: 8.7913s
epoch: 144, train time every whole data:56.76s
epoch: 144, total time:6262.44s
validation batch 1 / 3, loss: 0.01
validation cost time: 8.7915s
epoch: 145, train time every whole data:56.76s
epoch: 145, total time:6328.00s
validation batch 1 / 3, loss: 0.01
validation cost time: 8.7923s
epoch: 146, train time every whole data:56.75s
epoch: 146, total time:6393.54s
validation batch 1 / 3, loss: 0.01
validation cost time: 8.7913s
save parameters to file: ../experiments/HZME_INFLOW/MAE_ASTGNN_h1d1w0_layer4_head8_dm64_channel1_dir2_drop0.00_1.00e-03_B16_K5_TcontextScaledSAtSE1TE/epoch_146.params
epoch: 147, train time every whole data:56.74s
epoch: 147, total time:6459.08s
validation batch 1 / 3, loss: 0.01
validation cost time: 8.7914s
epoch: 148, train time every whole data:56.85s
epoch: 148, total time:6524.72s
validation batch 1 / 3, loss: 0.01
validation cost time: 8.7904s
epoch: 149, train time every whole data:56.75s
epoch: 149, total time:6590.26s
validation batch 1 / 3, loss: 0.01
validation cost time: 8.7903s
save parameters to file: ../experiments/HZME_INFLOW/MAE_ASTGNN_h1d1w0_layer4_head8_dm64_channel1_dir2_drop0.00_1.00e-03_B16_K5_TcontextScaledSAtSE1TE/epoch_149.params
best epoch: 149
apply the best val model on the test data set ...
load weight from: ../experiments/HZME_INFLOW/MAE_ASTGNN_h1d1w0_layer4_head8_dm64_channel1_dir2_drop0.00_1.00e-03_B16_K5_TcontextScaledSAtSE1TE/epoch_149.params
predicting testing set batch 1 / 3, time: 4.17s
test time on whole data:8.80s
input: (1073, 80, 24, 1)
prediction: (1073, 80, 12, 1)
data_target_tensor: (1073, 80, 12)
current epoch: 149, predict 0 points
MAE: 9.88
RMSE: 15.79
MAPE: 21.85
current epoch: 149, predict 1 points
MAE: 10.07
RMSE: 16.55
MAPE: 21.85
current epoch: 149, predict 2 points
MAE: 10.16
RMSE: 16.71
MAPE: 21.89
current epoch: 149, predict 3 points
MAE: 10.21
RMSE: 16.86
MAPE: 21.95
current epoch: 149, predict 4 points
MAE: 10.26
RMSE: 17.07
MAPE: 22.22
current epoch: 149, predict 5 points
MAE: 10.31
RMSE: 17.24
MAPE: 22.32
current epoch: 149, predict 6 points
MAE: 10.40
RMSE: 17.48
MAPE: 22.42
current epoch: 149, predict 7 points
MAE: 10.49
RMSE: 17.73
MAPE: 22.43
current epoch: 149, predict 8 points
MAE: 10.51
RMSE: 17.81
MAPE: 22.57
current epoch: 149, predict 9 points
MAE: 10.59
RMSE: 18.01
MAPE: 22.78
current epoch: 149, predict 10 points
MAE: 10.69
RMSE: 18.35
MAPE: 23.00
current epoch: 149, predict 11 points
MAE: 10.91
RMSE: 18.89
MAPE: 23.64
all MAE: 10.37
all RMSE: 17.39
all MAPE: 22.40
[9.883522, 15.787742321725025, 21.845097839832306, 10.072817, 16.546473857566774, 21.852415800094604, 10.160723, 16.709940362957425, 21.888001263141632, 10.210192, 16.85705063912427, 21.947240829467773, 10.26253, 17.07325847005065, 22.217315435409546, 10.311603, 17.24029356385699, 22.32353836297989, 10.397565, 17.479289852006826, 22.41927832365036, 10.485037, 17.73111719801783, 22.430038452148438, 10.514026, 17.81274156908563, 22.56571352481842, 10.589244, 18.009111429563145, 22.77633100748062, 10.694942, 18.35037927885237, 22.996428608894348, 10.912409, 18.892990734051427, 23.641029000282288, 10.374552, 17.393404427487017, 22.401341795921326]
