Fri Nov 12 10:25:15 2021       
+-----------------------------------------------------------------------------+
| NVIDIA-SMI 418.165.02   Driver Version: 418.165.02   CUDA Version: 10.1     |
|-------------------------------+----------------------+----------------------+
| GPU  Name        Persistence-M| Bus-Id        Disp.A | Volatile Uncorr. ECC |
| Fan  Temp  Perf  Pwr:Usage/Cap|         Memory-Usage | GPU-Util  Compute M. |
|===============================+======================+======================|
|   0  Tesla V100-PCIE...  Off  | 00000000:5A:00.0 Off |                    0 |
| N/A   58C    P0   149W / 250W |  13570MiB / 32480MiB |     90%      Default |
+-------------------------------+----------------------+----------------------+
|   1  Tesla V100-PCIE...  Off  | 00000000:5E:00.0 Off |                    0 |
| N/A   54C    P0   153W / 250W |  13570MiB / 32480MiB |    100%      Default |
+-------------------------------+----------------------+----------------------+
|   2  Tesla V100-PCIE...  Off  | 00000000:62:00.0 Off |                    0 |
| N/A   56C    P0   136W / 250W |  13570MiB / 32480MiB |     91%      Default |
+-------------------------------+----------------------+----------------------+
|   3  Tesla V100-PCIE...  Off  | 00000000:66:00.0 Off |                    0 |
| N/A   66C    P0   219W / 250W |   7149MiB / 32480MiB |    100%      Default |
+-------------------------------+----------------------+----------------------+
|   4  Tesla V100-PCIE...  Off  | 00000000:B5:00.0 Off |                    0 |
| N/A   23C    P0    23W / 250W |     11MiB / 32480MiB |      0%      Default |
+-------------------------------+----------------------+----------------------+
|   5  Tesla V100-PCIE...  Off  | 00000000:B9:00.0 Off |                    0 |
| N/A   27C    P0    25W / 250W |     11MiB / 32480MiB |      0%      Default |
+-------------------------------+----------------------+----------------------+
|   6  Tesla V100-PCIE...  Off  | 00000000:BD:00.0 Off |                    0 |
| N/A   58C    P0   138W / 250W |  13670MiB / 32480MiB |     84%      Default |
+-------------------------------+----------------------+----------------------+
|   7  Tesla V100-PCIE...  Off  | 00000000:C1:00.0 Off |                    0 |
| N/A   53C    P0   152W / 250W |  13674MiB / 32480MiB |     94%      Default |
+-------------------------------+----------------------+----------------------+
                                                                               
+-----------------------------------------------------------------------------+
| Processes:                                                       GPU Memory |
|  GPU       PID   Type   Process name                             Usage      |
|=============================================================================|
|    0     56174      C   python                                     13559MiB |
|    1     55410      C   python                                     13559MiB |
|    2     54369      C   python                                     13559MiB |
|    3     16900      C   python                                      7137MiB |
|    6       606      C   python                                     13659MiB |
|    7     57303      C   python                                     13663MiB |
+-----------------------------------------------------------------------------+
CUDA: True cuda:0
Read configuration file: /data/home/u18112042/CorrSTN-nA/configurations/PEMS08_rdw.conf
total training epoch, fine tune epoch: 50 , 25
batch_size: 8
attention_top_k: 5
folder_dir: MAE_ASTGNN_h1d1w1_layer4_head8_dm64_channel1_dir2_drop0.00_1.00e-03_B8_K5_TcontextScaledSAtSE1TE
load file: /data/home/u18112042/CorrSTN-nA/data/PEMS08/PEMS08_r1_d1_w1.npz
ori length: 9497 , percent: 1.0 , scale: 9497
train: torch.Size([9497, 170, 1, 36]) torch.Size([9497, 170, 12]) torch.Size([9497, 170, 12])
val: torch.Size([3166, 170, 1, 36]) torch.Size([3166, 170, 12]) torch.Size([3166, 170, 12])
test: torch.Size([3166, 170, 1, 36]) torch.Size([3166, 170, 12]) torch.Size([3166, 170, 12])
TemporalPositionalEncoding max_len: 2016
w_index: [0, 1, 2, 3, 4, 5, 6, 7, 8, 9, 10, 11]
d_index: [1728, 1729, 1730, 1731, 1732, 1733, 1734, 1735, 1736, 1737, 1738, 1739]
h_index: [2004, 2005, 2006, 2007, 2008, 2009, 2010, 2011, 2012, 2013, 2014, 2015]
en_lookup_index: [0, 1, 2, 3, 4, 5, 6, 7, 8, 9, 10, 11, 1728, 1729, 1730, 1731, 1732, 1733, 1734, 1735, 1736, 1737, 1738, 1739, 2004, 2005, 2006, 2007, 2008, 2009, 2010, 2011, 2012, 2013, 2014, 2015]
EncoderDecoder(
  (encoder): Encoder(
    (layers): ModuleList(
      (0): EncoderLayer(
        (self_attn): MultiHeadAttentionAwareTemporalContex_q1d_k1d(
          (linears): ModuleList(
            (0): Linear(in_features=64, out_features=64, bias=True)
            (1): Linear(in_features=64, out_features=64, bias=True)
          )
          (conv1Ds_aware_temporal_context): ModuleList(
            (0): Conv2d(64, 64, kernel_size=(1, 3), stride=(1, 1), padding=(0, 1))
            (1): Conv2d(64, 64, kernel_size=(1, 3), stride=(1, 1), padding=(0, 1))
          )
          (dropout): Dropout(p=0.0, inplace=False)
          (attn_ic): Attention_IC(
            (DAT): DynamicAttentionLayer(
              (dropout): Dropout(p=0.0, inplace=False)
            )
          )
        )
        (feed_forward_gcn): PositionWiseGCNFeedForward(
          (gcn): spatialAttentionScaledGCN(
            (Theta): Linear(in_features=64, out_features=64, bias=False)
            (SAt): Spatial_Attention_layer(
              (dropout): Dropout(p=0.0, inplace=False)
            )
          )
          (dropout): Dropout(p=0.0, inplace=False)
        )
        (sublayer): ModuleList(
          (0): SublayerConnection(
            (dropout): Dropout(p=0.0, inplace=False)
            (norm): LayerNorm((64,), eps=1e-05, elementwise_affine=True)
          )
          (1): SublayerConnection(
            (dropout): Dropout(p=0.0, inplace=False)
            (norm): LayerNorm((64,), eps=1e-05, elementwise_affine=True)
          )
        )
      )
      (1): EncoderLayer(
        (self_attn): MultiHeadAttentionAwareTemporalContex_q1d_k1d(
          (linears): ModuleList(
            (0): Linear(in_features=64, out_features=64, bias=True)
            (1): Linear(in_features=64, out_features=64, bias=True)
          )
          (conv1Ds_aware_temporal_context): ModuleList(
            (0): Conv2d(64, 64, kernel_size=(1, 3), stride=(1, 1), padding=(0, 1))
            (1): Conv2d(64, 64, kernel_size=(1, 3), stride=(1, 1), padding=(0, 1))
          )
          (dropout): Dropout(p=0.0, inplace=False)
          (attn_ic): Attention_IC(
            (DAT): DynamicAttentionLayer(
              (dropout): Dropout(p=0.0, inplace=False)
            )
          )
        )
        (feed_forward_gcn): PositionWiseGCNFeedForward(
          (gcn): spatialAttentionScaledGCN(
            (Theta): Linear(in_features=64, out_features=64, bias=False)
            (SAt): Spatial_Attention_layer(
              (dropout): Dropout(p=0.0, inplace=False)
            )
          )
          (dropout): Dropout(p=0.0, inplace=False)
        )
        (sublayer): ModuleList(
          (0): SublayerConnection(
            (dropout): Dropout(p=0.0, inplace=False)
            (norm): LayerNorm((64,), eps=1e-05, elementwise_affine=True)
          )
          (1): SublayerConnection(
            (dropout): Dropout(p=0.0, inplace=False)
            (norm): LayerNorm((64,), eps=1e-05, elementwise_affine=True)
          )
        )
      )
      (2): EncoderLayer(
        (self_attn): MultiHeadAttentionAwareTemporalContex_q1d_k1d(
          (linears): ModuleList(
            (0): Linear(in_features=64, out_features=64, bias=True)
            (1): Linear(in_features=64, out_features=64, bias=True)
          )
          (conv1Ds_aware_temporal_context): ModuleList(
            (0): Conv2d(64, 64, kernel_size=(1, 3), stride=(1, 1), padding=(0, 1))
            (1): Conv2d(64, 64, kernel_size=(1, 3), stride=(1, 1), padding=(0, 1))
          )
          (dropout): Dropout(p=0.0, inplace=False)
          (attn_ic): Attention_IC(
            (DAT): DynamicAttentionLayer(
              (dropout): Dropout(p=0.0, inplace=False)
            )
          )
        )
        (feed_forward_gcn): PositionWiseGCNFeedForward(
          (gcn): spatialAttentionScaledGCN(
            (Theta): Linear(in_features=64, out_features=64, bias=False)
            (SAt): Spatial_Attention_layer(
              (dropout): Dropout(p=0.0, inplace=False)
            )
          )
          (dropout): Dropout(p=0.0, inplace=False)
        )
        (sublayer): ModuleList(
          (0): SublayerConnection(
            (dropout): Dropout(p=0.0, inplace=False)
            (norm): LayerNorm((64,), eps=1e-05, elementwise_affine=True)
          )
          (1): SublayerConnection(
            (dropout): Dropout(p=0.0, inplace=False)
            (norm): LayerNorm((64,), eps=1e-05, elementwise_affine=True)
          )
        )
      )
      (3): EncoderLayer(
        (self_attn): MultiHeadAttentionAwareTemporalContex_q1d_k1d(
          (linears): ModuleList(
            (0): Linear(in_features=64, out_features=64, bias=True)
            (1): Linear(in_features=64, out_features=64, bias=True)
          )
          (conv1Ds_aware_temporal_context): ModuleList(
            (0): Conv2d(64, 64, kernel_size=(1, 3), stride=(1, 1), padding=(0, 1))
            (1): Conv2d(64, 64, kernel_size=(1, 3), stride=(1, 1), padding=(0, 1))
          )
          (dropout): Dropout(p=0.0, inplace=False)
          (attn_ic): Attention_IC(
            (DAT): DynamicAttentionLayer(
              (dropout): Dropout(p=0.0, inplace=False)
            )
          )
        )
        (feed_forward_gcn): PositionWiseGCNFeedForward(
          (gcn): spatialAttentionScaledGCN(
            (Theta): Linear(in_features=64, out_features=64, bias=False)
            (SAt): Spatial_Attention_layer(
              (dropout): Dropout(p=0.0, inplace=False)
            )
          )
          (dropout): Dropout(p=0.0, inplace=False)
        )
        (sublayer): ModuleList(
          (0): SublayerConnection(
            (dropout): Dropout(p=0.0, inplace=False)
            (norm): LayerNorm((64,), eps=1e-05, elementwise_affine=True)
          )
          (1): SublayerConnection(
            (dropout): Dropout(p=0.0, inplace=False)
            (norm): LayerNorm((64,), eps=1e-05, elementwise_affine=True)
          )
        )
      )
    )
    (norm): LayerNorm((64,), eps=1e-05, elementwise_affine=True)
  )
  (decoder): Decoder(
    (layers): ModuleList(
      (0): DecoderLayer(
        (self_attn): MultiHeadAttentionAwareTemporalContex_qc_kc(
          (linears): ModuleList(
            (0): Linear(in_features=64, out_features=64, bias=True)
            (1): Linear(in_features=64, out_features=64, bias=True)
          )
          (conv1Ds_aware_temporal_context): ModuleList(
            (0): Conv2d(64, 64, kernel_size=(1, 3), stride=(1, 1), padding=(0, 2))
            (1): Conv2d(64, 64, kernel_size=(1, 3), stride=(1, 1), padding=(0, 2))
          )
          (dropout): Dropout(p=0.0, inplace=False)
          (attn_ic): Attention_IC(
            (DAT): DynamicAttentionLayer(
              (dropout): Dropout(p=0.0, inplace=False)
            )
          )
        )
        (src_attn): MultiHeadAttentionAwareTemporalContex_qc_k1d(
          (linears): ModuleList(
            (0): Linear(in_features=64, out_features=64, bias=True)
            (1): Linear(in_features=64, out_features=64, bias=True)
          )
          (query_conv1Ds_aware_temporal_context): Conv2d(64, 64, kernel_size=(1, 3), stride=(1, 1), padding=(0, 2))
          (key_conv1Ds_aware_temporal_context): Conv2d(64, 64, kernel_size=(1, 3), stride=(1, 1), padding=(0, 1))
          (dropout): Dropout(p=0.0, inplace=False)
          (attn_ic): Attention_IC(
            (DAT): DynamicAttentionLayer(
              (dropout): Dropout(p=0.0, inplace=False)
            )
          )
        )
        (feed_forward_gcn): PositionWiseGCNFeedForward(
          (gcn): spatialAttentionScaledGCN(
            (Theta): Linear(in_features=64, out_features=64, bias=False)
            (SAt): Spatial_Attention_layer(
              (dropout): Dropout(p=0.0, inplace=False)
            )
          )
          (dropout): Dropout(p=0.0, inplace=False)
        )
        (sublayer): ModuleList(
          (0): SublayerConnection(
            (dropout): Dropout(p=0.0, inplace=False)
            (norm): LayerNorm((64,), eps=1e-05, elementwise_affine=True)
          )
          (1): SublayerConnection(
            (dropout): Dropout(p=0.0, inplace=False)
            (norm): LayerNorm((64,), eps=1e-05, elementwise_affine=True)
          )
          (2): SublayerConnection(
            (dropout): Dropout(p=0.0, inplace=False)
            (norm): LayerNorm((64,), eps=1e-05, elementwise_affine=True)
          )
        )
      )
      (1): DecoderLayer(
        (self_attn): MultiHeadAttentionAwareTemporalContex_qc_kc(
          (linears): ModuleList(
            (0): Linear(in_features=64, out_features=64, bias=True)
            (1): Linear(in_features=64, out_features=64, bias=True)
          )
          (conv1Ds_aware_temporal_context): ModuleList(
            (0): Conv2d(64, 64, kernel_size=(1, 3), stride=(1, 1), padding=(0, 2))
            (1): Conv2d(64, 64, kernel_size=(1, 3), stride=(1, 1), padding=(0, 2))
          )
          (dropout): Dropout(p=0.0, inplace=False)
          (attn_ic): Attention_IC(
            (DAT): DynamicAttentionLayer(
              (dropout): Dropout(p=0.0, inplace=False)
            )
          )
        )
        (src_attn): MultiHeadAttentionAwareTemporalContex_qc_k1d(
          (linears): ModuleList(
            (0): Linear(in_features=64, out_features=64, bias=True)
            (1): Linear(in_features=64, out_features=64, bias=True)
          )
          (query_conv1Ds_aware_temporal_context): Conv2d(64, 64, kernel_size=(1, 3), stride=(1, 1), padding=(0, 2))
          (key_conv1Ds_aware_temporal_context): Conv2d(64, 64, kernel_size=(1, 3), stride=(1, 1), padding=(0, 1))
          (dropout): Dropout(p=0.0, inplace=False)
          (attn_ic): Attention_IC(
            (DAT): DynamicAttentionLayer(
              (dropout): Dropout(p=0.0, inplace=False)
            )
          )
        )
        (feed_forward_gcn): PositionWiseGCNFeedForward(
          (gcn): spatialAttentionScaledGCN(
            (Theta): Linear(in_features=64, out_features=64, bias=False)
            (SAt): Spatial_Attention_layer(
              (dropout): Dropout(p=0.0, inplace=False)
            )
          )
          (dropout): Dropout(p=0.0, inplace=False)
        )
        (sublayer): ModuleList(
          (0): SublayerConnection(
            (dropout): Dropout(p=0.0, inplace=False)
            (norm): LayerNorm((64,), eps=1e-05, elementwise_affine=True)
          )
          (1): SublayerConnection(
            (dropout): Dropout(p=0.0, inplace=False)
            (norm): LayerNorm((64,), eps=1e-05, elementwise_affine=True)
          )
          (2): SublayerConnection(
            (dropout): Dropout(p=0.0, inplace=False)
            (norm): LayerNorm((64,), eps=1e-05, elementwise_affine=True)
          )
        )
      )
      (2): DecoderLayer(
        (self_attn): MultiHeadAttentionAwareTemporalContex_qc_kc(
          (linears): ModuleList(
            (0): Linear(in_features=64, out_features=64, bias=True)
            (1): Linear(in_features=64, out_features=64, bias=True)
          )
          (conv1Ds_aware_temporal_context): ModuleList(
            (0): Conv2d(64, 64, kernel_size=(1, 3), stride=(1, 1), padding=(0, 2))
            (1): Conv2d(64, 64, kernel_size=(1, 3), stride=(1, 1), padding=(0, 2))
          )
          (dropout): Dropout(p=0.0, inplace=False)
          (attn_ic): Attention_IC(
            (DAT): DynamicAttentionLayer(
              (dropout): Dropout(p=0.0, inplace=False)
            )
          )
        )
        (src_attn): MultiHeadAttentionAwareTemporalContex_qc_k1d(
          (linears): ModuleList(
            (0): Linear(in_features=64, out_features=64, bias=True)
            (1): Linear(in_features=64, out_features=64, bias=True)
          )
          (query_conv1Ds_aware_temporal_context): Conv2d(64, 64, kernel_size=(1, 3), stride=(1, 1), padding=(0, 2))
          (key_conv1Ds_aware_temporal_context): Conv2d(64, 64, kernel_size=(1, 3), stride=(1, 1), padding=(0, 1))
          (dropout): Dropout(p=0.0, inplace=False)
          (attn_ic): Attention_IC(
            (DAT): DynamicAttentionLayer(
              (dropout): Dropout(p=0.0, inplace=False)
            )
          )
        )
        (feed_forward_gcn): PositionWiseGCNFeedForward(
          (gcn): spatialAttentionScaledGCN(
            (Theta): Linear(in_features=64, out_features=64, bias=False)
            (SAt): Spatial_Attention_layer(
              (dropout): Dropout(p=0.0, inplace=False)
            )
          )
          (dropout): Dropout(p=0.0, inplace=False)
        )
        (sublayer): ModuleList(
          (0): SublayerConnection(
            (dropout): Dropout(p=0.0, inplace=False)
            (norm): LayerNorm((64,), eps=1e-05, elementwise_affine=True)
          )
          (1): SublayerConnection(
            (dropout): Dropout(p=0.0, inplace=False)
            (norm): LayerNorm((64,), eps=1e-05, elementwise_affine=True)
          )
          (2): SublayerConnection(
            (dropout): Dropout(p=0.0, inplace=False)
            (norm): LayerNorm((64,), eps=1e-05, elementwise_affine=True)
          )
        )
      )
      (3): DecoderLayer(
        (self_attn): MultiHeadAttentionAwareTemporalContex_qc_kc(
          (linears): ModuleList(
            (0): Linear(in_features=64, out_features=64, bias=True)
            (1): Linear(in_features=64, out_features=64, bias=True)
          )
          (conv1Ds_aware_temporal_context): ModuleList(
            (0): Conv2d(64, 64, kernel_size=(1, 3), stride=(1, 1), padding=(0, 2))
            (1): Conv2d(64, 64, kernel_size=(1, 3), stride=(1, 1), padding=(0, 2))
          )
          (dropout): Dropout(p=0.0, inplace=False)
          (attn_ic): Attention_IC(
            (DAT): DynamicAttentionLayer(
              (dropout): Dropout(p=0.0, inplace=False)
            )
          )
        )
        (src_attn): MultiHeadAttentionAwareTemporalContex_qc_k1d(
          (linears): ModuleList(
            (0): Linear(in_features=64, out_features=64, bias=True)
            (1): Linear(in_features=64, out_features=64, bias=True)
          )
          (query_conv1Ds_aware_temporal_context): Conv2d(64, 64, kernel_size=(1, 3), stride=(1, 1), padding=(0, 2))
          (key_conv1Ds_aware_temporal_context): Conv2d(64, 64, kernel_size=(1, 3), stride=(1, 1), padding=(0, 1))
          (dropout): Dropout(p=0.0, inplace=False)
          (attn_ic): Attention_IC(
            (DAT): DynamicAttentionLayer(
              (dropout): Dropout(p=0.0, inplace=False)
            )
          )
        )
        (feed_forward_gcn): PositionWiseGCNFeedForward(
          (gcn): spatialAttentionScaledGCN(
            (Theta): Linear(in_features=64, out_features=64, bias=False)
            (SAt): Spatial_Attention_layer(
              (dropout): Dropout(p=0.0, inplace=False)
            )
          )
          (dropout): Dropout(p=0.0, inplace=False)
        )
        (sublayer): ModuleList(
          (0): SublayerConnection(
            (dropout): Dropout(p=0.0, inplace=False)
            (norm): LayerNorm((64,), eps=1e-05, elementwise_affine=True)
          )
          (1): SublayerConnection(
            (dropout): Dropout(p=0.0, inplace=False)
            (norm): LayerNorm((64,), eps=1e-05, elementwise_affine=True)
          )
          (2): SublayerConnection(
            (dropout): Dropout(p=0.0, inplace=False)
            (norm): LayerNorm((64,), eps=1e-05, elementwise_affine=True)
          )
        )
      )
    )
    (norm): LayerNorm((64,), eps=1e-05, elementwise_affine=True)
  )
  (src_embed): Sequential(
    (0): Linear(in_features=1, out_features=64, bias=True)
    (1): TemporalPositionalEncoding(
      (dropout): Dropout(p=0.0, inplace=False)
    )
    (2): SpatialPositionalEncoding(
      (dropout): Dropout(p=0.0, inplace=False)
      (embedding): Embedding(170, 64)
      (gcn_smooth_layers): ModuleList(
        (0): GCN(
          (Theta): Linear(in_features=64, out_features=64, bias=False)
        )
      )
    )
  )
  (trg_embed): Sequential(
    (0): Linear(in_features=1, out_features=64, bias=True)
    (1): TemporalPositionalEncoding(
      (dropout): Dropout(p=0.0, inplace=False)
    )
    (2): SpatialPositionalEncoding(
      (dropout): Dropout(p=0.0, inplace=False)
      (embedding): Embedding(170, 64)
      (gcn_smooth_layers): ModuleList(
        (0): GCN(
          (Theta): Linear(in_features=64, out_features=64, bias=False)
        )
      )
    )
  )
  (prediction_generator): Linear(in_features=64, out_features=1, bias=True)
)
create params directory ./experiments/PEMS08/MAE_ASTGNN_h1d1w1_layer4_head8_dm64_channel1_dir2_drop0.00_1.00e-03_B8_K5_TcontextScaledSAtSE1TE
Net's state_dict:
encoder.layers.0.self_attn.linears.0.weight 	 torch.Size([64, 64])
encoder.layers.0.self_attn.linears.0.bias 	 torch.Size([64])
encoder.layers.0.self_attn.linears.1.weight 	 torch.Size([64, 64])
encoder.layers.0.self_attn.linears.1.bias 	 torch.Size([64])
encoder.layers.0.self_attn.conv1Ds_aware_temporal_context.0.weight 	 torch.Size([64, 64, 1, 3])
encoder.layers.0.self_attn.conv1Ds_aware_temporal_context.0.bias 	 torch.Size([64])
encoder.layers.0.self_attn.conv1Ds_aware_temporal_context.1.weight 	 torch.Size([64, 64, 1, 3])
encoder.layers.0.self_attn.conv1Ds_aware_temporal_context.1.bias 	 torch.Size([64])
encoder.layers.0.feed_forward_gcn.gcn.alpha 	 torch.Size([1])
encoder.layers.0.feed_forward_gcn.gcn.beta 	 torch.Size([3])
encoder.layers.0.feed_forward_gcn.gcn.Theta.weight 	 torch.Size([64, 64])
encoder.layers.0.sublayer.0.norm.weight 	 torch.Size([64])
encoder.layers.0.sublayer.0.norm.bias 	 torch.Size([64])
encoder.layers.0.sublayer.1.norm.weight 	 torch.Size([64])
encoder.layers.0.sublayer.1.norm.bias 	 torch.Size([64])
encoder.layers.1.self_attn.linears.0.weight 	 torch.Size([64, 64])
encoder.layers.1.self_attn.linears.0.bias 	 torch.Size([64])
encoder.layers.1.self_attn.linears.1.weight 	 torch.Size([64, 64])
encoder.layers.1.self_attn.linears.1.bias 	 torch.Size([64])
encoder.layers.1.self_attn.conv1Ds_aware_temporal_context.0.weight 	 torch.Size([64, 64, 1, 3])
encoder.layers.1.self_attn.conv1Ds_aware_temporal_context.0.bias 	 torch.Size([64])
encoder.layers.1.self_attn.conv1Ds_aware_temporal_context.1.weight 	 torch.Size([64, 64, 1, 3])
encoder.layers.1.self_attn.conv1Ds_aware_temporal_context.1.bias 	 torch.Size([64])
encoder.layers.1.feed_forward_gcn.gcn.alpha 	 torch.Size([1])
encoder.layers.1.feed_forward_gcn.gcn.beta 	 torch.Size([3])
encoder.layers.1.feed_forward_gcn.gcn.Theta.weight 	 torch.Size([64, 64])
encoder.layers.1.sublayer.0.norm.weight 	 torch.Size([64])
encoder.layers.1.sublayer.0.norm.bias 	 torch.Size([64])
encoder.layers.1.sublayer.1.norm.weight 	 torch.Size([64])
encoder.layers.1.sublayer.1.norm.bias 	 torch.Size([64])
encoder.layers.2.self_attn.linears.0.weight 	 torch.Size([64, 64])
encoder.layers.2.self_attn.linears.0.bias 	 torch.Size([64])
encoder.layers.2.self_attn.linears.1.weight 	 torch.Size([64, 64])
encoder.layers.2.self_attn.linears.1.bias 	 torch.Size([64])
encoder.layers.2.self_attn.conv1Ds_aware_temporal_context.0.weight 	 torch.Size([64, 64, 1, 3])
encoder.layers.2.self_attn.conv1Ds_aware_temporal_context.0.bias 	 torch.Size([64])
encoder.layers.2.self_attn.conv1Ds_aware_temporal_context.1.weight 	 torch.Size([64, 64, 1, 3])
encoder.layers.2.self_attn.conv1Ds_aware_temporal_context.1.bias 	 torch.Size([64])
encoder.layers.2.feed_forward_gcn.gcn.alpha 	 torch.Size([1])
encoder.layers.2.feed_forward_gcn.gcn.beta 	 torch.Size([3])
encoder.layers.2.feed_forward_gcn.gcn.Theta.weight 	 torch.Size([64, 64])
encoder.layers.2.sublayer.0.norm.weight 	 torch.Size([64])
encoder.layers.2.sublayer.0.norm.bias 	 torch.Size([64])
encoder.layers.2.sublayer.1.norm.weight 	 torch.Size([64])
encoder.layers.2.sublayer.1.norm.bias 	 torch.Size([64])
encoder.layers.3.self_attn.linears.0.weight 	 torch.Size([64, 64])
encoder.layers.3.self_attn.linears.0.bias 	 torch.Size([64])
encoder.layers.3.self_attn.linears.1.weight 	 torch.Size([64, 64])
encoder.layers.3.self_attn.linears.1.bias 	 torch.Size([64])
encoder.layers.3.self_attn.conv1Ds_aware_temporal_context.0.weight 	 torch.Size([64, 64, 1, 3])
encoder.layers.3.self_attn.conv1Ds_aware_temporal_context.0.bias 	 torch.Size([64])
encoder.layers.3.self_attn.conv1Ds_aware_temporal_context.1.weight 	 torch.Size([64, 64, 1, 3])
encoder.layers.3.self_attn.conv1Ds_aware_temporal_context.1.bias 	 torch.Size([64])
encoder.layers.3.feed_forward_gcn.gcn.alpha 	 torch.Size([1])
encoder.layers.3.feed_forward_gcn.gcn.beta 	 torch.Size([3])
encoder.layers.3.feed_forward_gcn.gcn.Theta.weight 	 torch.Size([64, 64])
encoder.layers.3.sublayer.0.norm.weight 	 torch.Size([64])
encoder.layers.3.sublayer.0.norm.bias 	 torch.Size([64])
encoder.layers.3.sublayer.1.norm.weight 	 torch.Size([64])
encoder.layers.3.sublayer.1.norm.bias 	 torch.Size([64])
encoder.norm.weight 	 torch.Size([64])
encoder.norm.bias 	 torch.Size([64])
decoder.layers.0.self_attn.linears.0.weight 	 torch.Size([64, 64])
decoder.layers.0.self_attn.linears.0.bias 	 torch.Size([64])
decoder.layers.0.self_attn.linears.1.weight 	 torch.Size([64, 64])
decoder.layers.0.self_attn.linears.1.bias 	 torch.Size([64])
decoder.layers.0.self_attn.conv1Ds_aware_temporal_context.0.weight 	 torch.Size([64, 64, 1, 3])
decoder.layers.0.self_attn.conv1Ds_aware_temporal_context.0.bias 	 torch.Size([64])
decoder.layers.0.self_attn.conv1Ds_aware_temporal_context.1.weight 	 torch.Size([64, 64, 1, 3])
decoder.layers.0.self_attn.conv1Ds_aware_temporal_context.1.bias 	 torch.Size([64])
decoder.layers.0.src_attn.linears.0.weight 	 torch.Size([64, 64])
decoder.layers.0.src_attn.linears.0.bias 	 torch.Size([64])
decoder.layers.0.src_attn.linears.1.weight 	 torch.Size([64, 64])
decoder.layers.0.src_attn.linears.1.bias 	 torch.Size([64])
decoder.layers.0.src_attn.query_conv1Ds_aware_temporal_context.weight 	 torch.Size([64, 64, 1, 3])
decoder.layers.0.src_attn.query_conv1Ds_aware_temporal_context.bias 	 torch.Size([64])
decoder.layers.0.src_attn.key_conv1Ds_aware_temporal_context.weight 	 torch.Size([64, 64, 1, 3])
decoder.layers.0.src_attn.key_conv1Ds_aware_temporal_context.bias 	 torch.Size([64])
decoder.layers.0.feed_forward_gcn.gcn.alpha 	 torch.Size([1])
decoder.layers.0.feed_forward_gcn.gcn.beta 	 torch.Size([3])
decoder.layers.0.feed_forward_gcn.gcn.Theta.weight 	 torch.Size([64, 64])
decoder.layers.0.sublayer.0.norm.weight 	 torch.Size([64])
decoder.layers.0.sublayer.0.norm.bias 	 torch.Size([64])
decoder.layers.0.sublayer.1.norm.weight 	 torch.Size([64])
decoder.layers.0.sublayer.1.norm.bias 	 torch.Size([64])
decoder.layers.0.sublayer.2.norm.weight 	 torch.Size([64])
decoder.layers.0.sublayer.2.norm.bias 	 torch.Size([64])
decoder.layers.1.self_attn.linears.0.weight 	 torch.Size([64, 64])
decoder.layers.1.self_attn.linears.0.bias 	 torch.Size([64])
decoder.layers.1.self_attn.linears.1.weight 	 torch.Size([64, 64])
decoder.layers.1.self_attn.linears.1.bias 	 torch.Size([64])
decoder.layers.1.self_attn.conv1Ds_aware_temporal_context.0.weight 	 torch.Size([64, 64, 1, 3])
decoder.layers.1.self_attn.conv1Ds_aware_temporal_context.0.bias 	 torch.Size([64])
decoder.layers.1.self_attn.conv1Ds_aware_temporal_context.1.weight 	 torch.Size([64, 64, 1, 3])
decoder.layers.1.self_attn.conv1Ds_aware_temporal_context.1.bias 	 torch.Size([64])
decoder.layers.1.src_attn.linears.0.weight 	 torch.Size([64, 64])
decoder.layers.1.src_attn.linears.0.bias 	 torch.Size([64])
decoder.layers.1.src_attn.linears.1.weight 	 torch.Size([64, 64])
decoder.layers.1.src_attn.linears.1.bias 	 torch.Size([64])
decoder.layers.1.src_attn.query_conv1Ds_aware_temporal_context.weight 	 torch.Size([64, 64, 1, 3])
decoder.layers.1.src_attn.query_conv1Ds_aware_temporal_context.bias 	 torch.Size([64])
decoder.layers.1.src_attn.key_conv1Ds_aware_temporal_context.weight 	 torch.Size([64, 64, 1, 3])
decoder.layers.1.src_attn.key_conv1Ds_aware_temporal_context.bias 	 torch.Size([64])
decoder.layers.1.feed_forward_gcn.gcn.alpha 	 torch.Size([1])
decoder.layers.1.feed_forward_gcn.gcn.beta 	 torch.Size([3])
decoder.layers.1.feed_forward_gcn.gcn.Theta.weight 	 torch.Size([64, 64])
decoder.layers.1.sublayer.0.norm.weight 	 torch.Size([64])
decoder.layers.1.sublayer.0.norm.bias 	 torch.Size([64])
decoder.layers.1.sublayer.1.norm.weight 	 torch.Size([64])
decoder.layers.1.sublayer.1.norm.bias 	 torch.Size([64])
decoder.layers.1.sublayer.2.norm.weight 	 torch.Size([64])
decoder.layers.1.sublayer.2.norm.bias 	 torch.Size([64])
decoder.layers.2.self_attn.linears.0.weight 	 torch.Size([64, 64])
decoder.layers.2.self_attn.linears.0.bias 	 torch.Size([64])
decoder.layers.2.self_attn.linears.1.weight 	 torch.Size([64, 64])
decoder.layers.2.self_attn.linears.1.bias 	 torch.Size([64])
decoder.layers.2.self_attn.conv1Ds_aware_temporal_context.0.weight 	 torch.Size([64, 64, 1, 3])
decoder.layers.2.self_attn.conv1Ds_aware_temporal_context.0.bias 	 torch.Size([64])
decoder.layers.2.self_attn.conv1Ds_aware_temporal_context.1.weight 	 torch.Size([64, 64, 1, 3])
decoder.layers.2.self_attn.conv1Ds_aware_temporal_context.1.bias 	 torch.Size([64])
decoder.layers.2.src_attn.linears.0.weight 	 torch.Size([64, 64])
decoder.layers.2.src_attn.linears.0.bias 	 torch.Size([64])
decoder.layers.2.src_attn.linears.1.weight 	 torch.Size([64, 64])
decoder.layers.2.src_attn.linears.1.bias 	 torch.Size([64])
decoder.layers.2.src_attn.query_conv1Ds_aware_temporal_context.weight 	 torch.Size([64, 64, 1, 3])
decoder.layers.2.src_attn.query_conv1Ds_aware_temporal_context.bias 	 torch.Size([64])
decoder.layers.2.src_attn.key_conv1Ds_aware_temporal_context.weight 	 torch.Size([64, 64, 1, 3])
decoder.layers.2.src_attn.key_conv1Ds_aware_temporal_context.bias 	 torch.Size([64])
decoder.layers.2.feed_forward_gcn.gcn.alpha 	 torch.Size([1])
decoder.layers.2.feed_forward_gcn.gcn.beta 	 torch.Size([3])
decoder.layers.2.feed_forward_gcn.gcn.Theta.weight 	 torch.Size([64, 64])
decoder.layers.2.sublayer.0.norm.weight 	 torch.Size([64])
decoder.layers.2.sublayer.0.norm.bias 	 torch.Size([64])
decoder.layers.2.sublayer.1.norm.weight 	 torch.Size([64])
decoder.layers.2.sublayer.1.norm.bias 	 torch.Size([64])
decoder.layers.2.sublayer.2.norm.weight 	 torch.Size([64])
decoder.layers.2.sublayer.2.norm.bias 	 torch.Size([64])
decoder.layers.3.self_attn.linears.0.weight 	 torch.Size([64, 64])
decoder.layers.3.self_attn.linears.0.bias 	 torch.Size([64])
decoder.layers.3.self_attn.linears.1.weight 	 torch.Size([64, 64])
decoder.layers.3.self_attn.linears.1.bias 	 torch.Size([64])
decoder.layers.3.self_attn.conv1Ds_aware_temporal_context.0.weight 	 torch.Size([64, 64, 1, 3])
decoder.layers.3.self_attn.conv1Ds_aware_temporal_context.0.bias 	 torch.Size([64])
decoder.layers.3.self_attn.conv1Ds_aware_temporal_context.1.weight 	 torch.Size([64, 64, 1, 3])
decoder.layers.3.self_attn.conv1Ds_aware_temporal_context.1.bias 	 torch.Size([64])
decoder.layers.3.src_attn.linears.0.weight 	 torch.Size([64, 64])
decoder.layers.3.src_attn.linears.0.bias 	 torch.Size([64])
decoder.layers.3.src_attn.linears.1.weight 	 torch.Size([64, 64])
decoder.layers.3.src_attn.linears.1.bias 	 torch.Size([64])
decoder.layers.3.src_attn.query_conv1Ds_aware_temporal_context.weight 	 torch.Size([64, 64, 1, 3])
decoder.layers.3.src_attn.query_conv1Ds_aware_temporal_context.bias 	 torch.Size([64])
decoder.layers.3.src_attn.key_conv1Ds_aware_temporal_context.weight 	 torch.Size([64, 64, 1, 3])
decoder.layers.3.src_attn.key_conv1Ds_aware_temporal_context.bias 	 torch.Size([64])
decoder.layers.3.feed_forward_gcn.gcn.alpha 	 torch.Size([1])
decoder.layers.3.feed_forward_gcn.gcn.beta 	 torch.Size([3])
decoder.layers.3.feed_forward_gcn.gcn.Theta.weight 	 torch.Size([64, 64])
decoder.layers.3.sublayer.0.norm.weight 	 torch.Size([64])
decoder.layers.3.sublayer.0.norm.bias 	 torch.Size([64])
decoder.layers.3.sublayer.1.norm.weight 	 torch.Size([64])
decoder.layers.3.sublayer.1.norm.bias 	 torch.Size([64])
decoder.layers.3.sublayer.2.norm.weight 	 torch.Size([64])
decoder.layers.3.sublayer.2.norm.bias 	 torch.Size([64])
decoder.norm.weight 	 torch.Size([64])
decoder.norm.bias 	 torch.Size([64])
src_embed.0.weight 	 torch.Size([64, 1])
src_embed.0.bias 	 torch.Size([64])
src_embed.1.pe 	 torch.Size([1, 1, 2016, 64])
src_embed.2.embedding.weight 	 torch.Size([170, 64])
src_embed.2.gcn_smooth_layers.0.alpha 	 torch.Size([1])
src_embed.2.gcn_smooth_layers.0.beta 	 torch.Size([3])
src_embed.2.gcn_smooth_layers.0.Theta.weight 	 torch.Size([64, 64])
trg_embed.0.weight 	 torch.Size([64, 1])
trg_embed.0.bias 	 torch.Size([64])
trg_embed.1.pe 	 torch.Size([1, 1, 12, 64])
trg_embed.2.embedding.weight 	 torch.Size([170, 64])
trg_embed.2.gcn_smooth_layers.0.alpha 	 torch.Size([1])
trg_embed.2.gcn_smooth_layers.0.beta 	 torch.Size([3])
trg_embed.2.gcn_smooth_layers.0.Theta.weight 	 torch.Size([64, 64])
prediction_generator.weight 	 torch.Size([1, 64])
prediction_generator.bias 	 torch.Size([1])
Net's total params: 591977
Optimizer's state_dict:
state 	 {}
param_groups 	 [{'lr': 0.001, 'betas': (0.9, 0.999), 'eps': 1e-08, 'weight_decay': 0, 'amsgrad': False, 'params': [0, 1, 2, 3, 4, 5, 6, 7, 8, 9, 10, 11, 12, 13, 14, 15, 16, 17, 18, 19, 20, 21, 22, 23, 24, 25, 26, 27, 28, 29, 30, 31, 32, 33, 34, 35, 36, 37, 38, 39, 40, 41, 42, 43, 44, 45, 46, 47, 48, 49, 50, 51, 52, 53, 54, 55, 56, 57, 58, 59, 60, 61, 62, 63, 64, 65, 66, 67, 68, 69, 70, 71, 72, 73, 74, 75, 76, 77, 78, 79, 80, 81, 82, 83, 84, 85, 86, 87, 88, 89, 90, 91, 92, 93, 94, 95, 96, 97, 98, 99, 100, 101, 102, 103, 104, 105, 106, 107, 108, 109, 110, 111, 112, 113, 114, 115, 116, 117, 118, 119, 120, 121, 122, 123, 124, 125, 126, 127, 128, 129, 130, 131, 132, 133, 134, 135, 136, 137, 138, 139, 140, 141, 142, 143, 144, 145, 146, 147, 148, 149, 150, 151, 152, 153, 154, 155, 156, 157, 158, 159, 160, 161, 162, 163, 164, 165, 166, 167, 168, 169, 170, 171, 172, 173, 174, 175, 176, 177]}]
validation batch 1 / 25, loss: 3.42
validation cost time: 150.7234s
save parameters to file: ./experiments/PEMS08/MAE_ASTGNN_h1d1w1_layer4_head8_dm64_channel1_dir2_drop0.00_1.00e-03_B8_K5_TcontextScaledSAtSE1TE/epoch_0.params
epoch: 0, train time every whole data:283.32s
epoch: 0, total time:434.06s
validation batch 1 / 25, loss: 0.04
validation cost time: 149.9961s
save parameters to file: ./experiments/PEMS08/MAE_ASTGNN_h1d1w1_layer4_head8_dm64_channel1_dir2_drop0.00_1.00e-03_B8_K5_TcontextScaledSAtSE1TE/epoch_1.params
epoch: 1, train time every whole data:283.36s
epoch: 1, total time:867.43s
validation batch 1 / 25, loss: 0.04
validation cost time: 274.6132s
save parameters to file: ./experiments/PEMS08/MAE_ASTGNN_h1d1w1_layer4_head8_dm64_channel1_dir2_drop0.00_1.00e-03_B8_K5_TcontextScaledSAtSE1TE/epoch_2.params
epoch: 2, train time every whole data:633.15s
epoch: 2, total time:1775.21s
validation batch 1 / 25, loss: 0.03
validation cost time: 330.0283s
save parameters to file: ./experiments/PEMS08/MAE_ASTGNN_h1d1w1_layer4_head8_dm64_channel1_dir2_drop0.00_1.00e-03_B8_K5_TcontextScaledSAtSE1TE/epoch_3.params
epoch: 3, train time every whole data:503.21s
epoch: 3, total time:2608.47s
validation batch 1 / 25, loss: 0.11
validation cost time: 149.9799s
epoch: 4, train time every whole data:283.09s
epoch: 4, total time:3041.54s
validation batch 1 / 25, loss: 0.04
validation cost time: 149.9722s
epoch: 5, train time every whole data:283.06s
epoch: 5, total time:3474.58s
validation batch 1 / 25, loss: 0.04
validation cost time: 149.9766s
epoch: 6, train time every whole data:283.15s
epoch: 6, total time:3907.70s
validation batch 1 / 25, loss: 0.03
validation cost time: 149.9770s
epoch: 7, train time every whole data:283.11s
epoch: 7, total time:4340.79s
validation batch 1 / 25, loss: 0.04
validation cost time: 149.9732s
epoch: 8, train time every whole data:283.10s
epoch: 8, total time:4773.86s
validation batch 1 / 25, loss: 0.03
validation cost time: 149.9740s
save parameters to file: ./experiments/PEMS08/MAE_ASTGNN_h1d1w1_layer4_head8_dm64_channel1_dir2_drop0.00_1.00e-03_B8_K5_TcontextScaledSAtSE1TE/epoch_9.params
epoch: 9, train time every whole data:283.16s
epoch: 9, total time:5207.01s
validation batch 1 / 25, loss: 0.07
validation cost time: 149.9819s
epoch: 10, train time every whole data:283.13s
epoch: 10, total time:5640.12s
validation batch 1 / 25, loss: 0.03
validation cost time: 149.9815s
save parameters to file: ./experiments/PEMS08/MAE_ASTGNN_h1d1w1_layer4_head8_dm64_channel1_dir2_drop0.00_1.00e-03_B8_K5_TcontextScaledSAtSE1TE/epoch_11.params
epoch: 11, train time every whole data:283.16s
epoch: 11, total time:6073.27s
validation batch 1 / 25, loss: 0.05
validation cost time: 149.9806s
epoch: 12, train time every whole data:283.20s
epoch: 12, total time:6506.45s
validation batch 1 / 25, loss: 0.03
validation cost time: 149.9922s
epoch: 13, train time every whole data:283.27s
epoch: 13, total time:6939.72s
validation batch 1 / 25, loss: 0.02
validation cost time: 149.9868s
save parameters to file: ./experiments/PEMS08/MAE_ASTGNN_h1d1w1_layer4_head8_dm64_channel1_dir2_drop0.00_1.00e-03_B8_K5_TcontextScaledSAtSE1TE/epoch_14.params
epoch: 14, train time every whole data:283.14s
epoch: 14, total time:7372.87s
validation batch 1 / 25, loss: 0.03
validation cost time: 149.9810s
epoch: 15, train time every whole data:283.15s
epoch: 15, total time:7806.00s
validation batch 1 / 25, loss: 0.02
validation cost time: 149.9862s
save parameters to file: ./experiments/PEMS08/MAE_ASTGNN_h1d1w1_layer4_head8_dm64_channel1_dir2_drop0.00_1.00e-03_B8_K5_TcontextScaledSAtSE1TE/epoch_16.params
epoch: 16, train time every whole data:283.14s
epoch: 16, total time:8239.14s
validation batch 1 / 25, loss: 0.02
validation cost time: 149.9790s
save parameters to file: ./experiments/PEMS08/MAE_ASTGNN_h1d1w1_layer4_head8_dm64_channel1_dir2_drop0.00_1.00e-03_B8_K5_TcontextScaledSAtSE1TE/epoch_17.params
epoch: 17, train time every whole data:283.12s
epoch: 17, total time:8672.26s
validation batch 1 / 25, loss: 0.03
validation cost time: 149.9806s
epoch: 18, train time every whole data:283.13s
epoch: 18, total time:9105.37s
validation batch 1 / 25, loss: 0.02
validation cost time: 149.9828s
save parameters to file: ./experiments/PEMS08/MAE_ASTGNN_h1d1w1_layer4_head8_dm64_channel1_dir2_drop0.00_1.00e-03_B8_K5_TcontextScaledSAtSE1TE/epoch_19.params
epoch: 19, train time every whole data:283.13s
epoch: 19, total time:9538.50s
validation batch 1 / 25, loss: 0.04
validation cost time: 149.9822s
epoch: 20, train time every whole data:283.20s
epoch: 20, total time:9971.69s
validation batch 1 / 25, loss: 0.03
validation cost time: 149.9773s
epoch: 21, train time every whole data:283.20s
epoch: 21, total time:10404.86s
validation batch 1 / 25, loss: 0.03
validation cost time: 149.9877s
epoch: 22, train time every whole data:283.15s
epoch: 22, total time:10838.00s
validation batch 1 / 25, loss: 0.04
validation cost time: 149.9847s
epoch: 23, train time every whole data:283.11s
epoch: 23, total time:11271.10s
validation batch 1 / 25, loss: 0.02
validation cost time: 149.9836s
epoch: 24, train time every whole data:283.15s
epoch: 24, total time:11704.24s
validation batch 1 / 25, loss: 0.04
validation cost time: 149.9847s
epoch: 25, train time every whole data:283.12s
epoch: 25, total time:12137.35s
validation batch 1 / 25, loss: 0.04
validation cost time: 149.9797s
epoch: 26, train time every whole data:283.24s
epoch: 26, total time:12570.57s
validation batch 1 / 25, loss: 0.02
validation cost time: 149.9934s
epoch: 27, train time every whole data:283.20s
epoch: 27, total time:13003.77s
validation batch 1 / 25, loss: 0.02
validation cost time: 149.9908s
epoch: 28, train time every whole data:283.23s
epoch: 28, total time:13436.99s
validation batch 1 / 25, loss: 0.02
validation cost time: 149.9839s
save parameters to file: ./experiments/PEMS08/MAE_ASTGNN_h1d1w1_layer4_head8_dm64_channel1_dir2_drop0.00_1.00e-03_B8_K5_TcontextScaledSAtSE1TE/epoch_29.params
epoch: 29, train time every whole data:283.13s
epoch: 29, total time:13870.12s
validation batch 1 / 25, loss: 0.02
validation cost time: 149.9833s
epoch: 30, train time every whole data:283.12s
epoch: 30, total time:14303.23s
validation batch 1 / 25, loss: 0.03
validation cost time: 149.9863s
epoch: 31, train time every whole data:283.20s
epoch: 31, total time:14736.42s
validation batch 1 / 25, loss: 0.02
validation cost time: 149.9860s
epoch: 32, train time every whole data:283.18s
epoch: 32, total time:15169.59s
validation batch 1 / 25, loss: 0.03
validation cost time: 149.9871s
epoch: 33, train time every whole data:283.19s
epoch: 33, total time:15602.76s
validation batch 1 / 25, loss: 0.02
validation cost time: 149.9891s
epoch: 34, train time every whole data:283.20s
epoch: 34, total time:16035.96s
validation batch 1 / 25, loss: 0.03
validation cost time: 149.9789s
epoch: 35, train time every whole data:283.21s
epoch: 35, total time:16469.15s
validation batch 1 / 25, loss: 0.03
validation cost time: 149.9893s
epoch: 36, train time every whole data:283.18s
epoch: 36, total time:16902.32s
validation batch 1 / 25, loss: 0.02
validation cost time: 149.9899s
epoch: 37, train time every whole data:283.25s
epoch: 37, total time:17335.56s
validation batch 1 / 25, loss: 0.02
validation cost time: 149.9971s
epoch: 38, train time every whole data:283.21s
epoch: 38, total time:17768.77s
validation batch 1 / 25, loss: 0.02
validation cost time: 149.9849s
save parameters to file: ./experiments/PEMS08/MAE_ASTGNN_h1d1w1_layer4_head8_dm64_channel1_dir2_drop0.00_1.00e-03_B8_K5_TcontextScaledSAtSE1TE/epoch_39.params
epoch: 39, train time every whole data:283.20s
epoch: 39, total time:18201.97s
validation batch 1 / 25, loss: 0.02
validation cost time: 149.9971s
epoch: 40, train time every whole data:283.32s
epoch: 40, total time:18635.29s
validation batch 1 / 25, loss: 0.02
validation cost time: 149.9947s
epoch: 41, train time every whole data:283.27s
epoch: 41, total time:19068.55s
validation batch 1 / 25, loss: 0.02
validation cost time: 149.9838s
epoch: 42, train time every whole data:283.24s
epoch: 42, total time:19501.77s
validation batch 1 / 25, loss: 0.02
validation cost time: 149.9821s
epoch: 43, train time every whole data:283.19s
epoch: 43, total time:19934.95s
validation batch 1 / 25, loss: 0.02
validation cost time: 149.9857s
epoch: 44, train time every whole data:283.22s
epoch: 44, total time:20368.16s
validation batch 1 / 25, loss: 0.02
validation cost time: 149.9832s
epoch: 45, train time every whole data:283.22s
epoch: 45, total time:20801.36s
validation batch 1 / 25, loss: 0.02
validation cost time: 149.9858s
epoch: 46, train time every whole data:283.22s
epoch: 46, total time:21234.57s
validation batch 1 / 25, loss: 0.02
validation cost time: 149.9855s
epoch: 47, train time every whole data:283.23s
epoch: 47, total time:21667.79s
validation batch 1 / 25, loss: 0.03
validation cost time: 149.9913s
epoch: 48, train time every whole data:283.26s
epoch: 48, total time:22101.04s
validation batch 1 / 25, loss: 0.03
validation cost time: 149.9815s
epoch: 49, train time every whole data:283.22s
epoch: 49, total time:22534.24s
best epoch: 39
apply the best val model on the test data set ...
load weight from: ./experiments/PEMS08/MAE_ASTGNN_h1d1w1_layer4_head8_dm64_channel1_dir2_drop0.00_1.00e-03_B8_K5_TcontextScaledSAtSE1TE/epoch_39.params
predicting testing set batch 1 / 25, time: 6.07s
test time on whole data:150.06s
input: (3166, 170, 36, 1)
prediction: (3166, 170, 12, 1)
data_target_tensor: (3166, 170, 12)
current epoch: 39, predict 0 points
MAE: 11.33
RMSE: 19.15
MAPE: 7.66
current epoch: 39, predict 1 points
MAE: 11.93
RMSE: 20.42
MAPE: 8.16
current epoch: 39, predict 2 points
MAE: 12.34
RMSE: 21.21
MAPE: 8.56
current epoch: 39, predict 3 points
MAE: 12.64
RMSE: 21.86
MAPE: 8.69
current epoch: 39, predict 4 points
MAE: 12.90
RMSE: 22.38
MAPE: 8.87
current epoch: 39, predict 5 points
MAE: 13.11
RMSE: 22.86
MAPE: 9.03
current epoch: 39, predict 6 points
MAE: 13.32
RMSE: 23.24
MAPE: 9.17
current epoch: 39, predict 7 points
MAE: 13.52
RMSE: 23.60
MAPE: 9.35
current epoch: 39, predict 8 points
MAE: 13.72
RMSE: 23.88
MAPE: 9.46
current epoch: 39, predict 9 points
MAE: 13.93
RMSE: 24.16
MAPE: 9.56
current epoch: 39, predict 10 points
MAE: 14.18
RMSE: 24.47
MAPE: 9.68
current epoch: 39, predict 11 points
MAE: 14.49
RMSE: 24.96
MAPE: 9.79
all MAE: 13.12
all RMSE: 22.75
all MAPE: 9.00
[11.332414, 19.149171401939547, 7.662522047758102, 11.934201, 20.422640096609083, 8.16049724817276, 12.342524, 21.20650275923269, 8.561523258686066, 12.643129, 21.860261496945633, 8.692431449890137, 12.903145, 22.383994569571914, 8.866877108812332, 13.114269, 22.863228859605957, 9.032370895147324, 13.317621, 23.242922782487064, 9.171979874372482, 13.518416, 23.597178714026786, 9.348562359809875, 13.72128, 23.881027339645065, 9.463950246572495, 13.930136, 24.16057402882522, 9.558823704719543, 14.179841, 24.47192892225256, 9.675509482622147, 14.491228, 24.962910720128246, 9.794291108846664, 13.119017, 22.74542794030264, 8.999112248420715]
fine tune the model ... 
epoch: 50, train time every whole data:722.33s
epoch: 50, total time:23408.11s
validation batch 1 / 25, loss: 0.02
validation cost time: 149.9889s
save parameters to file: ./experiments/PEMS08/MAE_ASTGNN_h1d1w1_layer4_head8_dm64_channel1_dir2_drop0.00_1.00e-03_B8_K5_TcontextScaledSAtSE1TE/epoch_50.params
epoch: 51, train time every whole data:722.52s
epoch: 51, total time:24280.63s
validation batch 1 / 25, loss: 0.02
validation cost time: 150.0005s
epoch: 52, train time every whole data:722.82s
epoch: 52, total time:25153.45s
validation batch 1 / 25, loss: 0.02
validation cost time: 149.9882s
save parameters to file: ./experiments/PEMS08/MAE_ASTGNN_h1d1w1_layer4_head8_dm64_channel1_dir2_drop0.00_1.00e-03_B8_K5_TcontextScaledSAtSE1TE/epoch_52.params
epoch: 53, train time every whole data:722.62s
epoch: 53, total time:26026.07s
validation batch 1 / 25, loss: 0.02
validation cost time: 149.9945s
epoch: 54, train time every whole data:722.48s
epoch: 54, total time:26898.55s
validation batch 1 / 25, loss: 0.02
validation cost time: 149.9902s
save parameters to file: ./experiments/PEMS08/MAE_ASTGNN_h1d1w1_layer4_head8_dm64_channel1_dir2_drop0.00_1.00e-03_B8_K5_TcontextScaledSAtSE1TE/epoch_54.params
epoch: 55, train time every whole data:722.51s
epoch: 55, total time:27771.06s
validation batch 1 / 25, loss: 0.02
validation cost time: 149.9999s
epoch: 56, train time every whole data:722.56s
epoch: 56, total time:28643.62s
validation batch 1 / 25, loss: 0.02
validation cost time: 149.9844s
epoch: 57, train time every whole data:722.58s
epoch: 57, total time:29516.19s
validation batch 1 / 25, loss: 0.02
validation cost time: 149.9867s
epoch: 58, train time every whole data:722.62s
epoch: 58, total time:30388.80s
validation batch 1 / 25, loss: 0.02
validation cost time: 149.9967s
epoch: 59, train time every whole data:722.73s
epoch: 59, total time:31261.53s
validation batch 1 / 25, loss: 0.02
validation cost time: 149.9810s
epoch: 60, train time every whole data:722.55s
epoch: 60, total time:32134.07s
validation batch 1 / 25, loss: 0.02
validation cost time: 149.9849s
epoch: 61, train time every whole data:722.63s
epoch: 61, total time:33006.69s
validation batch 1 / 25, loss: 0.02
validation cost time: 149.9916s
epoch: 62, train time every whole data:722.65s
epoch: 62, total time:33879.34s
validation batch 1 / 25, loss: 0.02
validation cost time: 149.9869s
epoch: 63, train time every whole data:722.64s
epoch: 63, total time:34751.96s
validation batch 1 / 25, loss: 0.02
validation cost time: 149.9923s
epoch: 64, train time every whole data:722.61s
epoch: 64, total time:35624.57s
validation batch 1 / 25, loss: 0.02
validation cost time: 149.9948s
epoch: 65, train time every whole data:722.56s
epoch: 65, total time:36497.12s
validation batch 1 / 25, loss: 0.02
validation cost time: 149.9933s
epoch: 66, train time every whole data:722.36s
epoch: 66, total time:37369.48s
validation batch 1 / 25, loss: 0.02
validation cost time: 149.9856s
epoch: 67, train time every whole data:722.34s
epoch: 67, total time:38241.81s
validation batch 1 / 25, loss: 0.02
validation cost time: 149.9901s
epoch: 68, train time every whole data:722.34s
epoch: 68, total time:39114.14s
validation batch 1 / 25, loss: 0.02
validation cost time: 149.9870s
epoch: 69, train time every whole data:722.32s
epoch: 69, total time:39986.45s
validation batch 1 / 25, loss: 0.02
validation cost time: 149.9876s
epoch: 70, train time every whole data:722.34s
epoch: 70, total time:40858.79s
validation batch 1 / 25, loss: 0.02
validation cost time: 149.9808s
epoch: 71, train time every whole data:722.34s
epoch: 71, total time:41731.11s
validation batch 1 / 25, loss: 0.02
validation cost time: 149.9831s
epoch: 72, train time every whole data:722.75s
epoch: 72, total time:42603.84s
validation batch 1 / 25, loss: 0.02
validation cost time: 150.0024s
epoch: 73, train time every whole data:722.39s
epoch: 73, total time:43476.24s
validation batch 1 / 25, loss: 0.02
validation cost time: 149.9822s
epoch: 74, train time every whole data:722.37s
epoch: 74, total time:44348.60s
validation batch 1 / 25, loss: 0.02
validation cost time: 149.9814s
best epoch: 54
apply the best val model on the test data set ...
load weight from: ./experiments/PEMS08/MAE_ASTGNN_h1d1w1_layer4_head8_dm64_channel1_dir2_drop0.00_1.00e-03_B8_K5_TcontextScaledSAtSE1TE/epoch_54.params
predicting testing set batch 1 / 25, time: 6.06s
test time on whole data:150.03s
input: (3166, 170, 36, 1)
prediction: (3166, 170, 12, 1)
data_target_tensor: (3166, 170, 12)
current epoch: 54, predict 0 points
MAE: 11.17
RMSE: 19.14
MAPE: 7.64
current epoch: 54, predict 1 points
MAE: 11.75
RMSE: 20.38
MAPE: 8.08
current epoch: 54, predict 2 points
MAE: 12.09
RMSE: 21.11
MAPE: 8.28
current epoch: 54, predict 3 points
MAE: 12.33
RMSE: 21.69
MAPE: 8.47
current epoch: 54, predict 4 points
MAE: 12.52
RMSE: 22.18
MAPE: 8.63
current epoch: 54, predict 5 points
MAE: 12.72
RMSE: 22.66
MAPE: 8.83
current epoch: 54, predict 6 points
MAE: 12.90
RMSE: 23.05
MAPE: 8.97
current epoch: 54, predict 7 points
MAE: 13.05
RMSE: 23.35
MAPE: 9.08
current epoch: 54, predict 8 points
MAE: 13.18
RMSE: 23.60
MAPE: 9.20
current epoch: 54, predict 9 points
MAE: 13.29
RMSE: 23.80
MAPE: 9.25
current epoch: 54, predict 10 points
MAE: 13.46
RMSE: 24.07
MAPE: 9.39
current epoch: 54, predict 11 points
MAE: 13.74
RMSE: 24.51
MAPE: 9.61
all MAE: 12.68
all RMSE: 22.52
all MAPE: 8.79
[11.172775, 19.13742240426586, 7.640054821968079, 11.747257, 20.380207168679156, 8.081471920013428, 12.088577, 21.109059114725707, 8.28220546245575, 12.326601, 21.689604291599508, 8.468684554100037, 12.521559, 22.179115795951702, 8.63170474767685, 12.717202, 22.658644808776902, 8.833605796098709, 12.902912, 23.04884260668662, 8.972137421369553, 13.048673, 23.354773271652896, 9.0839684009552, 13.178177, 23.602163752272006, 9.196323156356812, 13.290639, 23.804599041926227, 9.2451311647892, 13.458294, 24.06860464364703, 9.390579909086227, 13.737784, 24.506803852371156, 9.614160656929016, 12.682549, 22.51526988356319, 8.78666564822197]
