Thu Nov  4 10:20:49 2021       
+-----------------------------------------------------------------------------+
| NVIDIA-SMI 418.165.02   Driver Version: 418.165.02   CUDA Version: 10.1     |
|-------------------------------+----------------------+----------------------+
| GPU  Name        Persistence-M| Bus-Id        Disp.A | Volatile Uncorr. ECC |
| Fan  Temp  Perf  Pwr:Usage/Cap|         Memory-Usage | GPU-Util  Compute M. |
|===============================+======================+======================|
|   0  Tesla V100-PCIE...  Off  | 00000000:5A:00.0 Off |                    0 |
| N/A   40C    P0    41W / 250W |  17086MiB / 32480MiB |      0%      Default |
+-------------------------------+----------------------+----------------------+
|   1  Tesla V100-PCIE...  Off  | 00000000:5E:00.0 Off |                    0 |
| N/A   28C    P0    23W / 250W |     11MiB / 32480MiB |      0%      Default |
+-------------------------------+----------------------+----------------------+
|   2  Tesla V100-PCIE...  Off  | 00000000:62:00.0 Off |                    0 |
| N/A   44C    P0   120W / 250W |  14376MiB / 32480MiB |     89%      Default |
+-------------------------------+----------------------+----------------------+
|   3  Tesla V100-PCIE...  Off  | 00000000:66:00.0 Off |                    0 |
| N/A   43C    P0   173W / 250W |  14377MiB / 32480MiB |     96%      Default |
+-------------------------------+----------------------+----------------------+
|   4  Tesla V100-PCIE...  Off  | 00000000:B5:00.0 Off |                    0 |
| N/A   65C    P0   187W / 250W |  14376MiB / 32480MiB |    100%      Default |
+-------------------------------+----------------------+----------------------+
|   5  Tesla V100-PCIE...  Off  | 00000000:B9:00.0 Off |                    0 |
| N/A   30C    P0    26W / 250W |     11MiB / 32480MiB |      0%      Default |
+-------------------------------+----------------------+----------------------+
|   6  Tesla V100-PCIE...  Off  | 00000000:BD:00.0 Off |                    0 |
| N/A   30C    P0    24W / 250W |     11MiB / 32480MiB |      0%      Default |
+-------------------------------+----------------------+----------------------+
|   7  Tesla V100-PCIE...  Off  | 00000000:C1:00.0 Off |                    0 |
| N/A   28C    P0    23W / 250W |     11MiB / 32480MiB |      0%      Default |
+-------------------------------+----------------------+----------------------+
                                                                               
+-----------------------------------------------------------------------------+
| Processes:                                                       GPU Memory |
|  GPU       PID   Type   Process name                             Usage      |
|=============================================================================|
|    0     10414      C   python                                     17075MiB |
|    2      7166      C   python                                     14365MiB |
|    3      7440      C   python                                     14365MiB |
|    4      4495      C   python                                     14365MiB |
+-----------------------------------------------------------------------------+
CUDA: True cuda:0
Read configuration file: /data/home/u18112042/CorrSTN/configurations/HZME_OUTFLOW_rdw-011.conf
total training epoch, fine tune epoch: 100 , 50
batch_size: 16
attention_top_k: 5
folder_dir: MAE_ASTGNN_h1d1w0_layer4_head8_dm64_channel1_dir2_drop0.00_1.00e-03_B16_K5_TcontextScaledSAtSE1TE
load file: /data/home/u18112042/CorrSTN/data/HZME_OUTFLOW/HZME_OUTFLOW_r1_d1_w0.npz
ori length: 4313 , percent: 1.0 , scale: 4313
train: torch.Size([3218, 80, 1, 24]) torch.Size([3218, 80, 12]) torch.Size([3218, 80, 12])
val: torch.Size([1073, 80, 1, 24]) torch.Size([1073, 80, 12]) torch.Size([1073, 80, 12])
test: torch.Size([1073, 80, 1, 24]) torch.Size([1073, 80, 12]) torch.Size([1073, 80, 12])
TemporalPositionalEncoding max_len: 288
w_index: []
d_index: [0, 1, 2, 3, 4, 5, 6, 7, 8, 9, 10, 11]
h_index: [276, 277, 278, 279, 280, 281, 282, 283, 284, 285, 286, 287]
en_lookup_index: [0, 1, 2, 3, 4, 5, 6, 7, 8, 9, 10, 11, 276, 277, 278, 279, 280, 281, 282, 283, 284, 285, 286, 287]
EncoderDecoder(
  (encoder): Encoder(
    (layers): ModuleList(
      (0): EncoderLayer(
        (self_attn): MultiHeadAttentionAwareTemporalContex_q1d_k1d(
          (linears): ModuleList(
            (0): Linear(in_features=64, out_features=64, bias=True)
            (1): Linear(in_features=64, out_features=64, bias=True)
          )
          (conv1Ds_aware_temporal_context): ModuleList(
            (0): Conv2d(64, 64, kernel_size=(1, 3), stride=(1, 1), padding=(0, 1))
            (1): Conv2d(64, 64, kernel_size=(1, 3), stride=(1, 1), padding=(0, 1))
          )
          (dropout): Dropout(p=0.0, inplace=False)
          (attn_ic): Attention_IC(
            (DAT): DynamicAttentionLayer(
              (dropout): Dropout(p=0.0, inplace=False)
            )
          )
        )
        (feed_forward_gcn): PositionWiseGCNFeedForward(
          (gcn): spatialAttentionScaledGCN(
            (Theta): Linear(in_features=64, out_features=64, bias=False)
            (SAt): Spatial_Attention_layer(
              (dropout): Dropout(p=0.0, inplace=False)
            )
          )
          (dropout): Dropout(p=0.0, inplace=False)
        )
        (sublayer): ModuleList(
          (0): SublayerConnection(
            (dropout): Dropout(p=0.0, inplace=False)
            (norm): LayerNorm((64,), eps=1e-05, elementwise_affine=True)
          )
          (1): SublayerConnection(
            (dropout): Dropout(p=0.0, inplace=False)
            (norm): LayerNorm((64,), eps=1e-05, elementwise_affine=True)
          )
        )
      )
      (1): EncoderLayer(
        (self_attn): MultiHeadAttentionAwareTemporalContex_q1d_k1d(
          (linears): ModuleList(
            (0): Linear(in_features=64, out_features=64, bias=True)
            (1): Linear(in_features=64, out_features=64, bias=True)
          )
          (conv1Ds_aware_temporal_context): ModuleList(
            (0): Conv2d(64, 64, kernel_size=(1, 3), stride=(1, 1), padding=(0, 1))
            (1): Conv2d(64, 64, kernel_size=(1, 3), stride=(1, 1), padding=(0, 1))
          )
          (dropout): Dropout(p=0.0, inplace=False)
          (attn_ic): Attention_IC(
            (DAT): DynamicAttentionLayer(
              (dropout): Dropout(p=0.0, inplace=False)
            )
          )
        )
        (feed_forward_gcn): PositionWiseGCNFeedForward(
          (gcn): spatialAttentionScaledGCN(
            (Theta): Linear(in_features=64, out_features=64, bias=False)
            (SAt): Spatial_Attention_layer(
              (dropout): Dropout(p=0.0, inplace=False)
            )
          )
          (dropout): Dropout(p=0.0, inplace=False)
        )
        (sublayer): ModuleList(
          (0): SublayerConnection(
            (dropout): Dropout(p=0.0, inplace=False)
            (norm): LayerNorm((64,), eps=1e-05, elementwise_affine=True)
          )
          (1): SublayerConnection(
            (dropout): Dropout(p=0.0, inplace=False)
            (norm): LayerNorm((64,), eps=1e-05, elementwise_affine=True)
          )
        )
      )
      (2): EncoderLayer(
        (self_attn): MultiHeadAttentionAwareTemporalContex_q1d_k1d(
          (linears): ModuleList(
            (0): Linear(in_features=64, out_features=64, bias=True)
            (1): Linear(in_features=64, out_features=64, bias=True)
          )
          (conv1Ds_aware_temporal_context): ModuleList(
            (0): Conv2d(64, 64, kernel_size=(1, 3), stride=(1, 1), padding=(0, 1))
            (1): Conv2d(64, 64, kernel_size=(1, 3), stride=(1, 1), padding=(0, 1))
          )
          (dropout): Dropout(p=0.0, inplace=False)
          (attn_ic): Attention_IC(
            (DAT): DynamicAttentionLayer(
              (dropout): Dropout(p=0.0, inplace=False)
            )
          )
        )
        (feed_forward_gcn): PositionWiseGCNFeedForward(
          (gcn): spatialAttentionScaledGCN(
            (Theta): Linear(in_features=64, out_features=64, bias=False)
            (SAt): Spatial_Attention_layer(
              (dropout): Dropout(p=0.0, inplace=False)
            )
          )
          (dropout): Dropout(p=0.0, inplace=False)
        )
        (sublayer): ModuleList(
          (0): SublayerConnection(
            (dropout): Dropout(p=0.0, inplace=False)
            (norm): LayerNorm((64,), eps=1e-05, elementwise_affine=True)
          )
          (1): SublayerConnection(
            (dropout): Dropout(p=0.0, inplace=False)
            (norm): LayerNorm((64,), eps=1e-05, elementwise_affine=True)
          )
        )
      )
      (3): EncoderLayer(
        (self_attn): MultiHeadAttentionAwareTemporalContex_q1d_k1d(
          (linears): ModuleList(
            (0): Linear(in_features=64, out_features=64, bias=True)
            (1): Linear(in_features=64, out_features=64, bias=True)
          )
          (conv1Ds_aware_temporal_context): ModuleList(
            (0): Conv2d(64, 64, kernel_size=(1, 3), stride=(1, 1), padding=(0, 1))
            (1): Conv2d(64, 64, kernel_size=(1, 3), stride=(1, 1), padding=(0, 1))
          )
          (dropout): Dropout(p=0.0, inplace=False)
          (attn_ic): Attention_IC(
            (DAT): DynamicAttentionLayer(
              (dropout): Dropout(p=0.0, inplace=False)
            )
          )
        )
        (feed_forward_gcn): PositionWiseGCNFeedForward(
          (gcn): spatialAttentionScaledGCN(
            (Theta): Linear(in_features=64, out_features=64, bias=False)
            (SAt): Spatial_Attention_layer(
              (dropout): Dropout(p=0.0, inplace=False)
            )
          )
          (dropout): Dropout(p=0.0, inplace=False)
        )
        (sublayer): ModuleList(
          (0): SublayerConnection(
            (dropout): Dropout(p=0.0, inplace=False)
            (norm): LayerNorm((64,), eps=1e-05, elementwise_affine=True)
          )
          (1): SublayerConnection(
            (dropout): Dropout(p=0.0, inplace=False)
            (norm): LayerNorm((64,), eps=1e-05, elementwise_affine=True)
          )
        )
      )
    )
    (norm): LayerNorm((64,), eps=1e-05, elementwise_affine=True)
  )
  (decoder): Decoder(
    (layers): ModuleList(
      (0): DecoderLayer(
        (self_attn): MultiHeadAttentionAwareTemporalContex_qc_kc(
          (linears): ModuleList(
            (0): Linear(in_features=64, out_features=64, bias=True)
            (1): Linear(in_features=64, out_features=64, bias=True)
          )
          (conv1Ds_aware_temporal_context): ModuleList(
            (0): Conv2d(64, 64, kernel_size=(1, 3), stride=(1, 1), padding=(0, 2))
            (1): Conv2d(64, 64, kernel_size=(1, 3), stride=(1, 1), padding=(0, 2))
          )
          (dropout): Dropout(p=0.0, inplace=False)
          (attn_ic): Attention_IC(
            (DAT): DynamicAttentionLayer(
              (dropout): Dropout(p=0.0, inplace=False)
            )
          )
        )
        (src_attn): MultiHeadAttentionAwareTemporalContex_qc_k1d(
          (linears): ModuleList(
            (0): Linear(in_features=64, out_features=64, bias=True)
            (1): Linear(in_features=64, out_features=64, bias=True)
          )
          (query_conv1Ds_aware_temporal_context): Conv2d(64, 64, kernel_size=(1, 3), stride=(1, 1), padding=(0, 2))
          (key_conv1Ds_aware_temporal_context): Conv2d(64, 64, kernel_size=(1, 3), stride=(1, 1), padding=(0, 1))
          (dropout): Dropout(p=0.0, inplace=False)
          (attn_ic): Attention_IC(
            (DAT): DynamicAttentionLayer(
              (dropout): Dropout(p=0.0, inplace=False)
            )
          )
        )
        (feed_forward_gcn): PositionWiseGCNFeedForward(
          (gcn): spatialAttentionScaledGCN(
            (Theta): Linear(in_features=64, out_features=64, bias=False)
            (SAt): Spatial_Attention_layer(
              (dropout): Dropout(p=0.0, inplace=False)
            )
          )
          (dropout): Dropout(p=0.0, inplace=False)
        )
        (sublayer): ModuleList(
          (0): SublayerConnection(
            (dropout): Dropout(p=0.0, inplace=False)
            (norm): LayerNorm((64,), eps=1e-05, elementwise_affine=True)
          )
          (1): SublayerConnection(
            (dropout): Dropout(p=0.0, inplace=False)
            (norm): LayerNorm((64,), eps=1e-05, elementwise_affine=True)
          )
          (2): SublayerConnection(
            (dropout): Dropout(p=0.0, inplace=False)
            (norm): LayerNorm((64,), eps=1e-05, elementwise_affine=True)
          )
        )
      )
      (1): DecoderLayer(
        (self_attn): MultiHeadAttentionAwareTemporalContex_qc_kc(
          (linears): ModuleList(
            (0): Linear(in_features=64, out_features=64, bias=True)
            (1): Linear(in_features=64, out_features=64, bias=True)
          )
          (conv1Ds_aware_temporal_context): ModuleList(
            (0): Conv2d(64, 64, kernel_size=(1, 3), stride=(1, 1), padding=(0, 2))
            (1): Conv2d(64, 64, kernel_size=(1, 3), stride=(1, 1), padding=(0, 2))
          )
          (dropout): Dropout(p=0.0, inplace=False)
          (attn_ic): Attention_IC(
            (DAT): DynamicAttentionLayer(
              (dropout): Dropout(p=0.0, inplace=False)
            )
          )
        )
        (src_attn): MultiHeadAttentionAwareTemporalContex_qc_k1d(
          (linears): ModuleList(
            (0): Linear(in_features=64, out_features=64, bias=True)
            (1): Linear(in_features=64, out_features=64, bias=True)
          )
          (query_conv1Ds_aware_temporal_context): Conv2d(64, 64, kernel_size=(1, 3), stride=(1, 1), padding=(0, 2))
          (key_conv1Ds_aware_temporal_context): Conv2d(64, 64, kernel_size=(1, 3), stride=(1, 1), padding=(0, 1))
          (dropout): Dropout(p=0.0, inplace=False)
          (attn_ic): Attention_IC(
            (DAT): DynamicAttentionLayer(
              (dropout): Dropout(p=0.0, inplace=False)
            )
          )
        )
        (feed_forward_gcn): PositionWiseGCNFeedForward(
          (gcn): spatialAttentionScaledGCN(
            (Theta): Linear(in_features=64, out_features=64, bias=False)
            (SAt): Spatial_Attention_layer(
              (dropout): Dropout(p=0.0, inplace=False)
            )
          )
          (dropout): Dropout(p=0.0, inplace=False)
        )
        (sublayer): ModuleList(
          (0): SublayerConnection(
            (dropout): Dropout(p=0.0, inplace=False)
            (norm): LayerNorm((64,), eps=1e-05, elementwise_affine=True)
          )
          (1): SublayerConnection(
            (dropout): Dropout(p=0.0, inplace=False)
            (norm): LayerNorm((64,), eps=1e-05, elementwise_affine=True)
          )
          (2): SublayerConnection(
            (dropout): Dropout(p=0.0, inplace=False)
            (norm): LayerNorm((64,), eps=1e-05, elementwise_affine=True)
          )
        )
      )
      (2): DecoderLayer(
        (self_attn): MultiHeadAttentionAwareTemporalContex_qc_kc(
          (linears): ModuleList(
            (0): Linear(in_features=64, out_features=64, bias=True)
            (1): Linear(in_features=64, out_features=64, bias=True)
          )
          (conv1Ds_aware_temporal_context): ModuleList(
            (0): Conv2d(64, 64, kernel_size=(1, 3), stride=(1, 1), padding=(0, 2))
            (1): Conv2d(64, 64, kernel_size=(1, 3), stride=(1, 1), padding=(0, 2))
          )
          (dropout): Dropout(p=0.0, inplace=False)
          (attn_ic): Attention_IC(
            (DAT): DynamicAttentionLayer(
              (dropout): Dropout(p=0.0, inplace=False)
            )
          )
        )
        (src_attn): MultiHeadAttentionAwareTemporalContex_qc_k1d(
          (linears): ModuleList(
            (0): Linear(in_features=64, out_features=64, bias=True)
            (1): Linear(in_features=64, out_features=64, bias=True)
          )
          (query_conv1Ds_aware_temporal_context): Conv2d(64, 64, kernel_size=(1, 3), stride=(1, 1), padding=(0, 2))
          (key_conv1Ds_aware_temporal_context): Conv2d(64, 64, kernel_size=(1, 3), stride=(1, 1), padding=(0, 1))
          (dropout): Dropout(p=0.0, inplace=False)
          (attn_ic): Attention_IC(
            (DAT): DynamicAttentionLayer(
              (dropout): Dropout(p=0.0, inplace=False)
            )
          )
        )
        (feed_forward_gcn): PositionWiseGCNFeedForward(
          (gcn): spatialAttentionScaledGCN(
            (Theta): Linear(in_features=64, out_features=64, bias=False)
            (SAt): Spatial_Attention_layer(
              (dropout): Dropout(p=0.0, inplace=False)
            )
          )
          (dropout): Dropout(p=0.0, inplace=False)
        )
        (sublayer): ModuleList(
          (0): SublayerConnection(
            (dropout): Dropout(p=0.0, inplace=False)
            (norm): LayerNorm((64,), eps=1e-05, elementwise_affine=True)
          )
          (1): SublayerConnection(
            (dropout): Dropout(p=0.0, inplace=False)
            (norm): LayerNorm((64,), eps=1e-05, elementwise_affine=True)
          )
          (2): SublayerConnection(
            (dropout): Dropout(p=0.0, inplace=False)
            (norm): LayerNorm((64,), eps=1e-05, elementwise_affine=True)
          )
        )
      )
      (3): DecoderLayer(
        (self_attn): MultiHeadAttentionAwareTemporalContex_qc_kc(
          (linears): ModuleList(
            (0): Linear(in_features=64, out_features=64, bias=True)
            (1): Linear(in_features=64, out_features=64, bias=True)
          )
          (conv1Ds_aware_temporal_context): ModuleList(
            (0): Conv2d(64, 64, kernel_size=(1, 3), stride=(1, 1), padding=(0, 2))
            (1): Conv2d(64, 64, kernel_size=(1, 3), stride=(1, 1), padding=(0, 2))
          )
          (dropout): Dropout(p=0.0, inplace=False)
          (attn_ic): Attention_IC(
            (DAT): DynamicAttentionLayer(
              (dropout): Dropout(p=0.0, inplace=False)
            )
          )
        )
        (src_attn): MultiHeadAttentionAwareTemporalContex_qc_k1d(
          (linears): ModuleList(
            (0): Linear(in_features=64, out_features=64, bias=True)
            (1): Linear(in_features=64, out_features=64, bias=True)
          )
          (query_conv1Ds_aware_temporal_context): Conv2d(64, 64, kernel_size=(1, 3), stride=(1, 1), padding=(0, 2))
          (key_conv1Ds_aware_temporal_context): Conv2d(64, 64, kernel_size=(1, 3), stride=(1, 1), padding=(0, 1))
          (dropout): Dropout(p=0.0, inplace=False)
          (attn_ic): Attention_IC(
            (DAT): DynamicAttentionLayer(
              (dropout): Dropout(p=0.0, inplace=False)
            )
          )
        )
        (feed_forward_gcn): PositionWiseGCNFeedForward(
          (gcn): spatialAttentionScaledGCN(
            (Theta): Linear(in_features=64, out_features=64, bias=False)
            (SAt): Spatial_Attention_layer(
              (dropout): Dropout(p=0.0, inplace=False)
            )
          )
          (dropout): Dropout(p=0.0, inplace=False)
        )
        (sublayer): ModuleList(
          (0): SublayerConnection(
            (dropout): Dropout(p=0.0, inplace=False)
            (norm): LayerNorm((64,), eps=1e-05, elementwise_affine=True)
          )
          (1): SublayerConnection(
            (dropout): Dropout(p=0.0, inplace=False)
            (norm): LayerNorm((64,), eps=1e-05, elementwise_affine=True)
          )
          (2): SublayerConnection(
            (dropout): Dropout(p=0.0, inplace=False)
            (norm): LayerNorm((64,), eps=1e-05, elementwise_affine=True)
          )
        )
      )
    )
    (norm): LayerNorm((64,), eps=1e-05, elementwise_affine=True)
  )
  (src_embed): Sequential(
    (0): Linear(in_features=1, out_features=64, bias=True)
    (1): TemporalPositionalEncoding(
      (dropout): Dropout(p=0.0, inplace=False)
    )
    (2): SpatialPositionalEncoding(
      (dropout): Dropout(p=0.0, inplace=False)
      (embedding): Embedding(80, 64)
      (gcn_smooth_layers): ModuleList(
        (0): GCN(
          (Theta): Linear(in_features=64, out_features=64, bias=False)
        )
      )
    )
  )
  (trg_embed): Sequential(
    (0): Linear(in_features=1, out_features=64, bias=True)
    (1): TemporalPositionalEncoding(
      (dropout): Dropout(p=0.0, inplace=False)
    )
    (2): SpatialPositionalEncoding(
      (dropout): Dropout(p=0.0, inplace=False)
      (embedding): Embedding(80, 64)
      (gcn_smooth_layers): ModuleList(
        (0): GCN(
          (Theta): Linear(in_features=64, out_features=64, bias=False)
        )
      )
    )
  )
  (prediction_generator): Linear(in_features=64, out_features=1, bias=True)
)
create params directory ../experiments/HZME_OUTFLOW/MAE_ASTGNN_h1d1w0_layer4_head8_dm64_channel1_dir2_drop0.00_1.00e-03_B16_K5_TcontextScaledSAtSE1TE
Net's state_dict:
encoder.layers.0.self_attn.linears.0.weight 	 torch.Size([64, 64])
encoder.layers.0.self_attn.linears.0.bias 	 torch.Size([64])
encoder.layers.0.self_attn.linears.1.weight 	 torch.Size([64, 64])
encoder.layers.0.self_attn.linears.1.bias 	 torch.Size([64])
encoder.layers.0.self_attn.conv1Ds_aware_temporal_context.0.weight 	 torch.Size([64, 64, 1, 3])
encoder.layers.0.self_attn.conv1Ds_aware_temporal_context.0.bias 	 torch.Size([64])
encoder.layers.0.self_attn.conv1Ds_aware_temporal_context.1.weight 	 torch.Size([64, 64, 1, 3])
encoder.layers.0.self_attn.conv1Ds_aware_temporal_context.1.bias 	 torch.Size([64])
encoder.layers.0.feed_forward_gcn.gcn.alpha 	 torch.Size([1])
encoder.layers.0.feed_forward_gcn.gcn.beta 	 torch.Size([1])
encoder.layers.0.feed_forward_gcn.gcn.Theta.weight 	 torch.Size([64, 64])
encoder.layers.0.sublayer.0.norm.weight 	 torch.Size([64])
encoder.layers.0.sublayer.0.norm.bias 	 torch.Size([64])
encoder.layers.0.sublayer.1.norm.weight 	 torch.Size([64])
encoder.layers.0.sublayer.1.norm.bias 	 torch.Size([64])
encoder.layers.1.self_attn.linears.0.weight 	 torch.Size([64, 64])
encoder.layers.1.self_attn.linears.0.bias 	 torch.Size([64])
encoder.layers.1.self_attn.linears.1.weight 	 torch.Size([64, 64])
encoder.layers.1.self_attn.linears.1.bias 	 torch.Size([64])
encoder.layers.1.self_attn.conv1Ds_aware_temporal_context.0.weight 	 torch.Size([64, 64, 1, 3])
encoder.layers.1.self_attn.conv1Ds_aware_temporal_context.0.bias 	 torch.Size([64])
encoder.layers.1.self_attn.conv1Ds_aware_temporal_context.1.weight 	 torch.Size([64, 64, 1, 3])
encoder.layers.1.self_attn.conv1Ds_aware_temporal_context.1.bias 	 torch.Size([64])
encoder.layers.1.feed_forward_gcn.gcn.alpha 	 torch.Size([1])
encoder.layers.1.feed_forward_gcn.gcn.beta 	 torch.Size([1])
encoder.layers.1.feed_forward_gcn.gcn.Theta.weight 	 torch.Size([64, 64])
encoder.layers.1.sublayer.0.norm.weight 	 torch.Size([64])
encoder.layers.1.sublayer.0.norm.bias 	 torch.Size([64])
encoder.layers.1.sublayer.1.norm.weight 	 torch.Size([64])
encoder.layers.1.sublayer.1.norm.bias 	 torch.Size([64])
encoder.layers.2.self_attn.linears.0.weight 	 torch.Size([64, 64])
encoder.layers.2.self_attn.linears.0.bias 	 torch.Size([64])
encoder.layers.2.self_attn.linears.1.weight 	 torch.Size([64, 64])
encoder.layers.2.self_attn.linears.1.bias 	 torch.Size([64])
encoder.layers.2.self_attn.conv1Ds_aware_temporal_context.0.weight 	 torch.Size([64, 64, 1, 3])
encoder.layers.2.self_attn.conv1Ds_aware_temporal_context.0.bias 	 torch.Size([64])
encoder.layers.2.self_attn.conv1Ds_aware_temporal_context.1.weight 	 torch.Size([64, 64, 1, 3])
encoder.layers.2.self_attn.conv1Ds_aware_temporal_context.1.bias 	 torch.Size([64])
encoder.layers.2.feed_forward_gcn.gcn.alpha 	 torch.Size([1])
encoder.layers.2.feed_forward_gcn.gcn.beta 	 torch.Size([1])
encoder.layers.2.feed_forward_gcn.gcn.Theta.weight 	 torch.Size([64, 64])
encoder.layers.2.sublayer.0.norm.weight 	 torch.Size([64])
encoder.layers.2.sublayer.0.norm.bias 	 torch.Size([64])
encoder.layers.2.sublayer.1.norm.weight 	 torch.Size([64])
encoder.layers.2.sublayer.1.norm.bias 	 torch.Size([64])
encoder.layers.3.self_attn.linears.0.weight 	 torch.Size([64, 64])
encoder.layers.3.self_attn.linears.0.bias 	 torch.Size([64])
encoder.layers.3.self_attn.linears.1.weight 	 torch.Size([64, 64])
encoder.layers.3.self_attn.linears.1.bias 	 torch.Size([64])
encoder.layers.3.self_attn.conv1Ds_aware_temporal_context.0.weight 	 torch.Size([64, 64, 1, 3])
encoder.layers.3.self_attn.conv1Ds_aware_temporal_context.0.bias 	 torch.Size([64])
encoder.layers.3.self_attn.conv1Ds_aware_temporal_context.1.weight 	 torch.Size([64, 64, 1, 3])
encoder.layers.3.self_attn.conv1Ds_aware_temporal_context.1.bias 	 torch.Size([64])
encoder.layers.3.feed_forward_gcn.gcn.alpha 	 torch.Size([1])
encoder.layers.3.feed_forward_gcn.gcn.beta 	 torch.Size([1])
encoder.layers.3.feed_forward_gcn.gcn.Theta.weight 	 torch.Size([64, 64])
encoder.layers.3.sublayer.0.norm.weight 	 torch.Size([64])
encoder.layers.3.sublayer.0.norm.bias 	 torch.Size([64])
encoder.layers.3.sublayer.1.norm.weight 	 torch.Size([64])
encoder.layers.3.sublayer.1.norm.bias 	 torch.Size([64])
encoder.norm.weight 	 torch.Size([64])
encoder.norm.bias 	 torch.Size([64])
decoder.layers.0.self_attn.linears.0.weight 	 torch.Size([64, 64])
decoder.layers.0.self_attn.linears.0.bias 	 torch.Size([64])
decoder.layers.0.self_attn.linears.1.weight 	 torch.Size([64, 64])
decoder.layers.0.self_attn.linears.1.bias 	 torch.Size([64])
decoder.layers.0.self_attn.conv1Ds_aware_temporal_context.0.weight 	 torch.Size([64, 64, 1, 3])
decoder.layers.0.self_attn.conv1Ds_aware_temporal_context.0.bias 	 torch.Size([64])
decoder.layers.0.self_attn.conv1Ds_aware_temporal_context.1.weight 	 torch.Size([64, 64, 1, 3])
decoder.layers.0.self_attn.conv1Ds_aware_temporal_context.1.bias 	 torch.Size([64])
decoder.layers.0.src_attn.linears.0.weight 	 torch.Size([64, 64])
decoder.layers.0.src_attn.linears.0.bias 	 torch.Size([64])
decoder.layers.0.src_attn.linears.1.weight 	 torch.Size([64, 64])
decoder.layers.0.src_attn.linears.1.bias 	 torch.Size([64])
decoder.layers.0.src_attn.query_conv1Ds_aware_temporal_context.weight 	 torch.Size([64, 64, 1, 3])
decoder.layers.0.src_attn.query_conv1Ds_aware_temporal_context.bias 	 torch.Size([64])
decoder.layers.0.src_attn.key_conv1Ds_aware_temporal_context.weight 	 torch.Size([64, 64, 1, 3])
decoder.layers.0.src_attn.key_conv1Ds_aware_temporal_context.bias 	 torch.Size([64])
decoder.layers.0.feed_forward_gcn.gcn.alpha 	 torch.Size([1])
decoder.layers.0.feed_forward_gcn.gcn.beta 	 torch.Size([1])
decoder.layers.0.feed_forward_gcn.gcn.Theta.weight 	 torch.Size([64, 64])
decoder.layers.0.sublayer.0.norm.weight 	 torch.Size([64])
decoder.layers.0.sublayer.0.norm.bias 	 torch.Size([64])
decoder.layers.0.sublayer.1.norm.weight 	 torch.Size([64])
decoder.layers.0.sublayer.1.norm.bias 	 torch.Size([64])
decoder.layers.0.sublayer.2.norm.weight 	 torch.Size([64])
decoder.layers.0.sublayer.2.norm.bias 	 torch.Size([64])
decoder.layers.1.self_attn.linears.0.weight 	 torch.Size([64, 64])
decoder.layers.1.self_attn.linears.0.bias 	 torch.Size([64])
decoder.layers.1.self_attn.linears.1.weight 	 torch.Size([64, 64])
decoder.layers.1.self_attn.linears.1.bias 	 torch.Size([64])
decoder.layers.1.self_attn.conv1Ds_aware_temporal_context.0.weight 	 torch.Size([64, 64, 1, 3])
decoder.layers.1.self_attn.conv1Ds_aware_temporal_context.0.bias 	 torch.Size([64])
decoder.layers.1.self_attn.conv1Ds_aware_temporal_context.1.weight 	 torch.Size([64, 64, 1, 3])
decoder.layers.1.self_attn.conv1Ds_aware_temporal_context.1.bias 	 torch.Size([64])
decoder.layers.1.src_attn.linears.0.weight 	 torch.Size([64, 64])
decoder.layers.1.src_attn.linears.0.bias 	 torch.Size([64])
decoder.layers.1.src_attn.linears.1.weight 	 torch.Size([64, 64])
decoder.layers.1.src_attn.linears.1.bias 	 torch.Size([64])
decoder.layers.1.src_attn.query_conv1Ds_aware_temporal_context.weight 	 torch.Size([64, 64, 1, 3])
decoder.layers.1.src_attn.query_conv1Ds_aware_temporal_context.bias 	 torch.Size([64])
decoder.layers.1.src_attn.key_conv1Ds_aware_temporal_context.weight 	 torch.Size([64, 64, 1, 3])
decoder.layers.1.src_attn.key_conv1Ds_aware_temporal_context.bias 	 torch.Size([64])
decoder.layers.1.feed_forward_gcn.gcn.alpha 	 torch.Size([1])
decoder.layers.1.feed_forward_gcn.gcn.beta 	 torch.Size([1])
decoder.layers.1.feed_forward_gcn.gcn.Theta.weight 	 torch.Size([64, 64])
decoder.layers.1.sublayer.0.norm.weight 	 torch.Size([64])
decoder.layers.1.sublayer.0.norm.bias 	 torch.Size([64])
decoder.layers.1.sublayer.1.norm.weight 	 torch.Size([64])
decoder.layers.1.sublayer.1.norm.bias 	 torch.Size([64])
decoder.layers.1.sublayer.2.norm.weight 	 torch.Size([64])
decoder.layers.1.sublayer.2.norm.bias 	 torch.Size([64])
decoder.layers.2.self_attn.linears.0.weight 	 torch.Size([64, 64])
decoder.layers.2.self_attn.linears.0.bias 	 torch.Size([64])
decoder.layers.2.self_attn.linears.1.weight 	 torch.Size([64, 64])
decoder.layers.2.self_attn.linears.1.bias 	 torch.Size([64])
decoder.layers.2.self_attn.conv1Ds_aware_temporal_context.0.weight 	 torch.Size([64, 64, 1, 3])
decoder.layers.2.self_attn.conv1Ds_aware_temporal_context.0.bias 	 torch.Size([64])
decoder.layers.2.self_attn.conv1Ds_aware_temporal_context.1.weight 	 torch.Size([64, 64, 1, 3])
decoder.layers.2.self_attn.conv1Ds_aware_temporal_context.1.bias 	 torch.Size([64])
decoder.layers.2.src_attn.linears.0.weight 	 torch.Size([64, 64])
decoder.layers.2.src_attn.linears.0.bias 	 torch.Size([64])
decoder.layers.2.src_attn.linears.1.weight 	 torch.Size([64, 64])
decoder.layers.2.src_attn.linears.1.bias 	 torch.Size([64])
decoder.layers.2.src_attn.query_conv1Ds_aware_temporal_context.weight 	 torch.Size([64, 64, 1, 3])
decoder.layers.2.src_attn.query_conv1Ds_aware_temporal_context.bias 	 torch.Size([64])
decoder.layers.2.src_attn.key_conv1Ds_aware_temporal_context.weight 	 torch.Size([64, 64, 1, 3])
decoder.layers.2.src_attn.key_conv1Ds_aware_temporal_context.bias 	 torch.Size([64])
decoder.layers.2.feed_forward_gcn.gcn.alpha 	 torch.Size([1])
decoder.layers.2.feed_forward_gcn.gcn.beta 	 torch.Size([1])
decoder.layers.2.feed_forward_gcn.gcn.Theta.weight 	 torch.Size([64, 64])
decoder.layers.2.sublayer.0.norm.weight 	 torch.Size([64])
decoder.layers.2.sublayer.0.norm.bias 	 torch.Size([64])
decoder.layers.2.sublayer.1.norm.weight 	 torch.Size([64])
decoder.layers.2.sublayer.1.norm.bias 	 torch.Size([64])
decoder.layers.2.sublayer.2.norm.weight 	 torch.Size([64])
decoder.layers.2.sublayer.2.norm.bias 	 torch.Size([64])
decoder.layers.3.self_attn.linears.0.weight 	 torch.Size([64, 64])
decoder.layers.3.self_attn.linears.0.bias 	 torch.Size([64])
decoder.layers.3.self_attn.linears.1.weight 	 torch.Size([64, 64])
decoder.layers.3.self_attn.linears.1.bias 	 torch.Size([64])
decoder.layers.3.self_attn.conv1Ds_aware_temporal_context.0.weight 	 torch.Size([64, 64, 1, 3])
decoder.layers.3.self_attn.conv1Ds_aware_temporal_context.0.bias 	 torch.Size([64])
decoder.layers.3.self_attn.conv1Ds_aware_temporal_context.1.weight 	 torch.Size([64, 64, 1, 3])
decoder.layers.3.self_attn.conv1Ds_aware_temporal_context.1.bias 	 torch.Size([64])
decoder.layers.3.src_attn.linears.0.weight 	 torch.Size([64, 64])
decoder.layers.3.src_attn.linears.0.bias 	 torch.Size([64])
decoder.layers.3.src_attn.linears.1.weight 	 torch.Size([64, 64])
decoder.layers.3.src_attn.linears.1.bias 	 torch.Size([64])
decoder.layers.3.src_attn.query_conv1Ds_aware_temporal_context.weight 	 torch.Size([64, 64, 1, 3])
decoder.layers.3.src_attn.query_conv1Ds_aware_temporal_context.bias 	 torch.Size([64])
decoder.layers.3.src_attn.key_conv1Ds_aware_temporal_context.weight 	 torch.Size([64, 64, 1, 3])
decoder.layers.3.src_attn.key_conv1Ds_aware_temporal_context.bias 	 torch.Size([64])
decoder.layers.3.feed_forward_gcn.gcn.alpha 	 torch.Size([1])
decoder.layers.3.feed_forward_gcn.gcn.beta 	 torch.Size([1])
decoder.layers.3.feed_forward_gcn.gcn.Theta.weight 	 torch.Size([64, 64])
decoder.layers.3.sublayer.0.norm.weight 	 torch.Size([64])
decoder.layers.3.sublayer.0.norm.bias 	 torch.Size([64])
decoder.layers.3.sublayer.1.norm.weight 	 torch.Size([64])
decoder.layers.3.sublayer.1.norm.bias 	 torch.Size([64])
decoder.layers.3.sublayer.2.norm.weight 	 torch.Size([64])
decoder.layers.3.sublayer.2.norm.bias 	 torch.Size([64])
decoder.norm.weight 	 torch.Size([64])
decoder.norm.bias 	 torch.Size([64])
src_embed.0.weight 	 torch.Size([64, 1])
src_embed.0.bias 	 torch.Size([64])
src_embed.1.pe 	 torch.Size([1, 1, 288, 64])
src_embed.2.embedding.weight 	 torch.Size([80, 64])
src_embed.2.gcn_smooth_layers.0.alpha 	 torch.Size([1])
src_embed.2.gcn_smooth_layers.0.beta 	 torch.Size([1])
src_embed.2.gcn_smooth_layers.0.Theta.weight 	 torch.Size([64, 64])
trg_embed.0.weight 	 torch.Size([64, 1])
trg_embed.0.bias 	 torch.Size([64])
trg_embed.1.pe 	 torch.Size([1, 1, 12, 64])
trg_embed.2.embedding.weight 	 torch.Size([80, 64])
trg_embed.2.gcn_smooth_layers.0.alpha 	 torch.Size([1])
trg_embed.2.gcn_smooth_layers.0.beta 	 torch.Size([1])
trg_embed.2.gcn_smooth_layers.0.Theta.weight 	 torch.Size([64, 64])
prediction_generator.weight 	 torch.Size([1, 64])
prediction_generator.bias 	 torch.Size([1])
Net's total params: 469845
Optimizer's state_dict:
state 	 {}
param_groups 	 [{'lr': 0.001, 'betas': (0.9, 0.999), 'eps': 1e-08, 'weight_decay': 0, 'amsgrad': False, 'params': [0, 1, 2, 3, 4, 5, 6, 7, 8, 9, 10, 11, 12, 13, 14, 15, 16, 17, 18, 19, 20, 21, 22, 23, 24, 25, 26, 27, 28, 29, 30, 31, 32, 33, 34, 35, 36, 37, 38, 39, 40, 41, 42, 43, 44, 45, 46, 47, 48, 49, 50, 51, 52, 53, 54, 55, 56, 57, 58, 59, 60, 61, 62, 63, 64, 65, 66, 67, 68, 69, 70, 71, 72, 73, 74, 75, 76, 77, 78, 79, 80, 81, 82, 83, 84, 85, 86, 87, 88, 89, 90, 91, 92, 93, 94, 95, 96, 97, 98, 99, 100, 101, 102, 103, 104, 105, 106, 107, 108, 109, 110, 111, 112, 113, 114, 115, 116, 117, 118, 119, 120, 121, 122, 123, 124, 125, 126, 127, 128, 129, 130, 131, 132, 133, 134, 135, 136, 137, 138, 139, 140, 141, 142, 143, 144, 145, 146, 147, 148, 149, 150, 151, 152, 153, 154, 155, 156, 157, 158, 159, 160, 161, 162, 163, 164, 165, 166, 167, 168, 169, 170, 171, 172, 173, 174, 175, 176, 177]}]
validation batch 1 / 3, loss: 1.30
validation cost time: 9.0785s
save parameters to file: ../experiments/HZME_OUTFLOW/MAE_ASTGNN_h1d1w0_layer4_head8_dm64_channel1_dir2_drop0.00_1.00e-03_B16_K5_TcontextScaledSAtSE1TE/epoch_0.params
epoch: 0, train time every whole data:24.31s
epoch: 0, total time:33.41s
validation batch 1 / 3, loss: 0.07
validation cost time: 8.7894s
save parameters to file: ../experiments/HZME_OUTFLOW/MAE_ASTGNN_h1d1w0_layer4_head8_dm64_channel1_dir2_drop0.00_1.00e-03_B16_K5_TcontextScaledSAtSE1TE/epoch_1.params
epoch: 1, train time every whole data:24.27s
epoch: 1, total time:66.48s
validation batch 1 / 3, loss: 0.16
validation cost time: 8.7899s
epoch: 2, train time every whole data:24.26s
epoch: 2, total time:99.54s
validation batch 1 / 3, loss: 0.14
validation cost time: 8.7901s
epoch: 3, train time every whole data:24.25s
epoch: 3, total time:132.58s
validation batch 1 / 3, loss: 0.10
validation cost time: 8.7896s
epoch: 4, train time every whole data:24.26s
epoch: 4, total time:165.63s
validation batch 1 / 3, loss: 0.03
validation cost time: 8.7903s
save parameters to file: ../experiments/HZME_OUTFLOW/MAE_ASTGNN_h1d1w0_layer4_head8_dm64_channel1_dir2_drop0.00_1.00e-03_B16_K5_TcontextScaledSAtSE1TE/epoch_5.params
epoch: 5, train time every whole data:24.26s
epoch: 5, total time:198.69s
validation batch 1 / 3, loss: 0.04
validation cost time: 8.7895s
epoch: 6, train time every whole data:24.25s
epoch: 6, total time:231.74s
validation batch 1 / 3, loss: 0.11
validation cost time: 8.7901s
epoch: 7, train time every whole data:24.25s
epoch: 7, total time:264.78s
validation batch 1 / 3, loss: 0.03
validation cost time: 8.7900s
save parameters to file: ../experiments/HZME_OUTFLOW/MAE_ASTGNN_h1d1w0_layer4_head8_dm64_channel1_dir2_drop0.00_1.00e-03_B16_K5_TcontextScaledSAtSE1TE/epoch_8.params
epoch: 8, train time every whole data:24.27s
epoch: 8, total time:297.85s
validation batch 1 / 3, loss: 0.10
validation cost time: 8.7896s
epoch: 9, train time every whole data:24.27s
epoch: 9, total time:330.91s
validation batch 1 / 3, loss: 0.04
validation cost time: 8.7901s
epoch: 10, train time every whole data:24.25s
epoch: 10, total time:363.95s
validation batch 1 / 3, loss: 0.05
validation cost time: 8.7895s
epoch: 11, train time every whole data:24.25s
epoch: 11, total time:396.99s
validation batch 1 / 3, loss: 0.04
validation cost time: 8.7894s
epoch: 12, train time every whole data:24.26s
epoch: 12, total time:430.04s
validation batch 1 / 3, loss: 0.04
validation cost time: 8.7899s
epoch: 13, train time every whole data:24.25s
epoch: 13, total time:463.09s
validation batch 1 / 3, loss: 0.07
validation cost time: 8.7899s
epoch: 14, train time every whole data:24.25s
epoch: 14, total time:496.13s
validation batch 1 / 3, loss: 0.05
validation cost time: 8.7897s
epoch: 15, train time every whole data:24.25s
epoch: 15, total time:529.16s
validation batch 1 / 3, loss: 0.03
validation cost time: 8.7897s
save parameters to file: ../experiments/HZME_OUTFLOW/MAE_ASTGNN_h1d1w0_layer4_head8_dm64_channel1_dir2_drop0.00_1.00e-03_B16_K5_TcontextScaledSAtSE1TE/epoch_16.params
epoch: 16, train time every whole data:24.25s
epoch: 16, total time:562.22s
validation batch 1 / 3, loss: 0.03
validation cost time: 8.7904s
epoch: 17, train time every whole data:24.25s
epoch: 17, total time:595.27s
validation batch 1 / 3, loss: 0.05
validation cost time: 8.7895s
epoch: 18, train time every whole data:24.25s
epoch: 18, total time:628.31s
validation batch 1 / 3, loss: 0.03
validation cost time: 8.7899s
save parameters to file: ../experiments/HZME_OUTFLOW/MAE_ASTGNN_h1d1w0_layer4_head8_dm64_channel1_dir2_drop0.00_1.00e-03_B16_K5_TcontextScaledSAtSE1TE/epoch_19.params
epoch: 19, train time every whole data:24.27s
epoch: 19, total time:661.38s
validation batch 1 / 3, loss: 0.05
validation cost time: 8.8256s
epoch: 20, train time every whole data:24.25s
epoch: 20, total time:694.46s
validation batch 1 / 3, loss: 0.03
validation cost time: 8.7897s
epoch: 21, train time every whole data:24.26s
epoch: 21, total time:727.51s
validation batch 1 / 3, loss: 0.05
validation cost time: 8.7898s
epoch: 22, train time every whole data:24.25s
epoch: 22, total time:760.55s
validation batch 1 / 3, loss: 0.03
validation cost time: 8.7891s
save parameters to file: ../experiments/HZME_OUTFLOW/MAE_ASTGNN_h1d1w0_layer4_head8_dm64_channel1_dir2_drop0.00_1.00e-03_B16_K5_TcontextScaledSAtSE1TE/epoch_23.params
epoch: 23, train time every whole data:24.25s
epoch: 23, total time:793.60s
validation batch 1 / 3, loss: 0.03
validation cost time: 8.7899s
save parameters to file: ../experiments/HZME_OUTFLOW/MAE_ASTGNN_h1d1w0_layer4_head8_dm64_channel1_dir2_drop0.00_1.00e-03_B16_K5_TcontextScaledSAtSE1TE/epoch_24.params
epoch: 24, train time every whole data:24.25s
epoch: 24, total time:826.65s
validation batch 1 / 3, loss: 0.04
validation cost time: 8.7895s
epoch: 25, train time every whole data:24.26s
epoch: 25, total time:859.70s
validation batch 1 / 3, loss: 0.06
validation cost time: 8.7897s
epoch: 26, train time every whole data:24.25s
epoch: 26, total time:892.74s
validation batch 1 / 3, loss: 0.03
validation cost time: 8.7893s
save parameters to file: ../experiments/HZME_OUTFLOW/MAE_ASTGNN_h1d1w0_layer4_head8_dm64_channel1_dir2_drop0.00_1.00e-03_B16_K5_TcontextScaledSAtSE1TE/epoch_27.params
epoch: 27, train time every whole data:24.25s
epoch: 27, total time:925.83s
validation batch 1 / 3, loss: 0.04
validation cost time: 8.7897s
epoch: 28, train time every whole data:24.25s
epoch: 28, total time:958.87s
validation batch 1 / 3, loss: 0.04
validation cost time: 8.7894s
epoch: 29, train time every whole data:24.26s
epoch: 29, total time:991.92s
validation batch 1 / 3, loss: 0.04
validation cost time: 8.7902s
epoch: 30, train time every whole data:24.25s
epoch: 30, total time:1024.96s
validation batch 1 / 3, loss: 0.03
validation cost time: 8.7936s
epoch: 31, train time every whole data:24.25s
epoch: 31, total time:1058.00s
validation batch 1 / 3, loss: 0.03
validation cost time: 8.7901s
epoch: 32, train time every whole data:24.25s
epoch: 32, total time:1091.05s
validation batch 1 / 3, loss: 0.03
validation cost time: 8.7904s
epoch: 33, train time every whole data:24.26s
epoch: 33, total time:1124.10s
validation batch 1 / 3, loss: 0.03
validation cost time: 8.7900s
epoch: 34, train time every whole data:24.26s
epoch: 34, total time:1157.15s
validation batch 1 / 3, loss: 0.03
validation cost time: 8.7905s
epoch: 35, train time every whole data:24.27s
epoch: 35, total time:1190.21s
validation batch 1 / 3, loss: 0.03
validation cost time: 8.7899s
epoch: 36, train time every whole data:24.26s
epoch: 36, total time:1223.26s
validation batch 1 / 3, loss: 0.03
validation cost time: 8.7897s
epoch: 37, train time every whole data:24.26s
epoch: 37, total time:1256.31s
validation batch 1 / 3, loss: 0.03
validation cost time: 8.7907s
save parameters to file: ../experiments/HZME_OUTFLOW/MAE_ASTGNN_h1d1w0_layer4_head8_dm64_channel1_dir2_drop0.00_1.00e-03_B16_K5_TcontextScaledSAtSE1TE/epoch_38.params
epoch: 38, train time every whole data:24.26s
epoch: 38, total time:1289.38s
validation batch 1 / 3, loss: 0.03
validation cost time: 8.7898s
save parameters to file: ../experiments/HZME_OUTFLOW/MAE_ASTGNN_h1d1w0_layer4_head8_dm64_channel1_dir2_drop0.00_1.00e-03_B16_K5_TcontextScaledSAtSE1TE/epoch_39.params
epoch: 39, train time every whole data:24.26s
epoch: 39, total time:1322.45s
validation batch 1 / 3, loss: 0.02
validation cost time: 8.7903s
save parameters to file: ../experiments/HZME_OUTFLOW/MAE_ASTGNN_h1d1w0_layer4_head8_dm64_channel1_dir2_drop0.00_1.00e-03_B16_K5_TcontextScaledSAtSE1TE/epoch_40.params
epoch: 40, train time every whole data:24.27s
epoch: 40, total time:1355.52s
validation batch 1 / 3, loss: 0.02
validation cost time: 8.7900s
save parameters to file: ../experiments/HZME_OUTFLOW/MAE_ASTGNN_h1d1w0_layer4_head8_dm64_channel1_dir2_drop0.00_1.00e-03_B16_K5_TcontextScaledSAtSE1TE/epoch_41.params
epoch: 41, train time every whole data:24.26s
epoch: 41, total time:1388.58s
validation batch 1 / 3, loss: 0.03
validation cost time: 8.7899s
epoch: 42, train time every whole data:24.26s
epoch: 42, total time:1421.64s
validation batch 1 / 3, loss: 0.03
validation cost time: 8.7899s
epoch: 43, train time every whole data:24.27s
epoch: 43, total time:1454.70s
validation batch 1 / 3, loss: 0.03
validation cost time: 8.7899s
epoch: 44, train time every whole data:24.26s
epoch: 44, total time:1487.75s
validation batch 1 / 3, loss: 0.02
validation cost time: 8.7902s
epoch: 45, train time every whole data:24.26s
epoch: 45, total time:1520.81s
validation batch 1 / 3, loss: 0.04
validation cost time: 8.7903s
epoch: 46, train time every whole data:24.26s
epoch: 46, total time:1553.86s
validation batch 1 / 3, loss: 0.02
validation cost time: 8.7899s
epoch: 47, train time every whole data:24.26s
epoch: 47, total time:1586.91s
validation batch 1 / 3, loss: 0.03
validation cost time: 8.7904s
epoch: 48, train time every whole data:24.26s
epoch: 48, total time:1619.96s
validation batch 1 / 3, loss: 0.03
validation cost time: 8.7897s
epoch: 49, train time every whole data:24.25s
epoch: 49, total time:1653.00s
validation batch 1 / 3, loss: 0.03
validation cost time: 8.7904s
epoch: 50, train time every whole data:24.26s
epoch: 50, total time:1686.06s
validation batch 1 / 3, loss: 0.03
validation cost time: 8.7898s
epoch: 51, train time every whole data:24.26s
epoch: 51, total time:1719.11s
validation batch 1 / 3, loss: 0.02
validation cost time: 8.7904s
save parameters to file: ../experiments/HZME_OUTFLOW/MAE_ASTGNN_h1d1w0_layer4_head8_dm64_channel1_dir2_drop0.00_1.00e-03_B16_K5_TcontextScaledSAtSE1TE/epoch_52.params
epoch: 52, train time every whole data:24.26s
epoch: 52, total time:1752.17s
validation batch 1 / 3, loss: 0.02
validation cost time: 8.7901s
save parameters to file: ../experiments/HZME_OUTFLOW/MAE_ASTGNN_h1d1w0_layer4_head8_dm64_channel1_dir2_drop0.00_1.00e-03_B16_K5_TcontextScaledSAtSE1TE/epoch_53.params
epoch: 53, train time every whole data:24.27s
epoch: 53, total time:1785.25s
validation batch 1 / 3, loss: 0.02
validation cost time: 8.7900s
epoch: 54, train time every whole data:24.26s
epoch: 54, total time:1818.29s
validation batch 1 / 3, loss: 0.02
validation cost time: 8.7900s
save parameters to file: ../experiments/HZME_OUTFLOW/MAE_ASTGNN_h1d1w0_layer4_head8_dm64_channel1_dir2_drop0.00_1.00e-03_B16_K5_TcontextScaledSAtSE1TE/epoch_55.params
epoch: 55, train time every whole data:24.26s
epoch: 55, total time:1851.36s
validation batch 1 / 3, loss: 0.02
validation cost time: 8.8226s
save parameters to file: ../experiments/HZME_OUTFLOW/MAE_ASTGNN_h1d1w0_layer4_head8_dm64_channel1_dir2_drop0.00_1.00e-03_B16_K5_TcontextScaledSAtSE1TE/epoch_56.params
epoch: 56, train time every whole data:24.27s
epoch: 56, total time:1884.46s
validation batch 1 / 3, loss: 0.02
validation cost time: 8.7898s
epoch: 57, train time every whole data:24.26s
epoch: 57, total time:1917.51s
validation batch 1 / 3, loss: 0.02
validation cost time: 8.7902s
epoch: 58, train time every whole data:24.25s
epoch: 58, total time:1950.56s
validation batch 1 / 3, loss: 0.03
validation cost time: 8.7894s
epoch: 59, train time every whole data:24.26s
epoch: 59, total time:1983.61s
validation batch 1 / 3, loss: 0.03
validation cost time: 8.7899s
epoch: 60, train time every whole data:24.26s
epoch: 60, total time:2016.66s
validation batch 1 / 3, loss: 0.02
validation cost time: 8.7896s
epoch: 61, train time every whole data:24.25s
epoch: 61, total time:2049.70s
validation batch 1 / 3, loss: 0.03
validation cost time: 8.7902s
epoch: 62, train time every whole data:24.25s
epoch: 62, total time:2082.75s
validation batch 1 / 3, loss: 0.02
validation cost time: 8.7900s
save parameters to file: ../experiments/HZME_OUTFLOW/MAE_ASTGNN_h1d1w0_layer4_head8_dm64_channel1_dir2_drop0.00_1.00e-03_B16_K5_TcontextScaledSAtSE1TE/epoch_63.params
epoch: 63, train time every whole data:24.26s
epoch: 63, total time:2115.81s
validation batch 1 / 3, loss: 0.03
validation cost time: 8.7899s
epoch: 64, train time every whole data:24.26s
epoch: 64, total time:2148.86s
validation batch 1 / 3, loss: 0.02
validation cost time: 8.7902s
save parameters to file: ../experiments/HZME_OUTFLOW/MAE_ASTGNN_h1d1w0_layer4_head8_dm64_channel1_dir2_drop0.00_1.00e-03_B16_K5_TcontextScaledSAtSE1TE/epoch_65.params
epoch: 65, train time every whole data:24.26s
epoch: 65, total time:2181.93s
validation batch 1 / 3, loss: 0.02
validation cost time: 8.7902s
epoch: 66, train time every whole data:24.26s
epoch: 66, total time:2214.97s
validation batch 1 / 3, loss: 0.02
validation cost time: 8.7902s
epoch: 67, train time every whole data:24.26s
epoch: 67, total time:2248.02s
validation batch 1 / 3, loss: 0.03
validation cost time: 8.7903s
epoch: 68, train time every whole data:24.25s
epoch: 68, total time:2281.07s
validation batch 1 / 3, loss: 0.02
validation cost time: 8.7923s
epoch: 69, train time every whole data:24.25s
epoch: 69, total time:2314.11s
validation batch 1 / 3, loss: 0.03
validation cost time: 8.7900s
epoch: 70, train time every whole data:24.25s
epoch: 70, total time:2347.16s
validation batch 1 / 3, loss: 0.02
validation cost time: 8.7897s
epoch: 71, train time every whole data:24.26s
epoch: 71, total time:2380.21s
validation batch 1 / 3, loss: 0.02
validation cost time: 8.7902s
epoch: 72, train time every whole data:24.26s
epoch: 72, total time:2413.26s
validation batch 1 / 3, loss: 0.02
validation cost time: 8.7896s
epoch: 73, train time every whole data:24.26s
epoch: 73, total time:2446.30s
validation batch 1 / 3, loss: 0.02
validation cost time: 8.7910s
epoch: 74, train time every whole data:24.26s
epoch: 74, total time:2479.36s
validation batch 1 / 3, loss: 0.02
validation cost time: 8.7900s
save parameters to file: ../experiments/HZME_OUTFLOW/MAE_ASTGNN_h1d1w0_layer4_head8_dm64_channel1_dir2_drop0.00_1.00e-03_B16_K5_TcontextScaledSAtSE1TE/epoch_75.params
epoch: 75, train time every whole data:24.26s
epoch: 75, total time:2512.42s
validation batch 1 / 3, loss: 0.02
validation cost time: 8.7901s
epoch: 76, train time every whole data:24.25s
epoch: 76, total time:2545.46s
validation batch 1 / 3, loss: 0.02
validation cost time: 8.7895s
save parameters to file: ../experiments/HZME_OUTFLOW/MAE_ASTGNN_h1d1w0_layer4_head8_dm64_channel1_dir2_drop0.00_1.00e-03_B16_K5_TcontextScaledSAtSE1TE/epoch_77.params
epoch: 77, train time every whole data:24.25s
epoch: 77, total time:2578.52s
validation batch 1 / 3, loss: 0.02
validation cost time: 8.7902s
epoch: 78, train time every whole data:24.25s
epoch: 78, total time:2611.56s
validation batch 1 / 3, loss: 0.02
validation cost time: 8.7899s
epoch: 79, train time every whole data:24.26s
epoch: 79, total time:2644.61s
validation batch 1 / 3, loss: 0.02
validation cost time: 8.7901s
epoch: 80, train time every whole data:24.25s
epoch: 80, total time:2677.65s
validation batch 1 / 3, loss: 0.02
validation cost time: 8.7905s
epoch: 81, train time every whole data:24.26s
epoch: 81, total time:2710.70s
validation batch 1 / 3, loss: 0.02
validation cost time: 8.7900s
save parameters to file: ../experiments/HZME_OUTFLOW/MAE_ASTGNN_h1d1w0_layer4_head8_dm64_channel1_dir2_drop0.00_1.00e-03_B16_K5_TcontextScaledSAtSE1TE/epoch_82.params
epoch: 82, train time every whole data:24.25s
epoch: 82, total time:2743.76s
validation batch 1 / 3, loss: 0.02
validation cost time: 8.7898s
save parameters to file: ../experiments/HZME_OUTFLOW/MAE_ASTGNN_h1d1w0_layer4_head8_dm64_channel1_dir2_drop0.00_1.00e-03_B16_K5_TcontextScaledSAtSE1TE/epoch_83.params
epoch: 83, train time every whole data:24.26s
epoch: 83, total time:2776.82s
validation batch 1 / 3, loss: 0.03
validation cost time: 8.7902s
epoch: 84, train time every whole data:24.25s
epoch: 84, total time:2809.86s
validation batch 1 / 3, loss: 0.02
validation cost time: 8.7896s
save parameters to file: ../experiments/HZME_OUTFLOW/MAE_ASTGNN_h1d1w0_layer4_head8_dm64_channel1_dir2_drop0.00_1.00e-03_B16_K5_TcontextScaledSAtSE1TE/epoch_85.params
epoch: 85, train time every whole data:24.26s
epoch: 85, total time:2842.92s
validation batch 1 / 3, loss: 0.02
validation cost time: 8.7905s
epoch: 86, train time every whole data:24.26s
epoch: 86, total time:2875.97s
validation batch 1 / 3, loss: 0.02
validation cost time: 8.7895s
epoch: 87, train time every whole data:24.26s
epoch: 87, total time:2909.02s
validation batch 1 / 3, loss: 0.02
validation cost time: 8.7901s
epoch: 88, train time every whole data:24.26s
epoch: 88, total time:2942.07s
validation batch 1 / 3, loss: 0.02
validation cost time: 8.7893s
epoch: 89, train time every whole data:24.26s
epoch: 89, total time:2975.12s
validation batch 1 / 3, loss: 0.02
validation cost time: 8.7988s
epoch: 90, train time every whole data:24.25s
epoch: 90, total time:3008.17s
validation batch 1 / 3, loss: 0.02
validation cost time: 8.7900s
epoch: 91, train time every whole data:24.26s
epoch: 91, total time:3041.23s
validation batch 1 / 3, loss: 0.02
validation cost time: 8.7909s
epoch: 92, train time every whole data:24.26s
epoch: 92, total time:3074.28s
validation batch 1 / 3, loss: 0.02
validation cost time: 8.7898s
save parameters to file: ../experiments/HZME_OUTFLOW/MAE_ASTGNN_h1d1w0_layer4_head8_dm64_channel1_dir2_drop0.00_1.00e-03_B16_K5_TcontextScaledSAtSE1TE/epoch_93.params
epoch: 93, train time every whole data:24.26s
epoch: 93, total time:3107.34s
validation batch 1 / 3, loss: 0.02
validation cost time: 8.8227s
epoch: 94, train time every whole data:24.27s
epoch: 94, total time:3140.43s
validation batch 1 / 3, loss: 0.02
validation cost time: 8.7899s
epoch: 95, train time every whole data:24.26s
epoch: 95, total time:3173.49s
validation batch 1 / 3, loss: 0.02
validation cost time: 8.7901s
epoch: 96, train time every whole data:24.26s
epoch: 96, total time:3206.53s
validation batch 1 / 3, loss: 0.02
validation cost time: 8.7932s
epoch: 97, train time every whole data:24.26s
epoch: 97, total time:3239.59s
validation batch 1 / 3, loss: 0.02
validation cost time: 8.7900s
epoch: 98, train time every whole data:24.29s
epoch: 98, total time:3272.67s
validation batch 1 / 3, loss: 0.02
validation cost time: 8.7900s
epoch: 99, train time every whole data:24.27s
epoch: 99, total time:3305.74s
best epoch: 93
apply the best val model on the test data set ...
load weight from: ../experiments/HZME_OUTFLOW/MAE_ASTGNN_h1d1w0_layer4_head8_dm64_channel1_dir2_drop0.00_1.00e-03_B16_K5_TcontextScaledSAtSE1TE/epoch_93.params
predicting testing set batch 1 / 3, time: 4.17s
test time on whole data:8.79s
input: (1073, 80, 24, 1)
prediction: (1073, 80, 12, 1)
data_target_tensor: (1073, 80, 12)
current epoch: 93, predict 0 points
MAE: 13.93
RMSE: 23.63
MAPE: 38.33
current epoch: 93, predict 1 points
MAE: 14.66
RMSE: 24.84
MAPE: 46.47
current epoch: 93, predict 2 points
MAE: 14.69
RMSE: 25.01
MAPE: 47.30
current epoch: 93, predict 3 points
MAE: 15.20
RMSE: 26.14
MAPE: 49.13
current epoch: 93, predict 4 points
MAE: 15.70
RMSE: 27.43
MAPE: 54.22
current epoch: 93, predict 5 points
MAE: 15.87
RMSE: 27.72
MAPE: 55.34
current epoch: 93, predict 6 points
MAE: 16.04
RMSE: 28.08
MAPE: 54.67
current epoch: 93, predict 7 points
MAE: 16.06
RMSE: 28.23
MAPE: 54.15
current epoch: 93, predict 8 points
MAE: 16.17
RMSE: 28.39
MAPE: 54.40
current epoch: 93, predict 9 points
MAE: 16.35
RMSE: 28.75
MAPE: 55.82
current epoch: 93, predict 10 points
MAE: 16.58
RMSE: 29.34
MAPE: 58.50
current epoch: 93, predict 11 points
MAE: 17.00
RMSE: 30.11
MAPE: 61.50
all MAE: 15.69
all RMSE: 27.37
all MAPE: 52.43
[13.930041, 23.62899116832567, 38.3294403553009, 14.663834, 24.836965956607653, 46.46642804145813, 14.694287, 25.00782348289356, 47.29746878147125, 15.198886, 26.14403019699538, 49.13286566734314, 15.696902, 27.43143084925575, 54.21507954597473, 15.865179, 27.72465388612577, 55.34031391143799, 16.039576, 28.075332664088215, 54.6737015247345, 16.062511, 28.23477167506351, 54.148995876312256, 16.171888, 28.38943934129875, 54.40284609794617, 16.353495, 28.749819547667382, 55.81573247909546, 16.576721, 29.341440063167806, 58.49824547767639, 16.99588, 30.105257648555966, 61.4952027797699, 15.687433, 27.371566208727444, 52.43071913719177]
fine tune the model ... 
epoch: 100, train time every whole data:56.64s
epoch: 100, total time:3371.31s
validation batch 1 / 3, loss: 0.02
validation cost time: 8.7900s
save parameters to file: ../experiments/HZME_OUTFLOW/MAE_ASTGNN_h1d1w0_layer4_head8_dm64_channel1_dir2_drop0.00_1.00e-03_B16_K5_TcontextScaledSAtSE1TE/epoch_100.params
epoch: 101, train time every whole data:56.54s
epoch: 101, total time:3436.65s
validation batch 1 / 3, loss: 0.02
validation cost time: 8.7890s
save parameters to file: ../experiments/HZME_OUTFLOW/MAE_ASTGNN_h1d1w0_layer4_head8_dm64_channel1_dir2_drop0.00_1.00e-03_B16_K5_TcontextScaledSAtSE1TE/epoch_101.params
epoch: 102, train time every whole data:56.56s
epoch: 102, total time:3502.01s
validation batch 1 / 3, loss: 0.02
validation cost time: 8.7900s
epoch: 103, train time every whole data:56.55s
epoch: 103, total time:3567.35s
validation batch 1 / 3, loss: 0.02
validation cost time: 8.7882s
epoch: 104, train time every whole data:56.57s
epoch: 104, total time:3632.71s
validation batch 1 / 3, loss: 0.02
validation cost time: 8.7884s
epoch: 105, train time every whole data:56.57s
epoch: 105, total time:3698.07s
validation batch 1 / 3, loss: 0.02
validation cost time: 8.7899s
epoch: 106, train time every whole data:56.59s
epoch: 106, total time:3763.45s
validation batch 1 / 3, loss: 0.02
validation cost time: 8.7889s
epoch: 107, train time every whole data:56.57s
epoch: 107, total time:3828.81s
validation batch 1 / 3, loss: 0.02
validation cost time: 8.7880s
epoch: 108, train time every whole data:56.53s
epoch: 108, total time:3894.13s
validation batch 1 / 3, loss: 0.02
validation cost time: 8.7885s
epoch: 109, train time every whole data:56.56s
epoch: 109, total time:3959.47s
validation batch 1 / 3, loss: 0.02
validation cost time: 8.7929s
save parameters to file: ../experiments/HZME_OUTFLOW/MAE_ASTGNN_h1d1w0_layer4_head8_dm64_channel1_dir2_drop0.00_1.00e-03_B16_K5_TcontextScaledSAtSE1TE/epoch_109.params
epoch: 110, train time every whole data:56.50s
epoch: 110, total time:4024.78s
validation batch 1 / 3, loss: 0.02
validation cost time: 8.7882s
epoch: 111, train time every whole data:56.54s
epoch: 111, total time:4090.11s
validation batch 1 / 3, loss: 0.02
validation cost time: 8.7880s
epoch: 112, train time every whole data:56.55s
epoch: 112, total time:4155.44s
validation batch 1 / 3, loss: 0.02
validation cost time: 8.7887s
epoch: 113, train time every whole data:56.53s
epoch: 113, total time:4220.77s
validation batch 1 / 3, loss: 0.02
validation cost time: 8.7895s
epoch: 114, train time every whole data:56.51s
epoch: 114, total time:4286.07s
validation batch 1 / 3, loss: 0.02
validation cost time: 8.7885s
epoch: 115, train time every whole data:56.51s
epoch: 115, total time:4351.37s
validation batch 1 / 3, loss: 0.02
validation cost time: 8.7887s
save parameters to file: ../experiments/HZME_OUTFLOW/MAE_ASTGNN_h1d1w0_layer4_head8_dm64_channel1_dir2_drop0.00_1.00e-03_B16_K5_TcontextScaledSAtSE1TE/epoch_115.params
epoch: 116, train time every whole data:56.50s
epoch: 116, total time:4416.67s
validation batch 1 / 3, loss: 0.02
validation cost time: 8.7881s
epoch: 117, train time every whole data:56.48s
epoch: 117, total time:4481.93s
validation batch 1 / 3, loss: 0.02
validation cost time: 8.7886s
epoch: 118, train time every whole data:56.53s
epoch: 118, total time:4547.25s
validation batch 1 / 3, loss: 0.02
validation cost time: 8.7878s
epoch: 119, train time every whole data:56.50s
epoch: 119, total time:4612.54s
validation batch 1 / 3, loss: 0.02
validation cost time: 8.7882s
epoch: 120, train time every whole data:56.56s
epoch: 120, total time:4677.89s
validation batch 1 / 3, loss: 0.02
validation cost time: 8.7881s
epoch: 121, train time every whole data:56.56s
epoch: 121, total time:4743.24s
validation batch 1 / 3, loss: 0.02
validation cost time: 8.7891s
epoch: 122, train time every whole data:56.54s
epoch: 122, total time:4808.57s
validation batch 1 / 3, loss: 0.02
validation cost time: 8.7881s
epoch: 123, train time every whole data:56.56s
epoch: 123, total time:4873.91s
validation batch 1 / 3, loss: 0.02
validation cost time: 8.7883s
epoch: 124, train time every whole data:56.51s
epoch: 124, total time:4939.22s
validation batch 1 / 3, loss: 0.02
validation cost time: 8.7877s
epoch: 125, train time every whole data:56.54s
epoch: 125, total time:5004.54s
validation batch 1 / 3, loss: 0.02
validation cost time: 8.7881s
epoch: 126, train time every whole data:56.51s
epoch: 126, total time:5069.84s
validation batch 1 / 3, loss: 0.02
validation cost time: 8.7893s
epoch: 127, train time every whole data:56.58s
epoch: 127, total time:5135.22s
validation batch 1 / 3, loss: 0.02
validation cost time: 8.7885s
epoch: 128, train time every whole data:56.54s
epoch: 128, total time:5200.55s
validation batch 1 / 3, loss: 0.02
validation cost time: 8.7884s
epoch: 129, train time every whole data:56.53s
epoch: 129, total time:5265.87s
validation batch 1 / 3, loss: 0.02
validation cost time: 8.7883s
save parameters to file: ../experiments/HZME_OUTFLOW/MAE_ASTGNN_h1d1w0_layer4_head8_dm64_channel1_dir2_drop0.00_1.00e-03_B16_K5_TcontextScaledSAtSE1TE/epoch_129.params
epoch: 130, train time every whole data:56.54s
epoch: 130, total time:5331.24s
validation batch 1 / 3, loss: 0.02
validation cost time: 8.7887s
epoch: 131, train time every whole data:56.52s
epoch: 131, total time:5396.55s
validation batch 1 / 3, loss: 0.02
validation cost time: 8.7887s
epoch: 132, train time every whole data:56.48s
epoch: 132, total time:5461.82s
validation batch 1 / 3, loss: 0.02
validation cost time: 8.7917s
epoch: 133, train time every whole data:56.52s
epoch: 133, total time:5527.14s
validation batch 1 / 3, loss: 0.02
validation cost time: 8.7889s
epoch: 134, train time every whole data:56.52s
epoch: 134, total time:5592.45s
validation batch 1 / 3, loss: 0.02
validation cost time: 8.7885s
epoch: 135, train time every whole data:56.48s
epoch: 135, total time:5657.72s
validation batch 1 / 3, loss: 0.02
validation cost time: 8.7881s
epoch: 136, train time every whole data:56.49s
epoch: 136, total time:5723.01s
validation batch 1 / 3, loss: 0.02
validation cost time: 8.7908s
epoch: 137, train time every whole data:56.53s
epoch: 137, total time:5788.33s
validation batch 1 / 3, loss: 0.02
validation cost time: 8.7888s
epoch: 138, train time every whole data:56.55s
epoch: 138, total time:5853.68s
validation batch 1 / 3, loss: 0.02
validation cost time: 8.7888s
epoch: 139, train time every whole data:56.52s
epoch: 139, total time:5918.98s
validation batch 1 / 3, loss: 0.02
validation cost time: 8.7882s
epoch: 140, train time every whole data:56.52s
epoch: 140, total time:5984.29s
validation batch 1 / 3, loss: 0.02
validation cost time: 8.7880s
epoch: 141, train time every whole data:56.49s
epoch: 141, total time:6049.58s
validation batch 1 / 3, loss: 0.02
validation cost time: 8.7883s
epoch: 142, train time every whole data:56.42s
epoch: 142, total time:6114.79s
validation batch 1 / 3, loss: 0.02
validation cost time: 8.7891s
epoch: 143, train time every whole data:56.44s
epoch: 143, total time:6180.01s
validation batch 1 / 3, loss: 0.02
validation cost time: 8.7877s
epoch: 144, train time every whole data:56.47s
epoch: 144, total time:6245.27s
validation batch 1 / 3, loss: 0.02
validation cost time: 8.7887s
epoch: 145, train time every whole data:56.50s
epoch: 145, total time:6310.56s
validation batch 1 / 3, loss: 0.02
validation cost time: 8.7880s
epoch: 146, train time every whole data:56.45s
epoch: 146, total time:6375.80s
validation batch 1 / 3, loss: 0.02
validation cost time: 8.7884s
epoch: 147, train time every whole data:56.47s
epoch: 147, total time:6441.06s
validation batch 1 / 3, loss: 0.02
validation cost time: 8.7885s
epoch: 148, train time every whole data:56.42s
epoch: 148, total time:6506.27s
validation batch 1 / 3, loss: 0.02
validation cost time: 8.7901s
epoch: 149, train time every whole data:56.37s
epoch: 149, total time:6571.44s
validation batch 1 / 3, loss: 0.02
validation cost time: 8.7878s
best epoch: 129
apply the best val model on the test data set ...
load weight from: ../experiments/HZME_OUTFLOW/MAE_ASTGNN_h1d1w0_layer4_head8_dm64_channel1_dir2_drop0.00_1.00e-03_B16_K5_TcontextScaledSAtSE1TE/epoch_129.params
predicting testing set batch 1 / 3, time: 4.17s
test time on whole data:8.79s
input: (1073, 80, 24, 1)
prediction: (1073, 80, 12, 1)
data_target_tensor: (1073, 80, 12)
current epoch: 129, predict 0 points
MAE: 13.56
RMSE: 22.63
MAPE: 37.22
current epoch: 129, predict 1 points
MAE: 14.44
RMSE: 24.46
MAPE: 45.09
current epoch: 129, predict 2 points
MAE: 14.56
RMSE: 24.84
MAPE: 46.99
current epoch: 129, predict 3 points
MAE: 15.01
RMSE: 25.88
MAPE: 48.03
current epoch: 129, predict 4 points
MAE: 15.45
RMSE: 26.90
MAPE: 51.75
current epoch: 129, predict 5 points
MAE: 15.52
RMSE: 27.06
MAPE: 53.78
current epoch: 129, predict 6 points
MAE: 15.56
RMSE: 27.28
MAPE: 53.29
current epoch: 129, predict 7 points
MAE: 15.59
RMSE: 27.48
MAPE: 52.32
current epoch: 129, predict 8 points
MAE: 15.61
RMSE: 27.62
MAPE: 53.61
current epoch: 129, predict 9 points
MAE: 15.72
RMSE: 27.74
MAPE: 53.10
current epoch: 129, predict 10 points
MAE: 15.92
RMSE: 28.28
MAPE: 55.63
current epoch: 129, predict 11 points
MAE: 16.31
RMSE: 29.08
MAPE: 58.05
all MAE: 15.27
all RMSE: 26.66
all MAPE: 50.69
[13.564349, 22.630656341461076, 37.21930980682373, 14.440076, 24.45627101367932, 45.09335160255432, 14.555405, 24.837053195292338, 46.990129351615906, 15.013535, 25.88269223485491, 48.03294241428375, 15.447039, 26.895150512569177, 51.74972414970398, 15.522229, 27.055845927047358, 53.777241706848145, 15.561197, 27.28446027431984, 53.28911542892456, 15.5948305, 27.484571533194423, 52.31974124908447, 15.607735, 27.61986483663072, 53.61286401748657, 15.716023, 27.744934169507637, 53.10063362121582, 15.917567, 28.277067197587428, 55.629539489746094, 16.311123, 29.07561553014882, 58.04853439331055, 15.270925, 26.661274301189756, 50.691765546798706]
